{"timestamp":"2025-10-30T10:37:39.570220","level":"info","event":"DAG bundles loaded: dags-folder","logger":"airflow.dag_processing.bundles.manager.DagBundlesManager"}
{"timestamp":"2025-10-30T10:37:39.572094","level":"info","event":"Filling up the DagBag from /opt/airflow/dags/AIFS_ECMWF.py","logger":"airflow.models.dagbag.DagBag"}
{"timestamp":"2025-10-30T10:37:45.904413Z","level":"info","event":"🔄 Llamando al servicio API en la red interna de Docker: http://openmeteo-api:8080/v1/forecast ...","chan":"stdout","logger":"task"}
{"timestamp":"2025-10-30T10:37:45.904848Z","level":"info","event":"  ➡️ Solicitando datos para lat=39.13, lon=-1.52","chan":"stdout","logger":"task"}
{"timestamp":"2025-10-30T10:37:46.169783Z","level":"info","event":"  ➡️ Solicitando datos para lat=39.13, lon=-0.52","chan":"stdout","logger":"task"}
{"timestamp":"2025-10-30T10:37:46.388253Z","level":"info","event":"  ➡️ Solicitando datos para lat=39.13, lon=-1.52","chan":"stdout","logger":"task"}
{"timestamp":"2025-10-30T10:37:46.604474Z","level":"info","event":"  ➡️ Solicitando datos para lat=39.13, lon=-0.52","chan":"stdout","logger":"task"}
{"timestamp":"2025-10-30T10:37:46.823927Z","level":"info","event":"  ➡️ Solicitando datos para lat=39.13, lon=-1.52","chan":"stdout","logger":"task"}
{"timestamp":"2025-10-30T10:37:47.041796Z","level":"info","event":"  ➡️ Solicitando datos para lat=39.13, lon=-0.52","chan":"stdout","logger":"task"}
{"timestamp":"2025-10-30T10:37:47.266235Z","level":"info","event":"  ➡️ Solicitando datos para lat=39.13, lon=-1.52","chan":"stdout","logger":"task"}
{"timestamp":"2025-10-30T10:37:47.486151Z","level":"info","event":"  ➡️ Solicitando datos para lat=39.13, lon=-0.52","chan":"stdout","logger":"task"}
{"timestamp":"2025-10-30T10:37:47.700436Z","level":"info","event":"  ➡️ Solicitando datos para lat=40.13, lon=-1.52","chan":"stdout","logger":"task"}
{"timestamp":"2025-10-30T10:37:47.915047Z","level":"info","event":"  ➡️ Solicitando datos para lat=40.13, lon=-0.52","chan":"stdout","logger":"task"}
{"timestamp":"2025-10-30T10:37:48.129815Z","level":"info","event":"  ➡️ Solicitando datos para lat=40.13, lon=-1.52","chan":"stdout","logger":"task"}
{"timestamp":"2025-10-30T10:37:48.347610Z","level":"info","event":"  ➡️ Solicitando datos para lat=40.13, lon=-0.52","chan":"stdout","logger":"task"}
{"timestamp":"2025-10-30T10:37:48.565652Z","level":"info","event":"  ➡️ Solicitando datos para lat=40.13, lon=-1.52","chan":"stdout","logger":"task"}
{"timestamp":"2025-10-30T10:37:48.782306Z","level":"info","event":"  ➡️ Solicitando datos para lat=40.13, lon=-0.52","chan":"stdout","logger":"task"}
{"timestamp":"2025-10-30T10:37:49.002944Z","level":"info","event":"  ➡️ Solicitando datos para lat=40.13, lon=-1.52","chan":"stdout","logger":"task"}
{"timestamp":"2025-10-30T10:37:49.219575Z","level":"info","event":"  ➡️ Solicitando datos para lat=40.13, lon=-0.52","chan":"stdout","logger":"task"}
{"timestamp":"2025-10-30T10:37:49.435768Z","level":"info","event":"","chan":"stdout","logger":"task"}
{"timestamp":"2025-10-30T10:37:49.436101Z","level":"info","event":"🏁 Descarga completada en 3.53 s (0.06 min)","chan":"stdout","logger":"task"}
{"timestamp":"2025-10-30T10:37:49.462778Z","level":"info","event":"📦 Total registros: 2688","chan":"stdout","logger":"task"}
{"timestamp":"2025-10-30T10:37:49.471176Z","level":"info","event":"Variables del JSON:  dict_keys(['id', 'dateIssued', 'type', 'windSpeed', 'temperature', 'timestamp', 'precipitation', 'precipitationProbability', 'solarRadiation', 'riverDischarge', 'lat', 'lon'])","chan":"stdout","logger":"task"}
{"timestamp":"2025-10-30T10:37:49.471466Z","level":"info","event":"Cantidad de datos de precipitación descargados:  2688","chan":"stdout","logger":"task"}
{"timestamp":"2025-10-30T10:37:49.471667Z","level":"info","event":"FIN DEL PROCESO DE DESCARGA DE PREDICCIONES AIFS de ECMWF.","chan":"stdout","logger":"task"}
{"timestamp":"2025-10-30T10:37:49.471831Z","level":"info","event":"","chan":"stdout","logger":"task"}
{"timestamp":"2025-10-30T10:37:49.472048Z","level":"info","event":" FIN","chan":"stdout","logger":"task"}
{"timestamp":"2025-10-30T10:37:49.473227","level":"info","event":"Done. Returned value was: None","logger":"airflow.task.operators.airflow.providers.standard.operators.python.PythonOperator"}
