{"timestamp":"2025-10-29T13:42:57.789318","level":"info","event":"DAG bundles loaded: dags-folder","logger":"airflow.dag_processing.bundles.manager.DagBundlesManager"}
{"timestamp":"2025-10-29T13:42:57.790999","level":"info","event":"Filling up the DagBag from /opt/airflow/dags/ARPEGE.py","logger":"airflow.models.dagbag.DagBag"}
{"timestamp":"2025-10-29T13:42:59.378003Z","level":"info","event":"🔄 Llamando al servicio API en la red interna de Docker: http://openmeteo-api:8080/v1/forecast ...","chan":"stdout","logger":"task"}
{"timestamp":"2025-10-29T13:42:59.378426Z","level":"info","event":"  ➡️ Solicitando datos para lat=39.13, lon=-1.52","chan":"stdout","logger":"task"}
{"timestamp":"2025-10-29T13:42:59.652949Z","level":"info","event":"  ➡️ Solicitando datos para lat=39.13, lon=-0.52","chan":"stdout","logger":"task"}
{"timestamp":"2025-10-29T13:42:59.872533Z","level":"info","event":"  ➡️ Solicitando datos para lat=39.13, lon=-1.52","chan":"stdout","logger":"task"}
{"timestamp":"2025-10-29T13:43:00.091038Z","level":"info","event":"  ➡️ Solicitando datos para lat=39.13, lon=-0.52","chan":"stdout","logger":"task"}
{"timestamp":"2025-10-29T13:43:00.310342Z","level":"info","event":"  ➡️ Solicitando datos para lat=39.13, lon=-1.52","chan":"stdout","logger":"task"}
{"timestamp":"2025-10-29T13:43:00.530354Z","level":"info","event":"  ➡️ Solicitando datos para lat=39.13, lon=-0.52","chan":"stdout","logger":"task"}
{"timestamp":"2025-10-29T13:43:00.750022Z","level":"info","event":"  ➡️ Solicitando datos para lat=39.13, lon=-1.52","chan":"stdout","logger":"task"}
{"timestamp":"2025-10-29T13:43:00.968894Z","level":"info","event":"  ➡️ Solicitando datos para lat=39.13, lon=-0.52","chan":"stdout","logger":"task"}
{"timestamp":"2025-10-29T13:43:01.192372Z","level":"info","event":"  ➡️ Solicitando datos para lat=40.13, lon=-1.52","chan":"stdout","logger":"task"}
{"timestamp":"2025-10-29T13:43:01.410063Z","level":"info","event":"  ➡️ Solicitando datos para lat=40.13, lon=-0.52","chan":"stdout","logger":"task"}
{"timestamp":"2025-10-29T13:43:01.628682Z","level":"info","event":"  ➡️ Solicitando datos para lat=40.13, lon=-1.52","chan":"stdout","logger":"task"}
{"timestamp":"2025-10-29T13:43:01.847004Z","level":"info","event":"  ➡️ Solicitando datos para lat=40.13, lon=-0.52","chan":"stdout","logger":"task"}
{"timestamp":"2025-10-29T13:43:02.065805Z","level":"info","event":"  ➡️ Solicitando datos para lat=40.13, lon=-1.52","chan":"stdout","logger":"task"}
{"timestamp":"2025-10-29T13:43:02.284237Z","level":"info","event":"  ➡️ Solicitando datos para lat=40.13, lon=-0.52","chan":"stdout","logger":"task"}
{"timestamp":"2025-10-29T13:43:02.502603Z","level":"info","event":"  ➡️ Solicitando datos para lat=40.13, lon=-1.52","chan":"stdout","logger":"task"}
{"timestamp":"2025-10-29T13:43:02.719768Z","level":"info","event":"  ➡️ Solicitando datos para lat=40.13, lon=-0.52","chan":"stdout","logger":"task"}
{"timestamp":"2025-10-29T13:43:02.938105Z","level":"info","event":"","chan":"stdout","logger":"task"}
{"timestamp":"2025-10-29T13:43:02.938411Z","level":"info","event":"🏁 Descarga completada en 3.56 s (0.06 min)","chan":"stdout","logger":"task"}
{"timestamp":"2025-10-29T13:43:02.967017Z","level":"info","event":"📦 Total registros: 2688","chan":"stdout","logger":"task"}
{"timestamp":"2025-10-29T13:43:02.976513Z","level":"info","event":"Datos del modelo meteofrance_arpege_europe descargados correctamente.","chan":"stdout","logger":"task"}
{"timestamp":"2025-10-29T13:43:02.976809Z","level":"info","event":"Variables del JSON:  dict_keys(['id', 'dateIssued', 'type', 'windSpeed', 'timestamp', 'precipitation', 'lat', 'lon', 'solarRadiation'])","chan":"stdout","logger":"task"}
{"timestamp":"2025-10-29T13:43:02.976957Z","level":"info","event":"Cantidad de datos de precipitación descargados:  0","chan":"stdout","logger":"task"}
{"timestamp":"2025-10-29T13:43:02.977062Z","level":"info","event":"","chan":"stdout","logger":"task"}
{"timestamp":"2025-10-29T13:43:02.977157Z","level":"info","event":" FIN","chan":"stdout","logger":"task"}
{"timestamp":"2025-10-29T13:43:02.977256","level":"info","event":"Done. Returned value was: None","logger":"airflow.task.operators.airflow.providers.standard.operators.python.PythonOperator"}
