{"timestamp":"2025-10-30T12:44:12.795007","level":"info","event":"DAG bundles loaded: dags-folder","logger":"airflow.dag_processing.bundles.manager.DagBundlesManager"}
{"timestamp":"2025-10-30T12:44:12.796485","level":"info","event":"Filling up the DagBag from /opt/airflow/dags/EFFIS.py","logger":"airflow.models.dagbag.DagBag"}
{"timestamp":"2025-10-30T12:44:14.262492Z","level":"info","event":"2025-09-29 12:44:14.262247","chan":"stdout","logger":"task"}
{"timestamp":"2025-10-30T12:44:14.262832Z","level":"info","event":"🕒 Fecha de descarga: 2025-10-30T12:44:14.262366","chan":"stdout","logger":"task"}
{"timestamp":"2025-10-30T12:44:14.986509Z","level":"error","event":"2025-10-30 12:44:14,986 INFO [2024-02-01T00:00:00] An issue has been identified with version 1.0 of this dataset that leads to an underestimation of the FWI values and subsequent indicators in this dataset. Version 2.0 provides corrected data and users are advised to update any data they have downloaded previously.","chan":"stderr","logger":"task"}
{"timestamp":"2025-10-30T12:44:14.986480","level":"info","event":"[2024-02-01T00:00:00] An issue has been identified with version 1.0 of this dataset that leads to an underestimation of the FWI values and subsequent indicators in this dataset. Version 2.0 provides corrected data and users are advised to update any data they have downloaded previously.","logger":"ecmwf.datastores.legacy_client"}
{"timestamp":"2025-10-30T12:44:14.987463Z","level":"error","event":"2025-10-30 12:44:14,987 INFO [2025-01-29T00:00:00] This dataset is no longer supported by the data providers. Data and documentation are provided as is. Users are encouraged to use our [Forum](https://forum.ecmwf.int/) to raise any item of discussion with respect to this dataset.","chan":"stderr","logger":"task"}
{"timestamp":"2025-10-30T12:44:14.987291","level":"info","event":"[2025-01-29T00:00:00] This dataset is no longer supported by the data providers. Data and documentation are provided as is. Users are encouraged to use our [Forum](https://forum.ecmwf.int/) to raise any item of discussion with respect to this dataset.","logger":"ecmwf.datastores.legacy_client"}
{"timestamp":"2025-10-30T12:44:14.988318Z","level":"error","event":"2025-10-30 12:44:14,988 INFO Request ID is 8e8455e7-cc87-4014-a895-aa85f416e54a","chan":"stderr","logger":"task"}
{"timestamp":"2025-10-30T12:44:14.988266","level":"info","event":"Request ID is 8e8455e7-cc87-4014-a895-aa85f416e54a","logger":"ecmwf.datastores.legacy_client"}
{"timestamp":"2025-10-30T12:44:15.095000Z","level":"error","event":"2025-10-30 12:44:15,094 INFO status has been updated to accepted","chan":"stderr","logger":"task"}
{"timestamp":"2025-10-30T12:44:15.094959","level":"info","event":"status has been updated to accepted","logger":"ecmwf.datastores.legacy_client"}
{"timestamp":"2025-10-30T12:44:23.633019Z","level":"error","event":"2025-10-30 12:44:23,632 INFO status has been updated to running","chan":"stderr","logger":"task"}
{"timestamp":"2025-10-30T12:44:23.632995","level":"info","event":"status has been updated to running","logger":"ecmwf.datastores.legacy_client"}
{"timestamp":"2025-10-30T12:44:28.810882Z","level":"error","event":"2025-10-30 12:44:28,810 INFO status has been updated to accepted","chan":"stderr","logger":"task"}
{"timestamp":"2025-10-30T12:44:28.810807","level":"info","event":"status has been updated to accepted","logger":"ecmwf.datastores.legacy_client"}
{"timestamp":"2025-10-30T12:44:48.010129Z","level":"error","event":"2025-10-30 12:44:48,009 INFO status has been updated to running","chan":"stderr","logger":"task"}
{"timestamp":"2025-10-30T12:44:48.010092","level":"info","event":"status has been updated to running","logger":"ecmwf.datastores.legacy_client"}
{"timestamp":"2025-10-30T13:03:33.772622Z","level":"error","event":"Server indicated the task shouldn't be running anymore. Terminating process","detail":{"detail":{"reason":"not_found","message":"Task Instance not found"}},"logger":"task"}
{"timestamp":"2025-10-30T13:03:38.802505Z","level":"error","event":"Task killed!","logger":"task"}
