{"timestamp":"2025-10-29T14:07:21.718029","level":"info","event":"DAG bundles loaded: dags-folder","logger":"airflow.dag_processing.bundles.manager.DagBundlesManager"}
{"timestamp":"2025-10-29T14:07:21.720181","level":"info","event":"Filling up the DagBag from /opt/airflow/dags/ARPEGE.py","logger":"airflow.models.dagbag.DagBag"}
{"timestamp":"2025-10-29T14:07:24.147334Z","level":"info","event":"🔄 Llamando al servicio API en la red interna de Docker: http://openmeteo-api:8080/v1/forecast ...","chan":"stdout","logger":"task"}
{"timestamp":"2025-10-29T14:07:24.147765Z","level":"info","event":"  ➡️ Solicitando datos para lat=39.13, lon=-1.52","chan":"stdout","logger":"task"}
{"timestamp":"2025-10-29T14:07:24.380928Z","level":"info","event":"  ➡️ Solicitando datos para lat=39.13, lon=-0.52","chan":"stdout","logger":"task"}
{"timestamp":"2025-10-29T14:07:24.601365Z","level":"info","event":"  ➡️ Solicitando datos para lat=39.13, lon=-1.52","chan":"stdout","logger":"task"}
{"timestamp":"2025-10-29T14:07:24.823377Z","level":"info","event":"  ➡️ Solicitando datos para lat=39.13, lon=-0.52","chan":"stdout","logger":"task"}
{"timestamp":"2025-10-29T14:07:25.069299Z","level":"info","event":"  ➡️ Solicitando datos para lat=39.13, lon=-1.52","chan":"stdout","logger":"task"}
{"timestamp":"2025-10-29T14:07:25.290738Z","level":"info","event":"  ➡️ Solicitando datos para lat=39.13, lon=-0.52","chan":"stdout","logger":"task"}
{"timestamp":"2025-10-29T14:07:25.516693Z","level":"info","event":"  ➡️ Solicitando datos para lat=39.13, lon=-1.52","chan":"stdout","logger":"task"}
{"timestamp":"2025-10-29T14:07:25.733492Z","level":"info","event":"  ➡️ Solicitando datos para lat=39.13, lon=-0.52","chan":"stdout","logger":"task"}
{"timestamp":"2025-10-29T14:07:25.959930Z","level":"info","event":"  ➡️ Solicitando datos para lat=40.13, lon=-1.52","chan":"stdout","logger":"task"}
{"timestamp":"2025-10-29T14:07:26.181089Z","level":"info","event":"  ➡️ Solicitando datos para lat=40.13, lon=-0.52","chan":"stdout","logger":"task"}
{"timestamp":"2025-10-29T14:07:26.397792Z","level":"info","event":"  ➡️ Solicitando datos para lat=40.13, lon=-1.52","chan":"stdout","logger":"task"}
{"timestamp":"2025-10-29T14:07:26.616745Z","level":"info","event":"  ➡️ Solicitando datos para lat=40.13, lon=-0.52","chan":"stdout","logger":"task"}
{"timestamp":"2025-10-29T14:07:26.838986Z","level":"info","event":"  ➡️ Solicitando datos para lat=40.13, lon=-1.52","chan":"stdout","logger":"task"}
{"timestamp":"2025-10-29T14:07:27.067317Z","level":"info","event":"  ➡️ Solicitando datos para lat=40.13, lon=-0.52","chan":"stdout","logger":"task"}
{"timestamp":"2025-10-29T14:07:27.295359Z","level":"info","event":"  ➡️ Solicitando datos para lat=40.13, lon=-1.52","chan":"stdout","logger":"task"}
{"timestamp":"2025-10-29T14:07:27.541242Z","level":"info","event":"  ➡️ Solicitando datos para lat=40.13, lon=-0.52","chan":"stdout","logger":"task"}
{"timestamp":"2025-10-29T14:07:27.763663Z","level":"info","event":"","chan":"stdout","logger":"task"}
{"timestamp":"2025-10-29T14:07:27.767354Z","level":"info","event":"🏁 Descarga completada en 3.62 s (0.06 min)","chan":"stdout","logger":"task"}
{"timestamp":"2025-10-29T14:07:27.834235Z","level":"info","event":"📦 Total registros: 2688","chan":"stdout","logger":"task"}
{"timestamp":"2025-10-29T14:07:27.857852Z","level":"info","event":"Datos del modelo meteofrance_arpege_europe descargados correctamente.","chan":"stdout","logger":"task"}
{"timestamp":"2025-10-29T14:07:27.859659Z","level":"info","event":"Variables del JSON:  dict_keys(['id', 'dateIssued', 'type', 'temperature', 'relativeHumidity', 'timestamp', 'precipitation', 'precipitationProbability', 'solarRadiation', 'lat', 'lon'])","chan":"stdout","logger":"task"}
{"timestamp":"2025-10-29T14:07:27.859967Z","level":"info","event":"Cantidad de datos de precipitación descargados:  0","chan":"stdout","logger":"task"}
{"timestamp":"2025-10-29T14:07:27.862099Z","level":"info","event":"","chan":"stdout","logger":"task"}
{"timestamp":"2025-10-29T14:07:27.862843Z","level":"info","event":" FIN","chan":"stdout","logger":"task"}
{"timestamp":"2025-10-29T14:07:27.860978","level":"info","event":"Done. Returned value was: None","logger":"airflow.task.operators.airflow.providers.standard.operators.python.PythonOperator"}
