{"timestamp":"2025-10-29T14:07:16.877915","level":"info","event":"DAG bundles loaded: dags-folder","logger":"airflow.dag_processing.bundles.manager.DagBundlesManager"}
{"timestamp":"2025-10-29T14:07:16.879270","level":"info","event":"Filling up the DagBag from /opt/airflow/dags/AIFS_ECMWF.py","logger":"airflow.models.dagbag.DagBag"}
{"timestamp":"2025-10-29T14:07:18.934708Z","level":"info","event":"🔄 Llamando al servicio API en la red interna de Docker: http://openmeteo-api:8080/v1/forecast ...","chan":"stdout","logger":"task"}
{"timestamp":"2025-10-29T14:07:18.935129Z","level":"info","event":"  ➡️ Solicitando datos para lat=39.13, lon=-1.52","chan":"stdout","logger":"task"}
{"timestamp":"2025-10-29T14:07:19.176462Z","level":"info","event":"  ➡️ Solicitando datos para lat=39.13, lon=-0.52","chan":"stdout","logger":"task"}
{"timestamp":"2025-10-29T14:07:19.395755Z","level":"info","event":"  ➡️ Solicitando datos para lat=39.13, lon=-1.52","chan":"stdout","logger":"task"}
{"timestamp":"2025-10-29T14:07:19.618704Z","level":"info","event":"  ➡️ Solicitando datos para lat=39.13, lon=-0.52","chan":"stdout","logger":"task"}
{"timestamp":"2025-10-29T14:07:19.845061Z","level":"info","event":"  ➡️ Solicitando datos para lat=39.13, lon=-1.52","chan":"stdout","logger":"task"}
{"timestamp":"2025-10-29T14:07:20.065051Z","level":"info","event":"  ➡️ Solicitando datos para lat=39.13, lon=-0.52","chan":"stdout","logger":"task"}
{"timestamp":"2025-10-29T14:07:20.284043Z","level":"info","event":"  ➡️ Solicitando datos para lat=39.13, lon=-1.52","chan":"stdout","logger":"task"}
{"timestamp":"2025-10-29T14:07:20.507072Z","level":"info","event":"  ➡️ Solicitando datos para lat=39.13, lon=-0.52","chan":"stdout","logger":"task"}
{"timestamp":"2025-10-29T14:07:20.726892Z","level":"info","event":"  ➡️ Solicitando datos para lat=40.13, lon=-1.52","chan":"stdout","logger":"task"}
{"timestamp":"2025-10-29T14:07:20.948490Z","level":"info","event":"  ➡️ Solicitando datos para lat=40.13, lon=-0.52","chan":"stdout","logger":"task"}
{"timestamp":"2025-10-29T14:07:21.173840Z","level":"info","event":"  ➡️ Solicitando datos para lat=40.13, lon=-1.52","chan":"stdout","logger":"task"}
{"timestamp":"2025-10-29T14:07:21.394776Z","level":"info","event":"  ➡️ Solicitando datos para lat=40.13, lon=-0.52","chan":"stdout","logger":"task"}
{"timestamp":"2025-10-29T14:07:21.614310Z","level":"info","event":"  ➡️ Solicitando datos para lat=40.13, lon=-1.52","chan":"stdout","logger":"task"}
{"timestamp":"2025-10-29T14:07:21.833184Z","level":"info","event":"  ➡️ Solicitando datos para lat=40.13, lon=-0.52","chan":"stdout","logger":"task"}
{"timestamp":"2025-10-29T14:07:22.052226Z","level":"info","event":"  ➡️ Solicitando datos para lat=40.13, lon=-1.52","chan":"stdout","logger":"task"}
{"timestamp":"2025-10-29T14:07:22.272387Z","level":"info","event":"  ➡️ Solicitando datos para lat=40.13, lon=-0.52","chan":"stdout","logger":"task"}
{"timestamp":"2025-10-29T14:07:22.505444Z","level":"info","event":"","chan":"stdout","logger":"task"}
{"timestamp":"2025-10-29T14:07:22.505875Z","level":"info","event":"🏁 Descarga completada en 3.57 s (0.06 min)","chan":"stdout","logger":"task"}
{"timestamp":"2025-10-29T14:07:22.539882Z","level":"info","event":"📦 Total registros: 2688","chan":"stdout","logger":"task"}
{"timestamp":"2025-10-29T14:07:22.549962Z","level":"info","event":"Variables del JSON:  dict_keys(['id', 'dateIssued', 'type', 'windSpeed', 'temperature', 'timestamp', 'precipitation', 'precipitationProbability', 'lat', 'lon'])","chan":"stdout","logger":"task"}
{"timestamp":"2025-10-29T14:07:22.550465Z","level":"info","event":"Cantidad de datos de precipitación descargados:  2688","chan":"stdout","logger":"task"}
{"timestamp":"2025-10-29T14:07:22.550718Z","level":"info","event":"FIN DEL PROCESO DE DESCARGA DE PREDICCIONES AIFS de ECMWF.","chan":"stdout","logger":"task"}
{"timestamp":"2025-10-29T14:07:22.550921Z","level":"info","event":"","chan":"stdout","logger":"task"}
{"timestamp":"2025-10-29T14:07:22.551345Z","level":"info","event":" FIN","chan":"stdout","logger":"task"}
{"timestamp":"2025-10-29T14:07:22.551500","level":"info","event":"Done. Returned value was: None","logger":"airflow.task.operators.airflow.providers.standard.operators.python.PythonOperator"}
