{"timestamp":"2025-10-29T11:56:26.476842","level":"info","event":"DAG bundles loaded: dags-folder","logger":"airflow.dag_processing.bundles.manager.DagBundlesManager"}
{"timestamp":"2025-10-29T11:56:26.478722","level":"info","event":"Filling up the DagBag from /opt/airflow/dags/Airflow.py","logger":"airflow.models.dagbag.DagBag"}
{"timestamp":"2025-10-29T11:56:26.566307","level":"info","event":"Tmp dir root location: /tmp","logger":"airflow.task.hooks.airflow.providers.standard.hooks.subprocess.SubprocessHook"}
{"timestamp":"2025-10-29T11:56:26.568775","level":"info","event":"Running command: ['/usr/bin/bash', '-c', 'python3 /opt/airflow/scripts/AEMET_HARMONIE_AROME.py']","logger":"airflow.task.hooks.airflow.providers.standard.hooks.subprocess.SubprocessHook"}
{"timestamp":"2025-10-29T11:56:26.600095","level":"info","event":"Output:","logger":"airflow.task.hooks.airflow.providers.standard.hooks.subprocess.SubprocessHook"}
{"timestamp":"2025-10-29T11:56:38.596185","level":"info","event":"/opt/airflow/scripts/AEMET_HARMONIE_AROME.py:73: DeprecationWarning: Python 3.14 will, by default, filter extracted tar archives and reject files or modify their metadata. Use the filter argument to control this behavior.","logger":"airflow.task.hooks.airflow.providers.standard.hooks.subprocess.SubprocessHook"}
{"timestamp":"2025-10-29T11:56:38.596686","level":"info","event":"  tar.extractall(output_dir)","logger":"airflow.task.hooks.airflow.providers.standard.hooks.subprocess.SubprocessHook"}
{"timestamp":"2025-10-29T11:58:25.521912","level":"info","event":"📡 Descargando datos desde AEMET...","logger":"airflow.task.hooks.airflow.providers.standard.hooks.subprocess.SubprocessHook"}
{"timestamp":"2025-10-29T11:58:25.545687","level":"info","event":"200 application/tar+gzip","logger":"airflow.task.hooks.airflow.providers.standard.hooks.subprocess.SubprocessHook"}
{"timestamp":"2025-10-29T11:58:25.545990","level":"info","event":"🕒 Fecha de descarga: 2025-10-29T11:56:38.589933","logger":"airflow.task.hooks.airflow.providers.standard.hooks.subprocess.SubprocessHook"}
{"timestamp":"2025-10-29T11:58:25.547950","level":"info","event":"✅ Descarga y extracción completada: 440 archivos guardados en /tmp/airflowtmpxciskx5x/Datos/HARMONIE","logger":"airflow.task.hooks.airflow.providers.standard.hooks.subprocess.SubprocessHook"}
{"timestamp":"2025-10-29T11:58:25.550063","level":"info","event":"Buscando archivos en ./Datos/HARMONIE/ con sufijo _11.tif para la variable temperatura...","logger":"airflow.task.hooks.airflow.providers.standard.hooks.subprocess.SubprocessHook"}
{"timestamp":"2025-10-29T11:58:25.550900","level":"info","event":"Archivos encontrados: 48","logger":"airflow.task.hooks.airflow.providers.standard.hooks.subprocess.SubprocessHook"}
{"timestamp":"2025-10-29T11:58:25.551275","level":"info","event":"Buscando archivos en ./Datos/HARMONIE/ con sufijo _32.tif para la variable viento...","logger":"airflow.task.hooks.airflow.providers.standard.hooks.subprocess.SubprocessHook"}
{"timestamp":"2025-10-29T11:58:25.552473","level":"info","event":"Archivos encontrados: 48","logger":"airflow.task.hooks.airflow.providers.standard.hooks.subprocess.SubprocessHook"}
{"timestamp":"2025-10-29T11:58:25.554167","level":"info","event":"Buscando archivos en ./Datos/HARMONIE/ con sufijo _61_1HH.tif para la variable prec_1h...","logger":"airflow.task.hooks.airflow.providers.standard.hooks.subprocess.SubprocessHook"}
{"timestamp":"2025-10-29T11:58:25.554487","level":"info","event":"Archivos encontrados: 48","logger":"airflow.task.hooks.airflow.providers.standard.hooks.subprocess.SubprocessHook"}
{"timestamp":"2025-10-29T11:58:25.554751","level":"info","event":"Variables del JSON:  dict_keys(['id', 'dateIssued', 'type', 'windSpeed', 'timestamp', 'precipitation', 'lat', 'lon'])","logger":"airflow.task.hooks.airflow.providers.standard.hooks.subprocess.SubprocessHook"}
{"timestamp":"2025-10-29T11:58:25.556431","level":"info","event":"Cantidad de datos de termperatura descargados:  264960","logger":"airflow.task.hooks.airflow.providers.standard.hooks.subprocess.SubprocessHook"}
{"timestamp":"2025-10-29T11:58:25.556621","level":"info","event":"FIN DEL PROCESO DE DESCARGA DE PREDICCIONES HARMONIE-AROME DE AEMET.","logger":"airflow.task.hooks.airflow.providers.standard.hooks.subprocess.SubprocessHook"}
{"timestamp":"2025-10-29T11:58:27.305292","level":"info","event":"Command exited with return code 0","logger":"airflow.task.hooks.airflow.providers.standard.hooks.subprocess.SubprocessHook"}
{"timestamp":"2025-10-29T11:58:27.451441","level":"info","event":"Pushing xcom","ti":"RuntimeTaskInstance(id=UUID('019a2fd3-8795-72a2-aef7-f5807b68583c'), task_id='harmonie_arome_aemet', dag_id='Scripts_Predicciones_Meteorologicas', run_id='manual__2025-10-29T11:56:23.254528+00:00', try_number=1, map_index=-1, hostname='df5d8ad925b3', context_carrier={}, task=<Task(BashOperator): harmonie_arome_aemet>, bundle_instance=LocalDagBundle(name=dags-folder), max_tries=1, start_date=datetime.datetime(2025, 10, 29, 11, 56, 26, 7676, tzinfo=datetime.timezone.utc), end_date=None, state=<TaskInstanceState.RUNNING: 'running'>, is_mapped=False, rendered_map_index=None, log_url='http://localhost:8080/dags/Scripts_Predicciones_Meteorologicas/runs/manual__2025-10-29T11%3A56%3A23.254528%2B00%3A00/tasks/harmonie_arome_aemet?try_number=1')","logger":"task"}
