{"timestamp":"2025-10-29T11:00:08.903391","level":"info","event":"DAG bundles loaded: dags-folder","logger":"airflow.dag_processing.bundles.manager.DagBundlesManager"}
{"timestamp":"2025-10-29T11:00:08.954750","level":"info","event":"Filling up the DagBag from /opt/airflow/dags/Airflow.py","logger":"airflow.models.dagbag.DagBag"}
{"timestamp":"2025-10-29T11:00:09.711479","level":"info","event":"Tmp dir root location: /tmp","logger":"airflow.task.hooks.airflow.providers.standard.hooks.subprocess.SubprocessHook"}
{"timestamp":"2025-10-29T11:00:09.737667","level":"info","event":"Running command: ['/usr/bin/bash', '-c', 'python3 /opt/airflow/scripts/AEMET_HARMONIE_AROME.py']","logger":"airflow.task.hooks.airflow.providers.standard.hooks.subprocess.SubprocessHook"}
{"timestamp":"2025-10-29T11:00:09.761761","level":"info","event":"Output:","logger":"airflow.task.hooks.airflow.providers.standard.hooks.subprocess.SubprocessHook"}
{"timestamp":"2025-10-29T11:00:19.928956","level":"info","event":"/opt/airflow/scripts/AEMET_HARMONIE_AROME.py:73: DeprecationWarning: Python 3.14 will, by default, filter extracted tar archives and reject files or modify their metadata. Use the filter argument to control this behavior.","logger":"airflow.task.hooks.airflow.providers.standard.hooks.subprocess.SubprocessHook"}
{"timestamp":"2025-10-29T11:00:19.929245","level":"info","event":"  tar.extractall(output_dir)","logger":"airflow.task.hooks.airflow.providers.standard.hooks.subprocess.SubprocessHook"}
{"timestamp":"2025-10-29T11:01:50.559337","level":"info","event":"📡 Descargando datos desde AEMET...","logger":"airflow.task.hooks.airflow.providers.standard.hooks.subprocess.SubprocessHook"}
{"timestamp":"2025-10-29T11:01:50.559732","level":"info","event":"200 application/tar+gzip","logger":"airflow.task.hooks.airflow.providers.standard.hooks.subprocess.SubprocessHook"}
{"timestamp":"2025-10-29T11:01:50.559901","level":"info","event":"🕒 Fecha de descarga: 2025-10-29T11:00:19.927761","logger":"airflow.task.hooks.airflow.providers.standard.hooks.subprocess.SubprocessHook"}
{"timestamp":"2025-10-29T11:01:50.560064","level":"info","event":"✅ Descarga y extracción completada: 440 archivos guardados en /tmp/airflowtmptrbih7eb/Datos/HARMONIE","logger":"airflow.task.hooks.airflow.providers.standard.hooks.subprocess.SubprocessHook"}
{"timestamp":"2025-10-29T11:01:50.560217","level":"info","event":"Buscando archivos en ./Datos/HARMONIE/ con sufijo _11.tif para la variable temperatura...","logger":"airflow.task.hooks.airflow.providers.standard.hooks.subprocess.SubprocessHook"}
{"timestamp":"2025-10-29T11:01:50.560452","level":"info","event":"Archivos encontrados: 48","logger":"airflow.task.hooks.airflow.providers.standard.hooks.subprocess.SubprocessHook"}
{"timestamp":"2025-10-29T11:01:50.560701","level":"info","event":"Buscando archivos en ./Datos/HARMONIE/ con sufijo _32.tif para la variable viento...","logger":"airflow.task.hooks.airflow.providers.standard.hooks.subprocess.SubprocessHook"}
{"timestamp":"2025-10-29T11:01:50.560841","level":"info","event":"Archivos encontrados: 48","logger":"airflow.task.hooks.airflow.providers.standard.hooks.subprocess.SubprocessHook"}
{"timestamp":"2025-10-29T11:01:50.560965","level":"info","event":"Buscando archivos en ./Datos/HARMONIE/ con sufijo _61_1HH.tif para la variable prec_1h...","logger":"airflow.task.hooks.airflow.providers.standard.hooks.subprocess.SubprocessHook"}
{"timestamp":"2025-10-29T11:01:50.561082","level":"info","event":"Archivos encontrados: 48","logger":"airflow.task.hooks.airflow.providers.standard.hooks.subprocess.SubprocessHook"}
{"timestamp":"2025-10-29T11:01:50.561198","level":"info","event":"Variables del JSON:  dict_keys(['id', 'dateIssued', 'type', 'windSpeed', 'timestamp', 'precipitation', 'lat', 'lon'])","logger":"airflow.task.hooks.airflow.providers.standard.hooks.subprocess.SubprocessHook"}
{"timestamp":"2025-10-29T11:01:50.561327","level":"info","event":"Cantidad de datos de termperatura descargados:  264960","logger":"airflow.task.hooks.airflow.providers.standard.hooks.subprocess.SubprocessHook"}
{"timestamp":"2025-10-29T11:01:50.561499","level":"info","event":"FIN DEL PROCESO DE DESCARGA DE PREDICCIONES HARMONIE-AROME DE AEMET.","logger":"airflow.task.hooks.airflow.providers.standard.hooks.subprocess.SubprocessHook"}
{"timestamp":"2025-10-29T11:01:50.762950","level":"info","event":"Command exited with return code 0","logger":"airflow.task.hooks.airflow.providers.standard.hooks.subprocess.SubprocessHook"}
{"timestamp":"2025-10-29T11:01:50.807900","level":"info","event":"Pushing xcom","ti":"RuntimeTaskInstance(id=UUID('019a2f9f-ea91-78b4-938b-73dd51bb5702'), task_id='harmonie_arome_aemet', dag_id='Scripts_Predicciones_Meteorologicas', run_id='scheduled__2025-10-29T11:00:00+00:00', try_number=1, map_index=-1, hostname='e3157c6385d2', context_carrier={}, task=<Task(BashOperator): harmonie_arome_aemet>, bundle_instance=LocalDagBundle(name=dags-folder), max_tries=1, start_date=datetime.datetime(2025, 10, 29, 11, 0, 6, 126361, tzinfo=datetime.timezone.utc), end_date=None, state=<TaskInstanceState.RUNNING: 'running'>, is_mapped=False, rendered_map_index=None, log_url='http://localhost:8080/dags/Scripts_Predicciones_Meteorologicas/runs/scheduled__2025-10-29T11%3A00%3A00%2B00%3A00/tasks/harmonie_arome_aemet?try_number=1')","logger":"task"}
