{"timestamp":"2025-10-29T12:05:30.575770","level":"info","event":"DAG bundles loaded: dags-folder","logger":"airflow.dag_processing.bundles.manager.DagBundlesManager"}
{"timestamp":"2025-10-29T12:05:30.577040","level":"info","event":"Filling up the DagBag from /opt/airflow/dags/Airflow.py","logger":"airflow.models.dagbag.DagBag"}
{"timestamp":"2025-10-29T12:05:30.645240","level":"info","event":"Tmp dir root location: /tmp","logger":"airflow.task.hooks.airflow.providers.standard.hooks.subprocess.SubprocessHook"}
{"timestamp":"2025-10-29T12:05:30.646721","level":"info","event":"Running command: ['/usr/bin/bash', '-c', 'python3 /opt/airflow/scripts/DWD_ICON_EU.py']","logger":"airflow.task.hooks.airflow.providers.standard.hooks.subprocess.SubprocessHook"}
{"timestamp":"2025-10-29T12:05:30.666850","level":"info","event":"Output:","logger":"airflow.task.hooks.airflow.providers.standard.hooks.subprocess.SubprocessHook"}
{"timestamp":"2025-10-29T12:05:34.595108","level":"info","event":"[ INFO ] Checking for files to with more than 7 past days data","logger":"airflow.task.hooks.airflow.providers.standard.hooks.subprocess.SubprocessHook"}
{"timestamp":"2025-10-29T12:05:37.249462","level":"info","event":"[ INFO ] Checking for files to with more than 7 past days data","logger":"airflow.task.hooks.airflow.providers.standard.hooks.subprocess.SubprocessHook"}
{"timestamp":"2025-10-29T12:05:38.586711","level":"info","event":"[ INFO ] Downloading 1 files (31.1 MB)","logger":"airflow.task.hooks.airflow.providers.standard.hooks.subprocess.SubprocessHook"}
{"timestamp":"2025-10-29T12:06:08.585793","level":"info","event":"Another process is writing to ./data//dwd_icon_eu/precipitation/chunk_2535.om~. Check in 10s. Waiting up to 1 minutes.","logger":"airflow.task.hooks.airflow.providers.standard.hooks.subprocess.SubprocessHook"}
{"timestamp":"2025-10-29T12:06:08.586187","level":"info","event":"Another process is writing to ./data//dwd_icon_eu/precipitation/chunk_2535.om~. Check in 10s. Waiting up to 1 minutes.","logger":"airflow.task.hooks.airflow.providers.standard.hooks.subprocess.SubprocessHook"}
{"timestamp":"2025-10-29T12:06:08.586468","level":"info","event":"Another process is writing to ./data//dwd_icon_eu/precipitation/chunk_2535.om~. Check in 10s. Waiting up to 1 minutes.","logger":"airflow.task.hooks.airflow.providers.standard.hooks.subprocess.SubprocessHook"}
{"timestamp":"2025-10-29T12:06:08.586703","level":"info","event":"[ INFO ] Downloading file https://openmeteo.s3.amazonaws.com/data/dwd_icon_eu/precipitation/chunk_2535.om","logger":"airflow.task.hooks.airflow.providers.standard.hooks.subprocess.SubprocessHook"}
{"timestamp":"2025-10-29T12:06:29.374542","level":"info","event":"[ INFO ] Transfer 20% 6.1 MB / 31.1 MB in 20s, 314.5 KB/s remaining 82s","logger":"airflow.task.hooks.airflow.providers.standard.hooks.subprocess.SubprocessHook"}
{"timestamp":"2025-10-29T12:06:49.383150","level":"info","event":"[ INFO ] Transfer 40% 12.3 MB / 31.1 MB in 40s, 317.0 KB/s remaining 61s","logger":"airflow.task.hooks.airflow.providers.standard.hooks.subprocess.SubprocessHook"}
{"timestamp":"2025-10-29T12:07:09.529343","level":"info","event":"[ INFO ] Transfer 60% 18.5 MB / 31.1 MB in 60s, 317.0 KB/s remaining 41s","logger":"airflow.task.hooks.airflow.providers.standard.hooks.subprocess.SubprocessHook"}
{"timestamp":"2025-10-29T12:07:29.545892","level":"info","event":"[ INFO ] Transfer 79% 24.7 MB / 31.1 MB in 80s, 316.1 KB/s remaining 21s","logger":"airflow.task.hooks.airflow.providers.standard.hooks.subprocess.SubprocessHook"}
{"timestamp":"2025-10-29T12:07:49.692793","level":"info","event":"[ INFO ] Transfer 99% 30.9 MB / 31.1 MB in 100s, 317.9 KB/s remaining 585ms","logger":"airflow.task.hooks.airflow.providers.standard.hooks.subprocess.SubprocessHook"}
{"timestamp":"2025-10-29T12:07:50.254318","level":"info","event":"[ INFO ] dwd_icon_eu 1 files 100% 31.1 MB / 31.1 MB in 132s, 243.0 KB/s remaining 0.0ms","logger":"airflow.task.hooks.airflow.providers.standard.hooks.subprocess.SubprocessHook"}
{"timestamp":"2025-10-29T12:07:50.254597","level":"info","event":"[ INFO ] dwd_icon_eu 1 files completed 31.1 MB in 132s. Average speed 241.8 KB/s","logger":"airflow.task.hooks.airflow.providers.standard.hooks.subprocess.SubprocessHook"}
{"timestamp":"2025-10-29T12:07:50.254749","level":"info","event":"[ INFO ] Finished downloading 31.1 MB in 133s","logger":"airflow.task.hooks.airflow.providers.standard.hooks.subprocess.SubprocessHook"}
{"timestamp":"2025-10-29T12:07:51.060123","level":"info","event":"🔄 Descargando datos de http://host.docker.internal:8080/v1/forecast ...","logger":"airflow.task.hooks.airflow.providers.standard.hooks.subprocess.SubprocessHook"}
{"timestamp":"2025-10-29T12:07:51.060509","level":"info","event":"⬇️ Descargando temperature_2m del Bucket S3 de AWS...","logger":"airflow.task.hooks.airflow.providers.standard.hooks.subprocess.SubprocessHook"}
{"timestamp":"2025-10-29T12:07:51.060755","level":"info","event":"⬇️ Descargando precipitation del Bucket S3 de AWS...","logger":"airflow.task.hooks.airflow.providers.standard.hooks.subprocess.SubprocessHook"}
{"timestamp":"2025-10-29T12:07:51.060932","level":"info","event":"Expecting value: line 1 column 1 (char 0)","logger":"airflow.task.hooks.airflow.providers.standard.hooks.subprocess.SubprocessHook"}
{"timestamp":"2025-10-29T12:07:51.061099","level":"info","event":"Expecting value: line 1 column 1 (char 0)","logger":"airflow.task.hooks.airflow.providers.standard.hooks.subprocess.SubprocessHook"}
{"timestamp":"2025-10-29T12:07:51.061233","level":"info","event":"Expecting value: line 1 column 1 (char 0)","logger":"airflow.task.hooks.airflow.providers.standard.hooks.subprocess.SubprocessHook"}
{"timestamp":"2025-10-29T12:07:51.061489","level":"info","event":"Expecting value: line 1 column 1 (char 0)","logger":"airflow.task.hooks.airflow.providers.standard.hooks.subprocess.SubprocessHook"}
{"timestamp":"2025-10-29T12:07:51.061620","level":"info","event":"Expecting value: line 1 column 1 (char 0)","logger":"airflow.task.hooks.airflow.providers.standard.hooks.subprocess.SubprocessHook"}
{"timestamp":"2025-10-29T12:07:51.061735","level":"info","event":"Expecting value: line 1 column 1 (char 0)","logger":"airflow.task.hooks.airflow.providers.standard.hooks.subprocess.SubprocessHook"}
{"timestamp":"2025-10-29T12:07:51.061846","level":"info","event":"Expecting value: line 1 column 1 (char 0)","logger":"airflow.task.hooks.airflow.providers.standard.hooks.subprocess.SubprocessHook"}
{"timestamp":"2025-10-29T12:07:51.062103","level":"info","event":"Expecting value: line 1 column 1 (char 0)","logger":"airflow.task.hooks.airflow.providers.standard.hooks.subprocess.SubprocessHook"}
{"timestamp":"2025-10-29T12:07:51.062254","level":"info","event":"Expecting value: line 1 column 1 (char 0)","logger":"airflow.task.hooks.airflow.providers.standard.hooks.subprocess.SubprocessHook"}
{"timestamp":"2025-10-29T12:07:51.062368","level":"info","event":"Expecting value: line 1 column 1 (char 0)","logger":"airflow.task.hooks.airflow.providers.standard.hooks.subprocess.SubprocessHook"}
{"timestamp":"2025-10-29T12:07:51.062555","level":"info","event":"Expecting value: line 1 column 1 (char 0)","logger":"airflow.task.hooks.airflow.providers.standard.hooks.subprocess.SubprocessHook"}
{"timestamp":"2025-10-29T12:07:51.062687","level":"info","event":"Expecting value: line 1 column 1 (char 0)","logger":"airflow.task.hooks.airflow.providers.standard.hooks.subprocess.SubprocessHook"}
{"timestamp":"2025-10-29T12:07:51.062800","level":"info","event":"Expecting value: line 1 column 1 (char 0)","logger":"airflow.task.hooks.airflow.providers.standard.hooks.subprocess.SubprocessHook"}
{"timestamp":"2025-10-29T12:07:51.062911","level":"info","event":"Expecting value: line 1 column 1 (char 0)","logger":"airflow.task.hooks.airflow.providers.standard.hooks.subprocess.SubprocessHook"}
{"timestamp":"2025-10-29T12:07:51.063094","level":"info","event":"Expecting value: line 1 column 1 (char 0)","logger":"airflow.task.hooks.airflow.providers.standard.hooks.subprocess.SubprocessHook"}
{"timestamp":"2025-10-29T12:07:51.063250","level":"info","event":"Expecting value: line 1 column 1 (char 0)","logger":"airflow.task.hooks.airflow.providers.standard.hooks.subprocess.SubprocessHook"}
{"timestamp":"2025-10-29T12:07:51.063382","level":"info","event":"Expecting value: line 1 column 1 (char 0)","logger":"airflow.task.hooks.airflow.providers.standard.hooks.subprocess.SubprocessHook"}
{"timestamp":"2025-10-29T12:07:51.063497","level":"info","event":"Expecting value: line 1 column 1 (char 0)","logger":"airflow.task.hooks.airflow.providers.standard.hooks.subprocess.SubprocessHook"}
{"timestamp":"2025-10-29T12:07:51.063685","level":"info","event":"Expecting value: line 1 column 1 (char 0)","logger":"airflow.task.hooks.airflow.providers.standard.hooks.subprocess.SubprocessHook"}
{"timestamp":"2025-10-29T12:07:51.063825","level":"info","event":"Expecting value: line 1 column 1 (char 0)","logger":"airflow.task.hooks.airflow.providers.standard.hooks.subprocess.SubprocessHook"}
{"timestamp":"2025-10-29T12:07:51.063939","level":"info","event":"Expecting value: line 1 column 1 (char 0)","logger":"airflow.task.hooks.airflow.providers.standard.hooks.subprocess.SubprocessHook"}
{"timestamp":"2025-10-29T12:07:51.064049","level":"info","event":"Expecting value: line 1 column 1 (char 0)","logger":"airflow.task.hooks.airflow.providers.standard.hooks.subprocess.SubprocessHook"}
{"timestamp":"2025-10-29T12:07:51.064233","level":"info","event":"Expecting value: line 1 column 1 (char 0)","logger":"airflow.task.hooks.airflow.providers.standard.hooks.subprocess.SubprocessHook"}
{"timestamp":"2025-10-29T12:07:51.064361","level":"info","event":"Expecting value: line 1 column 1 (char 0)","logger":"airflow.task.hooks.airflow.providers.standard.hooks.subprocess.SubprocessHook"}
{"timestamp":"2025-10-29T12:07:51.064470","level":"info","event":"Expecting value: line 1 column 1 (char 0)","logger":"airflow.task.hooks.airflow.providers.standard.hooks.subprocess.SubprocessHook"}
{"timestamp":"2025-10-29T12:07:51.064578","level":"info","event":"Expecting value: line 1 column 1 (char 0)","logger":"airflow.task.hooks.airflow.providers.standard.hooks.subprocess.SubprocessHook"}
{"timestamp":"2025-10-29T12:07:51.064759","level":"info","event":"Expecting value: line 1 column 1 (char 0)","logger":"airflow.task.hooks.airflow.providers.standard.hooks.subprocess.SubprocessHook"}
{"timestamp":"2025-10-29T12:07:51.064890","level":"info","event":"Expecting value: line 1 column 1 (char 0)","logger":"airflow.task.hooks.airflow.providers.standard.hooks.subprocess.SubprocessHook"}
{"timestamp":"2025-10-29T12:07:51.065002","level":"info","event":"Expecting value: line 1 column 1 (char 0)","logger":"airflow.task.hooks.airflow.providers.standard.hooks.subprocess.SubprocessHook"}
{"timestamp":"2025-10-29T12:07:51.065110","level":"info","event":"Expecting value: line 1 column 1 (char 0)","logger":"airflow.task.hooks.airflow.providers.standard.hooks.subprocess.SubprocessHook"}
{"timestamp":"2025-10-29T12:07:51.065238","level":"info","event":"Expecting value: line 1 column 1 (char 0)","logger":"airflow.task.hooks.airflow.providers.standard.hooks.subprocess.SubprocessHook"}
{"timestamp":"2025-10-29T12:07:51.065414","level":"info","event":"Expecting value: line 1 column 1 (char 0)","logger":"airflow.task.hooks.airflow.providers.standard.hooks.subprocess.SubprocessHook"}
{"timestamp":"2025-10-29T12:07:51.065527","level":"info","event":"","logger":"airflow.task.hooks.airflow.providers.standard.hooks.subprocess.SubprocessHook"}
{"timestamp":"2025-10-29T12:07:51.065641","level":"info","event":"🏁 Descarga completada en 137.26 s (2.29 min)","logger":"airflow.task.hooks.airflow.providers.standard.hooks.subprocess.SubprocessHook"}
{"timestamp":"2025-10-29T12:07:51.065769","level":"info","event":"❌ No se obtuvieron datos.","logger":"airflow.task.hooks.airflow.providers.standard.hooks.subprocess.SubprocessHook"}
{"timestamp":"2025-10-29T12:07:51.066080","level":"info","event":"Traceback (most recent call last):","logger":"airflow.task.hooks.airflow.providers.standard.hooks.subprocess.SubprocessHook"}
{"timestamp":"2025-10-29T12:07:51.066233","level":"info","event":"  File \"/opt/airflow/scripts/DWD_ICON_EU.py\", line 182, in <module>","logger":"airflow.task.hooks.airflow.providers.standard.hooks.subprocess.SubprocessHook"}
{"timestamp":"2025-10-29T12:07:51.066400","level":"info","event":"    main()","logger":"airflow.task.hooks.airflow.providers.standard.hooks.subprocess.SubprocessHook"}
{"timestamp":"2025-10-29T12:07:51.066576","level":"info","event":"  File \"/opt/airflow/scripts/DWD_ICON_EU.py\", line 169, in main","logger":"airflow.task.hooks.airflow.providers.standard.hooks.subprocess.SubprocessHook"}
{"timestamp":"2025-10-29T12:07:51.066690","level":"info","event":"    timestamp = df[\"time\"].tolist(),","logger":"airflow.task.hooks.airflow.providers.standard.hooks.subprocess.SubprocessHook"}
{"timestamp":"2025-10-29T12:07:51.066801","level":"info","event":"                ~~^^^^^^^^","logger":"airflow.task.hooks.airflow.providers.standard.hooks.subprocess.SubprocessHook"}
{"timestamp":"2025-10-29T12:07:51.066906","level":"info","event":"  File \"/home/airflow/.local/lib/python3.12/site-packages/pandas/core/frame.py\", line 3893, in __getitem__","logger":"airflow.task.hooks.airflow.providers.standard.hooks.subprocess.SubprocessHook"}
{"timestamp":"2025-10-29T12:07:51.067103","level":"info","event":"    indexer = self.columns.get_loc(key)","logger":"airflow.task.hooks.airflow.providers.standard.hooks.subprocess.SubprocessHook"}
{"timestamp":"2025-10-29T12:07:51.067224","level":"info","event":"              ^^^^^^^^^^^^^^^^^^^^^^^^^","logger":"airflow.task.hooks.airflow.providers.standard.hooks.subprocess.SubprocessHook"}
{"timestamp":"2025-10-29T12:07:51.067332","level":"info","event":"  File \"/home/airflow/.local/lib/python3.12/site-packages/pandas/core/indexes/range.py\", line 418, in get_loc","logger":"airflow.task.hooks.airflow.providers.standard.hooks.subprocess.SubprocessHook"}
{"timestamp":"2025-10-29T12:07:51.067442","level":"info","event":"    raise KeyError(key)","logger":"airflow.task.hooks.airflow.providers.standard.hooks.subprocess.SubprocessHook"}
{"timestamp":"2025-10-29T12:07:51.067627","level":"info","event":"KeyError: 'time'","logger":"airflow.task.hooks.airflow.providers.standard.hooks.subprocess.SubprocessHook"}
{"timestamp":"2025-10-29T12:07:51.239182","level":"info","event":"Command exited with return code 1","logger":"airflow.task.hooks.airflow.providers.standard.hooks.subprocess.SubprocessHook"}
{"timestamp":"2025-10-29T12:07:51.242543","level":"error","event":"Task failed with exception","logger":"task","error_detail":[{"exc_type":"AirflowException","exc_value":"Bash command failed. The command returned a non-zero exit code 1.","exc_notes":[],"syntax_error":null,"is_cause":false,"frames":[{"filename":"/home/airflow/.local/lib/python3.12/site-packages/airflow/sdk/execution_time/task_runner.py","lineno":920,"name":"run"},{"filename":"/home/airflow/.local/lib/python3.12/site-packages/airflow/sdk/execution_time/task_runner.py","lineno":1215,"name":"_execute_task"},{"filename":"/home/airflow/.local/lib/python3.12/site-packages/airflow/sdk/bases/operator.py","lineno":397,"name":"wrapper"},{"filename":"/home/airflow/.local/lib/python3.12/site-packages/airflow/providers/standard/operators/bash.py","lineno":232,"name":"execute"}],"is_group":false,"exceptions":[]}]}
