{"timestamp":"2025-10-29T14:07:33.471381","level":"info","event":"DAG bundles loaded: dags-folder","logger":"airflow.dag_processing.bundles.manager.DagBundlesManager"}
{"timestamp":"2025-10-29T14:07:33.472796","level":"info","event":"Filling up the DagBag from /opt/airflow/dags/GEPS_ENS_CNC.py","logger":"airflow.models.dagbag.DagBag"}
{"timestamp":"2025-10-29T14:07:35.853224Z","level":"info","event":"🔄 Llamando al servicio API en la red interna de Docker: http://openmeteo-api:8080/v1/forecast ...","chan":"stdout","logger":"task"}
{"timestamp":"2025-10-29T14:07:35.853791Z","level":"info","event":"  ➡️ Solicitando datos para lat=39.13, lon=-1.52","chan":"stdout","logger":"task"}
{"timestamp":"2025-10-29T14:07:35.916223Z","level":"info","event":"❌ Error al consultar API para lat=39.13, lon=-1.52: 400 Client Error: Bad Request for url: http://openmeteo-api:8080/v1/forecast?latitude=39.1281556&longitude=-1.5212770999999998&models=cmc_gem_geps&hourly=temperature_2m%2Cprecipitation%2Cwind_speed_10m&start_date=2025-10-28&end_date=2025-11-03","chan":"stdout","logger":"task"}
{"timestamp":"2025-10-29T14:07:35.925620Z","level":"info","event":"  ➡️ Solicitando datos para lat=39.13, lon=-0.52","chan":"stdout","logger":"task"}
{"timestamp":"2025-10-29T14:07:35.944597Z","level":"info","event":"❌ Error al consultar API para lat=39.13, lon=-0.52: 400 Client Error: Bad Request for url: http://openmeteo-api:8080/v1/forecast?latitude=39.1281556&longitude=-0.5212770999999998&models=cmc_gem_geps&hourly=temperature_2m%2Cprecipitation%2Cwind_speed_10m&start_date=2025-10-28&end_date=2025-11-03","chan":"stdout","logger":"task"}
{"timestamp":"2025-10-29T14:07:35.953612Z","level":"info","event":"  ➡️ Solicitando datos para lat=39.13, lon=-1.52","chan":"stdout","logger":"task"}
{"timestamp":"2025-10-29T14:07:35.965602Z","level":"info","event":"❌ Error al consultar API para lat=39.13, lon=-1.52: 400 Client Error: Bad Request for url: http://openmeteo-api:8080/v1/forecast?latitude=39.1281556&longitude=-1.5212770999999998&models=cmc_gem_geps&hourly=temperature_2m%2Cprecipitation%2Cwind_speed_10m&start_date=2025-10-28&end_date=2025-11-03","chan":"stdout","logger":"task"}
{"timestamp":"2025-10-29T14:07:35.967961Z","level":"info","event":"  ➡️ Solicitando datos para lat=39.13, lon=-0.52","chan":"stdout","logger":"task"}
{"timestamp":"2025-10-29T14:07:35.988994Z","level":"info","event":"❌ Error al consultar API para lat=39.13, lon=-0.52: 400 Client Error: Bad Request for url: http://openmeteo-api:8080/v1/forecast?latitude=39.1281556&longitude=-0.5212770999999998&models=cmc_gem_geps&hourly=temperature_2m%2Cprecipitation%2Cwind_speed_10m&start_date=2025-10-28&end_date=2025-11-03","chan":"stdout","logger":"task"}
{"timestamp":"2025-10-29T14:07:35.990013Z","level":"info","event":"  ➡️ Solicitando datos para lat=39.13, lon=-1.52","chan":"stdout","logger":"task"}
{"timestamp":"2025-10-29T14:07:35.998200Z","level":"info","event":"❌ Error al consultar API para lat=39.13, lon=-1.52: 400 Client Error: Bad Request for url: http://openmeteo-api:8080/v1/forecast?latitude=39.1281556&longitude=-1.5212770999999998&models=cmc_gem_geps&hourly=temperature_2m%2Cprecipitation%2Cwind_speed_10m&start_date=2025-10-28&end_date=2025-11-03","chan":"stdout","logger":"task"}
{"timestamp":"2025-10-29T14:07:35.998620Z","level":"info","event":"  ➡️ Solicitando datos para lat=39.13, lon=-0.52","chan":"stdout","logger":"task"}
{"timestamp":"2025-10-29T14:07:36.007442Z","level":"info","event":"❌ Error al consultar API para lat=39.13, lon=-0.52: 400 Client Error: Bad Request for url: http://openmeteo-api:8080/v1/forecast?latitude=39.1281556&longitude=-0.5212770999999998&models=cmc_gem_geps&hourly=temperature_2m%2Cprecipitation%2Cwind_speed_10m&start_date=2025-10-28&end_date=2025-11-03","chan":"stdout","logger":"task"}
{"timestamp":"2025-10-29T14:07:36.007920Z","level":"info","event":"  ➡️ Solicitando datos para lat=39.13, lon=-1.52","chan":"stdout","logger":"task"}
{"timestamp":"2025-10-29T14:07:36.015291Z","level":"info","event":"❌ Error al consultar API para lat=39.13, lon=-1.52: 400 Client Error: Bad Request for url: http://openmeteo-api:8080/v1/forecast?latitude=39.1281556&longitude=-1.5212770999999998&models=cmc_gem_geps&hourly=temperature_2m%2Cprecipitation%2Cwind_speed_10m&start_date=2025-10-28&end_date=2025-11-03","chan":"stdout","logger":"task"}
{"timestamp":"2025-10-29T14:07:36.015775Z","level":"info","event":"  ➡️ Solicitando datos para lat=39.13, lon=-0.52","chan":"stdout","logger":"task"}
{"timestamp":"2025-10-29T14:07:36.024211Z","level":"info","event":"❌ Error al consultar API para lat=39.13, lon=-0.52: 400 Client Error: Bad Request for url: http://openmeteo-api:8080/v1/forecast?latitude=39.1281556&longitude=-0.5212770999999998&models=cmc_gem_geps&hourly=temperature_2m%2Cprecipitation%2Cwind_speed_10m&start_date=2025-10-28&end_date=2025-11-03","chan":"stdout","logger":"task"}
{"timestamp":"2025-10-29T14:07:36.024678Z","level":"info","event":"  ➡️ Solicitando datos para lat=40.13, lon=-1.52","chan":"stdout","logger":"task"}
{"timestamp":"2025-10-29T14:07:36.034247Z","level":"info","event":"❌ Error al consultar API para lat=40.13, lon=-1.52: 400 Client Error: Bad Request for url: http://openmeteo-api:8080/v1/forecast?latitude=40.1281556&longitude=-1.5212770999999998&models=cmc_gem_geps&hourly=temperature_2m%2Cprecipitation%2Cwind_speed_10m&start_date=2025-10-28&end_date=2025-11-03","chan":"stdout","logger":"task"}
{"timestamp":"2025-10-29T14:07:36.034653Z","level":"info","event":"  ➡️ Solicitando datos para lat=40.13, lon=-0.52","chan":"stdout","logger":"task"}
{"timestamp":"2025-10-29T14:07:36.043208Z","level":"info","event":"❌ Error al consultar API para lat=40.13, lon=-0.52: 400 Client Error: Bad Request for url: http://openmeteo-api:8080/v1/forecast?latitude=40.1281556&longitude=-0.5212770999999998&models=cmc_gem_geps&hourly=temperature_2m%2Cprecipitation%2Cwind_speed_10m&start_date=2025-10-28&end_date=2025-11-03","chan":"stdout","logger":"task"}
{"timestamp":"2025-10-29T14:07:36.043782Z","level":"info","event":"  ➡️ Solicitando datos para lat=40.13, lon=-1.52","chan":"stdout","logger":"task"}
{"timestamp":"2025-10-29T14:07:36.056507Z","level":"info","event":"❌ Error al consultar API para lat=40.13, lon=-1.52: 400 Client Error: Bad Request for url: http://openmeteo-api:8080/v1/forecast?latitude=40.1281556&longitude=-1.5212770999999998&models=cmc_gem_geps&hourly=temperature_2m%2Cprecipitation%2Cwind_speed_10m&start_date=2025-10-28&end_date=2025-11-03","chan":"stdout","logger":"task"}
{"timestamp":"2025-10-29T14:07:36.056912Z","level":"info","event":"  ➡️ Solicitando datos para lat=40.13, lon=-0.52","chan":"stdout","logger":"task"}
{"timestamp":"2025-10-29T14:07:36.068987Z","level":"info","event":"❌ Error al consultar API para lat=40.13, lon=-0.52: 400 Client Error: Bad Request for url: http://openmeteo-api:8080/v1/forecast?latitude=40.1281556&longitude=-0.5212770999999998&models=cmc_gem_geps&hourly=temperature_2m%2Cprecipitation%2Cwind_speed_10m&start_date=2025-10-28&end_date=2025-11-03","chan":"stdout","logger":"task"}
{"timestamp":"2025-10-29T14:07:36.069357Z","level":"info","event":"  ➡️ Solicitando datos para lat=40.13, lon=-1.52","chan":"stdout","logger":"task"}
{"timestamp":"2025-10-29T14:07:36.089939Z","level":"info","event":"❌ Error al consultar API para lat=40.13, lon=-1.52: 400 Client Error: Bad Request for url: http://openmeteo-api:8080/v1/forecast?latitude=40.1281556&longitude=-1.5212770999999998&models=cmc_gem_geps&hourly=temperature_2m%2Cprecipitation%2Cwind_speed_10m&start_date=2025-10-28&end_date=2025-11-03","chan":"stdout","logger":"task"}
{"timestamp":"2025-10-29T14:07:36.090319Z","level":"info","event":"  ➡️ Solicitando datos para lat=40.13, lon=-0.52","chan":"stdout","logger":"task"}
{"timestamp":"2025-10-29T14:07:36.101106Z","level":"info","event":"❌ Error al consultar API para lat=40.13, lon=-0.52: 400 Client Error: Bad Request for url: http://openmeteo-api:8080/v1/forecast?latitude=40.1281556&longitude=-0.5212770999999998&models=cmc_gem_geps&hourly=temperature_2m%2Cprecipitation%2Cwind_speed_10m&start_date=2025-10-28&end_date=2025-11-03","chan":"stdout","logger":"task"}
{"timestamp":"2025-10-29T14:07:36.101717Z","level":"info","event":"  ➡️ Solicitando datos para lat=40.13, lon=-1.52","chan":"stdout","logger":"task"}
{"timestamp":"2025-10-29T14:07:36.113684Z","level":"info","event":"❌ Error al consultar API para lat=40.13, lon=-1.52: 400 Client Error: Bad Request for url: http://openmeteo-api:8080/v1/forecast?latitude=40.1281556&longitude=-1.5212770999999998&models=cmc_gem_geps&hourly=temperature_2m%2Cprecipitation%2Cwind_speed_10m&start_date=2025-10-28&end_date=2025-11-03","chan":"stdout","logger":"task"}
{"timestamp":"2025-10-29T14:07:36.121241Z","level":"info","event":"  ➡️ Solicitando datos para lat=40.13, lon=-0.52","chan":"stdout","logger":"task"}
{"timestamp":"2025-10-29T14:07:36.136813Z","level":"info","event":"❌ Error al consultar API para lat=40.13, lon=-0.52: 400 Client Error: Bad Request for url: http://openmeteo-api:8080/v1/forecast?latitude=40.1281556&longitude=-0.5212770999999998&models=cmc_gem_geps&hourly=temperature_2m%2Cprecipitation%2Cwind_speed_10m&start_date=2025-10-28&end_date=2025-11-03","chan":"stdout","logger":"task"}
{"timestamp":"2025-10-29T14:07:36.137146Z","level":"info","event":"","chan":"stdout","logger":"task"}
{"timestamp":"2025-10-29T14:07:36.137355Z","level":"info","event":"🏁 Descarga completada en 0.28 s (0.00 min)","chan":"stdout","logger":"task"}
{"timestamp":"2025-10-29T14:07:36.137574Z","level":"info","event":"❌ No se obtuvieron datos.","chan":"stdout","logger":"task"}
{"timestamp":"2025-10-29T14:07:36.153374","level":"error","event":"Task failed with exception","logger":"task","error_detail":[{"exc_type":"KeyError","exc_value":"'time'","exc_notes":[],"syntax_error":null,"is_cause":false,"frames":[{"filename":"/home/airflow/.local/lib/python3.12/site-packages/airflow/sdk/execution_time/task_runner.py","lineno":920,"name":"run"},{"filename":"/home/airflow/.local/lib/python3.12/site-packages/airflow/sdk/execution_time/task_runner.py","lineno":1215,"name":"_execute_task"},{"filename":"/home/airflow/.local/lib/python3.12/site-packages/airflow/sdk/bases/operator.py","lineno":397,"name":"wrapper"},{"filename":"/home/airflow/.local/lib/python3.12/site-packages/airflow/providers/standard/operators/python.py","lineno":216,"name":"execute"},{"filename":"/home/airflow/.local/lib/python3.12/site-packages/airflow/providers/standard/operators/python.py","lineno":239,"name":"execute_callable"},{"filename":"/home/airflow/.local/lib/python3.12/site-packages/airflow/sdk/execution_time/callback_runner.py","lineno":81,"name":"run"},{"filename":"/opt/airflow/dags/GEPS_ENS_CNC.py","lineno":185,"name":"ejecutar_descarga_geps"},{"filename":"/home/airflow/.local/lib/python3.12/site-packages/pandas/core/frame.py","lineno":3893,"name":"__getitem__"},{"filename":"/home/airflow/.local/lib/python3.12/site-packages/pandas/core/indexes/range.py","lineno":418,"name":"get_loc"}],"is_group":false,"exceptions":[]}]}
