{"timestamp":"2025-10-30T10:37:39.564833","level":"info","event":"DAG bundles loaded: dags-folder","logger":"airflow.dag_processing.bundles.manager.DagBundlesManager"}
{"timestamp":"2025-10-30T10:37:39.566778","level":"info","event":"Filling up the DagBag from /opt/airflow/dags/GEPS_ENS_CNC.py","logger":"airflow.models.dagbag.DagBag"}
{"timestamp":"2025-10-30T10:37:45.864037Z","level":"info","event":"🔄 Llamando al servicio API en la red interna de Docker: http://openmeteo-api:8080/v1/forecast ...","chan":"stdout","logger":"task"}
{"timestamp":"2025-10-30T10:37:45.864463Z","level":"info","event":"  ➡️ Solicitando datos para lat=39.13, lon=-1.52","chan":"stdout","logger":"task"}
{"timestamp":"2025-10-30T10:37:46.096292Z","level":"info","event":"  ➡️ Solicitando datos para lat=39.13, lon=-0.52","chan":"stdout","logger":"task"}
{"timestamp":"2025-10-30T10:37:46.313942Z","level":"info","event":"  ➡️ Solicitando datos para lat=39.13, lon=-1.52","chan":"stdout","logger":"task"}
{"timestamp":"2025-10-30T10:37:46.534505Z","level":"info","event":"  ➡️ Solicitando datos para lat=39.13, lon=-0.52","chan":"stdout","logger":"task"}
{"timestamp":"2025-10-30T10:37:46.762581Z","level":"info","event":"  ➡️ Solicitando datos para lat=39.13, lon=-1.52","chan":"stdout","logger":"task"}
{"timestamp":"2025-10-30T10:37:46.976803Z","level":"info","event":"  ➡️ Solicitando datos para lat=39.13, lon=-0.52","chan":"stdout","logger":"task"}
{"timestamp":"2025-10-30T10:37:47.195947Z","level":"info","event":"  ➡️ Solicitando datos para lat=39.13, lon=-1.52","chan":"stdout","logger":"task"}
{"timestamp":"2025-10-30T10:37:47.413090Z","level":"info","event":"  ➡️ Solicitando datos para lat=39.13, lon=-0.52","chan":"stdout","logger":"task"}
{"timestamp":"2025-10-30T10:37:47.630086Z","level":"info","event":"  ➡️ Solicitando datos para lat=40.13, lon=-1.52","chan":"stdout","logger":"task"}
{"timestamp":"2025-10-30T10:37:47.846713Z","level":"info","event":"  ➡️ Solicitando datos para lat=40.13, lon=-0.52","chan":"stdout","logger":"task"}
{"timestamp":"2025-10-30T10:37:48.064058Z","level":"info","event":"  ➡️ Solicitando datos para lat=40.13, lon=-1.52","chan":"stdout","logger":"task"}
{"timestamp":"2025-10-30T10:37:48.280446Z","level":"info","event":"  ➡️ Solicitando datos para lat=40.13, lon=-0.52","chan":"stdout","logger":"task"}
{"timestamp":"2025-10-30T10:37:48.499400Z","level":"info","event":"  ➡️ Solicitando datos para lat=40.13, lon=-1.52","chan":"stdout","logger":"task"}
{"timestamp":"2025-10-30T10:37:48.715725Z","level":"info","event":"  ➡️ Solicitando datos para lat=40.13, lon=-0.52","chan":"stdout","logger":"task"}
{"timestamp":"2025-10-30T10:37:48.935290Z","level":"info","event":"  ➡️ Solicitando datos para lat=40.13, lon=-1.52","chan":"stdout","logger":"task"}
{"timestamp":"2025-10-30T10:37:49.157749Z","level":"info","event":"  ➡️ Solicitando datos para lat=40.13, lon=-0.52","chan":"stdout","logger":"task"}
{"timestamp":"2025-10-30T10:37:49.375933Z","level":"info","event":"","chan":"stdout","logger":"task"}
{"timestamp":"2025-10-30T10:37:49.376200Z","level":"info","event":"🏁 Descarga completada en 3.51 s (0.06 min)","chan":"stdout","logger":"task"}
{"timestamp":"2025-10-30T10:37:49.393880Z","level":"info","event":"📦 Total registros: 2688","chan":"stdout","logger":"task"}
{"timestamp":"2025-10-30T10:37:49.400363Z","level":"info","event":"Variables del JSON:  dict_keys(['id', 'dateIssued', 'type', 'windSpeed', 'temperature', 'timestamp', 'precipitation', 'precipitationProbability', 'solarRadiation', 'riverDischarge', 'lat', 'lon'])","chan":"stdout","logger":"task"}
{"timestamp":"2025-10-30T10:37:49.400649Z","level":"info","event":"Cantidad de datos de precipitación descargados:  2688","chan":"stdout","logger":"task"}
{"timestamp":"2025-10-30T10:37:49.400885Z","level":"info","event":"FIN DEL PROCESO DE DESCARGA DE PREDICCIONES GEPS de CNC.","chan":"stdout","logger":"task"}
{"timestamp":"2025-10-30T10:37:49.401046Z","level":"info","event":"","chan":"stdout","logger":"task"}
{"timestamp":"2025-10-30T10:37:49.401199Z","level":"info","event":" FIN","chan":"stdout","logger":"task"}
{"timestamp":"2025-10-30T10:37:49.401718","level":"info","event":"Done. Returned value was: None","logger":"airflow.task.operators.airflow.providers.standard.operators.python.PythonOperator"}
