{"timestamp":"2025-10-28T22:43:46.909597","level":"info","event":"DAG bundles loaded: dags-folder","logger":"airflow.dag_processing.bundles.manager.DagBundlesManager"}
{"timestamp":"2025-10-28T22:43:46.910982","level":"info","event":"Filling up the DagBag from /opt/airflow/dags/Airflow.py","logger":"airflow.models.dagbag.DagBag"}
{"timestamp":"2025-10-28T22:43:47.007607","level":"info","event":"Tmp dir root location: /tmp","logger":"airflow.task.hooks.airflow.providers.standard.hooks.subprocess.SubprocessHook"}
{"timestamp":"2025-10-28T22:43:47.009009","level":"info","event":"Running command: ['/usr/bin/bash', '-c', 'python3 /opt/airflow/scripts/ARPEGE2.py']","logger":"airflow.task.hooks.airflow.providers.standard.hooks.subprocess.SubprocessHook"}
{"timestamp":"2025-10-28T22:43:47.029966","level":"info","event":"Output:","logger":"airflow.task.hooks.airflow.providers.standard.hooks.subprocess.SubprocessHook"}
{"timestamp":"2025-10-28T22:43:53.400493","level":"info","event":"❌ ERROR: No se pudo inicializar el cliente Docker. Error while fetching server API version: ('Connection aborted.', PermissionError(13, 'Permission denied'))","logger":"airflow.task.hooks.airflow.providers.standard.hooks.subprocess.SubprocessHook"}
{"timestamp":"2025-10-28T22:43:53.400879","level":"info","event":"Traceback (most recent call last):","logger":"airflow.task.hooks.airflow.providers.standard.hooks.subprocess.SubprocessHook"}
{"timestamp":"2025-10-28T22:43:53.401067","level":"info","event":"  File \"/home/airflow/.local/lib/python3.12/site-packages/urllib3/connectionpool.py\", line 787, in urlopen","logger":"airflow.task.hooks.airflow.providers.standard.hooks.subprocess.SubprocessHook"}
{"timestamp":"2025-10-28T22:43:53.401218","level":"info","event":"    response = self._make_request(","logger":"airflow.task.hooks.airflow.providers.standard.hooks.subprocess.SubprocessHook"}
{"timestamp":"2025-10-28T22:43:53.401349","level":"info","event":"               ^^^^^^^^^^^^^^^^^^^","logger":"airflow.task.hooks.airflow.providers.standard.hooks.subprocess.SubprocessHook"}
{"timestamp":"2025-10-28T22:43:53.401469","level":"info","event":"  File \"/home/airflow/.local/lib/python3.12/site-packages/urllib3/connectionpool.py\", line 493, in _make_request","logger":"airflow.task.hooks.airflow.providers.standard.hooks.subprocess.SubprocessHook"}
{"timestamp":"2025-10-28T22:43:53.401590","level":"info","event":"    conn.request(","logger":"airflow.task.hooks.airflow.providers.standard.hooks.subprocess.SubprocessHook"}
{"timestamp":"2025-10-28T22:43:53.401708","level":"info","event":"  File \"/home/airflow/.local/lib/python3.12/site-packages/urllib3/connection.py\", line 494, in request","logger":"airflow.task.hooks.airflow.providers.standard.hooks.subprocess.SubprocessHook"}
{"timestamp":"2025-10-28T22:43:53.401952","level":"info","event":"    self.endheaders()","logger":"airflow.task.hooks.airflow.providers.standard.hooks.subprocess.SubprocessHook"}
{"timestamp":"2025-10-28T22:43:53.402110","level":"info","event":"  File \"/usr/local/lib/python3.12/http/client.py\", line 1333, in endheaders","logger":"airflow.task.hooks.airflow.providers.standard.hooks.subprocess.SubprocessHook"}
{"timestamp":"2025-10-28T22:43:53.402921","level":"info","event":"    self._send_output(message_body, encode_chunked=encode_chunked)","logger":"airflow.task.hooks.airflow.providers.standard.hooks.subprocess.SubprocessHook"}
{"timestamp":"2025-10-28T22:43:53.403306","level":"info","event":"  File \"/usr/local/lib/python3.12/http/client.py\", line 1093, in _send_output","logger":"airflow.task.hooks.airflow.providers.standard.hooks.subprocess.SubprocessHook"}
{"timestamp":"2025-10-28T22:43:53.404020","level":"info","event":"    self.send(msg)","logger":"airflow.task.hooks.airflow.providers.standard.hooks.subprocess.SubprocessHook"}
{"timestamp":"2025-10-28T22:43:53.404314","level":"info","event":"  File \"/usr/local/lib/python3.12/http/client.py\", line 1037, in send","logger":"airflow.task.hooks.airflow.providers.standard.hooks.subprocess.SubprocessHook"}
{"timestamp":"2025-10-28T22:43:53.404928","level":"info","event":"    self.connect()","logger":"airflow.task.hooks.airflow.providers.standard.hooks.subprocess.SubprocessHook"}
{"timestamp":"2025-10-28T22:43:53.405166","level":"info","event":"  File \"/home/airflow/.local/lib/python3.12/site-packages/docker/transport/unixconn.py\", line 26, in connect","logger":"airflow.task.hooks.airflow.providers.standard.hooks.subprocess.SubprocessHook"}
{"timestamp":"2025-10-28T22:43:53.405377","level":"info","event":"    sock.connect(self.unix_socket)","logger":"airflow.task.hooks.airflow.providers.standard.hooks.subprocess.SubprocessHook"}
{"timestamp":"2025-10-28T22:43:53.405532","level":"info","event":"PermissionError: [Errno 13] Permission denied","logger":"airflow.task.hooks.airflow.providers.standard.hooks.subprocess.SubprocessHook"}
{"timestamp":"2025-10-28T22:43:53.405677","level":"info","event":"","logger":"airflow.task.hooks.airflow.providers.standard.hooks.subprocess.SubprocessHook"}
{"timestamp":"2025-10-28T22:43:53.405798","level":"info","event":"During handling of the above exception, another exception occurred:","logger":"airflow.task.hooks.airflow.providers.standard.hooks.subprocess.SubprocessHook"}
{"timestamp":"2025-10-28T22:43:53.405984","level":"info","event":"","logger":"airflow.task.hooks.airflow.providers.standard.hooks.subprocess.SubprocessHook"}
{"timestamp":"2025-10-28T22:43:53.406122","level":"info","event":"Traceback (most recent call last):","logger":"airflow.task.hooks.airflow.providers.standard.hooks.subprocess.SubprocessHook"}
{"timestamp":"2025-10-28T22:43:53.406376","level":"info","event":"  File \"/home/airflow/.local/lib/python3.12/site-packages/requests/adapters.py\", line 644, in send","logger":"airflow.task.hooks.airflow.providers.standard.hooks.subprocess.SubprocessHook"}
{"timestamp":"2025-10-28T22:43:53.406584","level":"info","event":"    resp = conn.urlopen(","logger":"airflow.task.hooks.airflow.providers.standard.hooks.subprocess.SubprocessHook"}
{"timestamp":"2025-10-28T22:43:53.406705","level":"info","event":"           ^^^^^^^^^^^^^","logger":"airflow.task.hooks.airflow.providers.standard.hooks.subprocess.SubprocessHook"}
{"timestamp":"2025-10-28T22:43:53.406811","level":"info","event":"  File \"/home/airflow/.local/lib/python3.12/site-packages/urllib3/connectionpool.py\", line 841, in urlopen","logger":"airflow.task.hooks.airflow.providers.standard.hooks.subprocess.SubprocessHook"}
{"timestamp":"2025-10-28T22:43:53.406925","level":"info","event":"    retries = retries.increment(","logger":"airflow.task.hooks.airflow.providers.standard.hooks.subprocess.SubprocessHook"}
{"timestamp":"2025-10-28T22:43:53.407031","level":"info","event":"              ^^^^^^^^^^^^^^^^^^","logger":"airflow.task.hooks.airflow.providers.standard.hooks.subprocess.SubprocessHook"}
{"timestamp":"2025-10-28T22:43:53.407134","level":"info","event":"  File \"/home/airflow/.local/lib/python3.12/site-packages/urllib3/util/retry.py\", line 474, in increment","logger":"airflow.task.hooks.airflow.providers.standard.hooks.subprocess.SubprocessHook"}
{"timestamp":"2025-10-28T22:43:53.407306","level":"info","event":"    raise reraise(type(error), error, _stacktrace)","logger":"airflow.task.hooks.airflow.providers.standard.hooks.subprocess.SubprocessHook"}
{"timestamp":"2025-10-28T22:43:53.407442","level":"info","event":"          ^^^^^^^^^^^^^^^^^^^^^^^^^^^^^^^^^^^^^^^^","logger":"airflow.task.hooks.airflow.providers.standard.hooks.subprocess.SubprocessHook"}
{"timestamp":"2025-10-28T22:43:53.407550","level":"info","event":"  File \"/home/airflow/.local/lib/python3.12/site-packages/urllib3/util/util.py\", line 38, in reraise","logger":"airflow.task.hooks.airflow.providers.standard.hooks.subprocess.SubprocessHook"}
{"timestamp":"2025-10-28T22:43:53.407660","level":"info","event":"    raise value.with_traceback(tb)","logger":"airflow.task.hooks.airflow.providers.standard.hooks.subprocess.SubprocessHook"}
{"timestamp":"2025-10-28T22:43:53.407772","level":"info","event":"  File \"/home/airflow/.local/lib/python3.12/site-packages/urllib3/connectionpool.py\", line 787, in urlopen","logger":"airflow.task.hooks.airflow.providers.standard.hooks.subprocess.SubprocessHook"}
{"timestamp":"2025-10-28T22:43:53.408455","level":"info","event":"    response = self._make_request(","logger":"airflow.task.hooks.airflow.providers.standard.hooks.subprocess.SubprocessHook"}
{"timestamp":"2025-10-28T22:43:53.408631","level":"info","event":"               ^^^^^^^^^^^^^^^^^^^","logger":"airflow.task.hooks.airflow.providers.standard.hooks.subprocess.SubprocessHook"}
{"timestamp":"2025-10-28T22:43:53.408760","level":"info","event":"  File \"/home/airflow/.local/lib/python3.12/site-packages/urllib3/connectionpool.py\", line 493, in _make_request","logger":"airflow.task.hooks.airflow.providers.standard.hooks.subprocess.SubprocessHook"}
{"timestamp":"2025-10-28T22:43:53.408882","level":"info","event":"    conn.request(","logger":"airflow.task.hooks.airflow.providers.standard.hooks.subprocess.SubprocessHook"}
{"timestamp":"2025-10-28T22:43:53.408994","level":"info","event":"  File \"/home/airflow/.local/lib/python3.12/site-packages/urllib3/connection.py\", line 494, in request","logger":"airflow.task.hooks.airflow.providers.standard.hooks.subprocess.SubprocessHook"}
{"timestamp":"2025-10-28T22:43:53.409477","level":"info","event":"    self.endheaders()","logger":"airflow.task.hooks.airflow.providers.standard.hooks.subprocess.SubprocessHook"}
{"timestamp":"2025-10-28T22:43:53.409653","level":"info","event":"  File \"/usr/local/lib/python3.12/http/client.py\", line 1333, in endheaders","logger":"airflow.task.hooks.airflow.providers.standard.hooks.subprocess.SubprocessHook"}
{"timestamp":"2025-10-28T22:43:53.410649","level":"info","event":"    self._send_output(message_body, encode_chunked=encode_chunked)","logger":"airflow.task.hooks.airflow.providers.standard.hooks.subprocess.SubprocessHook"}
{"timestamp":"2025-10-28T22:43:53.410884","level":"info","event":"  File \"/usr/local/lib/python3.12/http/client.py\", line 1093, in _send_output","logger":"airflow.task.hooks.airflow.providers.standard.hooks.subprocess.SubprocessHook"}
{"timestamp":"2025-10-28T22:43:53.411638","level":"info","event":"    self.send(msg)","logger":"airflow.task.hooks.airflow.providers.standard.hooks.subprocess.SubprocessHook"}
{"timestamp":"2025-10-28T22:43:53.411872","level":"info","event":"  File \"/usr/local/lib/python3.12/http/client.py\", line 1037, in send","logger":"airflow.task.hooks.airflow.providers.standard.hooks.subprocess.SubprocessHook"}
{"timestamp":"2025-10-28T22:43:53.412633","level":"info","event":"    self.connect()","logger":"airflow.task.hooks.airflow.providers.standard.hooks.subprocess.SubprocessHook"}
{"timestamp":"2025-10-28T22:43:53.412888","level":"info","event":"  File \"/home/airflow/.local/lib/python3.12/site-packages/docker/transport/unixconn.py\", line 26, in connect","logger":"airflow.task.hooks.airflow.providers.standard.hooks.subprocess.SubprocessHook"}
{"timestamp":"2025-10-28T22:43:53.413037","level":"info","event":"    sock.connect(self.unix_socket)","logger":"airflow.task.hooks.airflow.providers.standard.hooks.subprocess.SubprocessHook"}
{"timestamp":"2025-10-28T22:43:53.413166","level":"info","event":"urllib3.exceptions.ProtocolError: ('Connection aborted.', PermissionError(13, 'Permission denied'))","logger":"airflow.task.hooks.airflow.providers.standard.hooks.subprocess.SubprocessHook"}
{"timestamp":"2025-10-28T22:43:53.413331","level":"info","event":"","logger":"airflow.task.hooks.airflow.providers.standard.hooks.subprocess.SubprocessHook"}
{"timestamp":"2025-10-28T22:43:53.413469","level":"info","event":"During handling of the above exception, another exception occurred:","logger":"airflow.task.hooks.airflow.providers.standard.hooks.subprocess.SubprocessHook"}
{"timestamp":"2025-10-28T22:43:53.413582","level":"info","event":"","logger":"airflow.task.hooks.airflow.providers.standard.hooks.subprocess.SubprocessHook"}
{"timestamp":"2025-10-28T22:43:53.413690","level":"info","event":"Traceback (most recent call last):","logger":"airflow.task.hooks.airflow.providers.standard.hooks.subprocess.SubprocessHook"}
{"timestamp":"2025-10-28T22:43:53.413806","level":"info","event":"  File \"/home/airflow/.local/lib/python3.12/site-packages/docker/api/client.py\", line 223, in _retrieve_server_version","logger":"airflow.task.hooks.airflow.providers.standard.hooks.subprocess.SubprocessHook"}
{"timestamp":"2025-10-28T22:43:53.413959","level":"info","event":"    return self.version(api_version=False)[\"ApiVersion\"]","logger":"airflow.task.hooks.airflow.providers.standard.hooks.subprocess.SubprocessHook"}
{"timestamp":"2025-10-28T22:43:53.414068","level":"info","event":"           ^^^^^^^^^^^^^^^^^^^^^^^^^^^^^^^","logger":"airflow.task.hooks.airflow.providers.standard.hooks.subprocess.SubprocessHook"}
{"timestamp":"2025-10-28T22:43:53.414180","level":"info","event":"  File \"/home/airflow/.local/lib/python3.12/site-packages/docker/api/daemon.py\", line 181, in version","logger":"airflow.task.hooks.airflow.providers.standard.hooks.subprocess.SubprocessHook"}
{"timestamp":"2025-10-28T22:43:53.414343","level":"info","event":"    return self._result(self._get(url), json=True)","logger":"airflow.task.hooks.airflow.providers.standard.hooks.subprocess.SubprocessHook"}
{"timestamp":"2025-10-28T22:43:53.414468","level":"info","event":"                        ^^^^^^^^^^^^^^","logger":"airflow.task.hooks.airflow.providers.standard.hooks.subprocess.SubprocessHook"}
{"timestamp":"2025-10-28T22:43:53.414575","level":"info","event":"  File \"/home/airflow/.local/lib/python3.12/site-packages/docker/utils/decorators.py\", line 44, in inner","logger":"airflow.task.hooks.airflow.providers.standard.hooks.subprocess.SubprocessHook"}
{"timestamp":"2025-10-28T22:43:53.414682","level":"info","event":"    return f(self, *args, **kwargs)","logger":"airflow.task.hooks.airflow.providers.standard.hooks.subprocess.SubprocessHook"}
{"timestamp":"2025-10-28T22:43:53.414786","level":"info","event":"           ^^^^^^^^^^^^^^^^^^^^^^^^","logger":"airflow.task.hooks.airflow.providers.standard.hooks.subprocess.SubprocessHook"}
{"timestamp":"2025-10-28T22:43:53.414888","level":"info","event":"  File \"/home/airflow/.local/lib/python3.12/site-packages/docker/api/client.py\", line 246, in _get","logger":"airflow.task.hooks.airflow.providers.standard.hooks.subprocess.SubprocessHook"}
{"timestamp":"2025-10-28T22:43:53.414999","level":"info","event":"    return self.get(url, **self._set_request_timeout(kwargs))","logger":"airflow.task.hooks.airflow.providers.standard.hooks.subprocess.SubprocessHook"}
{"timestamp":"2025-10-28T22:43:53.415159","level":"info","event":"           ^^^^^^^^^^^^^^^^^^^^^^^^^^^^^^^^^^^^^^^^^^^^^^^^^^","logger":"airflow.task.hooks.airflow.providers.standard.hooks.subprocess.SubprocessHook"}
{"timestamp":"2025-10-28T22:43:53.415320","level":"info","event":"  File \"/home/airflow/.local/lib/python3.12/site-packages/requests/sessions.py\", line 602, in get","logger":"airflow.task.hooks.airflow.providers.standard.hooks.subprocess.SubprocessHook"}
{"timestamp":"2025-10-28T22:43:53.415450","level":"info","event":"    return self.request(\"GET\", url, **kwargs)","logger":"airflow.task.hooks.airflow.providers.standard.hooks.subprocess.SubprocessHook"}
{"timestamp":"2025-10-28T22:43:53.415557","level":"info","event":"           ^^^^^^^^^^^^^^^^^^^^^^^^^^^^^^^^^^","logger":"airflow.task.hooks.airflow.providers.standard.hooks.subprocess.SubprocessHook"}
{"timestamp":"2025-10-28T22:43:53.415661","level":"info","event":"  File \"/home/airflow/.local/lib/python3.12/site-packages/requests/sessions.py\", line 589, in request","logger":"airflow.task.hooks.airflow.providers.standard.hooks.subprocess.SubprocessHook"}
{"timestamp":"2025-10-28T22:43:53.415772","level":"info","event":"    resp = self.send(prep, **send_kwargs)","logger":"airflow.task.hooks.airflow.providers.standard.hooks.subprocess.SubprocessHook"}
{"timestamp":"2025-10-28T22:43:53.415877","level":"info","event":"           ^^^^^^^^^^^^^^^^^^^^^^^^^^^^^^","logger":"airflow.task.hooks.airflow.providers.standard.hooks.subprocess.SubprocessHook"}
{"timestamp":"2025-10-28T22:43:53.415989","level":"info","event":"  File \"/home/airflow/.local/lib/python3.12/site-packages/requests/sessions.py\", line 703, in send","logger":"airflow.task.hooks.airflow.providers.standard.hooks.subprocess.SubprocessHook"}
{"timestamp":"2025-10-28T22:43:53.416093","level":"info","event":"    r = adapter.send(request, **kwargs)","logger":"airflow.task.hooks.airflow.providers.standard.hooks.subprocess.SubprocessHook"}
{"timestamp":"2025-10-28T22:43:53.416196","level":"info","event":"        ^^^^^^^^^^^^^^^^^^^^^^^^^^^^^^^","logger":"airflow.task.hooks.airflow.providers.standard.hooks.subprocess.SubprocessHook"}
{"timestamp":"2025-10-28T22:43:53.416352","level":"info","event":"  File \"/home/airflow/.local/lib/python3.12/site-packages/requests/adapters.py\", line 659, in send","logger":"airflow.task.hooks.airflow.providers.standard.hooks.subprocess.SubprocessHook"}
{"timestamp":"2025-10-28T22:43:53.416477","level":"info","event":"    raise ConnectionError(err, request=request)","logger":"airflow.task.hooks.airflow.providers.standard.hooks.subprocess.SubprocessHook"}
{"timestamp":"2025-10-28T22:43:53.416591","level":"info","event":"requests.exceptions.ConnectionError: ('Connection aborted.', PermissionError(13, 'Permission denied'))","logger":"airflow.task.hooks.airflow.providers.standard.hooks.subprocess.SubprocessHook"}
{"timestamp":"2025-10-28T22:43:53.416697","level":"info","event":"","logger":"airflow.task.hooks.airflow.providers.standard.hooks.subprocess.SubprocessHook"}
{"timestamp":"2025-10-28T22:43:53.416891","level":"info","event":"The above exception was the direct cause of the following exception:","logger":"airflow.task.hooks.airflow.providers.standard.hooks.subprocess.SubprocessHook"}
{"timestamp":"2025-10-28T22:43:53.417163","level":"info","event":"","logger":"airflow.task.hooks.airflow.providers.standard.hooks.subprocess.SubprocessHook"}
{"timestamp":"2025-10-28T22:43:53.417452","level":"info","event":"Traceback (most recent call last):","logger":"airflow.task.hooks.airflow.providers.standard.hooks.subprocess.SubprocessHook"}
{"timestamp":"2025-10-28T22:43:53.417747","level":"info","event":"  File \"/opt/airflow/scripts/ARPEGE2.py\", line 219, in <module>","logger":"airflow.task.hooks.airflow.providers.standard.hooks.subprocess.SubprocessHook"}
{"timestamp":"2025-10-28T22:43:53.418065","level":"info","event":"    main()","logger":"airflow.task.hooks.airflow.providers.standard.hooks.subprocess.SubprocessHook"}
{"timestamp":"2025-10-28T22:43:53.418298","level":"info","event":"  File \"/opt/airflow/scripts/ARPEGE2.py\", line 195, in main","logger":"airflow.task.hooks.airflow.providers.standard.hooks.subprocess.SubprocessHook"}
{"timestamp":"2025-10-28T22:43:53.418582","level":"info","event":"    df, download_time = fetch_forecast(lats, lons)","logger":"airflow.task.hooks.airflow.providers.standard.hooks.subprocess.SubprocessHook"}
{"timestamp":"2025-10-28T22:43:53.418817","level":"info","event":"                        ^^^^^^^^^^^^^^^^^^^^^^^^^^","logger":"airflow.task.hooks.airflow.providers.standard.hooks.subprocess.SubprocessHook"}
{"timestamp":"2025-10-28T22:43:53.419082","level":"info","event":"  File \"/opt/airflow/scripts/ARPEGE2.py\", line 63, in fetch_forecast","logger":"airflow.task.hooks.airflow.providers.standard.hooks.subprocess.SubprocessHook"}
{"timestamp":"2025-10-28T22:43:53.419356","level":"info","event":"    client = docker.from_env()","logger":"airflow.task.hooks.airflow.providers.standard.hooks.subprocess.SubprocessHook"}
{"timestamp":"2025-10-28T22:43:53.419581","level":"info","event":"             ^^^^^^^^^^^^^^^^^","logger":"airflow.task.hooks.airflow.providers.standard.hooks.subprocess.SubprocessHook"}
{"timestamp":"2025-10-28T22:43:53.419801","level":"info","event":"  File \"/home/airflow/.local/lib/python3.12/site-packages/docker/client.py\", line 94, in from_env","logger":"airflow.task.hooks.airflow.providers.standard.hooks.subprocess.SubprocessHook"}
{"timestamp":"2025-10-28T22:43:53.420153","level":"info","event":"    return cls(","logger":"airflow.task.hooks.airflow.providers.standard.hooks.subprocess.SubprocessHook"}
{"timestamp":"2025-10-28T22:43:53.420390","level":"info","event":"           ^^^^","logger":"airflow.task.hooks.airflow.providers.standard.hooks.subprocess.SubprocessHook"}
{"timestamp":"2025-10-28T22:43:53.420617","level":"info","event":"  File \"/home/airflow/.local/lib/python3.12/site-packages/docker/client.py\", line 45, in __init__","logger":"airflow.task.hooks.airflow.providers.standard.hooks.subprocess.SubprocessHook"}
{"timestamp":"2025-10-28T22:43:53.420951","level":"info","event":"    self.api = APIClient(*args, **kwargs)","logger":"airflow.task.hooks.airflow.providers.standard.hooks.subprocess.SubprocessHook"}
{"timestamp":"2025-10-28T22:43:53.421195","level":"info","event":"               ^^^^^^^^^^^^^^^^^^^^^^^^^^","logger":"airflow.task.hooks.airflow.providers.standard.hooks.subprocess.SubprocessHook"}
{"timestamp":"2025-10-28T22:43:53.421442","level":"info","event":"  File \"/home/airflow/.local/lib/python3.12/site-packages/docker/api/client.py\", line 207, in __init__","logger":"airflow.task.hooks.airflow.providers.standard.hooks.subprocess.SubprocessHook"}
{"timestamp":"2025-10-28T22:43:53.421732","level":"info","event":"    self._version = self._retrieve_server_version()","logger":"airflow.task.hooks.airflow.providers.standard.hooks.subprocess.SubprocessHook"}
{"timestamp":"2025-10-28T22:43:53.422145","level":"info","event":"                    ^^^^^^^^^^^^^^^^^^^^^^^^^^^^^^^","logger":"airflow.task.hooks.airflow.providers.standard.hooks.subprocess.SubprocessHook"}
{"timestamp":"2025-10-28T22:43:53.422427","level":"info","event":"  File \"/home/airflow/.local/lib/python3.12/site-packages/docker/api/client.py\", line 230, in _retrieve_server_version","logger":"airflow.task.hooks.airflow.providers.standard.hooks.subprocess.SubprocessHook"}
{"timestamp":"2025-10-28T22:43:53.422681","level":"info","event":"    raise DockerException(","logger":"airflow.task.hooks.airflow.providers.standard.hooks.subprocess.SubprocessHook"}
{"timestamp":"2025-10-28T22:43:53.422948","level":"info","event":"docker.errors.DockerException: Error while fetching server API version: ('Connection aborted.', PermissionError(13, 'Permission denied'))","logger":"airflow.task.hooks.airflow.providers.standard.hooks.subprocess.SubprocessHook"}
{"timestamp":"2025-10-28T22:43:53.789939","level":"info","event":"Command exited with return code 1","logger":"airflow.task.hooks.airflow.providers.standard.hooks.subprocess.SubprocessHook"}
{"timestamp":"2025-10-28T22:43:53.791728","level":"error","event":"Task failed with exception","logger":"task","error_detail":[{"exc_type":"AirflowException","exc_value":"Bash command failed. The command returned a non-zero exit code 1.","exc_notes":[],"syntax_error":null,"is_cause":false,"frames":[{"filename":"/home/airflow/.local/lib/python3.12/site-packages/airflow/sdk/execution_time/task_runner.py","lineno":920,"name":"run"},{"filename":"/home/airflow/.local/lib/python3.12/site-packages/airflow/sdk/execution_time/task_runner.py","lineno":1215,"name":"_execute_task"},{"filename":"/home/airflow/.local/lib/python3.12/site-packages/airflow/sdk/bases/operator.py","lineno":397,"name":"wrapper"},{"filename":"/home/airflow/.local/lib/python3.12/site-packages/airflow/providers/standard/operators/bash.py","lineno":232,"name":"execute"}],"is_group":false,"exceptions":[]}]}
