{"timestamp":"2025-10-29T12:00:04.303348","level":"info","event":"DAG bundles loaded: dags-folder","logger":"airflow.dag_processing.bundles.manager.DagBundlesManager"}
{"timestamp":"2025-10-29T12:00:04.304687","level":"info","event":"Filling up the DagBag from /opt/airflow/dags/Airflow.py","logger":"airflow.models.dagbag.DagBag"}
{"timestamp":"2025-10-29T12:00:04.372907","level":"info","event":"Tmp dir root location: /tmp","logger":"airflow.task.hooks.airflow.providers.standard.hooks.subprocess.SubprocessHook"}
{"timestamp":"2025-10-29T12:00:04.374514","level":"info","event":"Running command: ['/usr/bin/bash', '-c', 'python3 /opt/airflow/scripts/DWD_ICON_EU.py']","logger":"airflow.task.hooks.airflow.providers.standard.hooks.subprocess.SubprocessHook"}
{"timestamp":"2025-10-29T12:00:04.399669","level":"info","event":"Output:","logger":"airflow.task.hooks.airflow.providers.standard.hooks.subprocess.SubprocessHook"}
{"timestamp":"2025-10-29T12:00:09.586766","level":"info","event":"[ INFO ] Checking for files to with more than 7 past days data","logger":"airflow.task.hooks.airflow.providers.standard.hooks.subprocess.SubprocessHook"}
{"timestamp":"2025-10-29T12:00:11.043253","level":"info","event":"[ INFO ] Downloading 2 files (75.6 MB)","logger":"airflow.task.hooks.airflow.providers.standard.hooks.subprocess.SubprocessHook"}
{"timestamp":"2025-10-29T12:00:11.043964","level":"info","event":"[ INFO ] Downloading file https://openmeteo.s3.amazonaws.com/data/dwd_icon_eu/static/meta.json","logger":"airflow.task.hooks.airflow.providers.standard.hooks.subprocess.SubprocessHook"}
{"timestamp":"2025-10-29T12:00:11.044494","level":"info","event":"[ INFO ] Downloading file https://openmeteo.s3.amazonaws.com/data/dwd_icon_eu/temperature_2m/chunk_2535.om","logger":"airflow.task.hooks.airflow.providers.standard.hooks.subprocess.SubprocessHook"}
{"timestamp":"2025-10-29T12:00:31.305784","level":"info","event":"[ INFO ] Transfer 8% 6.0 MB / 75.6 MB in 20s, 308.6 KB/s remaining 4m","logger":"airflow.task.hooks.airflow.providers.standard.hooks.subprocess.SubprocessHook"}
{"timestamp":"2025-10-29T12:00:51.317409","level":"info","event":"[ INFO ] Transfer 16% 12.1 MB / 75.6 MB in 40s, 308.5 KB/s remaining 4m","logger":"airflow.task.hooks.airflow.providers.standard.hooks.subprocess.SubprocessHook"}
{"timestamp":"2025-10-29T12:01:11.319125","level":"info","event":"[ INFO ] Transfer 24% 18.2 MB / 75.6 MB in 60s, 312.8 KB/s remaining 3m","logger":"airflow.task.hooks.airflow.providers.standard.hooks.subprocess.SubprocessHook"}
{"timestamp":"2025-10-29T12:01:31.335133","level":"info","event":"[ INFO ] Transfer 32% 24.2 MB / 75.6 MB in 80s, 308.5 KB/s remaining 171s","logger":"airflow.task.hooks.airflow.providers.standard.hooks.subprocess.SubprocessHook"}
{"timestamp":"2025-10-29T12:01:51.438433","level":"info","event":"[ INFO ] Transfer 40% 30.3 MB / 75.6 MB in 100s, 313.7 KB/s remaining 149s","logger":"airflow.task.hooks.airflow.providers.standard.hooks.subprocess.SubprocessHook"}
{"timestamp":"2025-10-29T12:02:11.520511","level":"info","event":"[ INFO ] Transfer 48% 36.5 MB / 75.6 MB in 120s, 317.9 KB/s remaining 126s","logger":"airflow.task.hooks.airflow.providers.standard.hooks.subprocess.SubprocessHook"}
{"timestamp":"2025-10-29T12:02:31.537011","level":"info","event":"[ INFO ] Transfer 56% 42.4 MB / 75.6 MB in 140s, 301.8 KB/s remaining 113s","logger":"airflow.task.hooks.airflow.providers.standard.hooks.subprocess.SubprocessHook"}
{"timestamp":"2025-10-29T12:02:51.570624","level":"info","event":"[ INFO ] Transfer 64% 48.7 MB / 75.6 MB in 160s, 319.5 KB/s remaining 87s","logger":"airflow.task.hooks.airflow.providers.standard.hooks.subprocess.SubprocessHook"}
{"timestamp":"2025-10-29T12:03:11.596430","level":"info","event":"[ INFO ] Transfer 72% 54.8 MB / 75.6 MB in 3m, 312.8 KB/s remaining 68s","logger":"airflow.task.hooks.airflow.providers.standard.hooks.subprocess.SubprocessHook"}
{"timestamp":"2025-10-29T12:03:31.611614","level":"info","event":"[ INFO ] Transfer 81% 60.9 MB / 75.6 MB in 3m, 316.2 KB/s remaining 48s","logger":"airflow.task.hooks.airflow.providers.standard.hooks.subprocess.SubprocessHook"}
{"timestamp":"2025-10-29T12:03:51.642354","level":"info","event":"[ INFO ] Transfer 89% 67.1 MB / 75.6 MB in 4m, 314.5 KB/s remaining 28s","logger":"airflow.task.hooks.airflow.providers.standard.hooks.subprocess.SubprocessHook"}
{"timestamp":"2025-10-29T12:04:11.671748","level":"info","event":"[ INFO ] Transfer 97% 73.3 MB / 75.6 MB in 4m, 318.8 KB/s remaining 7.5s","logger":"airflow.task.hooks.airflow.providers.standard.hooks.subprocess.SubprocessHook"}
{"timestamp":"2025-10-29T12:04:19.165029","level":"info","event":"[ INFO ] dwd_icon_eu 2 files 100% 75.6 MB / 75.6 MB in 4m, 312.3 KB/s remaining 0.0ms","logger":"airflow.task.hooks.airflow.providers.standard.hooks.subprocess.SubprocessHook"}
{"timestamp":"2025-10-29T12:04:19.165491","level":"info","event":"[ INFO ] dwd_icon_eu 2 files completed 75.6 MB in 4m. Average speed 312.1 KB/s","logger":"airflow.task.hooks.airflow.providers.standard.hooks.subprocess.SubprocessHook"}
{"timestamp":"2025-10-29T12:04:19.165750","level":"info","event":"[ INFO ] Finished downloading 75.7 MB in 4m","logger":"airflow.task.hooks.airflow.providers.standard.hooks.subprocess.SubprocessHook"}
{"timestamp":"2025-10-29T12:04:20.285333","level":"info","event":"[ INFO ] Checking for files to with more than 7 past days data","logger":"airflow.task.hooks.airflow.providers.standard.hooks.subprocess.SubprocessHook"}
{"timestamp":"2025-10-29T12:04:21.584270","level":"info","event":"[ INFO ] Downloading 1 files (31.1 MB)","logger":"airflow.task.hooks.airflow.providers.standard.hooks.subprocess.SubprocessHook"}
{"timestamp":"2025-10-29T12:04:21.584624","level":"info","event":"[ INFO ] Downloading file https://openmeteo.s3.amazonaws.com/data/dwd_icon_eu/precipitation/chunk_2535.om","logger":"airflow.task.hooks.airflow.providers.standard.hooks.subprocess.SubprocessHook"}
{"timestamp":"2025-10-29T12:04:41.868680","level":"info","event":"[ INFO ] Transfer 20% 6.1 MB / 31.1 MB in 20s, 311.9 KB/s remaining 82s","logger":"airflow.task.hooks.airflow.providers.standard.hooks.subprocess.SubprocessHook"}
{"timestamp":"2025-10-29T12:05:01.884098","level":"info","event":"[ INFO ] Transfer 39% 12.2 MB / 31.1 MB in 40s, 310.3 KB/s remaining 63s","logger":"airflow.task.hooks.airflow.providers.standard.hooks.subprocess.SubprocessHook"}
{"timestamp":"2025-10-29T12:05:21.961274","level":"info","event":"[ INFO ] Transfer 59% 18.2 MB / 31.1 MB in 60s, 311.9 KB/s remaining 42s","logger":"airflow.task.hooks.airflow.providers.standard.hooks.subprocess.SubprocessHook"}
{"timestamp":"2025-10-29T12:05:41.966568","level":"info","event":"[ INFO ] Transfer 78% 24.3 MB / 31.1 MB in 80s, 311.9 KB/s remaining 22s","logger":"airflow.task.hooks.airflow.providers.standard.hooks.subprocess.SubprocessHook"}
{"timestamp":"2025-10-29T12:06:02.066402","level":"info","event":"[ INFO ] Transfer 98% 30.4 MB / 31.1 MB in 100s, 311.1 KB/s remaining 2.24s","logger":"airflow.task.hooks.airflow.providers.standard.hooks.subprocess.SubprocessHook"}
{"timestamp":"2025-10-29T12:06:04.247792","level":"info","event":"[ INFO ] dwd_icon_eu 1 files 100% 31.1 MB / 31.1 MB in 103s, 312.1 KB/s remaining 0.0ms","logger":"airflow.task.hooks.airflow.providers.standard.hooks.subprocess.SubprocessHook"}
{"timestamp":"2025-10-29T12:06:04.248111","level":"info","event":"[ INFO ] dwd_icon_eu 1 files completed 31.1 MB in 103s. Average speed 310.1 KB/s","logger":"airflow.task.hooks.airflow.providers.standard.hooks.subprocess.SubprocessHook"}
{"timestamp":"2025-10-29T12:06:04.248309","level":"info","event":"[ INFO ] Finished downloading 31.1 MB in 104s","logger":"airflow.task.hooks.airflow.providers.standard.hooks.subprocess.SubprocessHook"}
{"timestamp":"2025-10-29T12:06:05.573629","level":"info","event":"🔄 Descargando datos de http://host.docker.internal:8080/v1/forecast ...","logger":"airflow.task.hooks.airflow.providers.standard.hooks.subprocess.SubprocessHook"}
{"timestamp":"2025-10-29T12:06:05.574081","level":"info","event":"⬇️ Descargando temperature_2m del Bucket S3 de AWS...","logger":"airflow.task.hooks.airflow.providers.standard.hooks.subprocess.SubprocessHook"}
{"timestamp":"2025-10-29T12:06:05.574422","level":"info","event":"⬇️ Descargando precipitation del Bucket S3 de AWS...","logger":"airflow.task.hooks.airflow.providers.standard.hooks.subprocess.SubprocessHook"}
{"timestamp":"2025-10-29T12:06:05.574698","level":"info","event":"Expecting value: line 1 column 1 (char 0)","logger":"airflow.task.hooks.airflow.providers.standard.hooks.subprocess.SubprocessHook"}
{"timestamp":"2025-10-29T12:06:05.575010","level":"info","event":"Expecting value: line 1 column 1 (char 0)","logger":"airflow.task.hooks.airflow.providers.standard.hooks.subprocess.SubprocessHook"}
{"timestamp":"2025-10-29T12:06:05.575393","level":"info","event":"Expecting value: line 1 column 1 (char 0)","logger":"airflow.task.hooks.airflow.providers.standard.hooks.subprocess.SubprocessHook"}
{"timestamp":"2025-10-29T12:06:05.575651","level":"info","event":"Expecting value: line 1 column 1 (char 0)","logger":"airflow.task.hooks.airflow.providers.standard.hooks.subprocess.SubprocessHook"}
{"timestamp":"2025-10-29T12:06:05.575943","level":"info","event":"Expecting value: line 1 column 1 (char 0)","logger":"airflow.task.hooks.airflow.providers.standard.hooks.subprocess.SubprocessHook"}
{"timestamp":"2025-10-29T12:06:05.576179","level":"info","event":"Expecting value: line 1 column 1 (char 0)","logger":"airflow.task.hooks.airflow.providers.standard.hooks.subprocess.SubprocessHook"}
{"timestamp":"2025-10-29T12:06:05.576451","level":"info","event":"Expecting value: line 1 column 1 (char 0)","logger":"airflow.task.hooks.airflow.providers.standard.hooks.subprocess.SubprocessHook"}
{"timestamp":"2025-10-29T12:06:05.576634","level":"info","event":"Expecting value: line 1 column 1 (char 0)","logger":"airflow.task.hooks.airflow.providers.standard.hooks.subprocess.SubprocessHook"}
{"timestamp":"2025-10-29T12:06:05.576796","level":"info","event":"Expecting value: line 1 column 1 (char 0)","logger":"airflow.task.hooks.airflow.providers.standard.hooks.subprocess.SubprocessHook"}
{"timestamp":"2025-10-29T12:06:05.577031","level":"info","event":"Expecting value: line 1 column 1 (char 0)","logger":"airflow.task.hooks.airflow.providers.standard.hooks.subprocess.SubprocessHook"}
{"timestamp":"2025-10-29T12:06:05.577196","level":"info","event":"Expecting value: line 1 column 1 (char 0)","logger":"airflow.task.hooks.airflow.providers.standard.hooks.subprocess.SubprocessHook"}
{"timestamp":"2025-10-29T12:06:05.581532","level":"info","event":"Expecting value: line 1 column 1 (char 0)","logger":"airflow.task.hooks.airflow.providers.standard.hooks.subprocess.SubprocessHook"}
{"timestamp":"2025-10-29T12:06:05.581760","level":"info","event":"Expecting value: line 1 column 1 (char 0)","logger":"airflow.task.hooks.airflow.providers.standard.hooks.subprocess.SubprocessHook"}
{"timestamp":"2025-10-29T12:06:05.582026","level":"info","event":"Expecting value: line 1 column 1 (char 0)","logger":"airflow.task.hooks.airflow.providers.standard.hooks.subprocess.SubprocessHook"}
{"timestamp":"2025-10-29T12:06:05.582219","level":"info","event":"Expecting value: line 1 column 1 (char 0)","logger":"airflow.task.hooks.airflow.providers.standard.hooks.subprocess.SubprocessHook"}
{"timestamp":"2025-10-29T12:06:05.582386","level":"info","event":"Expecting value: line 1 column 1 (char 0)","logger":"airflow.task.hooks.airflow.providers.standard.hooks.subprocess.SubprocessHook"}
{"timestamp":"2025-10-29T12:06:05.582740","level":"info","event":"Expecting value: line 1 column 1 (char 0)","logger":"airflow.task.hooks.airflow.providers.standard.hooks.subprocess.SubprocessHook"}
{"timestamp":"2025-10-29T12:06:05.582926","level":"info","event":"Expecting value: line 1 column 1 (char 0)","logger":"airflow.task.hooks.airflow.providers.standard.hooks.subprocess.SubprocessHook"}
{"timestamp":"2025-10-29T12:06:05.584788","level":"info","event":"Expecting value: line 1 column 1 (char 0)","logger":"airflow.task.hooks.airflow.providers.standard.hooks.subprocess.SubprocessHook"}
{"timestamp":"2025-10-29T12:06:05.585109","level":"info","event":"Expecting value: line 1 column 1 (char 0)","logger":"airflow.task.hooks.airflow.providers.standard.hooks.subprocess.SubprocessHook"}
{"timestamp":"2025-10-29T12:06:05.585418","level":"info","event":"Expecting value: line 1 column 1 (char 0)","logger":"airflow.task.hooks.airflow.providers.standard.hooks.subprocess.SubprocessHook"}
{"timestamp":"2025-10-29T12:06:05.585626","level":"info","event":"Expecting value: line 1 column 1 (char 0)","logger":"airflow.task.hooks.airflow.providers.standard.hooks.subprocess.SubprocessHook"}
{"timestamp":"2025-10-29T12:06:05.585800","level":"info","event":"Expecting value: line 1 column 1 (char 0)","logger":"airflow.task.hooks.airflow.providers.standard.hooks.subprocess.SubprocessHook"}
{"timestamp":"2025-10-29T12:06:05.585963","level":"info","event":"Expecting value: line 1 column 1 (char 0)","logger":"airflow.task.hooks.airflow.providers.standard.hooks.subprocess.SubprocessHook"}
{"timestamp":"2025-10-29T12:06:05.586144","level":"info","event":"Expecting value: line 1 column 1 (char 0)","logger":"airflow.task.hooks.airflow.providers.standard.hooks.subprocess.SubprocessHook"}
{"timestamp":"2025-10-29T12:06:05.586362","level":"info","event":"Expecting value: line 1 column 1 (char 0)","logger":"airflow.task.hooks.airflow.providers.standard.hooks.subprocess.SubprocessHook"}
{"timestamp":"2025-10-29T12:06:05.586544","level":"info","event":"Expecting value: line 1 column 1 (char 0)","logger":"airflow.task.hooks.airflow.providers.standard.hooks.subprocess.SubprocessHook"}
{"timestamp":"2025-10-29T12:06:05.586703","level":"info","event":"Expecting value: line 1 column 1 (char 0)","logger":"airflow.task.hooks.airflow.providers.standard.hooks.subprocess.SubprocessHook"}
{"timestamp":"2025-10-29T12:06:05.586861","level":"info","event":"Expecting value: line 1 column 1 (char 0)","logger":"airflow.task.hooks.airflow.providers.standard.hooks.subprocess.SubprocessHook"}
{"timestamp":"2025-10-29T12:06:05.587014","level":"info","event":"Expecting value: line 1 column 1 (char 0)","logger":"airflow.task.hooks.airflow.providers.standard.hooks.subprocess.SubprocessHook"}
{"timestamp":"2025-10-29T12:06:05.587176","level":"info","event":"Expecting value: line 1 column 1 (char 0)","logger":"airflow.task.hooks.airflow.providers.standard.hooks.subprocess.SubprocessHook"}
{"timestamp":"2025-10-29T12:06:05.587406","level":"info","event":"Expecting value: line 1 column 1 (char 0)","logger":"airflow.task.hooks.airflow.providers.standard.hooks.subprocess.SubprocessHook"}
{"timestamp":"2025-10-29T12:06:05.587583","level":"info","event":"","logger":"airflow.task.hooks.airflow.providers.standard.hooks.subprocess.SubprocessHook"}
{"timestamp":"2025-10-29T12:06:05.587750","level":"info","event":"🏁 Descarga completada en 357.11 s (5.95 min)","logger":"airflow.task.hooks.airflow.providers.standard.hooks.subprocess.SubprocessHook"}
{"timestamp":"2025-10-29T12:06:05.587939","level":"info","event":"❌ No se obtuvieron datos.","logger":"airflow.task.hooks.airflow.providers.standard.hooks.subprocess.SubprocessHook"}
{"timestamp":"2025-10-29T12:06:05.589145","level":"info","event":"Traceback (most recent call last):","logger":"airflow.task.hooks.airflow.providers.standard.hooks.subprocess.SubprocessHook"}
{"timestamp":"2025-10-29T12:06:05.589439","level":"info","event":"  File \"/opt/airflow/scripts/DWD_ICON_EU.py\", line 182, in <module>","logger":"airflow.task.hooks.airflow.providers.standard.hooks.subprocess.SubprocessHook"}
{"timestamp":"2025-10-29T12:06:05.589747","level":"info","event":"    main()","logger":"airflow.task.hooks.airflow.providers.standard.hooks.subprocess.SubprocessHook"}
{"timestamp":"2025-10-29T12:06:05.589971","level":"info","event":"  File \"/opt/airflow/scripts/DWD_ICON_EU.py\", line 169, in main","logger":"airflow.task.hooks.airflow.providers.standard.hooks.subprocess.SubprocessHook"}
{"timestamp":"2025-10-29T12:06:05.590249","level":"info","event":"    timestamp = df[\"time\"].tolist(),","logger":"airflow.task.hooks.airflow.providers.standard.hooks.subprocess.SubprocessHook"}
{"timestamp":"2025-10-29T12:06:05.590464","level":"info","event":"                ~~^^^^^^^^","logger":"airflow.task.hooks.airflow.providers.standard.hooks.subprocess.SubprocessHook"}
{"timestamp":"2025-10-29T12:06:05.590674","level":"info","event":"  File \"/home/airflow/.local/lib/python3.12/site-packages/pandas/core/frame.py\", line 3893, in __getitem__","logger":"airflow.task.hooks.airflow.providers.standard.hooks.subprocess.SubprocessHook"}
{"timestamp":"2025-10-29T12:06:05.590887","level":"info","event":"    indexer = self.columns.get_loc(key)","logger":"airflow.task.hooks.airflow.providers.standard.hooks.subprocess.SubprocessHook"}
{"timestamp":"2025-10-29T12:06:05.591134","level":"info","event":"              ^^^^^^^^^^^^^^^^^^^^^^^^^","logger":"airflow.task.hooks.airflow.providers.standard.hooks.subprocess.SubprocessHook"}
{"timestamp":"2025-10-29T12:06:05.591357","level":"info","event":"  File \"/home/airflow/.local/lib/python3.12/site-packages/pandas/core/indexes/range.py\", line 418, in get_loc","logger":"airflow.task.hooks.airflow.providers.standard.hooks.subprocess.SubprocessHook"}
{"timestamp":"2025-10-29T12:06:05.591572","level":"info","event":"    raise KeyError(key)","logger":"airflow.task.hooks.airflow.providers.standard.hooks.subprocess.SubprocessHook"}
{"timestamp":"2025-10-29T12:06:05.591773","level":"info","event":"KeyError: 'time'","logger":"airflow.task.hooks.airflow.providers.standard.hooks.subprocess.SubprocessHook"}
{"timestamp":"2025-10-29T12:06:05.899713","level":"info","event":"Command exited with return code 1","logger":"airflow.task.hooks.airflow.providers.standard.hooks.subprocess.SubprocessHook"}
{"timestamp":"2025-10-29T12:06:05.904372","level":"error","event":"Task failed with exception","logger":"task","error_detail":[{"exc_type":"AirflowException","exc_value":"Bash command failed. The command returned a non-zero exit code 1.","exc_notes":[],"syntax_error":null,"is_cause":false,"frames":[{"filename":"/home/airflow/.local/lib/python3.12/site-packages/airflow/sdk/execution_time/task_runner.py","lineno":920,"name":"run"},{"filename":"/home/airflow/.local/lib/python3.12/site-packages/airflow/sdk/execution_time/task_runner.py","lineno":1215,"name":"_execute_task"},{"filename":"/home/airflow/.local/lib/python3.12/site-packages/airflow/sdk/bases/operator.py","lineno":397,"name":"wrapper"},{"filename":"/home/airflow/.local/lib/python3.12/site-packages/airflow/providers/standard/operators/bash.py","lineno":232,"name":"execute"}],"is_group":false,"exceptions":[]}]}
