{"timestamp":"2025-10-30T10:37:39.567354","level":"info","event":"DAG bundles loaded: dags-folder","logger":"airflow.dag_processing.bundles.manager.DagBundlesManager"}
{"timestamp":"2025-10-30T10:37:39.569096","level":"info","event":"Filling up the DagBag from /opt/airflow/dags/GEPS_ENS_CNC.py","logger":"airflow.models.dagbag.DagBag"}
{"timestamp":"2025-10-30T10:37:45.933998Z","level":"info","event":"🔄 Llamando al servicio API en la red interna de Docker: http://openmeteo-api:8080/v1/forecast ...","chan":"stdout","logger":"task"}
{"timestamp":"2025-10-30T10:37:45.934473Z","level":"info","event":"  ➡️ Solicitando datos para lat=39.13, lon=-1.52","chan":"stdout","logger":"task"}
{"timestamp":"2025-10-30T10:37:46.169236Z","level":"info","event":"  ➡️ Solicitando datos para lat=39.13, lon=-0.52","chan":"stdout","logger":"task"}
{"timestamp":"2025-10-30T10:37:46.388007Z","level":"info","event":"  ➡️ Solicitando datos para lat=39.13, lon=-1.52","chan":"stdout","logger":"task"}
{"timestamp":"2025-10-30T10:37:46.604437Z","level":"info","event":"  ➡️ Solicitando datos para lat=39.13, lon=-0.52","chan":"stdout","logger":"task"}
{"timestamp":"2025-10-30T10:37:46.824649Z","level":"info","event":"  ➡️ Solicitando datos para lat=39.13, lon=-1.52","chan":"stdout","logger":"task"}
{"timestamp":"2025-10-30T10:37:47.041708Z","level":"info","event":"  ➡️ Solicitando datos para lat=39.13, lon=-0.52","chan":"stdout","logger":"task"}
{"timestamp":"2025-10-30T10:37:47.262875Z","level":"info","event":"  ➡️ Solicitando datos para lat=39.13, lon=-1.52","chan":"stdout","logger":"task"}
{"timestamp":"2025-10-30T10:37:47.484708Z","level":"info","event":"  ➡️ Solicitando datos para lat=39.13, lon=-0.52","chan":"stdout","logger":"task"}
{"timestamp":"2025-10-30T10:37:47.700025Z","level":"info","event":"  ➡️ Solicitando datos para lat=40.13, lon=-1.52","chan":"stdout","logger":"task"}
{"timestamp":"2025-10-30T10:37:47.914264Z","level":"info","event":"  ➡️ Solicitando datos para lat=40.13, lon=-0.52","chan":"stdout","logger":"task"}
{"timestamp":"2025-10-30T10:37:48.128985Z","level":"info","event":"  ➡️ Solicitando datos para lat=40.13, lon=-1.52","chan":"stdout","logger":"task"}
{"timestamp":"2025-10-30T10:37:48.345975Z","level":"info","event":"  ➡️ Solicitando datos para lat=40.13, lon=-0.52","chan":"stdout","logger":"task"}
{"timestamp":"2025-10-30T10:37:48.562465Z","level":"info","event":"  ➡️ Solicitando datos para lat=40.13, lon=-1.52","chan":"stdout","logger":"task"}
{"timestamp":"2025-10-30T10:37:48.779672Z","level":"info","event":"  ➡️ Solicitando datos para lat=40.13, lon=-0.52","chan":"stdout","logger":"task"}
{"timestamp":"2025-10-30T10:37:48.997530Z","level":"info","event":"  ➡️ Solicitando datos para lat=40.13, lon=-1.52","chan":"stdout","logger":"task"}
{"timestamp":"2025-10-30T10:37:49.215359Z","level":"info","event":"  ➡️ Solicitando datos para lat=40.13, lon=-0.52","chan":"stdout","logger":"task"}
{"timestamp":"2025-10-30T10:37:49.434325Z","level":"info","event":"","chan":"stdout","logger":"task"}
{"timestamp":"2025-10-30T10:37:49.434644Z","level":"info","event":"🏁 Descarga completada en 3.50 s (0.06 min)","chan":"stdout","logger":"task"}
{"timestamp":"2025-10-30T10:37:49.458590Z","level":"info","event":"📦 Total registros: 2688","chan":"stdout","logger":"task"}
{"timestamp":"2025-10-30T10:37:49.466042Z","level":"info","event":"Variables del JSON:  dict_keys(['id', 'dateIssued', 'type', 'windSpeed', 'temperature', 'timestamp', 'precipitation', 'precipitationProbability', 'solarRadiation', 'riverDischarge', 'lat', 'lon'])","chan":"stdout","logger":"task"}
{"timestamp":"2025-10-30T10:37:49.466322Z","level":"info","event":"Cantidad de datos de precipitación descargados:  2688","chan":"stdout","logger":"task"}
{"timestamp":"2025-10-30T10:37:49.466467Z","level":"info","event":"FIN DEL PROCESO DE DESCARGA DE PREDICCIONES GEPS de CNC.","chan":"stdout","logger":"task"}
{"timestamp":"2025-10-30T10:37:49.466627Z","level":"info","event":"","chan":"stdout","logger":"task"}
{"timestamp":"2025-10-30T10:37:49.466819Z","level":"info","event":" FIN","chan":"stdout","logger":"task"}
{"timestamp":"2025-10-30T10:37:49.467931","level":"info","event":"Done. Returned value was: None","logger":"airflow.task.operators.airflow.providers.standard.operators.python.PythonOperator"}
