{"timestamp":"2025-10-29T14:07:33.487660","level":"info","event":"DAG bundles loaded: dags-folder","logger":"airflow.dag_processing.bundles.manager.DagBundlesManager"}
{"timestamp":"2025-10-29T14:07:33.489601","level":"info","event":"Filling up the DagBag from /opt/airflow/dags/GEPS_ENS_CNC.py","logger":"airflow.models.dagbag.DagBag"}
{"timestamp":"2025-10-29T14:07:35.939382Z","level":"info","event":"🔄 Llamando al servicio API en la red interna de Docker: http://openmeteo-api:8080/v1/forecast ...","chan":"stdout","logger":"task"}
{"timestamp":"2025-10-29T14:07:35.951944Z","level":"info","event":"  ➡️ Solicitando datos para lat=39.13, lon=-1.52","chan":"stdout","logger":"task"}
{"timestamp":"2025-10-29T14:07:35.971349Z","level":"info","event":"❌ Error al consultar API para lat=39.13, lon=-1.52: 400 Client Error: Bad Request for url: http://openmeteo-api:8080/v1/forecast?latitude=39.1281556&longitude=-1.5212770999999998&models=cmc_gem_geps&hourly=temperature_2m%2Cprecipitation%2Cwind_speed_10m&start_date=2025-10-28&end_date=2025-11-03","chan":"stdout","logger":"task"}
{"timestamp":"2025-10-29T14:07:35.972526Z","level":"info","event":"  ➡️ Solicitando datos para lat=39.13, lon=-0.52","chan":"stdout","logger":"task"}
{"timestamp":"2025-10-29T14:07:35.989560Z","level":"info","event":"❌ Error al consultar API para lat=39.13, lon=-0.52: 400 Client Error: Bad Request for url: http://openmeteo-api:8080/v1/forecast?latitude=39.1281556&longitude=-0.5212770999999998&models=cmc_gem_geps&hourly=temperature_2m%2Cprecipitation%2Cwind_speed_10m&start_date=2025-10-28&end_date=2025-11-03","chan":"stdout","logger":"task"}
{"timestamp":"2025-10-29T14:07:35.990630Z","level":"info","event":"  ➡️ Solicitando datos para lat=39.13, lon=-1.52","chan":"stdout","logger":"task"}
{"timestamp":"2025-10-29T14:07:36.000266Z","level":"info","event":"❌ Error al consultar API para lat=39.13, lon=-1.52: 400 Client Error: Bad Request for url: http://openmeteo-api:8080/v1/forecast?latitude=39.1281556&longitude=-1.5212770999999998&models=cmc_gem_geps&hourly=temperature_2m%2Cprecipitation%2Cwind_speed_10m&start_date=2025-10-28&end_date=2025-11-03","chan":"stdout","logger":"task"}
{"timestamp":"2025-10-29T14:07:36.000711Z","level":"info","event":"  ➡️ Solicitando datos para lat=39.13, lon=-0.52","chan":"stdout","logger":"task"}
{"timestamp":"2025-10-29T14:07:36.007741Z","level":"info","event":"❌ Error al consultar API para lat=39.13, lon=-0.52: 400 Client Error: Bad Request for url: http://openmeteo-api:8080/v1/forecast?latitude=39.1281556&longitude=-0.5212770999999998&models=cmc_gem_geps&hourly=temperature_2m%2Cprecipitation%2Cwind_speed_10m&start_date=2025-10-28&end_date=2025-11-03","chan":"stdout","logger":"task"}
{"timestamp":"2025-10-29T14:07:36.008128Z","level":"info","event":"  ➡️ Solicitando datos para lat=39.13, lon=-1.52","chan":"stdout","logger":"task"}
{"timestamp":"2025-10-29T14:07:36.017481Z","level":"info","event":"❌ Error al consultar API para lat=39.13, lon=-1.52: 400 Client Error: Bad Request for url: http://openmeteo-api:8080/v1/forecast?latitude=39.1281556&longitude=-1.5212770999999998&models=cmc_gem_geps&hourly=temperature_2m%2Cprecipitation%2Cwind_speed_10m&start_date=2025-10-28&end_date=2025-11-03","chan":"stdout","logger":"task"}
{"timestamp":"2025-10-29T14:07:36.017902Z","level":"info","event":"  ➡️ Solicitando datos para lat=39.13, lon=-0.52","chan":"stdout","logger":"task"}
{"timestamp":"2025-10-29T14:07:36.026975Z","level":"info","event":"❌ Error al consultar API para lat=39.13, lon=-0.52: 400 Client Error: Bad Request for url: http://openmeteo-api:8080/v1/forecast?latitude=39.1281556&longitude=-0.5212770999999998&models=cmc_gem_geps&hourly=temperature_2m%2Cprecipitation%2Cwind_speed_10m&start_date=2025-10-28&end_date=2025-11-03","chan":"stdout","logger":"task"}
{"timestamp":"2025-10-29T14:07:36.027554Z","level":"info","event":"  ➡️ Solicitando datos para lat=39.13, lon=-1.52","chan":"stdout","logger":"task"}
{"timestamp":"2025-10-29T14:07:36.035511Z","level":"info","event":"❌ Error al consultar API para lat=39.13, lon=-1.52: 400 Client Error: Bad Request for url: http://openmeteo-api:8080/v1/forecast?latitude=39.1281556&longitude=-1.5212770999999998&models=cmc_gem_geps&hourly=temperature_2m%2Cprecipitation%2Cwind_speed_10m&start_date=2025-10-28&end_date=2025-11-03","chan":"stdout","logger":"task"}
{"timestamp":"2025-10-29T14:07:36.035916Z","level":"info","event":"  ➡️ Solicitando datos para lat=39.13, lon=-0.52","chan":"stdout","logger":"task"}
{"timestamp":"2025-10-29T14:07:36.044488Z","level":"info","event":"❌ Error al consultar API para lat=39.13, lon=-0.52: 400 Client Error: Bad Request for url: http://openmeteo-api:8080/v1/forecast?latitude=39.1281556&longitude=-0.5212770999999998&models=cmc_gem_geps&hourly=temperature_2m%2Cprecipitation%2Cwind_speed_10m&start_date=2025-10-28&end_date=2025-11-03","chan":"stdout","logger":"task"}
{"timestamp":"2025-10-29T14:07:36.044992Z","level":"info","event":"  ➡️ Solicitando datos para lat=40.13, lon=-1.52","chan":"stdout","logger":"task"}
{"timestamp":"2025-10-29T14:07:36.057738Z","level":"info","event":"❌ Error al consultar API para lat=40.13, lon=-1.52: 400 Client Error: Bad Request for url: http://openmeteo-api:8080/v1/forecast?latitude=40.1281556&longitude=-1.5212770999999998&models=cmc_gem_geps&hourly=temperature_2m%2Cprecipitation%2Cwind_speed_10m&start_date=2025-10-28&end_date=2025-11-03","chan":"stdout","logger":"task"}
{"timestamp":"2025-10-29T14:07:36.060984Z","level":"info","event":"  ➡️ Solicitando datos para lat=40.13, lon=-0.52","chan":"stdout","logger":"task"}
{"timestamp":"2025-10-29T14:07:36.078599Z","level":"info","event":"❌ Error al consultar API para lat=40.13, lon=-0.52: 400 Client Error: Bad Request for url: http://openmeteo-api:8080/v1/forecast?latitude=40.1281556&longitude=-0.5212770999999998&models=cmc_gem_geps&hourly=temperature_2m%2Cprecipitation%2Cwind_speed_10m&start_date=2025-10-28&end_date=2025-11-03","chan":"stdout","logger":"task"}
{"timestamp":"2025-10-29T14:07:36.079145Z","level":"info","event":"  ➡️ Solicitando datos para lat=40.13, lon=-1.52","chan":"stdout","logger":"task"}
{"timestamp":"2025-10-29T14:07:36.089003Z","level":"info","event":"❌ Error al consultar API para lat=40.13, lon=-1.52: 400 Client Error: Bad Request for url: http://openmeteo-api:8080/v1/forecast?latitude=40.1281556&longitude=-1.5212770999999998&models=cmc_gem_geps&hourly=temperature_2m%2Cprecipitation%2Cwind_speed_10m&start_date=2025-10-28&end_date=2025-11-03","chan":"stdout","logger":"task"}
{"timestamp":"2025-10-29T14:07:36.089348Z","level":"info","event":"  ➡️ Solicitando datos para lat=40.13, lon=-0.52","chan":"stdout","logger":"task"}
{"timestamp":"2025-10-29T14:07:36.095844Z","level":"info","event":"❌ Error al consultar API para lat=40.13, lon=-0.52: 400 Client Error: Bad Request for url: http://openmeteo-api:8080/v1/forecast?latitude=40.1281556&longitude=-0.5212770999999998&models=cmc_gem_geps&hourly=temperature_2m%2Cprecipitation%2Cwind_speed_10m&start_date=2025-10-28&end_date=2025-11-03","chan":"stdout","logger":"task"}
{"timestamp":"2025-10-29T14:07:36.096189Z","level":"info","event":"  ➡️ Solicitando datos para lat=40.13, lon=-1.52","chan":"stdout","logger":"task"}
{"timestamp":"2025-10-29T14:07:36.116648Z","level":"info","event":"❌ Error al consultar API para lat=40.13, lon=-1.52: 400 Client Error: Bad Request for url: http://openmeteo-api:8080/v1/forecast?latitude=40.1281556&longitude=-1.5212770999999998&models=cmc_gem_geps&hourly=temperature_2m%2Cprecipitation%2Cwind_speed_10m&start_date=2025-10-28&end_date=2025-11-03","chan":"stdout","logger":"task"}
{"timestamp":"2025-10-29T14:07:36.120817Z","level":"info","event":"  ➡️ Solicitando datos para lat=40.13, lon=-0.52","chan":"stdout","logger":"task"}
{"timestamp":"2025-10-29T14:07:36.133113Z","level":"info","event":"❌ Error al consultar API para lat=40.13, lon=-0.52: 400 Client Error: Bad Request for url: http://openmeteo-api:8080/v1/forecast?latitude=40.1281556&longitude=-0.5212770999999998&models=cmc_gem_geps&hourly=temperature_2m%2Cprecipitation%2Cwind_speed_10m&start_date=2025-10-28&end_date=2025-11-03","chan":"stdout","logger":"task"}
{"timestamp":"2025-10-29T14:07:36.133466Z","level":"info","event":"  ➡️ Solicitando datos para lat=40.13, lon=-1.52","chan":"stdout","logger":"task"}
{"timestamp":"2025-10-29T14:07:36.160435Z","level":"info","event":"❌ Error al consultar API para lat=40.13, lon=-1.52: 400 Client Error: Bad Request for url: http://openmeteo-api:8080/v1/forecast?latitude=40.1281556&longitude=-1.5212770999999998&models=cmc_gem_geps&hourly=temperature_2m%2Cprecipitation%2Cwind_speed_10m&start_date=2025-10-28&end_date=2025-11-03","chan":"stdout","logger":"task"}
{"timestamp":"2025-10-29T14:07:36.163313Z","level":"info","event":"  ➡️ Solicitando datos para lat=40.13, lon=-0.52","chan":"stdout","logger":"task"}
{"timestamp":"2025-10-29T14:07:36.169956Z","level":"info","event":"❌ Error al consultar API para lat=40.13, lon=-0.52: 400 Client Error: Bad Request for url: http://openmeteo-api:8080/v1/forecast?latitude=40.1281556&longitude=-0.5212770999999998&models=cmc_gem_geps&hourly=temperature_2m%2Cprecipitation%2Cwind_speed_10m&start_date=2025-10-28&end_date=2025-11-03","chan":"stdout","logger":"task"}
{"timestamp":"2025-10-29T14:07:36.170972Z","level":"info","event":"","chan":"stdout","logger":"task"}
{"timestamp":"2025-10-29T14:07:36.171549Z","level":"info","event":"🏁 Descarga completada en 0.23 s (0.00 min)","chan":"stdout","logger":"task"}
{"timestamp":"2025-10-29T14:07:36.171810Z","level":"info","event":"❌ No se obtuvieron datos.","chan":"stdout","logger":"task"}
{"timestamp":"2025-10-29T14:07:36.175705","level":"error","event":"Task failed with exception","logger":"task","error_detail":[{"exc_type":"KeyError","exc_value":"'time'","exc_notes":[],"syntax_error":null,"is_cause":false,"frames":[{"filename":"/home/airflow/.local/lib/python3.12/site-packages/airflow/sdk/execution_time/task_runner.py","lineno":920,"name":"run"},{"filename":"/home/airflow/.local/lib/python3.12/site-packages/airflow/sdk/execution_time/task_runner.py","lineno":1215,"name":"_execute_task"},{"filename":"/home/airflow/.local/lib/python3.12/site-packages/airflow/sdk/bases/operator.py","lineno":397,"name":"wrapper"},{"filename":"/home/airflow/.local/lib/python3.12/site-packages/airflow/providers/standard/operators/python.py","lineno":216,"name":"execute"},{"filename":"/home/airflow/.local/lib/python3.12/site-packages/airflow/providers/standard/operators/python.py","lineno":239,"name":"execute_callable"},{"filename":"/home/airflow/.local/lib/python3.12/site-packages/airflow/sdk/execution_time/callback_runner.py","lineno":81,"name":"run"},{"filename":"/opt/airflow/dags/GEPS_ENS_CNC.py","lineno":185,"name":"ejecutar_descarga_geps"},{"filename":"/home/airflow/.local/lib/python3.12/site-packages/pandas/core/frame.py","lineno":3893,"name":"__getitem__"},{"filename":"/home/airflow/.local/lib/python3.12/site-packages/pandas/core/indexes/range.py","lineno":418,"name":"get_loc"}],"is_group":false,"exceptions":[]}]}
