{"timestamp":"2025-10-29T12:33:35.108193","level":"info","event":"DAG bundles loaded: dags-folder","logger":"airflow.dag_processing.bundles.manager.DagBundlesManager"}
{"timestamp":"2025-10-29T12:33:35.110002","level":"info","event":"Filling up the DagBag from /opt/airflow/dags/Airflow.py","logger":"airflow.models.dagbag.DagBag"}
{"timestamp":"2025-10-29T12:33:35.180849","level":"info","event":"Tmp dir root location: /tmp","logger":"airflow.task.hooks.airflow.providers.standard.hooks.subprocess.SubprocessHook"}
{"timestamp":"2025-10-29T12:33:35.182387","level":"info","event":"Running command: ['/usr/bin/bash', '-c', 'docker run --rm -v openmeteo-data:/app/data ghcr.io/open-meteo/open-meteo sync dwd_icon_eu temperature_2m\\ndocker run --rm -v openmeteo-data:/app/data ghcr.io/open-meteo/open-meteo sync dwd_icon_eu precipitation']","logger":"airflow.task.hooks.airflow.providers.standard.hooks.subprocess.SubprocessHook"}
{"timestamp":"2025-10-29T12:33:35.202627","level":"info","event":"Output:","logger":"airflow.task.hooks.airflow.providers.standard.hooks.subprocess.SubprocessHook"}
{"timestamp":"2025-10-29T12:33:35.941490","level":"info","event":"[ INFO ] Checking for files to with more than 7 past days data","logger":"airflow.task.hooks.airflow.providers.standard.hooks.subprocess.SubprocessHook"}
{"timestamp":"2025-10-29T12:33:37.318370","level":"info","event":"[ INFO ] Downloading 5 files (178.3 MB)","logger":"airflow.task.hooks.airflow.providers.standard.hooks.subprocess.SubprocessHook"}
{"timestamp":"2025-10-29T12:33:37.319729","level":"info","event":"[ INFO ] Downloading file https://openmeteo.s3.amazonaws.com/data/dwd_icon_eu/static/meta.json","logger":"airflow.task.hooks.airflow.providers.standard.hooks.subprocess.SubprocessHook"}
{"timestamp":"2025-10-29T12:33:37.320111","level":"info","event":"[ INFO ] Downloading file https://openmeteo.s3.amazonaws.com/data/dwd_icon_eu/static/HSURF.om","logger":"airflow.task.hooks.airflow.providers.standard.hooks.subprocess.SubprocessHook"}
{"timestamp":"2025-10-29T12:33:37.550577","level":"info","event":"[ INFO ] Downloading file https://openmeteo.s3.amazonaws.com/data/dwd_icon_eu/temperature_2m/chunk_2534.om","logger":"airflow.task.hooks.airflow.providers.standard.hooks.subprocess.SubprocessHook"}
{"timestamp":"2025-10-29T12:33:39.299242","level":"info","event":"[ INFO ] Downloading file https://openmeteo.s3.amazonaws.com/data/dwd_icon_eu/temperature_2m/chunk_2535.om","logger":"airflow.task.hooks.airflow.providers.standard.hooks.subprocess.SubprocessHook"}
{"timestamp":"2025-10-29T12:33:57.862012","level":"info","event":"[ INFO ] Transfer 8% 6.1 MB / 75.5 MB in 20s, 310.2 KB/s remaining 4m","logger":"airflow.task.hooks.airflow.providers.standard.hooks.subprocess.SubprocessHook"}
{"timestamp":"2025-10-29T12:33:59.698132","level":"info","event":"[ INFO ] Transfer 8% 6.1 MB / 75.6 MB in 20s, 314.3 KB/s remaining 4m","logger":"airflow.task.hooks.airflow.providers.standard.hooks.subprocess.SubprocessHook"}
{"timestamp":"2025-10-29T12:34:17.866017","level":"info","event":"[ INFO ] Transfer 16% 12.3 MB / 75.5 MB in 40s, 321.3 KB/s remaining 3m","logger":"airflow.task.hooks.airflow.providers.standard.hooks.subprocess.SubprocessHook"}
{"timestamp":"2025-10-29T12:34:19.771082","level":"info","event":"[ INFO ] Transfer 16% 12.3 MB / 75.6 MB in 40s, 317.0 KB/s remaining 3m","logger":"airflow.task.hooks.airflow.providers.standard.hooks.subprocess.SubprocessHook"}
{"timestamp":"2025-10-29T12:34:37.872208","level":"info","event":"[ INFO ] Transfer 25% 18.5 MB / 75.5 MB in 60s, 317.9 KB/s remaining 3m","logger":"airflow.task.hooks.airflow.providers.standard.hooks.subprocess.SubprocessHook"}
{"timestamp":"2025-10-29T12:34:39.880184","level":"info","event":"[ INFO ] Transfer 24% 18.4 MB / 75.6 MB in 60s, 311.9 KB/s remaining 3m","logger":"airflow.task.hooks.airflow.providers.standard.hooks.subprocess.SubprocessHook"}
{"timestamp":"2025-10-29T12:34:57.881337","level":"info","event":"[ INFO ] Transfer 33% 24.8 MB / 75.5 MB in 80s, 319.6 KB/s remaining 163s","logger":"airflow.task.hooks.airflow.providers.standard.hooks.subprocess.SubprocessHook"}
{"timestamp":"2025-10-29T12:35:00.078016","level":"info","event":"[ INFO ] Transfer 32% 24.6 MB / 75.6 MB in 81s, 314.5 KB/s remaining 168s","logger":"airflow.task.hooks.airflow.providers.standard.hooks.subprocess.SubprocessHook"}
{"timestamp":"2025-10-29T12:35:17.889473","level":"info","event":"[ INFO ] Transfer 41% 31.0 MB / 75.5 MB in 100s, 316.2 KB/s remaining 144s","logger":"airflow.task.hooks.airflow.providers.standard.hooks.subprocess.SubprocessHook"}
{"timestamp":"2025-10-29T12:35:20.096092","level":"info","event":"[ INFO ] Transfer 41% 30.7 MB / 75.6 MB in 101s, 315.3 KB/s remaining 146s","logger":"airflow.task.hooks.airflow.providers.standard.hooks.subprocess.SubprocessHook"}
{"timestamp":"2025-10-29T12:35:37.914067","level":"info","event":"[ INFO ] Transfer 49% 37.2 MB / 75.5 MB in 120s, 320.4 KB/s remaining 123s","logger":"airflow.task.hooks.airflow.providers.standard.hooks.subprocess.SubprocessHook"}
{"timestamp":"2025-10-29T12:35:40.226617","level":"info","event":"[ INFO ] Transfer 49% 36.9 MB / 75.6 MB in 121s, 316.2 KB/s remaining 126s","logger":"airflow.task.hooks.airflow.providers.standard.hooks.subprocess.SubprocessHook"}
{"timestamp":"2025-10-29T12:35:57.917262","level":"info","event":"[ INFO ] Transfer 57% 43.4 MB / 75.5 MB in 140s, 317.0 KB/s remaining 104s","logger":"airflow.task.hooks.airflow.providers.standard.hooks.subprocess.SubprocessHook"}
{"timestamp":"2025-10-29T12:36:00.246115","level":"info","event":"[ INFO ] Transfer 57% 43.0 MB / 75.6 MB in 141s, 314.4 KB/s remaining 106s","logger":"airflow.task.hooks.airflow.providers.standard.hooks.subprocess.SubprocessHook"}
{"timestamp":"2025-10-29T12:36:17.935537","level":"info","event":"[ INFO ] Transfer 66% 49.7 MB / 75.5 MB in 160s, 319.6 KB/s remaining 83s","logger":"airflow.task.hooks.airflow.providers.standard.hooks.subprocess.SubprocessHook"}
{"timestamp":"2025-10-29T12:36:20.324292","level":"info","event":"[ INFO ] Transfer 65% 49.2 MB / 75.6 MB in 161s, 314.5 KB/s remaining 86s","logger":"airflow.task.hooks.airflow.providers.standard.hooks.subprocess.SubprocessHook"}
{"timestamp":"2025-10-29T12:36:37.960825","level":"info","event":"[ INFO ] Transfer 74% 55.9 MB / 75.5 MB in 3m, 317.9 KB/s remaining 63s","logger":"airflow.task.hooks.airflow.providers.standard.hooks.subprocess.SubprocessHook"}
{"timestamp":"2025-10-29T12:36:40.351267","level":"info","event":"[ INFO ] Transfer 73% 55.3 MB / 75.6 MB in 3m, 314.4 KB/s remaining 66s","logger":"airflow.task.hooks.airflow.providers.standard.hooks.subprocess.SubprocessHook"}
{"timestamp":"2025-10-29T12:36:57.968166","level":"info","event":"[ INFO ] Transfer 82% 62.1 MB / 75.5 MB in 3m, 318.8 KB/s remaining 43s","logger":"airflow.task.hooks.airflow.providers.standard.hooks.subprocess.SubprocessHook"}
{"timestamp":"2025-10-29T12:37:00.444950","level":"info","event":"[ INFO ] Transfer 81% 61.5 MB / 75.6 MB in 3m, 316.3 KB/s remaining 46s","logger":"airflow.task.hooks.airflow.providers.standard.hooks.subprocess.SubprocessHook"}
{"timestamp":"2025-10-29T12:37:17.976267","level":"info","event":"[ INFO ] Transfer 90% 68.3 MB / 75.5 MB in 4m, 318.8 KB/s remaining 23s","logger":"airflow.task.hooks.airflow.providers.standard.hooks.subprocess.SubprocessHook"}
{"timestamp":"2025-10-29T12:37:20.468875","level":"info","event":"[ INFO ] Transfer 89% 67.7 MB / 75.6 MB in 4m, 316.2 KB/s remaining 26s","logger":"airflow.task.hooks.airflow.providers.standard.hooks.subprocess.SubprocessHook"}
{"timestamp":"2025-10-29T12:37:38.063577","level":"info","event":"[ INFO ] Transfer 99% 74.5 MB / 75.5 MB in 4m, 318.8 KB/s remaining 3.14s","logger":"airflow.task.hooks.airflow.providers.standard.hooks.subprocess.SubprocessHook"}
{"timestamp":"2025-10-29T12:37:40.539881","level":"info","event":"[ INFO ] Transfer 98% 73.8 MB / 75.6 MB in 4m, 311.1 KB/s remaining 6.2s","logger":"airflow.task.hooks.airflow.providers.standard.hooks.subprocess.SubprocessHook"}
{"timestamp":"2025-10-29T12:37:41.191543","level":"info","event":"[ INFO ] dwd_icon_eu 5 files 43% 76.0 MB / 178.3 MB in 4m, 320.4 KB/s remaining 5m","logger":"airflow.task.hooks.airflow.providers.standard.hooks.subprocess.SubprocessHook"}
{"timestamp":"2025-10-29T12:37:41.191853","level":"info","event":"[ INFO ] Downloading file https://openmeteo.s3.amazonaws.com/data/dwd_icon_eu/temperature_2m/chunk_2536.om","logger":"airflow.task.hooks.airflow.providers.standard.hooks.subprocess.SubprocessHook"}
{"timestamp":"2025-10-29T12:38:01.682711","level":"info","event":"[ INFO ] Transfer 23% 6.2 MB / 26.6 MB in 20s, 319.5 KB/s remaining 66s","logger":"airflow.task.hooks.airflow.providers.standard.hooks.subprocess.SubprocessHook"}
{"timestamp":"2025-10-29T12:38:21.767124","level":"info","event":"[ INFO ] Transfer 47% 12.5 MB / 26.6 MB in 40s, 318.8 KB/s remaining 46s","logger":"airflow.task.hooks.airflow.providers.standard.hooks.subprocess.SubprocessHook"}
{"timestamp":"2025-10-29T12:38:41.940208","level":"info","event":"[ INFO ] Transfer 70% 18.7 MB / 26.6 MB in 60s, 321.3 KB/s remaining 25s","logger":"airflow.task.hooks.airflow.providers.standard.hooks.subprocess.SubprocessHook"}
{"timestamp":"2025-10-29T12:39:01.948238","level":"info","event":"[ INFO ] Transfer 94% 25.0 MB / 26.6 MB in 80s, 319.6 KB/s remaining 5.3s","logger":"airflow.task.hooks.airflow.providers.standard.hooks.subprocess.SubprocessHook"}
{"timestamp":"2025-10-29T12:39:07.464786","level":"info","event":"[ INFO ] dwd_icon_eu 5 files 100% 178.3 MB / 178.3 MB in 6m, 1.19 MB/s remaining 0.0ms","logger":"airflow.task.hooks.airflow.providers.standard.hooks.subprocess.SubprocessHook"}
{"timestamp":"2025-10-29T12:39:07.465188","level":"info","event":"[ INFO ] dwd_icon_eu 5 files completed 178.3 MB in 6m. Average speed 553.0 KB/s","logger":"airflow.task.hooks.airflow.providers.standard.hooks.subprocess.SubprocessHook"}
{"timestamp":"2025-10-29T12:39:07.465440","level":"info","event":"[ INFO ] Finished downloading 178.3 MB in 6m","logger":"airflow.task.hooks.airflow.providers.standard.hooks.subprocess.SubprocessHook"}
{"timestamp":"2025-10-29T12:39:08.555344","level":"info","event":"[ INFO ] Checking for files to with more than 7 past days data","logger":"airflow.task.hooks.airflow.providers.standard.hooks.subprocess.SubprocessHook"}
{"timestamp":"2025-10-29T12:39:09.970328","level":"info","event":"[ INFO ] Downloading 3 files (64.7 MB)","logger":"airflow.task.hooks.airflow.providers.standard.hooks.subprocess.SubprocessHook"}
{"timestamp":"2025-10-29T12:39:09.971326","level":"info","event":"[ INFO ] Downloading file https://openmeteo.s3.amazonaws.com/data/dwd_icon_eu/precipitation/chunk_2534.om","logger":"airflow.task.hooks.airflow.providers.standard.hooks.subprocess.SubprocessHook"}
{"timestamp":"2025-10-29T12:39:09.971811","level":"info","event":"[ INFO ] Downloading file https://openmeteo.s3.amazonaws.com/data/dwd_icon_eu/precipitation/chunk_2535.om","logger":"airflow.task.hooks.airflow.providers.standard.hooks.subprocess.SubprocessHook"}
{"timestamp":"2025-10-29T12:39:30.299153","level":"info","event":"[ INFO ] Transfer 20% 6.2 MB / 31.1 MB in 20s, 317.3 KB/s remaining 80s","logger":"airflow.task.hooks.airflow.providers.standard.hooks.subprocess.SubprocessHook"}
{"timestamp":"2025-10-29T12:39:30.308514","level":"info","event":"[ INFO ] Transfer 22% 6.1 MB / 28.5 MB in 20s, 314.5 KB/s remaining 73s","logger":"airflow.task.hooks.airflow.providers.standard.hooks.subprocess.SubprocessHook"}
{"timestamp":"2025-10-29T12:39:50.316462","level":"info","event":"[ INFO ] Transfer 40% 12.4 MB / 31.1 MB in 40s, 318.8 KB/s remaining 60s","logger":"airflow.task.hooks.airflow.providers.standard.hooks.subprocess.SubprocessHook"}
{"timestamp":"2025-10-29T12:39:50.324133","level":"info","event":"[ INFO ] Transfer 43% 12.3 MB / 28.5 MB in 40s, 317.0 KB/s remaining 52s","logger":"airflow.task.hooks.airflow.providers.standard.hooks.subprocess.SubprocessHook"}
{"timestamp":"2025-10-29T12:40:10.405258","level":"info","event":"[ INFO ] Transfer 59% 18.3 MB / 31.1 MB in 60s, 301.8 KB/s remaining 44s","logger":"airflow.task.hooks.airflow.providers.standard.hooks.subprocess.SubprocessHook"}
{"timestamp":"2025-10-29T12:40:10.489940","level":"info","event":"[ INFO ] Transfer 64% 18.1 MB / 28.5 MB in 60s, 296.6 KB/s remaining 36s","logger":"airflow.task.hooks.airflow.providers.standard.hooks.subprocess.SubprocessHook"}
{"timestamp":"2025-10-29T12:40:30.533647","level":"info","event":"[ INFO ] Transfer 78% 24.3 MB / 31.1 MB in 80s, 304.3 KB/s remaining 23s","logger":"airflow.task.hooks.airflow.providers.standard.hooks.subprocess.SubprocessHook"}
{"timestamp":"2025-10-29T12:40:30.542850","level":"info","event":"[ INFO ] Transfer 85% 24.3 MB / 28.5 MB in 80s, 314.5 KB/s remaining 14.0s","logger":"airflow.task.hooks.airflow.providers.standard.hooks.subprocess.SubprocessHook"}
{"timestamp":"2025-10-29T12:40:35.629691Z","level":"error","event":"Server indicated the task shouldn't be running anymore. Terminating process","detail":{"detail":{"reason":"not_running","message":"TI is no longer in the running state and task should terminate","current_state":"removed"}},"logger":"task"}
{"timestamp":"2025-10-29T12:40:35.639605","level":"info","event":"Sending SIGTERM signal to process group","logger":"airflow.task.hooks.airflow.providers.standard.hooks.subprocess.SubprocessHook"}
{"timestamp":"2025-10-29T12:40:40.657272Z","level":"error","event":"Task killed!","logger":"task"}
