{"timestamp":"2025-10-29T12:44:00.576147","level":"info","event":"DAG bundles loaded: dags-folder","logger":"airflow.dag_processing.bundles.manager.DagBundlesManager"}
{"timestamp":"2025-10-29T12:44:00.577648","level":"info","event":"Filling up the DagBag from /opt/airflow/dags/Airflow.py","logger":"airflow.models.dagbag.DagBag"}
{"timestamp":"2025-10-29T12:44:00.666822","level":"info","event":"Tmp dir root location: /tmp","logger":"airflow.task.hooks.airflow.providers.standard.hooks.subprocess.SubprocessHook"}
{"timestamp":"2025-10-29T12:44:00.668369","level":"info","event":"Running command: ['/usr/bin/bash', '-c', 'python3 /opt/airflow/scripts/DWD_ICON_EU.py']","logger":"airflow.task.hooks.airflow.providers.standard.hooks.subprocess.SubprocessHook"}
{"timestamp":"2025-10-29T12:44:00.696830","level":"info","event":"Output:","logger":"airflow.task.hooks.airflow.providers.standard.hooks.subprocess.SubprocessHook"}
{"timestamp":"2025-10-29T12:44:04.491681","level":"info","event":"[ INFO ] Checking for files to with more than 7 past days data","logger":"airflow.task.hooks.airflow.providers.standard.hooks.subprocess.SubprocessHook"}
{"timestamp":"2025-10-29T12:44:07.244747","level":"info","event":"[ INFO ] Checking for files to with more than 7 past days data","logger":"airflow.task.hooks.airflow.providers.standard.hooks.subprocess.SubprocessHook"}
{"timestamp":"2025-10-29T12:44:09.649749","level":"info","event":"🔄 Descargando datos de http://host.docker.internal:8081/v1/forecast ...","logger":"airflow.task.hooks.airflow.providers.standard.hooks.subprocess.SubprocessHook"}
{"timestamp":"2025-10-29T12:44:09.650210","level":"info","event":"⬇️ Descargando temperature_2m del Bucket S3 de AWS...","logger":"airflow.task.hooks.airflow.providers.standard.hooks.subprocess.SubprocessHook"}
{"timestamp":"2025-10-29T12:44:09.650683","level":"info","event":"⬇️ Descargando precipitation del Bucket S3 de AWS...","logger":"airflow.task.hooks.airflow.providers.standard.hooks.subprocess.SubprocessHook"}
{"timestamp":"2025-10-29T12:44:09.650975","level":"info","event":"⚠️ La variable 'temperature_2m' no contiene datos para lat=39.1281556, lon=-1.5212770999999998.","logger":"airflow.task.hooks.airflow.providers.standard.hooks.subprocess.SubprocessHook"}
{"timestamp":"2025-10-29T12:44:09.651301","level":"info","event":"Primero debes descargar los datos en el volumen con Docker, por ejemplo:","logger":"airflow.task.hooks.airflow.providers.standard.hooks.subprocess.SubprocessHook"}
{"timestamp":"2025-10-29T12:44:09.651627","level":"info","event":"docker run -it --rm -v open-meteo-data:/app/data ghcr.io/open-meteo/open-meteo sync dwd_icon_eu temperature_2m","logger":"airflow.task.hooks.airflow.providers.standard.hooks.subprocess.SubprocessHook"}
{"timestamp":"2025-10-29T12:44:09.651896","level":"info","event":"⚠️ La variable 'precipitation' no contiene datos para lat=39.1281556, lon=-1.5212770999999998.","logger":"airflow.task.hooks.airflow.providers.standard.hooks.subprocess.SubprocessHook"}
{"timestamp":"2025-10-29T12:44:09.652158","level":"info","event":"Primero debes descargar los datos en el volumen con Docker, por ejemplo:","logger":"airflow.task.hooks.airflow.providers.standard.hooks.subprocess.SubprocessHook"}
{"timestamp":"2025-10-29T12:44:09.652540","level":"info","event":"docker run -it --rm -v open-meteo-data:/app/data ghcr.io/open-meteo/open-meteo sync dwd_icon_eu precipitation","logger":"airflow.task.hooks.airflow.providers.standard.hooks.subprocess.SubprocessHook"}
{"timestamp":"2025-10-29T12:44:09.652753","level":"info","event":"⚠️ La variable 'temperature_2m' no contiene datos para lat=39.1281556, lon=-0.5212770999999998.","logger":"airflow.task.hooks.airflow.providers.standard.hooks.subprocess.SubprocessHook"}
{"timestamp":"2025-10-29T12:44:09.652916","level":"info","event":"Primero debes descargar los datos en el volumen con Docker, por ejemplo:","logger":"airflow.task.hooks.airflow.providers.standard.hooks.subprocess.SubprocessHook"}
{"timestamp":"2025-10-29T12:44:09.653046","level":"info","event":"docker run -it --rm -v open-meteo-data:/app/data ghcr.io/open-meteo/open-meteo sync dwd_icon_eu temperature_2m","logger":"airflow.task.hooks.airflow.providers.standard.hooks.subprocess.SubprocessHook"}
{"timestamp":"2025-10-29T12:44:09.653167","level":"info","event":"⚠️ La variable 'precipitation' no contiene datos para lat=39.1281556, lon=-0.5212770999999998.","logger":"airflow.task.hooks.airflow.providers.standard.hooks.subprocess.SubprocessHook"}
{"timestamp":"2025-10-29T12:44:09.653374","level":"info","event":"Primero debes descargar los datos en el volumen con Docker, por ejemplo:","logger":"airflow.task.hooks.airflow.providers.standard.hooks.subprocess.SubprocessHook"}
{"timestamp":"2025-10-29T12:44:09.653578","level":"info","event":"docker run -it --rm -v open-meteo-data:/app/data ghcr.io/open-meteo/open-meteo sync dwd_icon_eu precipitation","logger":"airflow.task.hooks.airflow.providers.standard.hooks.subprocess.SubprocessHook"}
{"timestamp":"2025-10-29T12:44:09.653777","level":"info","event":"⚠️ La variable 'temperature_2m' no contiene datos para lat=39.1281556, lon=-1.5212770999999998.","logger":"airflow.task.hooks.airflow.providers.standard.hooks.subprocess.SubprocessHook"}
{"timestamp":"2025-10-29T12:44:09.654021","level":"info","event":"Primero debes descargar los datos en el volumen con Docker, por ejemplo:","logger":"airflow.task.hooks.airflow.providers.standard.hooks.subprocess.SubprocessHook"}
{"timestamp":"2025-10-29T12:44:09.654250","level":"info","event":"docker run -it --rm -v open-meteo-data:/app/data ghcr.io/open-meteo/open-meteo sync dwd_icon_eu temperature_2m","logger":"airflow.task.hooks.airflow.providers.standard.hooks.subprocess.SubprocessHook"}
{"timestamp":"2025-10-29T12:44:09.654531","level":"info","event":"⚠️ La variable 'precipitation' no contiene datos para lat=39.1281556, lon=-1.5212770999999998.","logger":"airflow.task.hooks.airflow.providers.standard.hooks.subprocess.SubprocessHook"}
{"timestamp":"2025-10-29T12:44:09.654814","level":"info","event":"Primero debes descargar los datos en el volumen con Docker, por ejemplo:","logger":"airflow.task.hooks.airflow.providers.standard.hooks.subprocess.SubprocessHook"}
{"timestamp":"2025-10-29T12:44:09.655046","level":"info","event":"docker run -it --rm -v open-meteo-data:/app/data ghcr.io/open-meteo/open-meteo sync dwd_icon_eu precipitation","logger":"airflow.task.hooks.airflow.providers.standard.hooks.subprocess.SubprocessHook"}
{"timestamp":"2025-10-29T12:44:09.655318","level":"info","event":"⚠️ La variable 'temperature_2m' no contiene datos para lat=39.1281556, lon=-0.5212770999999998.","logger":"airflow.task.hooks.airflow.providers.standard.hooks.subprocess.SubprocessHook"}
{"timestamp":"2025-10-29T12:44:09.655756","level":"info","event":"Primero debes descargar los datos en el volumen con Docker, por ejemplo:","logger":"airflow.task.hooks.airflow.providers.standard.hooks.subprocess.SubprocessHook"}
{"timestamp":"2025-10-29T12:44:09.656011","level":"info","event":"docker run -it --rm -v open-meteo-data:/app/data ghcr.io/open-meteo/open-meteo sync dwd_icon_eu temperature_2m","logger":"airflow.task.hooks.airflow.providers.standard.hooks.subprocess.SubprocessHook"}
{"timestamp":"2025-10-29T12:44:09.656282","level":"info","event":"⚠️ La variable 'precipitation' no contiene datos para lat=39.1281556, lon=-0.5212770999999998.","logger":"airflow.task.hooks.airflow.providers.standard.hooks.subprocess.SubprocessHook"}
{"timestamp":"2025-10-29T12:44:09.656592","level":"info","event":"Primero debes descargar los datos en el volumen con Docker, por ejemplo:","logger":"airflow.task.hooks.airflow.providers.standard.hooks.subprocess.SubprocessHook"}
{"timestamp":"2025-10-29T12:44:09.656790","level":"info","event":"docker run -it --rm -v open-meteo-data:/app/data ghcr.io/open-meteo/open-meteo sync dwd_icon_eu precipitation","logger":"airflow.task.hooks.airflow.providers.standard.hooks.subprocess.SubprocessHook"}
{"timestamp":"2025-10-29T12:44:09.656922","level":"info","event":"⚠️ La variable 'temperature_2m' no contiene datos para lat=39.1281556, lon=-1.5212770999999998.","logger":"airflow.task.hooks.airflow.providers.standard.hooks.subprocess.SubprocessHook"}
{"timestamp":"2025-10-29T12:44:09.657051","level":"info","event":"Primero debes descargar los datos en el volumen con Docker, por ejemplo:","logger":"airflow.task.hooks.airflow.providers.standard.hooks.subprocess.SubprocessHook"}
{"timestamp":"2025-10-29T12:44:09.657354","level":"info","event":"docker run -it --rm -v open-meteo-data:/app/data ghcr.io/open-meteo/open-meteo sync dwd_icon_eu temperature_2m","logger":"airflow.task.hooks.airflow.providers.standard.hooks.subprocess.SubprocessHook"}
{"timestamp":"2025-10-29T12:44:09.657587","level":"info","event":"⚠️ La variable 'precipitation' no contiene datos para lat=39.1281556, lon=-1.5212770999999998.","logger":"airflow.task.hooks.airflow.providers.standard.hooks.subprocess.SubprocessHook"}
{"timestamp":"2025-10-29T12:44:09.657810","level":"info","event":"Primero debes descargar los datos en el volumen con Docker, por ejemplo:","logger":"airflow.task.hooks.airflow.providers.standard.hooks.subprocess.SubprocessHook"}
{"timestamp":"2025-10-29T12:44:09.658033","level":"info","event":"docker run -it --rm -v open-meteo-data:/app/data ghcr.io/open-meteo/open-meteo sync dwd_icon_eu precipitation","logger":"airflow.task.hooks.airflow.providers.standard.hooks.subprocess.SubprocessHook"}
{"timestamp":"2025-10-29T12:44:09.658372","level":"info","event":"⚠️ La variable 'temperature_2m' no contiene datos para lat=39.1281556, lon=-0.5212770999999998.","logger":"airflow.task.hooks.airflow.providers.standard.hooks.subprocess.SubprocessHook"}
{"timestamp":"2025-10-29T12:44:09.659051","level":"info","event":"Primero debes descargar los datos en el volumen con Docker, por ejemplo:","logger":"airflow.task.hooks.airflow.providers.standard.hooks.subprocess.SubprocessHook"}
{"timestamp":"2025-10-29T12:44:09.659496","level":"info","event":"docker run -it --rm -v open-meteo-data:/app/data ghcr.io/open-meteo/open-meteo sync dwd_icon_eu temperature_2m","logger":"airflow.task.hooks.airflow.providers.standard.hooks.subprocess.SubprocessHook"}
{"timestamp":"2025-10-29T12:44:09.659770","level":"info","event":"⚠️ La variable 'precipitation' no contiene datos para lat=39.1281556, lon=-0.5212770999999998.","logger":"airflow.task.hooks.airflow.providers.standard.hooks.subprocess.SubprocessHook"}
{"timestamp":"2025-10-29T12:44:09.660021","level":"info","event":"Primero debes descargar los datos en el volumen con Docker, por ejemplo:","logger":"airflow.task.hooks.airflow.providers.standard.hooks.subprocess.SubprocessHook"}
{"timestamp":"2025-10-29T12:44:09.660255","level":"info","event":"docker run -it --rm -v open-meteo-data:/app/data ghcr.io/open-meteo/open-meteo sync dwd_icon_eu precipitation","logger":"airflow.task.hooks.airflow.providers.standard.hooks.subprocess.SubprocessHook"}
{"timestamp":"2025-10-29T12:44:09.660560","level":"info","event":"⚠️ La variable 'temperature_2m' no contiene datos para lat=39.1281556, lon=-1.5212770999999998.","logger":"airflow.task.hooks.airflow.providers.standard.hooks.subprocess.SubprocessHook"}
{"timestamp":"2025-10-29T12:44:09.660837","level":"info","event":"Primero debes descargar los datos en el volumen con Docker, por ejemplo:","logger":"airflow.task.hooks.airflow.providers.standard.hooks.subprocess.SubprocessHook"}
{"timestamp":"2025-10-29T12:44:09.661164","level":"info","event":"docker run -it --rm -v open-meteo-data:/app/data ghcr.io/open-meteo/open-meteo sync dwd_icon_eu temperature_2m","logger":"airflow.task.hooks.airflow.providers.standard.hooks.subprocess.SubprocessHook"}
{"timestamp":"2025-10-29T12:44:09.661569","level":"info","event":"⚠️ La variable 'precipitation' no contiene datos para lat=39.1281556, lon=-1.5212770999999998.","logger":"airflow.task.hooks.airflow.providers.standard.hooks.subprocess.SubprocessHook"}
{"timestamp":"2025-10-29T12:44:09.661918","level":"info","event":"Primero debes descargar los datos en el volumen con Docker, por ejemplo:","logger":"airflow.task.hooks.airflow.providers.standard.hooks.subprocess.SubprocessHook"}
{"timestamp":"2025-10-29T12:44:09.662309","level":"info","event":"docker run -it --rm -v open-meteo-data:/app/data ghcr.io/open-meteo/open-meteo sync dwd_icon_eu precipitation","logger":"airflow.task.hooks.airflow.providers.standard.hooks.subprocess.SubprocessHook"}
{"timestamp":"2025-10-29T12:44:09.662659","level":"info","event":"⚠️ La variable 'temperature_2m' no contiene datos para lat=39.1281556, lon=-0.5212770999999998.","logger":"airflow.task.hooks.airflow.providers.standard.hooks.subprocess.SubprocessHook"}
{"timestamp":"2025-10-29T12:44:09.663011","level":"info","event":"Primero debes descargar los datos en el volumen con Docker, por ejemplo:","logger":"airflow.task.hooks.airflow.providers.standard.hooks.subprocess.SubprocessHook"}
{"timestamp":"2025-10-29T12:44:09.663420","level":"info","event":"docker run -it --rm -v open-meteo-data:/app/data ghcr.io/open-meteo/open-meteo sync dwd_icon_eu temperature_2m","logger":"airflow.task.hooks.airflow.providers.standard.hooks.subprocess.SubprocessHook"}
{"timestamp":"2025-10-29T12:44:09.663710","level":"info","event":"⚠️ La variable 'precipitation' no contiene datos para lat=39.1281556, lon=-0.5212770999999998.","logger":"airflow.task.hooks.airflow.providers.standard.hooks.subprocess.SubprocessHook"}
{"timestamp":"2025-10-29T12:44:09.663990","level":"info","event":"Primero debes descargar los datos en el volumen con Docker, por ejemplo:","logger":"airflow.task.hooks.airflow.providers.standard.hooks.subprocess.SubprocessHook"}
{"timestamp":"2025-10-29T12:44:09.664262","level":"info","event":"docker run -it --rm -v open-meteo-data:/app/data ghcr.io/open-meteo/open-meteo sync dwd_icon_eu precipitation","logger":"airflow.task.hooks.airflow.providers.standard.hooks.subprocess.SubprocessHook"}
{"timestamp":"2025-10-29T12:44:09.664558","level":"info","event":"⚠️ La variable 'temperature_2m' no contiene datos para lat=40.1281556, lon=-1.5212770999999998.","logger":"airflow.task.hooks.airflow.providers.standard.hooks.subprocess.SubprocessHook"}
{"timestamp":"2025-10-29T12:44:09.664815","level":"info","event":"Primero debes descargar los datos en el volumen con Docker, por ejemplo:","logger":"airflow.task.hooks.airflow.providers.standard.hooks.subprocess.SubprocessHook"}
{"timestamp":"2025-10-29T12:44:09.665051","level":"info","event":"docker run -it --rm -v open-meteo-data:/app/data ghcr.io/open-meteo/open-meteo sync dwd_icon_eu temperature_2m","logger":"airflow.task.hooks.airflow.providers.standard.hooks.subprocess.SubprocessHook"}
{"timestamp":"2025-10-29T12:44:09.665248","level":"info","event":"⚠️ La variable 'precipitation' no contiene datos para lat=40.1281556, lon=-1.5212770999999998.","logger":"airflow.task.hooks.airflow.providers.standard.hooks.subprocess.SubprocessHook"}
{"timestamp":"2025-10-29T12:44:09.665614","level":"info","event":"Primero debes descargar los datos en el volumen con Docker, por ejemplo:","logger":"airflow.task.hooks.airflow.providers.standard.hooks.subprocess.SubprocessHook"}
{"timestamp":"2025-10-29T12:44:09.665796","level":"info","event":"docker run -it --rm -v open-meteo-data:/app/data ghcr.io/open-meteo/open-meteo sync dwd_icon_eu precipitation","logger":"airflow.task.hooks.airflow.providers.standard.hooks.subprocess.SubprocessHook"}
{"timestamp":"2025-10-29T12:44:09.665933","level":"info","event":"⚠️ La variable 'temperature_2m' no contiene datos para lat=40.1281556, lon=-0.5212770999999998.","logger":"airflow.task.hooks.airflow.providers.standard.hooks.subprocess.SubprocessHook"}
{"timestamp":"2025-10-29T12:44:09.666111","level":"info","event":"Primero debes descargar los datos en el volumen con Docker, por ejemplo:","logger":"airflow.task.hooks.airflow.providers.standard.hooks.subprocess.SubprocessHook"}
{"timestamp":"2025-10-29T12:44:09.666339","level":"info","event":"docker run -it --rm -v open-meteo-data:/app/data ghcr.io/open-meteo/open-meteo sync dwd_icon_eu temperature_2m","logger":"airflow.task.hooks.airflow.providers.standard.hooks.subprocess.SubprocessHook"}
{"timestamp":"2025-10-29T12:44:09.666680","level":"info","event":"⚠️ La variable 'precipitation' no contiene datos para lat=40.1281556, lon=-0.5212770999999998.","logger":"airflow.task.hooks.airflow.providers.standard.hooks.subprocess.SubprocessHook"}
{"timestamp":"2025-10-29T12:44:09.667175","level":"info","event":"Primero debes descargar los datos en el volumen con Docker, por ejemplo:","logger":"airflow.task.hooks.airflow.providers.standard.hooks.subprocess.SubprocessHook"}
{"timestamp":"2025-10-29T12:44:09.667609","level":"info","event":"docker run -it --rm -v open-meteo-data:/app/data ghcr.io/open-meteo/open-meteo sync dwd_icon_eu precipitation","logger":"airflow.task.hooks.airflow.providers.standard.hooks.subprocess.SubprocessHook"}
{"timestamp":"2025-10-29T12:44:09.667786","level":"info","event":"⚠️ La variable 'temperature_2m' no contiene datos para lat=40.1281556, lon=-1.5212770999999998.","logger":"airflow.task.hooks.airflow.providers.standard.hooks.subprocess.SubprocessHook"}
{"timestamp":"2025-10-29T12:44:09.667930","level":"info","event":"Primero debes descargar los datos en el volumen con Docker, por ejemplo:","logger":"airflow.task.hooks.airflow.providers.standard.hooks.subprocess.SubprocessHook"}
{"timestamp":"2025-10-29T12:44:09.668063","level":"info","event":"docker run -it --rm -v open-meteo-data:/app/data ghcr.io/open-meteo/open-meteo sync dwd_icon_eu temperature_2m","logger":"airflow.task.hooks.airflow.providers.standard.hooks.subprocess.SubprocessHook"}
{"timestamp":"2025-10-29T12:44:09.668195","level":"info","event":"⚠️ La variable 'precipitation' no contiene datos para lat=40.1281556, lon=-1.5212770999999998.","logger":"airflow.task.hooks.airflow.providers.standard.hooks.subprocess.SubprocessHook"}
{"timestamp":"2025-10-29T12:44:09.668421","level":"info","event":"Primero debes descargar los datos en el volumen con Docker, por ejemplo:","logger":"airflow.task.hooks.airflow.providers.standard.hooks.subprocess.SubprocessHook"}
{"timestamp":"2025-10-29T12:44:09.668563","level":"info","event":"docker run -it --rm -v open-meteo-data:/app/data ghcr.io/open-meteo/open-meteo sync dwd_icon_eu precipitation","logger":"airflow.task.hooks.airflow.providers.standard.hooks.subprocess.SubprocessHook"}
{"timestamp":"2025-10-29T12:44:09.668711","level":"info","event":"⚠️ La variable 'temperature_2m' no contiene datos para lat=40.1281556, lon=-0.5212770999999998.","logger":"airflow.task.hooks.airflow.providers.standard.hooks.subprocess.SubprocessHook"}
{"timestamp":"2025-10-29T12:44:09.668847","level":"info","event":"Primero debes descargar los datos en el volumen con Docker, por ejemplo:","logger":"airflow.task.hooks.airflow.providers.standard.hooks.subprocess.SubprocessHook"}
{"timestamp":"2025-10-29T12:44:09.669024","level":"info","event":"docker run -it --rm -v open-meteo-data:/app/data ghcr.io/open-meteo/open-meteo sync dwd_icon_eu temperature_2m","logger":"airflow.task.hooks.airflow.providers.standard.hooks.subprocess.SubprocessHook"}
{"timestamp":"2025-10-29T12:44:09.669692","level":"info","event":"⚠️ La variable 'precipitation' no contiene datos para lat=40.1281556, lon=-0.5212770999999998.","logger":"airflow.task.hooks.airflow.providers.standard.hooks.subprocess.SubprocessHook"}
{"timestamp":"2025-10-29T12:44:09.670032","level":"info","event":"Primero debes descargar los datos en el volumen con Docker, por ejemplo:","logger":"airflow.task.hooks.airflow.providers.standard.hooks.subprocess.SubprocessHook"}
{"timestamp":"2025-10-29T12:44:09.670337","level":"info","event":"docker run -it --rm -v open-meteo-data:/app/data ghcr.io/open-meteo/open-meteo sync dwd_icon_eu precipitation","logger":"airflow.task.hooks.airflow.providers.standard.hooks.subprocess.SubprocessHook"}
{"timestamp":"2025-10-29T12:44:09.670584","level":"info","event":"⚠️ La variable 'temperature_2m' no contiene datos para lat=40.1281556, lon=-1.5212770999999998.","logger":"airflow.task.hooks.airflow.providers.standard.hooks.subprocess.SubprocessHook"}
{"timestamp":"2025-10-29T12:44:09.670804","level":"info","event":"Primero debes descargar los datos en el volumen con Docker, por ejemplo:","logger":"airflow.task.hooks.airflow.providers.standard.hooks.subprocess.SubprocessHook"}
{"timestamp":"2025-10-29T12:44:09.671009","level":"info","event":"docker run -it --rm -v open-meteo-data:/app/data ghcr.io/open-meteo/open-meteo sync dwd_icon_eu temperature_2m","logger":"airflow.task.hooks.airflow.providers.standard.hooks.subprocess.SubprocessHook"}
{"timestamp":"2025-10-29T12:44:09.671155","level":"info","event":"⚠️ La variable 'precipitation' no contiene datos para lat=40.1281556, lon=-1.5212770999999998.","logger":"airflow.task.hooks.airflow.providers.standard.hooks.subprocess.SubprocessHook"}
{"timestamp":"2025-10-29T12:44:09.671439","level":"info","event":"Primero debes descargar los datos en el volumen con Docker, por ejemplo:","logger":"airflow.task.hooks.airflow.providers.standard.hooks.subprocess.SubprocessHook"}
{"timestamp":"2025-10-29T12:44:09.671639","level":"info","event":"docker run -it --rm -v open-meteo-data:/app/data ghcr.io/open-meteo/open-meteo sync dwd_icon_eu precipitation","logger":"airflow.task.hooks.airflow.providers.standard.hooks.subprocess.SubprocessHook"}
{"timestamp":"2025-10-29T12:44:09.671814","level":"info","event":"⚠️ La variable 'temperature_2m' no contiene datos para lat=40.1281556, lon=-0.5212770999999998.","logger":"airflow.task.hooks.airflow.providers.standard.hooks.subprocess.SubprocessHook"}
{"timestamp":"2025-10-29T12:44:09.671942","level":"info","event":"Primero debes descargar los datos en el volumen con Docker, por ejemplo:","logger":"airflow.task.hooks.airflow.providers.standard.hooks.subprocess.SubprocessHook"}
{"timestamp":"2025-10-29T12:44:09.672054","level":"info","event":"docker run -it --rm -v open-meteo-data:/app/data ghcr.io/open-meteo/open-meteo sync dwd_icon_eu temperature_2m","logger":"airflow.task.hooks.airflow.providers.standard.hooks.subprocess.SubprocessHook"}
{"timestamp":"2025-10-29T12:44:09.672163","level":"info","event":"⚠️ La variable 'precipitation' no contiene datos para lat=40.1281556, lon=-0.5212770999999998.","logger":"airflow.task.hooks.airflow.providers.standard.hooks.subprocess.SubprocessHook"}
{"timestamp":"2025-10-29T12:44:09.672464","level":"info","event":"Primero debes descargar los datos en el volumen con Docker, por ejemplo:","logger":"airflow.task.hooks.airflow.providers.standard.hooks.subprocess.SubprocessHook"}
{"timestamp":"2025-10-29T12:44:09.672775","level":"info","event":"docker run -it --rm -v open-meteo-data:/app/data ghcr.io/open-meteo/open-meteo sync dwd_icon_eu precipitation","logger":"airflow.task.hooks.airflow.providers.standard.hooks.subprocess.SubprocessHook"}
{"timestamp":"2025-10-29T12:44:09.673085","level":"info","event":"⚠️ La variable 'temperature_2m' no contiene datos para lat=40.1281556, lon=-1.5212770999999998.","logger":"airflow.task.hooks.airflow.providers.standard.hooks.subprocess.SubprocessHook"}
{"timestamp":"2025-10-29T12:44:09.673412","level":"info","event":"Primero debes descargar los datos en el volumen con Docker, por ejemplo:","logger":"airflow.task.hooks.airflow.providers.standard.hooks.subprocess.SubprocessHook"}
{"timestamp":"2025-10-29T12:44:09.698997","level":"info","event":"docker run -it --rm -v open-meteo-data:/app/data ghcr.io/open-meteo/open-meteo sync dwd_icon_eu temperature_2m","logger":"airflow.task.hooks.airflow.providers.standard.hooks.subprocess.SubprocessHook"}
{"timestamp":"2025-10-29T12:44:09.699465","level":"info","event":"⚠️ La variable 'precipitation' no contiene datos para lat=40.1281556, lon=-1.5212770999999998.","logger":"airflow.task.hooks.airflow.providers.standard.hooks.subprocess.SubprocessHook"}
{"timestamp":"2025-10-29T12:44:09.699724","level":"info","event":"Primero debes descargar los datos en el volumen con Docker, por ejemplo:","logger":"airflow.task.hooks.airflow.providers.standard.hooks.subprocess.SubprocessHook"}
{"timestamp":"2025-10-29T12:44:09.699954","level":"info","event":"docker run -it --rm -v open-meteo-data:/app/data ghcr.io/open-meteo/open-meteo sync dwd_icon_eu precipitation","logger":"airflow.task.hooks.airflow.providers.standard.hooks.subprocess.SubprocessHook"}
{"timestamp":"2025-10-29T12:44:09.700201","level":"info","event":"⚠️ La variable 'temperature_2m' no contiene datos para lat=40.1281556, lon=-0.5212770999999998.","logger":"airflow.task.hooks.airflow.providers.standard.hooks.subprocess.SubprocessHook"}
{"timestamp":"2025-10-29T12:44:09.700450","level":"info","event":"Primero debes descargar los datos en el volumen con Docker, por ejemplo:","logger":"airflow.task.hooks.airflow.providers.standard.hooks.subprocess.SubprocessHook"}
{"timestamp":"2025-10-29T12:44:09.700647","level":"info","event":"docker run -it --rm -v open-meteo-data:/app/data ghcr.io/open-meteo/open-meteo sync dwd_icon_eu temperature_2m","logger":"airflow.task.hooks.airflow.providers.standard.hooks.subprocess.SubprocessHook"}
{"timestamp":"2025-10-29T12:44:09.700802","level":"info","event":"⚠️ La variable 'precipitation' no contiene datos para lat=40.1281556, lon=-0.5212770999999998.","logger":"airflow.task.hooks.airflow.providers.standard.hooks.subprocess.SubprocessHook"}
{"timestamp":"2025-10-29T12:44:09.700974","level":"info","event":"Primero debes descargar los datos en el volumen con Docker, por ejemplo:","logger":"airflow.task.hooks.airflow.providers.standard.hooks.subprocess.SubprocessHook"}
{"timestamp":"2025-10-29T12:44:09.701192","level":"info","event":"docker run -it --rm -v open-meteo-data:/app/data ghcr.io/open-meteo/open-meteo sync dwd_icon_eu precipitation","logger":"airflow.task.hooks.airflow.providers.standard.hooks.subprocess.SubprocessHook"}
{"timestamp":"2025-10-29T12:44:09.701460","level":"info","event":"","logger":"airflow.task.hooks.airflow.providers.standard.hooks.subprocess.SubprocessHook"}
{"timestamp":"2025-10-29T12:44:09.701715","level":"info","event":"🏁 Descarga completada en 5.98 s (0.10 min)","logger":"airflow.task.hooks.airflow.providers.standard.hooks.subprocess.SubprocessHook"}
{"timestamp":"2025-10-29T12:44:09.701985","level":"info","event":"❌ No se obtuvieron datos.","logger":"airflow.task.hooks.airflow.providers.standard.hooks.subprocess.SubprocessHook"}
{"timestamp":"2025-10-29T12:44:09.702251","level":"info","event":"Traceback (most recent call last):","logger":"airflow.task.hooks.airflow.providers.standard.hooks.subprocess.SubprocessHook"}
{"timestamp":"2025-10-29T12:44:09.702520","level":"info","event":"  File \"/opt/airflow/scripts/DWD_ICON_EU.py\", line 182, in <module>","logger":"airflow.task.hooks.airflow.providers.standard.hooks.subprocess.SubprocessHook"}
{"timestamp":"2025-10-29T12:44:09.702741","level":"info","event":"    main()","logger":"airflow.task.hooks.airflow.providers.standard.hooks.subprocess.SubprocessHook"}
{"timestamp":"2025-10-29T12:44:09.702948","level":"info","event":"  File \"/opt/airflow/scripts/DWD_ICON_EU.py\", line 169, in main","logger":"airflow.task.hooks.airflow.providers.standard.hooks.subprocess.SubprocessHook"}
{"timestamp":"2025-10-29T12:44:09.703133","level":"info","event":"    timestamp = df[\"time\"].tolist(),","logger":"airflow.task.hooks.airflow.providers.standard.hooks.subprocess.SubprocessHook"}
{"timestamp":"2025-10-29T12:44:09.703398","level":"info","event":"                ~~^^^^^^^^","logger":"airflow.task.hooks.airflow.providers.standard.hooks.subprocess.SubprocessHook"}
{"timestamp":"2025-10-29T12:44:09.703608","level":"info","event":"  File \"/home/airflow/.local/lib/python3.12/site-packages/pandas/core/frame.py\", line 3893, in __getitem__","logger":"airflow.task.hooks.airflow.providers.standard.hooks.subprocess.SubprocessHook"}
{"timestamp":"2025-10-29T12:44:09.703801","level":"info","event":"    indexer = self.columns.get_loc(key)","logger":"airflow.task.hooks.airflow.providers.standard.hooks.subprocess.SubprocessHook"}
{"timestamp":"2025-10-29T12:44:09.703976","level":"info","event":"              ^^^^^^^^^^^^^^^^^^^^^^^^^","logger":"airflow.task.hooks.airflow.providers.standard.hooks.subprocess.SubprocessHook"}
{"timestamp":"2025-10-29T12:44:09.704220","level":"info","event":"  File \"/home/airflow/.local/lib/python3.12/site-packages/pandas/core/indexes/range.py\", line 418, in get_loc","logger":"airflow.task.hooks.airflow.providers.standard.hooks.subprocess.SubprocessHook"}
{"timestamp":"2025-10-29T12:44:09.704473","level":"info","event":"    raise KeyError(key)","logger":"airflow.task.hooks.airflow.providers.standard.hooks.subprocess.SubprocessHook"}
{"timestamp":"2025-10-29T12:44:09.704649","level":"info","event":"KeyError: 'time'","logger":"airflow.task.hooks.airflow.providers.standard.hooks.subprocess.SubprocessHook"}
{"timestamp":"2025-10-29T12:44:09.943636","level":"info","event":"Command exited with return code 1","logger":"airflow.task.hooks.airflow.providers.standard.hooks.subprocess.SubprocessHook"}
{"timestamp":"2025-10-29T12:44:09.945651","level":"error","event":"Task failed with exception","logger":"task","error_detail":[{"exc_type":"AirflowException","exc_value":"Bash command failed. The command returned a non-zero exit code 1.","exc_notes":[],"syntax_error":null,"is_cause":false,"frames":[{"filename":"/home/airflow/.local/lib/python3.12/site-packages/airflow/sdk/execution_time/task_runner.py","lineno":920,"name":"run"},{"filename":"/home/airflow/.local/lib/python3.12/site-packages/airflow/sdk/execution_time/task_runner.py","lineno":1215,"name":"_execute_task"},{"filename":"/home/airflow/.local/lib/python3.12/site-packages/airflow/sdk/bases/operator.py","lineno":397,"name":"wrapper"},{"filename":"/home/airflow/.local/lib/python3.12/site-packages/airflow/providers/standard/operators/bash.py","lineno":232,"name":"execute"}],"is_group":false,"exceptions":[]}]}
