{"timestamp":"2025-10-29T12:54:11.500011","level":"info","event":"DAG bundles loaded: dags-folder","logger":"airflow.dag_processing.bundles.manager.DagBundlesManager"}
{"timestamp":"2025-10-29T12:54:11.501390","level":"info","event":"Filling up the DagBag from /opt/airflow/dags/Airflow.py","logger":"airflow.models.dagbag.DagBag"}
{"timestamp":"2025-10-29T12:54:11.559860","level":"info","event":"Tmp dir root location: /tmp","logger":"airflow.task.hooks.airflow.providers.standard.hooks.subprocess.SubprocessHook"}
{"timestamp":"2025-10-29T12:54:11.561428","level":"info","event":"Running command: ['/usr/bin/bash', '-c', 'python3 /opt/airflow/scripts/DWD_ICON_EU.py']","logger":"airflow.task.hooks.airflow.providers.standard.hooks.subprocess.SubprocessHook"}
{"timestamp":"2025-10-29T12:54:11.580663","level":"info","event":"Output:","logger":"airflow.task.hooks.airflow.providers.standard.hooks.subprocess.SubprocessHook"}
{"timestamp":"2025-10-29T12:54:14.901791","level":"info","event":"[ INFO ] Checking for files to with more than 7 past days data","logger":"airflow.task.hooks.airflow.providers.standard.hooks.subprocess.SubprocessHook"}
{"timestamp":"2025-10-29T12:54:17.317781","level":"info","event":"[ INFO ] Checking for files to with more than 7 past days data","logger":"airflow.task.hooks.airflow.providers.standard.hooks.subprocess.SubprocessHook"}
{"timestamp":"2025-10-29T12:54:19.610738","level":"info","event":"🔄 Descargando datos de http://host.docker.internal:8081/v1/forecast ...","logger":"airflow.task.hooks.airflow.providers.standard.hooks.subprocess.SubprocessHook"}
{"timestamp":"2025-10-29T12:54:19.611151","level":"info","event":"⬇️ Descargando temperature_2m del Bucket S3 de AWS...","logger":"airflow.task.hooks.airflow.providers.standard.hooks.subprocess.SubprocessHook"}
{"timestamp":"2025-10-29T12:54:19.611349","level":"info","event":"⬇️ Descargando precipitation del Bucket S3 de AWS...","logger":"airflow.task.hooks.airflow.providers.standard.hooks.subprocess.SubprocessHook"}
{"timestamp":"2025-10-29T12:54:19.611677","level":"info","event":"⚠️ La variable 'temperature_2m' no contiene datos para lat=39.1281556, lon=-1.5212770999999998.","logger":"airflow.task.hooks.airflow.providers.standard.hooks.subprocess.SubprocessHook"}
{"timestamp":"2025-10-29T12:54:19.611900","level":"info","event":"Primero debes descargar los datos en el volumen con Docker, por ejemplo:","logger":"airflow.task.hooks.airflow.providers.standard.hooks.subprocess.SubprocessHook"}
{"timestamp":"2025-10-29T12:54:19.612204","level":"info","event":"docker run -it --rm -v open-meteo-data:/app/data ghcr.io/open-meteo/open-meteo sync dwd_icon_eu temperature_2m","logger":"airflow.task.hooks.airflow.providers.standard.hooks.subprocess.SubprocessHook"}
{"timestamp":"2025-10-29T12:54:19.612394","level":"info","event":"⚠️ La variable 'precipitation' no contiene datos para lat=39.1281556, lon=-1.5212770999999998.","logger":"airflow.task.hooks.airflow.providers.standard.hooks.subprocess.SubprocessHook"}
{"timestamp":"2025-10-29T12:54:19.612858","level":"info","event":"Primero debes descargar los datos en el volumen con Docker, por ejemplo:","logger":"airflow.task.hooks.airflow.providers.standard.hooks.subprocess.SubprocessHook"}
{"timestamp":"2025-10-29T12:54:19.613140","level":"info","event":"docker run -it --rm -v open-meteo-data:/app/data ghcr.io/open-meteo/open-meteo sync dwd_icon_eu precipitation","logger":"airflow.task.hooks.airflow.providers.standard.hooks.subprocess.SubprocessHook"}
{"timestamp":"2025-10-29T12:54:19.613448","level":"info","event":"⚠️ La variable 'temperature_2m' no contiene datos para lat=39.1281556, lon=-0.5212770999999998.","logger":"airflow.task.hooks.airflow.providers.standard.hooks.subprocess.SubprocessHook"}
{"timestamp":"2025-10-29T12:54:19.613810","level":"info","event":"Primero debes descargar los datos en el volumen con Docker, por ejemplo:","logger":"airflow.task.hooks.airflow.providers.standard.hooks.subprocess.SubprocessHook"}
{"timestamp":"2025-10-29T12:54:19.614036","level":"info","event":"docker run -it --rm -v open-meteo-data:/app/data ghcr.io/open-meteo/open-meteo sync dwd_icon_eu temperature_2m","logger":"airflow.task.hooks.airflow.providers.standard.hooks.subprocess.SubprocessHook"}
{"timestamp":"2025-10-29T12:54:19.614274","level":"info","event":"⚠️ La variable 'precipitation' no contiene datos para lat=39.1281556, lon=-0.5212770999999998.","logger":"airflow.task.hooks.airflow.providers.standard.hooks.subprocess.SubprocessHook"}
{"timestamp":"2025-10-29T12:54:19.614516","level":"info","event":"Primero debes descargar los datos en el volumen con Docker, por ejemplo:","logger":"airflow.task.hooks.airflow.providers.standard.hooks.subprocess.SubprocessHook"}
{"timestamp":"2025-10-29T12:54:19.614829","level":"info","event":"docker run -it --rm -v open-meteo-data:/app/data ghcr.io/open-meteo/open-meteo sync dwd_icon_eu precipitation","logger":"airflow.task.hooks.airflow.providers.standard.hooks.subprocess.SubprocessHook"}
{"timestamp":"2025-10-29T12:54:19.615055","level":"info","event":"⚠️ La variable 'temperature_2m' no contiene datos para lat=39.1281556, lon=-1.5212770999999998.","logger":"airflow.task.hooks.airflow.providers.standard.hooks.subprocess.SubprocessHook"}
{"timestamp":"2025-10-29T12:54:19.615368","level":"info","event":"Primero debes descargar los datos en el volumen con Docker, por ejemplo:","logger":"airflow.task.hooks.airflow.providers.standard.hooks.subprocess.SubprocessHook"}
{"timestamp":"2025-10-29T12:54:19.615594","level":"info","event":"docker run -it --rm -v open-meteo-data:/app/data ghcr.io/open-meteo/open-meteo sync dwd_icon_eu temperature_2m","logger":"airflow.task.hooks.airflow.providers.standard.hooks.subprocess.SubprocessHook"}
{"timestamp":"2025-10-29T12:54:19.615996","level":"info","event":"⚠️ La variable 'precipitation' no contiene datos para lat=39.1281556, lon=-1.5212770999999998.","logger":"airflow.task.hooks.airflow.providers.standard.hooks.subprocess.SubprocessHook"}
{"timestamp":"2025-10-29T12:54:19.616237","level":"info","event":"Primero debes descargar los datos en el volumen con Docker, por ejemplo:","logger":"airflow.task.hooks.airflow.providers.standard.hooks.subprocess.SubprocessHook"}
{"timestamp":"2025-10-29T12:54:19.616534","level":"info","event":"docker run -it --rm -v open-meteo-data:/app/data ghcr.io/open-meteo/open-meteo sync dwd_icon_eu precipitation","logger":"airflow.task.hooks.airflow.providers.standard.hooks.subprocess.SubprocessHook"}
{"timestamp":"2025-10-29T12:54:19.616760","level":"info","event":"⚠️ La variable 'temperature_2m' no contiene datos para lat=39.1281556, lon=-0.5212770999999998.","logger":"airflow.task.hooks.airflow.providers.standard.hooks.subprocess.SubprocessHook"}
{"timestamp":"2025-10-29T12:54:19.617037","level":"info","event":"Primero debes descargar los datos en el volumen con Docker, por ejemplo:","logger":"airflow.task.hooks.airflow.providers.standard.hooks.subprocess.SubprocessHook"}
{"timestamp":"2025-10-29T12:54:19.617179","level":"info","event":"docker run -it --rm -v open-meteo-data:/app/data ghcr.io/open-meteo/open-meteo sync dwd_icon_eu temperature_2m","logger":"airflow.task.hooks.airflow.providers.standard.hooks.subprocess.SubprocessHook"}
{"timestamp":"2025-10-29T12:54:19.617296","level":"info","event":"⚠️ La variable 'precipitation' no contiene datos para lat=39.1281556, lon=-0.5212770999999998.","logger":"airflow.task.hooks.airflow.providers.standard.hooks.subprocess.SubprocessHook"}
{"timestamp":"2025-10-29T12:54:19.617499","level":"info","event":"Primero debes descargar los datos en el volumen con Docker, por ejemplo:","logger":"airflow.task.hooks.airflow.providers.standard.hooks.subprocess.SubprocessHook"}
{"timestamp":"2025-10-29T12:54:19.617686","level":"info","event":"docker run -it --rm -v open-meteo-data:/app/data ghcr.io/open-meteo/open-meteo sync dwd_icon_eu precipitation","logger":"airflow.task.hooks.airflow.providers.standard.hooks.subprocess.SubprocessHook"}
{"timestamp":"2025-10-29T12:54:19.617872","level":"info","event":"⚠️ La variable 'temperature_2m' no contiene datos para lat=39.1281556, lon=-1.5212770999999998.","logger":"airflow.task.hooks.airflow.providers.standard.hooks.subprocess.SubprocessHook"}
{"timestamp":"2025-10-29T12:54:19.618057","level":"info","event":"Primero debes descargar los datos en el volumen con Docker, por ejemplo:","logger":"airflow.task.hooks.airflow.providers.standard.hooks.subprocess.SubprocessHook"}
{"timestamp":"2025-10-29T12:54:19.618322","level":"info","event":"docker run -it --rm -v open-meteo-data:/app/data ghcr.io/open-meteo/open-meteo sync dwd_icon_eu temperature_2m","logger":"airflow.task.hooks.airflow.providers.standard.hooks.subprocess.SubprocessHook"}
{"timestamp":"2025-10-29T12:54:19.618469","level":"info","event":"⚠️ La variable 'precipitation' no contiene datos para lat=39.1281556, lon=-1.5212770999999998.","logger":"airflow.task.hooks.airflow.providers.standard.hooks.subprocess.SubprocessHook"}
{"timestamp":"2025-10-29T12:54:19.618588","level":"info","event":"Primero debes descargar los datos en el volumen con Docker, por ejemplo:","logger":"airflow.task.hooks.airflow.providers.standard.hooks.subprocess.SubprocessHook"}
{"timestamp":"2025-10-29T12:54:19.618792","level":"info","event":"docker run -it --rm -v open-meteo-data:/app/data ghcr.io/open-meteo/open-meteo sync dwd_icon_eu precipitation","logger":"airflow.task.hooks.airflow.providers.standard.hooks.subprocess.SubprocessHook"}
{"timestamp":"2025-10-29T12:54:19.618991","level":"info","event":"⚠️ La variable 'temperature_2m' no contiene datos para lat=39.1281556, lon=-0.5212770999999998.","logger":"airflow.task.hooks.airflow.providers.standard.hooks.subprocess.SubprocessHook"}
{"timestamp":"2025-10-29T12:54:19.619171","level":"info","event":"Primero debes descargar los datos en el volumen con Docker, por ejemplo:","logger":"airflow.task.hooks.airflow.providers.standard.hooks.subprocess.SubprocessHook"}
{"timestamp":"2025-10-29T12:54:19.619431","level":"info","event":"docker run -it --rm -v open-meteo-data:/app/data ghcr.io/open-meteo/open-meteo sync dwd_icon_eu temperature_2m","logger":"airflow.task.hooks.airflow.providers.standard.hooks.subprocess.SubprocessHook"}
{"timestamp":"2025-10-29T12:54:19.619576","level":"info","event":"⚠️ La variable 'precipitation' no contiene datos para lat=39.1281556, lon=-0.5212770999999998.","logger":"airflow.task.hooks.airflow.providers.standard.hooks.subprocess.SubprocessHook"}
{"timestamp":"2025-10-29T12:54:19.619945","level":"info","event":"Primero debes descargar los datos en el volumen con Docker, por ejemplo:","logger":"airflow.task.hooks.airflow.providers.standard.hooks.subprocess.SubprocessHook"}
{"timestamp":"2025-10-29T12:54:19.620248","level":"info","event":"docker run -it --rm -v open-meteo-data:/app/data ghcr.io/open-meteo/open-meteo sync dwd_icon_eu precipitation","logger":"airflow.task.hooks.airflow.providers.standard.hooks.subprocess.SubprocessHook"}
{"timestamp":"2025-10-29T12:54:19.620575","level":"info","event":"⚠️ La variable 'temperature_2m' no contiene datos para lat=39.1281556, lon=-1.5212770999999998.","logger":"airflow.task.hooks.airflow.providers.standard.hooks.subprocess.SubprocessHook"}
{"timestamp":"2025-10-29T12:54:19.620830","level":"info","event":"Primero debes descargar los datos en el volumen con Docker, por ejemplo:","logger":"airflow.task.hooks.airflow.providers.standard.hooks.subprocess.SubprocessHook"}
{"timestamp":"2025-10-29T12:54:19.621144","level":"info","event":"docker run -it --rm -v open-meteo-data:/app/data ghcr.io/open-meteo/open-meteo sync dwd_icon_eu temperature_2m","logger":"airflow.task.hooks.airflow.providers.standard.hooks.subprocess.SubprocessHook"}
{"timestamp":"2025-10-29T12:54:19.621439","level":"info","event":"⚠️ La variable 'precipitation' no contiene datos para lat=39.1281556, lon=-1.5212770999999998.","logger":"airflow.task.hooks.airflow.providers.standard.hooks.subprocess.SubprocessHook"}
{"timestamp":"2025-10-29T12:54:19.621683","level":"info","event":"Primero debes descargar los datos en el volumen con Docker, por ejemplo:","logger":"airflow.task.hooks.airflow.providers.standard.hooks.subprocess.SubprocessHook"}
{"timestamp":"2025-10-29T12:54:19.621992","level":"info","event":"docker run -it --rm -v open-meteo-data:/app/data ghcr.io/open-meteo/open-meteo sync dwd_icon_eu precipitation","logger":"airflow.task.hooks.airflow.providers.standard.hooks.subprocess.SubprocessHook"}
{"timestamp":"2025-10-29T12:54:19.622386","level":"info","event":"⚠️ La variable 'temperature_2m' no contiene datos para lat=39.1281556, lon=-0.5212770999999998.","logger":"airflow.task.hooks.airflow.providers.standard.hooks.subprocess.SubprocessHook"}
{"timestamp":"2025-10-29T12:54:19.622641","level":"info","event":"Primero debes descargar los datos en el volumen con Docker, por ejemplo:","logger":"airflow.task.hooks.airflow.providers.standard.hooks.subprocess.SubprocessHook"}
{"timestamp":"2025-10-29T12:54:19.622950","level":"info","event":"docker run -it --rm -v open-meteo-data:/app/data ghcr.io/open-meteo/open-meteo sync dwd_icon_eu temperature_2m","logger":"airflow.task.hooks.airflow.providers.standard.hooks.subprocess.SubprocessHook"}
{"timestamp":"2025-10-29T12:54:19.623205","level":"info","event":"⚠️ La variable 'precipitation' no contiene datos para lat=39.1281556, lon=-0.5212770999999998.","logger":"airflow.task.hooks.airflow.providers.standard.hooks.subprocess.SubprocessHook"}
{"timestamp":"2025-10-29T12:54:19.623533","level":"info","event":"Primero debes descargar los datos en el volumen con Docker, por ejemplo:","logger":"airflow.task.hooks.airflow.providers.standard.hooks.subprocess.SubprocessHook"}
{"timestamp":"2025-10-29T12:54:19.623936","level":"info","event":"docker run -it --rm -v open-meteo-data:/app/data ghcr.io/open-meteo/open-meteo sync dwd_icon_eu precipitation","logger":"airflow.task.hooks.airflow.providers.standard.hooks.subprocess.SubprocessHook"}
{"timestamp":"2025-10-29T12:54:19.624199","level":"info","event":"⚠️ La variable 'temperature_2m' no contiene datos para lat=40.1281556, lon=-1.5212770999999998.","logger":"airflow.task.hooks.airflow.providers.standard.hooks.subprocess.SubprocessHook"}
{"timestamp":"2025-10-29T12:54:19.624517","level":"info","event":"Primero debes descargar los datos en el volumen con Docker, por ejemplo:","logger":"airflow.task.hooks.airflow.providers.standard.hooks.subprocess.SubprocessHook"}
{"timestamp":"2025-10-29T12:54:19.624765","level":"info","event":"docker run -it --rm -v open-meteo-data:/app/data ghcr.io/open-meteo/open-meteo sync dwd_icon_eu temperature_2m","logger":"airflow.task.hooks.airflow.providers.standard.hooks.subprocess.SubprocessHook"}
{"timestamp":"2025-10-29T12:54:19.625082","level":"info","event":"⚠️ La variable 'precipitation' no contiene datos para lat=40.1281556, lon=-1.5212770999999998.","logger":"airflow.task.hooks.airflow.providers.standard.hooks.subprocess.SubprocessHook"}
{"timestamp":"2025-10-29T12:54:19.625344","level":"info","event":"Primero debes descargar los datos en el volumen con Docker, por ejemplo:","logger":"airflow.task.hooks.airflow.providers.standard.hooks.subprocess.SubprocessHook"}
{"timestamp":"2025-10-29T12:54:19.625659","level":"info","event":"docker run -it --rm -v open-meteo-data:/app/data ghcr.io/open-meteo/open-meteo sync dwd_icon_eu precipitation","logger":"airflow.task.hooks.airflow.providers.standard.hooks.subprocess.SubprocessHook"}
{"timestamp":"2025-10-29T12:54:19.625905","level":"info","event":"⚠️ La variable 'temperature_2m' no contiene datos para lat=40.1281556, lon=-0.5212770999999998.","logger":"airflow.task.hooks.airflow.providers.standard.hooks.subprocess.SubprocessHook"}
{"timestamp":"2025-10-29T12:54:19.626222","level":"info","event":"Primero debes descargar los datos en el volumen con Docker, por ejemplo:","logger":"airflow.task.hooks.airflow.providers.standard.hooks.subprocess.SubprocessHook"}
{"timestamp":"2025-10-29T12:54:19.626461","level":"info","event":"docker run -it --rm -v open-meteo-data:/app/data ghcr.io/open-meteo/open-meteo sync dwd_icon_eu temperature_2m","logger":"airflow.task.hooks.airflow.providers.standard.hooks.subprocess.SubprocessHook"}
{"timestamp":"2025-10-29T12:54:19.626816","level":"info","event":"⚠️ La variable 'precipitation' no contiene datos para lat=40.1281556, lon=-0.5212770999999998.","logger":"airflow.task.hooks.airflow.providers.standard.hooks.subprocess.SubprocessHook"}
{"timestamp":"2025-10-29T12:54:19.627101","level":"info","event":"Primero debes descargar los datos en el volumen con Docker, por ejemplo:","logger":"airflow.task.hooks.airflow.providers.standard.hooks.subprocess.SubprocessHook"}
{"timestamp":"2025-10-29T12:54:19.627452","level":"info","event":"docker run -it --rm -v open-meteo-data:/app/data ghcr.io/open-meteo/open-meteo sync dwd_icon_eu precipitation","logger":"airflow.task.hooks.airflow.providers.standard.hooks.subprocess.SubprocessHook"}
{"timestamp":"2025-10-29T12:54:19.627741","level":"info","event":"⚠️ La variable 'temperature_2m' no contiene datos para lat=40.1281556, lon=-1.5212770999999998.","logger":"airflow.task.hooks.airflow.providers.standard.hooks.subprocess.SubprocessHook"}
{"timestamp":"2025-10-29T12:54:19.628072","level":"info","event":"Primero debes descargar los datos en el volumen con Docker, por ejemplo:","logger":"airflow.task.hooks.airflow.providers.standard.hooks.subprocess.SubprocessHook"}
{"timestamp":"2025-10-29T12:54:19.628329","level":"info","event":"docker run -it --rm -v open-meteo-data:/app/data ghcr.io/open-meteo/open-meteo sync dwd_icon_eu temperature_2m","logger":"airflow.task.hooks.airflow.providers.standard.hooks.subprocess.SubprocessHook"}
{"timestamp":"2025-10-29T12:54:19.628623","level":"info","event":"⚠️ La variable 'precipitation' no contiene datos para lat=40.1281556, lon=-1.5212770999999998.","logger":"airflow.task.hooks.airflow.providers.standard.hooks.subprocess.SubprocessHook"}
{"timestamp":"2025-10-29T12:54:19.628875","level":"info","event":"Primero debes descargar los datos en el volumen con Docker, por ejemplo:","logger":"airflow.task.hooks.airflow.providers.standard.hooks.subprocess.SubprocessHook"}
{"timestamp":"2025-10-29T12:54:19.629189","level":"info","event":"docker run -it --rm -v open-meteo-data:/app/data ghcr.io/open-meteo/open-meteo sync dwd_icon_eu precipitation","logger":"airflow.task.hooks.airflow.providers.standard.hooks.subprocess.SubprocessHook"}
{"timestamp":"2025-10-29T12:54:19.629436","level":"info","event":"⚠️ La variable 'temperature_2m' no contiene datos para lat=40.1281556, lon=-0.5212770999999998.","logger":"airflow.task.hooks.airflow.providers.standard.hooks.subprocess.SubprocessHook"}
{"timestamp":"2025-10-29T12:54:19.629728","level":"info","event":"Primero debes descargar los datos en el volumen con Docker, por ejemplo:","logger":"airflow.task.hooks.airflow.providers.standard.hooks.subprocess.SubprocessHook"}
{"timestamp":"2025-10-29T12:54:19.629971","level":"info","event":"docker run -it --rm -v open-meteo-data:/app/data ghcr.io/open-meteo/open-meteo sync dwd_icon_eu temperature_2m","logger":"airflow.task.hooks.airflow.providers.standard.hooks.subprocess.SubprocessHook"}
{"timestamp":"2025-10-29T12:54:19.630350","level":"info","event":"⚠️ La variable 'precipitation' no contiene datos para lat=40.1281556, lon=-0.5212770999999998.","logger":"airflow.task.hooks.airflow.providers.standard.hooks.subprocess.SubprocessHook"}
{"timestamp":"2025-10-29T12:54:19.630594","level":"info","event":"Primero debes descargar los datos en el volumen con Docker, por ejemplo:","logger":"airflow.task.hooks.airflow.providers.standard.hooks.subprocess.SubprocessHook"}
{"timestamp":"2025-10-29T12:54:19.630889","level":"info","event":"docker run -it --rm -v open-meteo-data:/app/data ghcr.io/open-meteo/open-meteo sync dwd_icon_eu precipitation","logger":"airflow.task.hooks.airflow.providers.standard.hooks.subprocess.SubprocessHook"}
{"timestamp":"2025-10-29T12:54:19.631133","level":"info","event":"⚠️ La variable 'temperature_2m' no contiene datos para lat=40.1281556, lon=-1.5212770999999998.","logger":"airflow.task.hooks.airflow.providers.standard.hooks.subprocess.SubprocessHook"}
{"timestamp":"2025-10-29T12:54:19.631491","level":"info","event":"Primero debes descargar los datos en el volumen con Docker, por ejemplo:","logger":"airflow.task.hooks.airflow.providers.standard.hooks.subprocess.SubprocessHook"}
{"timestamp":"2025-10-29T12:54:19.631835","level":"info","event":"docker run -it --rm -v open-meteo-data:/app/data ghcr.io/open-meteo/open-meteo sync dwd_icon_eu temperature_2m","logger":"airflow.task.hooks.airflow.providers.standard.hooks.subprocess.SubprocessHook"}
{"timestamp":"2025-10-29T12:54:19.632125","level":"info","event":"⚠️ La variable 'precipitation' no contiene datos para lat=40.1281556, lon=-1.5212770999999998.","logger":"airflow.task.hooks.airflow.providers.standard.hooks.subprocess.SubprocessHook"}
{"timestamp":"2025-10-29T12:54:19.632384","level":"info","event":"Primero debes descargar los datos en el volumen con Docker, por ejemplo:","logger":"airflow.task.hooks.airflow.providers.standard.hooks.subprocess.SubprocessHook"}
{"timestamp":"2025-10-29T12:54:19.632667","level":"info","event":"docker run -it --rm -v open-meteo-data:/app/data ghcr.io/open-meteo/open-meteo sync dwd_icon_eu precipitation","logger":"airflow.task.hooks.airflow.providers.standard.hooks.subprocess.SubprocessHook"}
{"timestamp":"2025-10-29T12:54:19.632944","level":"info","event":"⚠️ La variable 'temperature_2m' no contiene datos para lat=40.1281556, lon=-0.5212770999999998.","logger":"airflow.task.hooks.airflow.providers.standard.hooks.subprocess.SubprocessHook"}
{"timestamp":"2025-10-29T12:54:19.633257","level":"info","event":"Primero debes descargar los datos en el volumen con Docker, por ejemplo:","logger":"airflow.task.hooks.airflow.providers.standard.hooks.subprocess.SubprocessHook"}
{"timestamp":"2025-10-29T12:54:19.633505","level":"info","event":"docker run -it --rm -v open-meteo-data:/app/data ghcr.io/open-meteo/open-meteo sync dwd_icon_eu temperature_2m","logger":"airflow.task.hooks.airflow.providers.standard.hooks.subprocess.SubprocessHook"}
{"timestamp":"2025-10-29T12:54:19.633741","level":"info","event":"⚠️ La variable 'precipitation' no contiene datos para lat=40.1281556, lon=-0.5212770999999998.","logger":"airflow.task.hooks.airflow.providers.standard.hooks.subprocess.SubprocessHook"}
{"timestamp":"2025-10-29T12:54:19.634097","level":"info","event":"Primero debes descargar los datos en el volumen con Docker, por ejemplo:","logger":"airflow.task.hooks.airflow.providers.standard.hooks.subprocess.SubprocessHook"}
{"timestamp":"2025-10-29T12:54:19.634333","level":"info","event":"docker run -it --rm -v open-meteo-data:/app/data ghcr.io/open-meteo/open-meteo sync dwd_icon_eu precipitation","logger":"airflow.task.hooks.airflow.providers.standard.hooks.subprocess.SubprocessHook"}
{"timestamp":"2025-10-29T12:54:19.634672","level":"info","event":"⚠️ La variable 'temperature_2m' no contiene datos para lat=40.1281556, lon=-1.5212770999999998.","logger":"airflow.task.hooks.airflow.providers.standard.hooks.subprocess.SubprocessHook"}
{"timestamp":"2025-10-29T12:54:19.634916","level":"info","event":"Primero debes descargar los datos en el volumen con Docker, por ejemplo:","logger":"airflow.task.hooks.airflow.providers.standard.hooks.subprocess.SubprocessHook"}
{"timestamp":"2025-10-29T12:54:19.665874","level":"info","event":"docker run -it --rm -v open-meteo-data:/app/data ghcr.io/open-meteo/open-meteo sync dwd_icon_eu temperature_2m","logger":"airflow.task.hooks.airflow.providers.standard.hooks.subprocess.SubprocessHook"}
{"timestamp":"2025-10-29T12:54:19.666261","level":"info","event":"⚠️ La variable 'precipitation' no contiene datos para lat=40.1281556, lon=-1.5212770999999998.","logger":"airflow.task.hooks.airflow.providers.standard.hooks.subprocess.SubprocessHook"}
{"timestamp":"2025-10-29T12:54:19.666480","level":"info","event":"Primero debes descargar los datos en el volumen con Docker, por ejemplo:","logger":"airflow.task.hooks.airflow.providers.standard.hooks.subprocess.SubprocessHook"}
{"timestamp":"2025-10-29T12:54:19.666770","level":"info","event":"docker run -it --rm -v open-meteo-data:/app/data ghcr.io/open-meteo/open-meteo sync dwd_icon_eu precipitation","logger":"airflow.task.hooks.airflow.providers.standard.hooks.subprocess.SubprocessHook"}
{"timestamp":"2025-10-29T12:54:19.666998","level":"info","event":"⚠️ La variable 'temperature_2m' no contiene datos para lat=40.1281556, lon=-0.5212770999999998.","logger":"airflow.task.hooks.airflow.providers.standard.hooks.subprocess.SubprocessHook"}
{"timestamp":"2025-10-29T12:54:19.667160","level":"info","event":"Primero debes descargar los datos en el volumen con Docker, por ejemplo:","logger":"airflow.task.hooks.airflow.providers.standard.hooks.subprocess.SubprocessHook"}
{"timestamp":"2025-10-29T12:54:19.667375","level":"info","event":"docker run -it --rm -v open-meteo-data:/app/data ghcr.io/open-meteo/open-meteo sync dwd_icon_eu temperature_2m","logger":"airflow.task.hooks.airflow.providers.standard.hooks.subprocess.SubprocessHook"}
{"timestamp":"2025-10-29T12:54:19.667553","level":"info","event":"⚠️ La variable 'precipitation' no contiene datos para lat=40.1281556, lon=-0.5212770999999998.","logger":"airflow.task.hooks.airflow.providers.standard.hooks.subprocess.SubprocessHook"}
{"timestamp":"2025-10-29T12:54:19.667876","level":"info","event":"Primero debes descargar los datos en el volumen con Docker, por ejemplo:","logger":"airflow.task.hooks.airflow.providers.standard.hooks.subprocess.SubprocessHook"}
{"timestamp":"2025-10-29T12:54:19.668026","level":"info","event":"docker run -it --rm -v open-meteo-data:/app/data ghcr.io/open-meteo/open-meteo sync dwd_icon_eu precipitation","logger":"airflow.task.hooks.airflow.providers.standard.hooks.subprocess.SubprocessHook"}
{"timestamp":"2025-10-29T12:54:19.668146","level":"info","event":"","logger":"airflow.task.hooks.airflow.providers.standard.hooks.subprocess.SubprocessHook"}
{"timestamp":"2025-10-29T12:54:19.668262","level":"info","event":"🏁 Descarga completada en 5.42 s (0.09 min)","logger":"airflow.task.hooks.airflow.providers.standard.hooks.subprocess.SubprocessHook"}
{"timestamp":"2025-10-29T12:54:19.668490","level":"info","event":"❌ No se obtuvieron datos.","logger":"airflow.task.hooks.airflow.providers.standard.hooks.subprocess.SubprocessHook"}
{"timestamp":"2025-10-29T12:54:19.668644","level":"info","event":"Traceback (most recent call last):","logger":"airflow.task.hooks.airflow.providers.standard.hooks.subprocess.SubprocessHook"}
{"timestamp":"2025-10-29T12:54:19.668758","level":"info","event":"  File \"/opt/airflow/scripts/DWD_ICON_EU.py\", line 182, in <module>","logger":"airflow.task.hooks.airflow.providers.standard.hooks.subprocess.SubprocessHook"}
{"timestamp":"2025-10-29T12:54:19.668868","level":"info","event":"    main()","logger":"airflow.task.hooks.airflow.providers.standard.hooks.subprocess.SubprocessHook"}
{"timestamp":"2025-10-29T12:54:19.669182","level":"info","event":"  File \"/opt/airflow/scripts/DWD_ICON_EU.py\", line 169, in main","logger":"airflow.task.hooks.airflow.providers.standard.hooks.subprocess.SubprocessHook"}
{"timestamp":"2025-10-29T12:54:19.669320","level":"info","event":"    timestamp = df[\"time\"].tolist(),","logger":"airflow.task.hooks.airflow.providers.standard.hooks.subprocess.SubprocessHook"}
{"timestamp":"2025-10-29T12:54:19.669431","level":"info","event":"                ~~^^^^^^^^","logger":"airflow.task.hooks.airflow.providers.standard.hooks.subprocess.SubprocessHook"}
{"timestamp":"2025-10-29T12:54:19.669537","level":"info","event":"  File \"/home/airflow/.local/lib/python3.12/site-packages/pandas/core/frame.py\", line 3893, in __getitem__","logger":"airflow.task.hooks.airflow.providers.standard.hooks.subprocess.SubprocessHook"}
{"timestamp":"2025-10-29T12:54:19.669646","level":"info","event":"    indexer = self.columns.get_loc(key)","logger":"airflow.task.hooks.airflow.providers.standard.hooks.subprocess.SubprocessHook"}
{"timestamp":"2025-10-29T12:54:19.669843","level":"info","event":"              ^^^^^^^^^^^^^^^^^^^^^^^^^","logger":"airflow.task.hooks.airflow.providers.standard.hooks.subprocess.SubprocessHook"}
{"timestamp":"2025-10-29T12:54:19.669958","level":"info","event":"  File \"/home/airflow/.local/lib/python3.12/site-packages/pandas/core/indexes/range.py\", line 418, in get_loc","logger":"airflow.task.hooks.airflow.providers.standard.hooks.subprocess.SubprocessHook"}
{"timestamp":"2025-10-29T12:54:19.670075","level":"info","event":"    raise KeyError(key)","logger":"airflow.task.hooks.airflow.providers.standard.hooks.subprocess.SubprocessHook"}
{"timestamp":"2025-10-29T12:54:19.670183","level":"info","event":"KeyError: 'time'","logger":"airflow.task.hooks.airflow.providers.standard.hooks.subprocess.SubprocessHook"}
{"timestamp":"2025-10-29T12:54:19.899084","level":"info","event":"Command exited with return code 1","logger":"airflow.task.hooks.airflow.providers.standard.hooks.subprocess.SubprocessHook"}
{"timestamp":"2025-10-29T12:54:19.900719","level":"error","event":"Task failed with exception","logger":"task","error_detail":[{"exc_type":"AirflowException","exc_value":"Bash command failed. The command returned a non-zero exit code 1.","exc_notes":[],"syntax_error":null,"is_cause":false,"frames":[{"filename":"/home/airflow/.local/lib/python3.12/site-packages/airflow/sdk/execution_time/task_runner.py","lineno":920,"name":"run"},{"filename":"/home/airflow/.local/lib/python3.12/site-packages/airflow/sdk/execution_time/task_runner.py","lineno":1215,"name":"_execute_task"},{"filename":"/home/airflow/.local/lib/python3.12/site-packages/airflow/sdk/bases/operator.py","lineno":397,"name":"wrapper"},{"filename":"/home/airflow/.local/lib/python3.12/site-packages/airflow/providers/standard/operators/bash.py","lineno":232,"name":"execute"}],"is_group":false,"exceptions":[]}]}
