{"timestamp":"2025-10-30T11:46:37.271902","level":"info","event":"Filling up the DagBag from /opt/airflow/dags/EFFIS.py","logger":"airflow.models.dagbag.DagBag"}
{"timestamp":"2025-10-30T11:47:09.297179","level":"info","event":"Filling up the DagBag from /opt/airflow/dags/EFFIS.py","logger":"airflow.models.dagbag.DagBag"}
{"timestamp":"2025-10-30T11:47:41.487279","level":"info","event":"Filling up the DagBag from /opt/airflow/dags/EFFIS.py","logger":"airflow.models.dagbag.DagBag"}
{"timestamp":"2025-10-30T11:48:13.495752","level":"info","event":"Filling up the DagBag from /opt/airflow/dags/EFFIS.py","logger":"airflow.models.dagbag.DagBag"}
{"timestamp":"2025-10-30T11:48:45.442113","level":"info","event":"Filling up the DagBag from /opt/airflow/dags/EFFIS.py","logger":"airflow.models.dagbag.DagBag"}
{"timestamp":"2025-10-30T12:01:41.900464","level":"info","event":"Filling up the DagBag from /opt/airflow/dags/EFFIS.py","logger":"airflow.models.dagbag.DagBag"}
{"timestamp":"2025-10-30T12:02:18.033118","level":"info","event":"Filling up the DagBag from /opt/airflow/dags/EFFIS.py","logger":"airflow.models.dagbag.DagBag"}
{"timestamp":"2025-10-30T12:02:49.966078","level":"info","event":"Filling up the DagBag from /opt/airflow/dags/EFFIS.py","logger":"airflow.models.dagbag.DagBag"}
{"timestamp":"2025-10-30T12:03:21.286399","level":"info","event":"Filling up the DagBag from /opt/airflow/dags/EFFIS.py","logger":"airflow.models.dagbag.DagBag"}
{"timestamp":"2025-10-30T12:03:52.676710","level":"info","event":"Filling up the DagBag from /opt/airflow/dags/EFFIS.py","logger":"airflow.models.dagbag.DagBag"}
{"timestamp":"2025-10-30T12:04:24.710549","level":"info","event":"Filling up the DagBag from /opt/airflow/dags/EFFIS.py","logger":"airflow.models.dagbag.DagBag"}
{"timestamp":"2025-10-30T12:04:56.776266","level":"info","event":"Filling up the DagBag from /opt/airflow/dags/EFFIS.py","logger":"airflow.models.dagbag.DagBag"}
{"timestamp":"2025-10-30T12:05:28.448112","level":"info","event":"Filling up the DagBag from /opt/airflow/dags/EFFIS.py","logger":"airflow.models.dagbag.DagBag"}
{"timestamp":"2025-10-30T12:06:00.263920","level":"info","event":"Filling up the DagBag from /opt/airflow/dags/EFFIS.py","logger":"airflow.models.dagbag.DagBag"}
{"timestamp":"2025-10-30T12:06:31.831185","level":"info","event":"Filling up the DagBag from /opt/airflow/dags/EFFIS.py","logger":"airflow.models.dagbag.DagBag"}
{"timestamp":"2025-10-30T12:07:03.888200","level":"info","event":"Filling up the DagBag from /opt/airflow/dags/EFFIS.py","logger":"airflow.models.dagbag.DagBag"}
{"timestamp":"2025-10-30T12:07:35.569003","level":"info","event":"Filling up the DagBag from /opt/airflow/dags/EFFIS.py","logger":"airflow.models.dagbag.DagBag"}
{"timestamp":"2025-10-30T12:08:07.304453","level":"info","event":"Filling up the DagBag from /opt/airflow/dags/EFFIS.py","logger":"airflow.models.dagbag.DagBag"}
{"timestamp":"2025-10-30T12:08:38.617383","level":"info","event":"Filling up the DagBag from /opt/airflow/dags/EFFIS.py","logger":"airflow.models.dagbag.DagBag"}
{"timestamp":"2025-10-30T12:09:10.863315","level":"info","event":"Filling up the DagBag from /opt/airflow/dags/EFFIS.py","logger":"airflow.models.dagbag.DagBag"}
{"timestamp":"2025-10-30T12:09:42.274061","level":"info","event":"Filling up the DagBag from /opt/airflow/dags/EFFIS.py","logger":"airflow.models.dagbag.DagBag"}
{"timestamp":"2025-10-30T12:10:14.038374","level":"info","event":"Filling up the DagBag from /opt/airflow/dags/EFFIS.py","logger":"airflow.models.dagbag.DagBag"}
{"timestamp":"2025-10-30T12:10:45.677448","level":"info","event":"Filling up the DagBag from /opt/airflow/dags/EFFIS.py","logger":"airflow.models.dagbag.DagBag"}
{"timestamp":"2025-10-30T12:11:17.182337","level":"info","event":"Filling up the DagBag from /opt/airflow/dags/EFFIS.py","logger":"airflow.models.dagbag.DagBag"}
{"timestamp":"2025-10-30T12:11:48.614547","level":"info","event":"Filling up the DagBag from /opt/airflow/dags/EFFIS.py","logger":"airflow.models.dagbag.DagBag"}
{"timestamp":"2025-10-30T12:12:19.961367","level":"info","event":"Filling up the DagBag from /opt/airflow/dags/EFFIS.py","logger":"airflow.models.dagbag.DagBag"}
{"timestamp":"2025-10-30T12:12:51.849960","level":"info","event":"Filling up the DagBag from /opt/airflow/dags/EFFIS.py","logger":"airflow.models.dagbag.DagBag"}
{"timestamp":"2025-10-30T12:13:23.142946","level":"info","event":"Filling up the DagBag from /opt/airflow/dags/EFFIS.py","logger":"airflow.models.dagbag.DagBag"}
{"timestamp":"2025-10-30T12:13:55.376788","level":"info","event":"Filling up the DagBag from /opt/airflow/dags/EFFIS.py","logger":"airflow.models.dagbag.DagBag"}
{"timestamp":"2025-10-30T12:14:27.700568","level":"info","event":"Filling up the DagBag from /opt/airflow/dags/EFFIS.py","logger":"airflow.models.dagbag.DagBag"}
{"timestamp":"2025-10-30T12:14:59.817590","level":"info","event":"Filling up the DagBag from /opt/airflow/dags/EFFIS.py","logger":"airflow.models.dagbag.DagBag"}
{"timestamp":"2025-10-30T12:15:32.239240","level":"info","event":"Filling up the DagBag from /opt/airflow/dags/EFFIS.py","logger":"airflow.models.dagbag.DagBag"}
{"timestamp":"2025-10-30T12:16:04.068467","level":"info","event":"Filling up the DagBag from /opt/airflow/dags/EFFIS.py","logger":"airflow.models.dagbag.DagBag"}
{"timestamp":"2025-10-30T12:16:36.582642","level":"info","event":"Filling up the DagBag from /opt/airflow/dags/EFFIS.py","logger":"airflow.models.dagbag.DagBag"}
{"timestamp":"2025-10-30T12:17:08.783432","level":"info","event":"Filling up the DagBag from /opt/airflow/dags/EFFIS.py","logger":"airflow.models.dagbag.DagBag"}
{"timestamp":"2025-10-30T12:17:40.902498","level":"info","event":"Filling up the DagBag from /opt/airflow/dags/EFFIS.py","logger":"airflow.models.dagbag.DagBag"}
{"timestamp":"2025-10-30T12:18:13.919613","level":"info","event":"Filling up the DagBag from /opt/airflow/dags/EFFIS.py","logger":"airflow.models.dagbag.DagBag"}
{"timestamp":"2025-10-30T12:18:45.869463","level":"info","event":"Filling up the DagBag from /opt/airflow/dags/EFFIS.py","logger":"airflow.models.dagbag.DagBag"}
{"timestamp":"2025-10-30T12:19:17.517030","level":"info","event":"Filling up the DagBag from /opt/airflow/dags/EFFIS.py","logger":"airflow.models.dagbag.DagBag"}
{"timestamp":"2025-10-30T12:19:49.930058","level":"info","event":"Filling up the DagBag from /opt/airflow/dags/EFFIS.py","logger":"airflow.models.dagbag.DagBag"}
{"timestamp":"2025-10-30T12:20:21.934451","level":"info","event":"Filling up the DagBag from /opt/airflow/dags/EFFIS.py","logger":"airflow.models.dagbag.DagBag"}
{"timestamp":"2025-10-30T12:20:54.184132","level":"info","event":"Filling up the DagBag from /opt/airflow/dags/EFFIS.py","logger":"airflow.models.dagbag.DagBag"}
{"timestamp":"2025-10-30T12:21:26.481450","level":"info","event":"Filling up the DagBag from /opt/airflow/dags/EFFIS.py","logger":"airflow.models.dagbag.DagBag"}
{"timestamp":"2025-10-30T12:21:58.080017","level":"info","event":"Filling up the DagBag from /opt/airflow/dags/EFFIS.py","logger":"airflow.models.dagbag.DagBag"}
{"timestamp":"2025-10-30T12:22:30.304725","level":"info","event":"Filling up the DagBag from /opt/airflow/dags/EFFIS.py","logger":"airflow.models.dagbag.DagBag"}
{"timestamp":"2025-10-30T12:23:02.365924","level":"info","event":"Filling up the DagBag from /opt/airflow/dags/EFFIS.py","logger":"airflow.models.dagbag.DagBag"}
{"timestamp":"2025-10-30T12:23:34.719987","level":"info","event":"Filling up the DagBag from /opt/airflow/dags/EFFIS.py","logger":"airflow.models.dagbag.DagBag"}
{"timestamp":"2025-10-30T12:24:06.435585","level":"info","event":"Filling up the DagBag from /opt/airflow/dags/EFFIS.py","logger":"airflow.models.dagbag.DagBag"}
{"timestamp":"2025-10-30T12:24:38.228188","level":"info","event":"Filling up the DagBag from /opt/airflow/dags/EFFIS.py","logger":"airflow.models.dagbag.DagBag"}
{"timestamp":"2025-10-30T12:25:09.829956","level":"info","event":"Filling up the DagBag from /opt/airflow/dags/EFFIS.py","logger":"airflow.models.dagbag.DagBag"}
{"timestamp":"2025-10-30T12:25:41.542051","level":"info","event":"Filling up the DagBag from /opt/airflow/dags/EFFIS.py","logger":"airflow.models.dagbag.DagBag"}
{"timestamp":"2025-10-30T12:26:13.959221","level":"info","event":"Filling up the DagBag from /opt/airflow/dags/EFFIS.py","logger":"airflow.models.dagbag.DagBag"}
{"timestamp":"2025-10-30T12:26:45.617716","level":"info","event":"Filling up the DagBag from /opt/airflow/dags/EFFIS.py","logger":"airflow.models.dagbag.DagBag"}
{"timestamp":"2025-10-30T12:27:17.560810","level":"info","event":"Filling up the DagBag from /opt/airflow/dags/EFFIS.py","logger":"airflow.models.dagbag.DagBag"}
{"timestamp":"2025-10-30T12:27:49.534114","level":"info","event":"Filling up the DagBag from /opt/airflow/dags/EFFIS.py","logger":"airflow.models.dagbag.DagBag"}
{"timestamp":"2025-10-30T12:28:21.072318","level":"info","event":"Filling up the DagBag from /opt/airflow/dags/EFFIS.py","logger":"airflow.models.dagbag.DagBag"}
{"timestamp":"2025-10-30T12:28:52.649229","level":"info","event":"Filling up the DagBag from /opt/airflow/dags/EFFIS.py","logger":"airflow.models.dagbag.DagBag"}
{"timestamp":"2025-10-30T12:29:24.950170","level":"info","event":"Filling up the DagBag from /opt/airflow/dags/EFFIS.py","logger":"airflow.models.dagbag.DagBag"}
{"timestamp":"2025-10-30T12:29:56.672405","level":"info","event":"Filling up the DagBag from /opt/airflow/dags/EFFIS.py","logger":"airflow.models.dagbag.DagBag"}
{"timestamp":"2025-10-30T12:30:28.761827","level":"info","event":"Filling up the DagBag from /opt/airflow/dags/EFFIS.py","logger":"airflow.models.dagbag.DagBag"}
{"timestamp":"2025-10-30T12:31:00.405754","level":"info","event":"Filling up the DagBag from /opt/airflow/dags/EFFIS.py","logger":"airflow.models.dagbag.DagBag"}
{"timestamp":"2025-10-30T12:31:32.066120","level":"info","event":"Filling up the DagBag from /opt/airflow/dags/EFFIS.py","logger":"airflow.models.dagbag.DagBag"}
{"timestamp":"2025-10-30T12:32:03.421924","level":"info","event":"Filling up the DagBag from /opt/airflow/dags/EFFIS.py","logger":"airflow.models.dagbag.DagBag"}
{"timestamp":"2025-10-30T12:32:34.933611","level":"info","event":"Filling up the DagBag from /opt/airflow/dags/EFFIS.py","logger":"airflow.models.dagbag.DagBag"}
{"timestamp":"2025-10-30T12:33:06.848654","level":"info","event":"Filling up the DagBag from /opt/airflow/dags/EFFIS.py","logger":"airflow.models.dagbag.DagBag"}
{"timestamp":"2025-10-30T12:33:39.245417","level":"info","event":"Filling up the DagBag from /opt/airflow/dags/EFFIS.py","logger":"airflow.models.dagbag.DagBag"}
{"timestamp":"2025-10-30T12:34:11.393276","level":"info","event":"Filling up the DagBag from /opt/airflow/dags/EFFIS.py","logger":"airflow.models.dagbag.DagBag"}
{"timestamp":"2025-10-30T12:34:42.659261","level":"info","event":"Filling up the DagBag from /opt/airflow/dags/EFFIS.py","logger":"airflow.models.dagbag.DagBag"}
{"timestamp":"2025-10-30T12:35:14.040343","level":"info","event":"Filling up the DagBag from /opt/airflow/dags/EFFIS.py","logger":"airflow.models.dagbag.DagBag"}
{"timestamp":"2025-10-30T12:35:45.452450","level":"info","event":"Filling up the DagBag from /opt/airflow/dags/EFFIS.py","logger":"airflow.models.dagbag.DagBag"}
{"timestamp":"2025-10-30T12:36:17.064298","level":"info","event":"Filling up the DagBag from /opt/airflow/dags/EFFIS.py","logger":"airflow.models.dagbag.DagBag"}
{"timestamp":"2025-10-30T12:36:48.830400","level":"info","event":"Filling up the DagBag from /opt/airflow/dags/EFFIS.py","logger":"airflow.models.dagbag.DagBag"}
{"timestamp":"2025-10-30T12:37:20.749370","level":"info","event":"Filling up the DagBag from /opt/airflow/dags/EFFIS.py","logger":"airflow.models.dagbag.DagBag"}
{"timestamp":"2025-10-30T12:37:52.414290","level":"info","event":"Filling up the DagBag from /opt/airflow/dags/EFFIS.py","logger":"airflow.models.dagbag.DagBag"}
{"timestamp":"2025-10-30T12:38:23.610847","level":"info","event":"Filling up the DagBag from /opt/airflow/dags/EFFIS.py","logger":"airflow.models.dagbag.DagBag"}
{"timestamp":"2025-10-30T12:38:55.246515","level":"info","event":"Filling up the DagBag from /opt/airflow/dags/EFFIS.py","logger":"airflow.models.dagbag.DagBag"}
{"timestamp":"2025-10-30T12:39:27.195024","level":"info","event":"Filling up the DagBag from /opt/airflow/dags/EFFIS.py","logger":"airflow.models.dagbag.DagBag"}
{"timestamp":"2025-10-30T12:39:58.896539","level":"info","event":"Filling up the DagBag from /opt/airflow/dags/EFFIS.py","logger":"airflow.models.dagbag.DagBag"}
{"timestamp":"2025-10-30T12:40:30.914431","level":"info","event":"Filling up the DagBag from /opt/airflow/dags/EFFIS.py","logger":"airflow.models.dagbag.DagBag"}
{"timestamp":"2025-10-30T12:41:02.711005","level":"info","event":"Filling up the DagBag from /opt/airflow/dags/EFFIS.py","logger":"airflow.models.dagbag.DagBag"}
{"timestamp":"2025-10-30T12:41:34.252790","level":"info","event":"Filling up the DagBag from /opt/airflow/dags/EFFIS.py","logger":"airflow.models.dagbag.DagBag"}
{"timestamp":"2025-10-30T12:42:06.799113","level":"info","event":"Filling up the DagBag from /opt/airflow/dags/EFFIS.py","logger":"airflow.models.dagbag.DagBag"}
{"timestamp":"2025-10-30T12:42:31.244694","level":"info","event":"Filling up the DagBag from /opt/airflow/dags/EFFIS.py","logger":"airflow.models.dagbag.DagBag"}
{"timestamp":"2025-10-30T12:42:33.853225","level":"info","event":"Filling up the DagBag from /opt/airflow/dags/EFFIS.py","logger":"airflow.models.dagbag.DagBag"}
{"timestamp":"2025-10-30T12:42:40.362451","level":"info","event":"Filling up the DagBag from /opt/airflow/dags/EFFIS.py","logger":"airflow.models.dagbag.DagBag"}
{"timestamp":"2025-10-30T12:42:46.070839","level":"info","event":"Filling up the DagBag from /opt/airflow/dags/EFFIS.py","logger":"airflow.models.dagbag.DagBag"}
{"timestamp":"2025-10-30T12:42:50.325297","level":"info","event":"Filling up the DagBag from /opt/airflow/dags/EFFIS.py","logger":"airflow.models.dagbag.DagBag"}
{"timestamp":"2025-10-30T12:42:53.442467","level":"info","event":"Filling up the DagBag from /opt/airflow/dags/EFFIS.py","logger":"airflow.models.dagbag.DagBag"}
{"timestamp":"2025-10-30T12:42:56.849547","level":"info","event":"Filling up the DagBag from /opt/airflow/dags/EFFIS.py","logger":"airflow.models.dagbag.DagBag"}
{"timestamp":"2025-10-30T12:43:02.172238","level":"info","event":"Filling up the DagBag from /opt/airflow/dags/EFFIS.py","logger":"airflow.models.dagbag.DagBag"}
{"timestamp":"2025-10-30T12:43:02.179575","level":"error","event":"Failed to import: /opt/airflow/dags/EFFIS.py","logger":"airflow.models.dagbag.DagBag","error_detail":[{"exc_type":"SyntaxError","exc_value":"'(' was never closed (EFFIS.py, line 96)","exc_notes":[],"syntax_error":{"offset":34,"filename":"/opt/airflow/dags/EFFIS.py","line":"    datos = WeatherForecastSeries(\n","lineno":96,"msg":"'(' was never closed"},"is_cause":false,"frames":[{"filename":"/home/airflow/.local/lib/python3.12/site-packages/airflow/models/dagbag.py","lineno":394,"name":"parse"},{"filename":"<frozen importlib._bootstrap_external>","lineno":995,"name":"exec_module"},{"filename":"<frozen importlib._bootstrap_external>","lineno":1133,"name":"get_code"},{"filename":"<frozen importlib._bootstrap_external>","lineno":1063,"name":"source_to_code"},{"filename":"<frozen importlib._bootstrap>","lineno":488,"name":"_call_with_frames_removed"}],"is_group":false,"exceptions":[]}]}
{"timestamp":"2025-10-30T12:43:07.370542","level":"info","event":"Filling up the DagBag from /opt/airflow/dags/EFFIS.py","logger":"airflow.models.dagbag.DagBag"}
{"timestamp":"2025-10-30T12:43:11.969690","level":"info","event":"Filling up the DagBag from /opt/airflow/dags/EFFIS.py","logger":"airflow.models.dagbag.DagBag"}
{"timestamp":"2025-10-30T12:43:14.463347","level":"info","event":"Filling up the DagBag from /opt/airflow/dags/EFFIS.py","logger":"airflow.models.dagbag.DagBag"}
{"timestamp":"2025-10-30T12:43:16.704974","level":"info","event":"Filling up the DagBag from /opt/airflow/dags/EFFIS.py","logger":"airflow.models.dagbag.DagBag"}
{"timestamp":"2025-10-30T12:43:26.305447","level":"info","event":"Filling up the DagBag from /opt/airflow/dags/EFFIS.py","logger":"airflow.models.dagbag.DagBag"}
{"timestamp":"2025-10-30T12:43:34.469167","level":"info","event":"Filling up the DagBag from /opt/airflow/dags/EFFIS.py","logger":"airflow.models.dagbag.DagBag"}
{"timestamp":"2025-10-30T12:43:36.374747","level":"info","event":"Filling up the DagBag from /opt/airflow/dags/EFFIS.py","logger":"airflow.models.dagbag.DagBag"}
{"timestamp":"2025-10-30T12:43:40.075749","level":"info","event":"Filling up the DagBag from /opt/airflow/dags/EFFIS.py","logger":"airflow.models.dagbag.DagBag"}
{"timestamp":"2025-10-30T12:43:42.631301","level":"info","event":"Filling up the DagBag from /opt/airflow/dags/EFFIS.py","logger":"airflow.models.dagbag.DagBag"}
{"timestamp":"2025-10-30T12:44:01.432150","level":"info","event":"Filling up the DagBag from /opt/airflow/dags/EFFIS.py","logger":"airflow.models.dagbag.DagBag"}
{"timestamp":"2025-10-30T12:44:33.611746","level":"info","event":"Filling up the DagBag from /opt/airflow/dags/EFFIS.py","logger":"airflow.models.dagbag.DagBag"}
{"timestamp":"2025-10-30T12:45:05.442304","level":"info","event":"Filling up the DagBag from /opt/airflow/dags/EFFIS.py","logger":"airflow.models.dagbag.DagBag"}
{"timestamp":"2025-10-30T12:45:37.448485","level":"info","event":"Filling up the DagBag from /opt/airflow/dags/EFFIS.py","logger":"airflow.models.dagbag.DagBag"}
{"timestamp":"2025-10-30T12:46:09.463580","level":"info","event":"Filling up the DagBag from /opt/airflow/dags/EFFIS.py","logger":"airflow.models.dagbag.DagBag"}
{"timestamp":"2025-10-30T12:46:41.885877","level":"info","event":"Filling up the DagBag from /opt/airflow/dags/EFFIS.py","logger":"airflow.models.dagbag.DagBag"}
{"timestamp":"2025-10-30T12:47:14.526012","level":"info","event":"Filling up the DagBag from /opt/airflow/dags/EFFIS.py","logger":"airflow.models.dagbag.DagBag"}
{"timestamp":"2025-10-30T12:47:46.091327","level":"info","event":"Filling up the DagBag from /opt/airflow/dags/EFFIS.py","logger":"airflow.models.dagbag.DagBag"}
{"timestamp":"2025-10-30T12:48:18.087305","level":"info","event":"Filling up the DagBag from /opt/airflow/dags/EFFIS.py","logger":"airflow.models.dagbag.DagBag"}
{"timestamp":"2025-10-30T12:48:50.528096","level":"info","event":"Filling up the DagBag from /opt/airflow/dags/EFFIS.py","logger":"airflow.models.dagbag.DagBag"}
{"timestamp":"2025-10-30T12:49:22.465819","level":"info","event":"Filling up the DagBag from /opt/airflow/dags/EFFIS.py","logger":"airflow.models.dagbag.DagBag"}
{"timestamp":"2025-10-30T12:49:54.347535","level":"info","event":"Filling up the DagBag from /opt/airflow/dags/EFFIS.py","logger":"airflow.models.dagbag.DagBag"}
{"timestamp":"2025-10-30T12:50:25.957160","level":"info","event":"Filling up the DagBag from /opt/airflow/dags/EFFIS.py","logger":"airflow.models.dagbag.DagBag"}
{"timestamp":"2025-10-30T12:50:58.020379","level":"info","event":"Filling up the DagBag from /opt/airflow/dags/EFFIS.py","logger":"airflow.models.dagbag.DagBag"}
{"timestamp":"2025-10-30T12:51:29.707615","level":"info","event":"Filling up the DagBag from /opt/airflow/dags/EFFIS.py","logger":"airflow.models.dagbag.DagBag"}
{"timestamp":"2025-10-30T12:52:01.208624","level":"info","event":"Filling up the DagBag from /opt/airflow/dags/EFFIS.py","logger":"airflow.models.dagbag.DagBag"}
{"timestamp":"2025-10-30T12:52:33.193815","level":"info","event":"Filling up the DagBag from /opt/airflow/dags/EFFIS.py","logger":"airflow.models.dagbag.DagBag"}
{"timestamp":"2025-10-30T12:53:05.160495","level":"info","event":"Filling up the DagBag from /opt/airflow/dags/EFFIS.py","logger":"airflow.models.dagbag.DagBag"}
{"timestamp":"2025-10-30T12:53:37.069095","level":"info","event":"Filling up the DagBag from /opt/airflow/dags/EFFIS.py","logger":"airflow.models.dagbag.DagBag"}
{"timestamp":"2025-10-30T12:54:08.992975","level":"info","event":"Filling up the DagBag from /opt/airflow/dags/EFFIS.py","logger":"airflow.models.dagbag.DagBag"}
{"timestamp":"2025-10-30T12:54:40.801041","level":"info","event":"Filling up the DagBag from /opt/airflow/dags/EFFIS.py","logger":"airflow.models.dagbag.DagBag"}
{"timestamp":"2025-10-30T12:55:12.165502","level":"info","event":"Filling up the DagBag from /opt/airflow/dags/EFFIS.py","logger":"airflow.models.dagbag.DagBag"}
{"timestamp":"2025-10-30T12:55:44.237228","level":"info","event":"Filling up the DagBag from /opt/airflow/dags/EFFIS.py","logger":"airflow.models.dagbag.DagBag"}
{"timestamp":"2025-10-30T12:56:15.482577","level":"info","event":"Filling up the DagBag from /opt/airflow/dags/EFFIS.py","logger":"airflow.models.dagbag.DagBag"}
{"timestamp":"2025-10-30T12:56:47.156894","level":"info","event":"Filling up the DagBag from /opt/airflow/dags/EFFIS.py","logger":"airflow.models.dagbag.DagBag"}
{"timestamp":"2025-10-30T12:57:19.112765","level":"info","event":"Filling up the DagBag from /opt/airflow/dags/EFFIS.py","logger":"airflow.models.dagbag.DagBag"}
{"timestamp":"2025-10-30T12:57:50.542222","level":"info","event":"Filling up the DagBag from /opt/airflow/dags/EFFIS.py","logger":"airflow.models.dagbag.DagBag"}
{"timestamp":"2025-10-30T12:58:22.407615","level":"info","event":"Filling up the DagBag from /opt/airflow/dags/EFFIS.py","logger":"airflow.models.dagbag.DagBag"}
{"timestamp":"2025-10-30T12:58:54.091214","level":"info","event":"Filling up the DagBag from /opt/airflow/dags/EFFIS.py","logger":"airflow.models.dagbag.DagBag"}
{"timestamp":"2025-10-30T12:59:25.270610","level":"info","event":"Filling up the DagBag from /opt/airflow/dags/EFFIS.py","logger":"airflow.models.dagbag.DagBag"}
{"timestamp":"2025-10-30T12:59:57.191567","level":"info","event":"Filling up the DagBag from /opt/airflow/dags/EFFIS.py","logger":"airflow.models.dagbag.DagBag"}
{"timestamp":"2025-10-30T13:00:29.060672","level":"info","event":"Filling up the DagBag from /opt/airflow/dags/EFFIS.py","logger":"airflow.models.dagbag.DagBag"}
{"timestamp":"2025-10-30T13:01:00.892939","level":"info","event":"Filling up the DagBag from /opt/airflow/dags/EFFIS.py","logger":"airflow.models.dagbag.DagBag"}
{"timestamp":"2025-10-30T13:01:32.985352","level":"info","event":"Filling up the DagBag from /opt/airflow/dags/EFFIS.py","logger":"airflow.models.dagbag.DagBag"}
{"timestamp":"2025-10-30T13:02:04.164797","level":"info","event":"Filling up the DagBag from /opt/airflow/dags/EFFIS.py","logger":"airflow.models.dagbag.DagBag"}
{"timestamp":"2025-10-30T13:02:36.036562","level":"info","event":"Filling up the DagBag from /opt/airflow/dags/EFFIS.py","logger":"airflow.models.dagbag.DagBag"}
{"timestamp":"2025-10-30T13:03:07.513705","level":"info","event":"Filling up the DagBag from /opt/airflow/dags/EFFIS.py","logger":"airflow.models.dagbag.DagBag"}
{"timestamp":"2025-10-30T13:03:39.241893","level":"info","event":"Filling up the DagBag from /opt/airflow/dags/EFFIS.py","logger":"airflow.models.dagbag.DagBag"}
{"timestamp":"2025-10-30T13:04:11.263412","level":"info","event":"Filling up the DagBag from /opt/airflow/dags/EFFIS.py","logger":"airflow.models.dagbag.DagBag"}
{"timestamp":"2025-10-30T13:04:43.481970","level":"info","event":"Filling up the DagBag from /opt/airflow/dags/EFFIS.py","logger":"airflow.models.dagbag.DagBag"}
{"timestamp":"2025-10-30T13:05:15.161519","level":"info","event":"Filling up the DagBag from /opt/airflow/dags/EFFIS.py","logger":"airflow.models.dagbag.DagBag"}
{"timestamp":"2025-10-30T13:05:47.237203","level":"info","event":"Filling up the DagBag from /opt/airflow/dags/EFFIS.py","logger":"airflow.models.dagbag.DagBag"}
{"timestamp":"2025-10-30T13:06:19.526909","level":"info","event":"Filling up the DagBag from /opt/airflow/dags/EFFIS.py","logger":"airflow.models.dagbag.DagBag"}
{"timestamp":"2025-10-30T13:06:52.330582","level":"info","event":"Filling up the DagBag from /opt/airflow/dags/EFFIS.py","logger":"airflow.models.dagbag.DagBag"}
{"timestamp":"2025-10-30T13:07:24.646084","level":"info","event":"Filling up the DagBag from /opt/airflow/dags/EFFIS.py","logger":"airflow.models.dagbag.DagBag"}
{"timestamp":"2025-10-30T13:07:56.775492","level":"info","event":"Filling up the DagBag from /opt/airflow/dags/EFFIS.py","logger":"airflow.models.dagbag.DagBag"}
{"timestamp":"2025-10-30T13:08:28.657429","level":"info","event":"Filling up the DagBag from /opt/airflow/dags/EFFIS.py","logger":"airflow.models.dagbag.DagBag"}
{"timestamp":"2025-10-30T13:09:00.950869","level":"info","event":"Filling up the DagBag from /opt/airflow/dags/EFFIS.py","logger":"airflow.models.dagbag.DagBag"}
{"timestamp":"2025-10-30T13:09:32.911991","level":"info","event":"Filling up the DagBag from /opt/airflow/dags/EFFIS.py","logger":"airflow.models.dagbag.DagBag"}
{"timestamp":"2025-10-30T13:10:04.386336","level":"info","event":"Filling up the DagBag from /opt/airflow/dags/EFFIS.py","logger":"airflow.models.dagbag.DagBag"}
{"timestamp":"2025-10-30T13:10:36.436910","level":"info","event":"Filling up the DagBag from /opt/airflow/dags/EFFIS.py","logger":"airflow.models.dagbag.DagBag"}
{"timestamp":"2025-10-30T13:11:08.964070","level":"info","event":"Filling up the DagBag from /opt/airflow/dags/EFFIS.py","logger":"airflow.models.dagbag.DagBag"}
{"timestamp":"2025-10-30T13:11:41.674395","level":"info","event":"Filling up the DagBag from /opt/airflow/dags/EFFIS.py","logger":"airflow.models.dagbag.DagBag"}
{"timestamp":"2025-10-30T13:12:13.758892","level":"info","event":"Filling up the DagBag from /opt/airflow/dags/EFFIS.py","logger":"airflow.models.dagbag.DagBag"}
{"timestamp":"2025-10-30T13:12:46.323190","level":"info","event":"Filling up the DagBag from /opt/airflow/dags/EFFIS.py","logger":"airflow.models.dagbag.DagBag"}
{"timestamp":"2025-10-30T13:13:19.016173","level":"info","event":"Filling up the DagBag from /opt/airflow/dags/EFFIS.py","logger":"airflow.models.dagbag.DagBag"}
{"timestamp":"2025-10-30T13:13:19.997437","level":"error","event":"Failed to import: /opt/airflow/dags/EFFIS.py","logger":"airflow.models.dagbag.DagBag","error_detail":[{"exc_type":"NameError","exc_value":"name 'Dict' is not defined","exc_notes":[],"syntax_error":null,"is_cause":false,"frames":[{"filename":"/home/airflow/.local/lib/python3.12/site-packages/airflow/models/dagbag.py","lineno":394,"name":"parse"},{"filename":"<frozen importlib._bootstrap_external>","lineno":999,"name":"exec_module"},{"filename":"<frozen importlib._bootstrap>","lineno":488,"name":"_call_with_frames_removed"},{"filename":"/opt/airflow/dags/EFFIS.py","lineno":7,"name":"<module>"},{"filename":"/opt/airflow/libs/SmartDataModels/WeatherForecastSeries.py","lineno":4,"name":"<module>"},{"filename":"/opt/airflow/libs/SmartDataModels/WeatherForecastSeries.py","lineno":84,"name":"WeatherForecastSeries"}],"is_group":false,"exceptions":[]}]}
{"timestamp":"2025-10-30T13:13:50.256612","level":"info","event":"Filling up the DagBag from /opt/airflow/dags/EFFIS.py","logger":"airflow.models.dagbag.DagBag"}
{"timestamp":"2025-10-30T13:14:22.013161","level":"info","event":"Filling up the DagBag from /opt/airflow/dags/EFFIS.py","logger":"airflow.models.dagbag.DagBag"}
{"timestamp":"2025-10-30T13:14:53.958107","level":"info","event":"Filling up the DagBag from /opt/airflow/dags/EFFIS.py","logger":"airflow.models.dagbag.DagBag"}
{"timestamp":"2025-10-30T13:15:16.856358","level":"info","event":"Filling up the DagBag from /opt/airflow/dags/EFFIS.py","logger":"airflow.models.dagbag.DagBag"}
{"timestamp":"2025-10-30T13:15:48.568564","level":"info","event":"Filling up the DagBag from /opt/airflow/dags/EFFIS.py","logger":"airflow.models.dagbag.DagBag"}
{"timestamp":"2025-10-30T13:16:20.855683","level":"info","event":"Filling up the DagBag from /opt/airflow/dags/EFFIS.py","logger":"airflow.models.dagbag.DagBag"}
{"timestamp":"2025-10-30T13:16:52.685741","level":"info","event":"Filling up the DagBag from /opt/airflow/dags/EFFIS.py","logger":"airflow.models.dagbag.DagBag"}
{"timestamp":"2025-10-30T13:17:25.001874","level":"info","event":"Filling up the DagBag from /opt/airflow/dags/EFFIS.py","logger":"airflow.models.dagbag.DagBag"}
{"timestamp":"2025-10-30T13:17:57.736835","level":"info","event":"Filling up the DagBag from /opt/airflow/dags/EFFIS.py","logger":"airflow.models.dagbag.DagBag"}
{"timestamp":"2025-10-30T13:18:29.597393","level":"info","event":"Filling up the DagBag from /opt/airflow/dags/EFFIS.py","logger":"airflow.models.dagbag.DagBag"}
{"timestamp":"2025-10-30T13:19:01.439700","level":"info","event":"Filling up the DagBag from /opt/airflow/dags/EFFIS.py","logger":"airflow.models.dagbag.DagBag"}
{"timestamp":"2025-10-30T13:19:02.501521","level":"error","event":"Failed to import: /opt/airflow/dags/EFFIS.py","logger":"airflow.models.dagbag.DagBag","error_detail":[{"exc_type":"NameError","exc_value":"name 'Any' is not defined","exc_notes":[],"syntax_error":null,"is_cause":false,"frames":[{"filename":"/home/airflow/.local/lib/python3.12/site-packages/airflow/models/dagbag.py","lineno":394,"name":"parse"},{"filename":"<frozen importlib._bootstrap_external>","lineno":999,"name":"exec_module"},{"filename":"<frozen importlib._bootstrap>","lineno":488,"name":"_call_with_frames_removed"},{"filename":"/opt/airflow/dags/EFFIS.py","lineno":7,"name":"<module>"},{"filename":"/opt/airflow/libs/SmartDataModels/WeatherForecastSeries.py","lineno":4,"name":"<module>"},{"filename":"/opt/airflow/libs/SmartDataModels/WeatherForecastSeries.py","lineno":84,"name":"WeatherForecastSeries"}],"is_group":false,"exceptions":[]}]}
{"timestamp":"2025-10-30T13:19:33.103205","level":"info","event":"Filling up the DagBag from /opt/airflow/dags/EFFIS.py","logger":"airflow.models.dagbag.DagBag"}
{"timestamp":"2025-10-30T13:20:04.971294","level":"info","event":"Filling up the DagBag from /opt/airflow/dags/EFFIS.py","logger":"airflow.models.dagbag.DagBag"}
{"timestamp":"2025-10-30T13:20:37.659053","level":"info","event":"Filling up the DagBag from /opt/airflow/dags/EFFIS.py","logger":"airflow.models.dagbag.DagBag"}
{"timestamp":"2025-10-30T13:21:10.027662","level":"info","event":"Filling up the DagBag from /opt/airflow/dags/EFFIS.py","logger":"airflow.models.dagbag.DagBag"}
{"timestamp":"2025-10-30T13:21:42.334534","level":"info","event":"Filling up the DagBag from /opt/airflow/dags/EFFIS.py","logger":"airflow.models.dagbag.DagBag"}
{"timestamp":"2025-10-30T13:22:14.280314","level":"info","event":"Filling up the DagBag from /opt/airflow/dags/EFFIS.py","logger":"airflow.models.dagbag.DagBag"}
{"timestamp":"2025-10-30T13:22:45.865848","level":"info","event":"Filling up the DagBag from /opt/airflow/dags/EFFIS.py","logger":"airflow.models.dagbag.DagBag"}
{"timestamp":"2025-10-30T13:22:52.076266","level":"info","event":"Filling up the DagBag from /opt/airflow/dags/EFFIS.py","logger":"airflow.models.dagbag.DagBag"}
{"timestamp":"2025-10-30T13:22:52.083858","level":"error","event":"Failed to import: /opt/airflow/dags/EFFIS.py","logger":"airflow.models.dagbag.DagBag","error_detail":[{"exc_type":"SyntaxError","exc_value":"unmatched ')' (EFFIS.py, line 106)","exc_notes":[],"syntax_error":{"offset":99,"filename":"/opt/airflow/dags/EFFIS.py","line":"    print(\"Cantidad de datos de riesgo de incendios descargados: \",datos_dict[\"fireWeatherIndex\"]))","lineno":106,"msg":"unmatched ')'"},"is_cause":false,"frames":[{"filename":"/home/airflow/.local/lib/python3.12/site-packages/airflow/models/dagbag.py","lineno":394,"name":"parse"},{"filename":"<frozen importlib._bootstrap_external>","lineno":995,"name":"exec_module"},{"filename":"<frozen importlib._bootstrap_external>","lineno":1133,"name":"get_code"},{"filename":"<frozen importlib._bootstrap_external>","lineno":1063,"name":"source_to_code"},{"filename":"<frozen importlib._bootstrap>","lineno":488,"name":"_call_with_frames_removed"}],"is_group":false,"exceptions":[]}]}
{"timestamp":"2025-10-30T13:22:54.250974","level":"info","event":"Filling up the DagBag from /opt/airflow/dags/EFFIS.py","logger":"airflow.models.dagbag.DagBag"}
{"timestamp":"2025-10-30T13:22:54.257735","level":"error","event":"Failed to import: /opt/airflow/dags/EFFIS.py","logger":"airflow.models.dagbag.DagBag","error_detail":[{"exc_type":"SyntaxError","exc_value":"unmatched ')' (EFFIS.py, line 106)","exc_notes":[],"syntax_error":{"offset":79,"filename":"/opt/airflow/dags/EFFIS.py","line":"    print(\"Cantidad de datos de riesgo de incendios descargados: \",datos_dict))","lineno":106,"msg":"unmatched ')'"},"is_cause":false,"frames":[{"filename":"/home/airflow/.local/lib/python3.12/site-packages/airflow/models/dagbag.py","lineno":394,"name":"parse"},{"filename":"<frozen importlib._bootstrap_external>","lineno":995,"name":"exec_module"},{"filename":"<frozen importlib._bootstrap_external>","lineno":1133,"name":"get_code"},{"filename":"<frozen importlib._bootstrap_external>","lineno":1063,"name":"source_to_code"},{"filename":"<frozen importlib._bootstrap>","lineno":488,"name":"_call_with_frames_removed"}],"is_group":false,"exceptions":[]}]}
{"timestamp":"2025-10-30T13:22:56.389816","level":"info","event":"Filling up the DagBag from /opt/airflow/dags/EFFIS.py","logger":"airflow.models.dagbag.DagBag"}
{"timestamp":"2025-10-30T13:22:56.396396","level":"error","event":"Failed to import: /opt/airflow/dags/EFFIS.py","logger":"airflow.models.dagbag.DagBag","error_detail":[{"exc_type":"SyntaxError","exc_value":"unmatched ')' (EFFIS.py, line 106)","exc_notes":[],"syntax_error":{"offset":78,"filename":"/opt/airflow/dags/EFFIS.py","line":"    print(\"Cantidad de datos de riesgo de incendios descargados: \",datos_dic))","lineno":106,"msg":"unmatched ')'"},"is_cause":false,"frames":[{"filename":"/home/airflow/.local/lib/python3.12/site-packages/airflow/models/dagbag.py","lineno":394,"name":"parse"},{"filename":"<frozen importlib._bootstrap_external>","lineno":995,"name":"exec_module"},{"filename":"<frozen importlib._bootstrap_external>","lineno":1133,"name":"get_code"},{"filename":"<frozen importlib._bootstrap_external>","lineno":1063,"name":"source_to_code"},{"filename":"<frozen importlib._bootstrap>","lineno":488,"name":"_call_with_frames_removed"}],"is_group":false,"exceptions":[]}]}
{"timestamp":"2025-10-30T13:22:57.501811","level":"info","event":"Filling up the DagBag from /opt/airflow/dags/EFFIS.py","logger":"airflow.models.dagbag.DagBag"}
{"timestamp":"2025-10-30T13:22:57.507049","level":"error","event":"Failed to import: /opt/airflow/dags/EFFIS.py","logger":"airflow.models.dagbag.DagBag","error_detail":[{"exc_type":"SyntaxError","exc_value":"unmatched ')' (EFFIS.py, line 106)","exc_notes":[],"syntax_error":{"offset":79,"filename":"/opt/airflow/dags/EFFIS.py","line":"    print(\"Cantidad de datos de riesgo de incendios descargados: \",datos_dict))","lineno":106,"msg":"unmatched ')'"},"is_cause":false,"frames":[{"filename":"/home/airflow/.local/lib/python3.12/site-packages/airflow/models/dagbag.py","lineno":394,"name":"parse"},{"filename":"<frozen importlib._bootstrap_external>","lineno":995,"name":"exec_module"},{"filename":"<frozen importlib._bootstrap_external>","lineno":1133,"name":"get_code"},{"filename":"<frozen importlib._bootstrap_external>","lineno":1063,"name":"source_to_code"},{"filename":"<frozen importlib._bootstrap>","lineno":488,"name":"_call_with_frames_removed"}],"is_group":false,"exceptions":[]}]}
{"timestamp":"2025-10-30T13:22:58.620912","level":"info","event":"Filling up the DagBag from /opt/airflow/dags/EFFIS.py","logger":"airflow.models.dagbag.DagBag"}
{"timestamp":"2025-10-30T13:23:30.781918","level":"info","event":"Filling up the DagBag from /opt/airflow/dags/EFFIS.py","logger":"airflow.models.dagbag.DagBag"}
{"timestamp":"2025-10-30T13:24:02.920885","level":"info","event":"Filling up the DagBag from /opt/airflow/dags/EFFIS.py","logger":"airflow.models.dagbag.DagBag"}
{"timestamp":"2025-10-30T13:24:34.318768","level":"info","event":"Filling up the DagBag from /opt/airflow/dags/EFFIS.py","logger":"airflow.models.dagbag.DagBag"}
{"timestamp":"2025-10-30T13:25:06.425737","level":"info","event":"Filling up the DagBag from /opt/airflow/dags/EFFIS.py","logger":"airflow.models.dagbag.DagBag"}
{"timestamp":"2025-10-30T13:25:30.244498","level":"info","event":"Filling up the DagBag from /opt/airflow/dags/EFFIS.py","logger":"airflow.models.dagbag.DagBag"}
{"timestamp":"2025-10-30T13:26:01.738694","level":"info","event":"Filling up the DagBag from /opt/airflow/dags/EFFIS.py","logger":"airflow.models.dagbag.DagBag"}
{"timestamp":"2025-10-30T13:26:33.561904","level":"info","event":"Filling up the DagBag from /opt/airflow/dags/EFFIS.py","logger":"airflow.models.dagbag.DagBag"}
{"timestamp":"2025-10-30T13:27:05.741157","level":"info","event":"Filling up the DagBag from /opt/airflow/dags/EFFIS.py","logger":"airflow.models.dagbag.DagBag"}
{"timestamp":"2025-10-30T13:27:37.341713","level":"info","event":"Filling up the DagBag from /opt/airflow/dags/EFFIS.py","logger":"airflow.models.dagbag.DagBag"}
{"timestamp":"2025-10-30T13:28:09.596457","level":"info","event":"Filling up the DagBag from /opt/airflow/dags/EFFIS.py","logger":"airflow.models.dagbag.DagBag"}
{"timestamp":"2025-10-30T13:28:41.166644","level":"info","event":"Filling up the DagBag from /opt/airflow/dags/EFFIS.py","logger":"airflow.models.dagbag.DagBag"}
{"timestamp":"2025-10-30T13:29:13.209009","level":"info","event":"Filling up the DagBag from /opt/airflow/dags/EFFIS.py","logger":"airflow.models.dagbag.DagBag"}
{"timestamp":"2025-10-30T13:29:44.776097","level":"info","event":"Filling up the DagBag from /opt/airflow/dags/EFFIS.py","logger":"airflow.models.dagbag.DagBag"}
{"timestamp":"2025-10-30T13:30:16.841517","level":"info","event":"Filling up the DagBag from /opt/airflow/dags/EFFIS.py","logger":"airflow.models.dagbag.DagBag"}
{"timestamp":"2025-10-30T13:30:49.157653","level":"info","event":"Filling up the DagBag from /opt/airflow/dags/EFFIS.py","logger":"airflow.models.dagbag.DagBag"}
{"timestamp":"2025-10-30T13:31:20.576358","level":"info","event":"Filling up the DagBag from /opt/airflow/dags/EFFIS.py","logger":"airflow.models.dagbag.DagBag"}
{"timestamp":"2025-10-30T13:31:52.211651","level":"info","event":"Filling up the DagBag from /opt/airflow/dags/EFFIS.py","logger":"airflow.models.dagbag.DagBag"}
{"timestamp":"2025-10-30T13:32:23.684157","level":"info","event":"Filling up the DagBag from /opt/airflow/dags/EFFIS.py","logger":"airflow.models.dagbag.DagBag"}
{"timestamp":"2025-10-30T13:32:55.581772","level":"info","event":"Filling up the DagBag from /opt/airflow/dags/EFFIS.py","logger":"airflow.models.dagbag.DagBag"}
{"timestamp":"2025-10-30T13:33:27.202875","level":"info","event":"Filling up the DagBag from /opt/airflow/dags/EFFIS.py","logger":"airflow.models.dagbag.DagBag"}
{"timestamp":"2025-10-30T13:33:58.866461","level":"info","event":"Filling up the DagBag from /opt/airflow/dags/EFFIS.py","logger":"airflow.models.dagbag.DagBag"}
{"timestamp":"2025-10-30T13:34:30.308415","level":"info","event":"Filling up the DagBag from /opt/airflow/dags/EFFIS.py","logger":"airflow.models.dagbag.DagBag"}
{"timestamp":"2025-10-30T13:35:02.630528","level":"info","event":"Filling up the DagBag from /opt/airflow/dags/EFFIS.py","logger":"airflow.models.dagbag.DagBag"}
{"timestamp":"2025-10-30T13:35:34.627649","level":"info","event":"Filling up the DagBag from /opt/airflow/dags/EFFIS.py","logger":"airflow.models.dagbag.DagBag"}
{"timestamp":"2025-10-30T13:36:07.197436","level":"info","event":"Filling up the DagBag from /opt/airflow/dags/EFFIS.py","logger":"airflow.models.dagbag.DagBag"}
{"timestamp":"2025-10-30T13:36:39.566586","level":"info","event":"Filling up the DagBag from /opt/airflow/dags/EFFIS.py","logger":"airflow.models.dagbag.DagBag"}
{"timestamp":"2025-10-30T13:37:11.958908","level":"info","event":"Filling up the DagBag from /opt/airflow/dags/EFFIS.py","logger":"airflow.models.dagbag.DagBag"}
{"timestamp":"2025-10-30T13:37:44.139987","level":"info","event":"Filling up the DagBag from /opt/airflow/dags/EFFIS.py","logger":"airflow.models.dagbag.DagBag"}
{"timestamp":"2025-10-30T13:38:16.173918","level":"info","event":"Filling up the DagBag from /opt/airflow/dags/EFFIS.py","logger":"airflow.models.dagbag.DagBag"}
{"timestamp":"2025-10-30T13:38:48.622573","level":"info","event":"Filling up the DagBag from /opt/airflow/dags/EFFIS.py","logger":"airflow.models.dagbag.DagBag"}
{"timestamp":"2025-10-30T13:39:20.633864","level":"info","event":"Filling up the DagBag from /opt/airflow/dags/EFFIS.py","logger":"airflow.models.dagbag.DagBag"}
{"timestamp":"2025-10-30T13:39:52.785280","level":"info","event":"Filling up the DagBag from /opt/airflow/dags/EFFIS.py","logger":"airflow.models.dagbag.DagBag"}
{"timestamp":"2025-10-30T13:40:24.492722","level":"info","event":"Filling up the DagBag from /opt/airflow/dags/EFFIS.py","logger":"airflow.models.dagbag.DagBag"}
{"timestamp":"2025-10-30T13:40:56.984979","level":"info","event":"Filling up the DagBag from /opt/airflow/dags/EFFIS.py","logger":"airflow.models.dagbag.DagBag"}
{"timestamp":"2025-10-30T13:41:28.951834","level":"info","event":"Filling up the DagBag from /opt/airflow/dags/EFFIS.py","logger":"airflow.models.dagbag.DagBag"}
{"timestamp":"2025-10-30T13:42:00.958384","level":"info","event":"Filling up the DagBag from /opt/airflow/dags/EFFIS.py","logger":"airflow.models.dagbag.DagBag"}
{"timestamp":"2025-10-30T13:42:33.471080","level":"info","event":"Filling up the DagBag from /opt/airflow/dags/EFFIS.py","logger":"airflow.models.dagbag.DagBag"}
{"timestamp":"2025-10-30T13:43:05.334420","level":"info","event":"Filling up the DagBag from /opt/airflow/dags/EFFIS.py","logger":"airflow.models.dagbag.DagBag"}
{"timestamp":"2025-10-30T13:43:36.916735","level":"info","event":"Filling up the DagBag from /opt/airflow/dags/EFFIS.py","logger":"airflow.models.dagbag.DagBag"}
{"timestamp":"2025-10-30T13:44:08.781270","level":"info","event":"Filling up the DagBag from /opt/airflow/dags/EFFIS.py","logger":"airflow.models.dagbag.DagBag"}
{"timestamp":"2025-10-30T13:44:40.506738","level":"info","event":"Filling up the DagBag from /opt/airflow/dags/EFFIS.py","logger":"airflow.models.dagbag.DagBag"}
{"timestamp":"2025-10-30T13:45:12.289048","level":"info","event":"Filling up the DagBag from /opt/airflow/dags/EFFIS.py","logger":"airflow.models.dagbag.DagBag"}
{"timestamp":"2025-10-30T13:45:43.912482","level":"info","event":"Filling up the DagBag from /opt/airflow/dags/EFFIS.py","logger":"airflow.models.dagbag.DagBag"}
{"timestamp":"2025-10-30T13:46:15.738629","level":"info","event":"Filling up the DagBag from /opt/airflow/dags/EFFIS.py","logger":"airflow.models.dagbag.DagBag"}
{"timestamp":"2025-10-30T13:46:47.967323","level":"info","event":"Filling up the DagBag from /opt/airflow/dags/EFFIS.py","logger":"airflow.models.dagbag.DagBag"}
{"timestamp":"2025-10-30T13:47:19.931021","level":"info","event":"Filling up the DagBag from /opt/airflow/dags/EFFIS.py","logger":"airflow.models.dagbag.DagBag"}
{"timestamp":"2025-10-30T13:47:51.994539","level":"info","event":"Filling up the DagBag from /opt/airflow/dags/EFFIS.py","logger":"airflow.models.dagbag.DagBag"}
{"timestamp":"2025-10-30T13:48:23.900972","level":"info","event":"Filling up the DagBag from /opt/airflow/dags/EFFIS.py","logger":"airflow.models.dagbag.DagBag"}
{"timestamp":"2025-10-30T13:48:55.447942","level":"info","event":"Filling up the DagBag from /opt/airflow/dags/EFFIS.py","logger":"airflow.models.dagbag.DagBag"}
{"timestamp":"2025-10-30T13:49:27.811081","level":"info","event":"Filling up the DagBag from /opt/airflow/dags/EFFIS.py","logger":"airflow.models.dagbag.DagBag"}
{"timestamp":"2025-10-30T13:49:59.418284","level":"info","event":"Filling up the DagBag from /opt/airflow/dags/EFFIS.py","logger":"airflow.models.dagbag.DagBag"}
