{"timestamp":"2025-10-29T10:40:07.146666","level":"info","event":"DAG bundles loaded: dags-folder","logger":"airflow.dag_processing.bundles.manager.DagBundlesManager"}
{"timestamp":"2025-10-29T10:40:07.148322","level":"info","event":"Filling up the DagBag from /opt/airflow/dags/Airflow.py","logger":"airflow.models.dagbag.DagBag"}
{"timestamp":"2025-10-29T10:40:07.212959","level":"info","event":"Tmp dir root location: /tmp","logger":"airflow.task.hooks.airflow.providers.standard.hooks.subprocess.SubprocessHook"}
{"timestamp":"2025-10-29T10:40:07.214641","level":"info","event":"Running command: ['/usr/bin/bash', '-c', 'python3 /opt/airflow/scripts/ARPEGE2.py']","logger":"airflow.task.hooks.airflow.providers.standard.hooks.subprocess.SubprocessHook"}
{"timestamp":"2025-10-29T10:40:07.233806","level":"info","event":"Output:","logger":"airflow.task.hooks.airflow.providers.standard.hooks.subprocess.SubprocessHook"}
{"timestamp":"2025-10-29T10:40:13.040691","level":"info","event":"❌ ERROR: No se pudo inicializar el cliente Docker. Error while fetching server API version: ('Connection aborted.', PermissionError(13, 'Permission denied'))","logger":"airflow.task.hooks.airflow.providers.standard.hooks.subprocess.SubprocessHook"}
{"timestamp":"2025-10-29T10:40:13.041006","level":"info","event":"Traceback (most recent call last):","logger":"airflow.task.hooks.airflow.providers.standard.hooks.subprocess.SubprocessHook"}
{"timestamp":"2025-10-29T10:40:13.041168","level":"info","event":"  File \"/home/airflow/.local/lib/python3.12/site-packages/urllib3/connectionpool.py\", line 787, in urlopen","logger":"airflow.task.hooks.airflow.providers.standard.hooks.subprocess.SubprocessHook"}
{"timestamp":"2025-10-29T10:40:13.041315","level":"info","event":"    response = self._make_request(","logger":"airflow.task.hooks.airflow.providers.standard.hooks.subprocess.SubprocessHook"}
{"timestamp":"2025-10-29T10:40:13.041439","level":"info","event":"               ^^^^^^^^^^^^^^^^^^^","logger":"airflow.task.hooks.airflow.providers.standard.hooks.subprocess.SubprocessHook"}
{"timestamp":"2025-10-29T10:40:13.041637","level":"info","event":"  File \"/home/airflow/.local/lib/python3.12/site-packages/urllib3/connectionpool.py\", line 493, in _make_request","logger":"airflow.task.hooks.airflow.providers.standard.hooks.subprocess.SubprocessHook"}
{"timestamp":"2025-10-29T10:40:13.041782","level":"info","event":"    conn.request(","logger":"airflow.task.hooks.airflow.providers.standard.hooks.subprocess.SubprocessHook"}
{"timestamp":"2025-10-29T10:40:13.041902","level":"info","event":"  File \"/home/airflow/.local/lib/python3.12/site-packages/urllib3/connection.py\", line 494, in request","logger":"airflow.task.hooks.airflow.providers.standard.hooks.subprocess.SubprocessHook"}
{"timestamp":"2025-10-29T10:40:13.042213","level":"info","event":"    self.endheaders()","logger":"airflow.task.hooks.airflow.providers.standard.hooks.subprocess.SubprocessHook"}
{"timestamp":"2025-10-29T10:40:13.042405","level":"info","event":"  File \"/usr/local/lib/python3.12/http/client.py\", line 1333, in endheaders","logger":"airflow.task.hooks.airflow.providers.standard.hooks.subprocess.SubprocessHook"}
{"timestamp":"2025-10-29T10:40:13.043275","level":"info","event":"    self._send_output(message_body, encode_chunked=encode_chunked)","logger":"airflow.task.hooks.airflow.providers.standard.hooks.subprocess.SubprocessHook"}
{"timestamp":"2025-10-29T10:40:13.043559","level":"info","event":"  File \"/usr/local/lib/python3.12/http/client.py\", line 1093, in _send_output","logger":"airflow.task.hooks.airflow.providers.standard.hooks.subprocess.SubprocessHook"}
{"timestamp":"2025-10-29T10:40:13.044251","level":"info","event":"    self.send(msg)","logger":"airflow.task.hooks.airflow.providers.standard.hooks.subprocess.SubprocessHook"}
{"timestamp":"2025-10-29T10:40:13.044505","level":"info","event":"  File \"/usr/local/lib/python3.12/http/client.py\", line 1037, in send","logger":"airflow.task.hooks.airflow.providers.standard.hooks.subprocess.SubprocessHook"}
{"timestamp":"2025-10-29T10:40:13.045107","level":"info","event":"    self.connect()","logger":"airflow.task.hooks.airflow.providers.standard.hooks.subprocess.SubprocessHook"}
{"timestamp":"2025-10-29T10:40:13.045339","level":"info","event":"  File \"/home/airflow/.local/lib/python3.12/site-packages/docker/transport/unixconn.py\", line 26, in connect","logger":"airflow.task.hooks.airflow.providers.standard.hooks.subprocess.SubprocessHook"}
{"timestamp":"2025-10-29T10:40:13.045492","level":"info","event":"    sock.connect(self.unix_socket)","logger":"airflow.task.hooks.airflow.providers.standard.hooks.subprocess.SubprocessHook"}
{"timestamp":"2025-10-29T10:40:13.045652","level":"info","event":"PermissionError: [Errno 13] Permission denied","logger":"airflow.task.hooks.airflow.providers.standard.hooks.subprocess.SubprocessHook"}
{"timestamp":"2025-10-29T10:40:13.045859","level":"info","event":"","logger":"airflow.task.hooks.airflow.providers.standard.hooks.subprocess.SubprocessHook"}
{"timestamp":"2025-10-29T10:40:13.046024","level":"info","event":"During handling of the above exception, another exception occurred:","logger":"airflow.task.hooks.airflow.providers.standard.hooks.subprocess.SubprocessHook"}
{"timestamp":"2025-10-29T10:40:13.046146","level":"info","event":"","logger":"airflow.task.hooks.airflow.providers.standard.hooks.subprocess.SubprocessHook"}
{"timestamp":"2025-10-29T10:40:13.046257","level":"info","event":"Traceback (most recent call last):","logger":"airflow.task.hooks.airflow.providers.standard.hooks.subprocess.SubprocessHook"}
{"timestamp":"2025-10-29T10:40:13.046367","level":"info","event":"  File \"/home/airflow/.local/lib/python3.12/site-packages/requests/adapters.py\", line 644, in send","logger":"airflow.task.hooks.airflow.providers.standard.hooks.subprocess.SubprocessHook"}
{"timestamp":"2025-10-29T10:40:13.046488","level":"info","event":"    resp = conn.urlopen(","logger":"airflow.task.hooks.airflow.providers.standard.hooks.subprocess.SubprocessHook"}
{"timestamp":"2025-10-29T10:40:13.046597","level":"info","event":"           ^^^^^^^^^^^^^","logger":"airflow.task.hooks.airflow.providers.standard.hooks.subprocess.SubprocessHook"}
{"timestamp":"2025-10-29T10:40:13.046702","level":"info","event":"  File \"/home/airflow/.local/lib/python3.12/site-packages/urllib3/connectionpool.py\", line 841, in urlopen","logger":"airflow.task.hooks.airflow.providers.standard.hooks.subprocess.SubprocessHook"}
{"timestamp":"2025-10-29T10:40:13.046891","level":"info","event":"    retries = retries.increment(","logger":"airflow.task.hooks.airflow.providers.standard.hooks.subprocess.SubprocessHook"}
{"timestamp":"2025-10-29T10:40:13.047022","level":"info","event":"              ^^^^^^^^^^^^^^^^^^","logger":"airflow.task.hooks.airflow.providers.standard.hooks.subprocess.SubprocessHook"}
{"timestamp":"2025-10-29T10:40:13.047132","level":"info","event":"  File \"/home/airflow/.local/lib/python3.12/site-packages/urllib3/util/retry.py\", line 474, in increment","logger":"airflow.task.hooks.airflow.providers.standard.hooks.subprocess.SubprocessHook"}
{"timestamp":"2025-10-29T10:40:13.047246","level":"info","event":"    raise reraise(type(error), error, _stacktrace)","logger":"airflow.task.hooks.airflow.providers.standard.hooks.subprocess.SubprocessHook"}
{"timestamp":"2025-10-29T10:40:13.047354","level":"info","event":"          ^^^^^^^^^^^^^^^^^^^^^^^^^^^^^^^^^^^^^^^^","logger":"airflow.task.hooks.airflow.providers.standard.hooks.subprocess.SubprocessHook"}
{"timestamp":"2025-10-29T10:40:13.047460","level":"info","event":"  File \"/home/airflow/.local/lib/python3.12/site-packages/urllib3/util/util.py\", line 38, in reraise","logger":"airflow.task.hooks.airflow.providers.standard.hooks.subprocess.SubprocessHook"}
{"timestamp":"2025-10-29T10:40:13.047565","level":"info","event":"    raise value.with_traceback(tb)","logger":"airflow.task.hooks.airflow.providers.standard.hooks.subprocess.SubprocessHook"}
{"timestamp":"2025-10-29T10:40:13.047678","level":"info","event":"  File \"/home/airflow/.local/lib/python3.12/site-packages/urllib3/connectionpool.py\", line 787, in urlopen","logger":"airflow.task.hooks.airflow.providers.standard.hooks.subprocess.SubprocessHook"}
{"timestamp":"2025-10-29T10:40:13.047835","level":"info","event":"    response = self._make_request(","logger":"airflow.task.hooks.airflow.providers.standard.hooks.subprocess.SubprocessHook"}
{"timestamp":"2025-10-29T10:40:13.047969","level":"info","event":"               ^^^^^^^^^^^^^^^^^^^","logger":"airflow.task.hooks.airflow.providers.standard.hooks.subprocess.SubprocessHook"}
{"timestamp":"2025-10-29T10:40:13.048080","level":"info","event":"  File \"/home/airflow/.local/lib/python3.12/site-packages/urllib3/connectionpool.py\", line 493, in _make_request","logger":"airflow.task.hooks.airflow.providers.standard.hooks.subprocess.SubprocessHook"}
{"timestamp":"2025-10-29T10:40:13.048475","level":"info","event":"    conn.request(","logger":"airflow.task.hooks.airflow.providers.standard.hooks.subprocess.SubprocessHook"}
{"timestamp":"2025-10-29T10:40:13.048714","level":"info","event":"  File \"/home/airflow/.local/lib/python3.12/site-packages/urllib3/connection.py\", line 494, in request","logger":"airflow.task.hooks.airflow.providers.standard.hooks.subprocess.SubprocessHook"}
{"timestamp":"2025-10-29T10:40:13.048918","level":"info","event":"    self.endheaders()","logger":"airflow.task.hooks.airflow.providers.standard.hooks.subprocess.SubprocessHook"}
{"timestamp":"2025-10-29T10:40:13.049055","level":"info","event":"  File \"/usr/local/lib/python3.12/http/client.py\", line 1333, in endheaders","logger":"airflow.task.hooks.airflow.providers.standard.hooks.subprocess.SubprocessHook"}
{"timestamp":"2025-10-29T10:40:13.050142","level":"info","event":"    self._send_output(message_body, encode_chunked=encode_chunked)","logger":"airflow.task.hooks.airflow.providers.standard.hooks.subprocess.SubprocessHook"}
{"timestamp":"2025-10-29T10:40:13.050409","level":"info","event":"  File \"/usr/local/lib/python3.12/http/client.py\", line 1093, in _send_output","logger":"airflow.task.hooks.airflow.providers.standard.hooks.subprocess.SubprocessHook"}
{"timestamp":"2025-10-29T10:40:13.051131","level":"info","event":"    self.send(msg)","logger":"airflow.task.hooks.airflow.providers.standard.hooks.subprocess.SubprocessHook"}
{"timestamp":"2025-10-29T10:40:13.051392","level":"info","event":"  File \"/usr/local/lib/python3.12/http/client.py\", line 1037, in send","logger":"airflow.task.hooks.airflow.providers.standard.hooks.subprocess.SubprocessHook"}
{"timestamp":"2025-10-29T10:40:13.052119","level":"info","event":"    self.connect()","logger":"airflow.task.hooks.airflow.providers.standard.hooks.subprocess.SubprocessHook"}
{"timestamp":"2025-10-29T10:40:13.052456","level":"info","event":"  File \"/home/airflow/.local/lib/python3.12/site-packages/docker/transport/unixconn.py\", line 26, in connect","logger":"airflow.task.hooks.airflow.providers.standard.hooks.subprocess.SubprocessHook"}
{"timestamp":"2025-10-29T10:40:13.052699","level":"info","event":"    sock.connect(self.unix_socket)","logger":"airflow.task.hooks.airflow.providers.standard.hooks.subprocess.SubprocessHook"}
{"timestamp":"2025-10-29T10:40:13.053070","level":"info","event":"urllib3.exceptions.ProtocolError: ('Connection aborted.', PermissionError(13, 'Permission denied'))","logger":"airflow.task.hooks.airflow.providers.standard.hooks.subprocess.SubprocessHook"}
{"timestamp":"2025-10-29T10:40:13.053268","level":"info","event":"","logger":"airflow.task.hooks.airflow.providers.standard.hooks.subprocess.SubprocessHook"}
{"timestamp":"2025-10-29T10:40:13.053414","level":"info","event":"During handling of the above exception, another exception occurred:","logger":"airflow.task.hooks.airflow.providers.standard.hooks.subprocess.SubprocessHook"}
{"timestamp":"2025-10-29T10:40:13.053655","level":"info","event":"","logger":"airflow.task.hooks.airflow.providers.standard.hooks.subprocess.SubprocessHook"}
{"timestamp":"2025-10-29T10:40:13.053791","level":"info","event":"Traceback (most recent call last):","logger":"airflow.task.hooks.airflow.providers.standard.hooks.subprocess.SubprocessHook"}
{"timestamp":"2025-10-29T10:40:13.053904","level":"info","event":"  File \"/home/airflow/.local/lib/python3.12/site-packages/docker/api/client.py\", line 223, in _retrieve_server_version","logger":"airflow.task.hooks.airflow.providers.standard.hooks.subprocess.SubprocessHook"}
{"timestamp":"2025-10-29T10:40:13.054095","level":"info","event":"    return self.version(api_version=False)[\"ApiVersion\"]","logger":"airflow.task.hooks.airflow.providers.standard.hooks.subprocess.SubprocessHook"}
{"timestamp":"2025-10-29T10:40:13.054270","level":"info","event":"           ^^^^^^^^^^^^^^^^^^^^^^^^^^^^^^^","logger":"airflow.task.hooks.airflow.providers.standard.hooks.subprocess.SubprocessHook"}
{"timestamp":"2025-10-29T10:40:13.054388","level":"info","event":"  File \"/home/airflow/.local/lib/python3.12/site-packages/docker/api/daemon.py\", line 181, in version","logger":"airflow.task.hooks.airflow.providers.standard.hooks.subprocess.SubprocessHook"}
{"timestamp":"2025-10-29T10:40:13.054498","level":"info","event":"    return self._result(self._get(url), json=True)","logger":"airflow.task.hooks.airflow.providers.standard.hooks.subprocess.SubprocessHook"}
{"timestamp":"2025-10-29T10:40:13.054604","level":"info","event":"                        ^^^^^^^^^^^^^^","logger":"airflow.task.hooks.airflow.providers.standard.hooks.subprocess.SubprocessHook"}
{"timestamp":"2025-10-29T10:40:13.054708","level":"info","event":"  File \"/home/airflow/.local/lib/python3.12/site-packages/docker/utils/decorators.py\", line 44, in inner","logger":"airflow.task.hooks.airflow.providers.standard.hooks.subprocess.SubprocessHook"}
{"timestamp":"2025-10-29T10:40:13.054811","level":"info","event":"    return f(self, *args, **kwargs)","logger":"airflow.task.hooks.airflow.providers.standard.hooks.subprocess.SubprocessHook"}
{"timestamp":"2025-10-29T10:40:13.054914","level":"info","event":"           ^^^^^^^^^^^^^^^^^^^^^^^^","logger":"airflow.task.hooks.airflow.providers.standard.hooks.subprocess.SubprocessHook"}
{"timestamp":"2025-10-29T10:40:13.055015","level":"info","event":"  File \"/home/airflow/.local/lib/python3.12/site-packages/docker/api/client.py\", line 246, in _get","logger":"airflow.task.hooks.airflow.providers.standard.hooks.subprocess.SubprocessHook"}
{"timestamp":"2025-10-29T10:40:13.055116","level":"info","event":"    return self.get(url, **self._set_request_timeout(kwargs))","logger":"airflow.task.hooks.airflow.providers.standard.hooks.subprocess.SubprocessHook"}
{"timestamp":"2025-10-29T10:40:13.055278","level":"info","event":"           ^^^^^^^^^^^^^^^^^^^^^^^^^^^^^^^^^^^^^^^^^^^^^^^^^^","logger":"airflow.task.hooks.airflow.providers.standard.hooks.subprocess.SubprocessHook"}
{"timestamp":"2025-10-29T10:40:13.055390","level":"info","event":"  File \"/home/airflow/.local/lib/python3.12/site-packages/requests/sessions.py\", line 602, in get","logger":"airflow.task.hooks.airflow.providers.standard.hooks.subprocess.SubprocessHook"}
{"timestamp":"2025-10-29T10:40:13.055493","level":"info","event":"    return self.request(\"GET\", url, **kwargs)","logger":"airflow.task.hooks.airflow.providers.standard.hooks.subprocess.SubprocessHook"}
{"timestamp":"2025-10-29T10:40:13.055594","level":"info","event":"           ^^^^^^^^^^^^^^^^^^^^^^^^^^^^^^^^^^","logger":"airflow.task.hooks.airflow.providers.standard.hooks.subprocess.SubprocessHook"}
{"timestamp":"2025-10-29T10:40:13.055695","level":"info","event":"  File \"/home/airflow/.local/lib/python3.12/site-packages/requests/sessions.py\", line 589, in request","logger":"airflow.task.hooks.airflow.providers.standard.hooks.subprocess.SubprocessHook"}
{"timestamp":"2025-10-29T10:40:13.055796","level":"info","event":"    resp = self.send(prep, **send_kwargs)","logger":"airflow.task.hooks.airflow.providers.standard.hooks.subprocess.SubprocessHook"}
{"timestamp":"2025-10-29T10:40:13.055898","level":"info","event":"           ^^^^^^^^^^^^^^^^^^^^^^^^^^^^^^","logger":"airflow.task.hooks.airflow.providers.standard.hooks.subprocess.SubprocessHook"}
{"timestamp":"2025-10-29T10:40:13.056000","level":"info","event":"  File \"/home/airflow/.local/lib/python3.12/site-packages/requests/sessions.py\", line 703, in send","logger":"airflow.task.hooks.airflow.providers.standard.hooks.subprocess.SubprocessHook"}
{"timestamp":"2025-10-29T10:40:13.056111","level":"info","event":"    r = adapter.send(request, **kwargs)","logger":"airflow.task.hooks.airflow.providers.standard.hooks.subprocess.SubprocessHook"}
{"timestamp":"2025-10-29T10:40:13.056333","level":"info","event":"        ^^^^^^^^^^^^^^^^^^^^^^^^^^^^^^^","logger":"airflow.task.hooks.airflow.providers.standard.hooks.subprocess.SubprocessHook"}
{"timestamp":"2025-10-29T10:40:13.056502","level":"info","event":"  File \"/home/airflow/.local/lib/python3.12/site-packages/requests/adapters.py\", line 659, in send","logger":"airflow.task.hooks.airflow.providers.standard.hooks.subprocess.SubprocessHook"}
{"timestamp":"2025-10-29T10:40:13.056656","level":"info","event":"    raise ConnectionError(err, request=request)","logger":"airflow.task.hooks.airflow.providers.standard.hooks.subprocess.SubprocessHook"}
{"timestamp":"2025-10-29T10:40:13.056816","level":"info","event":"requests.exceptions.ConnectionError: ('Connection aborted.', PermissionError(13, 'Permission denied'))","logger":"airflow.task.hooks.airflow.providers.standard.hooks.subprocess.SubprocessHook"}
{"timestamp":"2025-10-29T10:40:13.056969","level":"info","event":"","logger":"airflow.task.hooks.airflow.providers.standard.hooks.subprocess.SubprocessHook"}
{"timestamp":"2025-10-29T10:40:13.057124","level":"info","event":"The above exception was the direct cause of the following exception:","logger":"airflow.task.hooks.airflow.providers.standard.hooks.subprocess.SubprocessHook"}
{"timestamp":"2025-10-29T10:40:13.057368","level":"info","event":"","logger":"airflow.task.hooks.airflow.providers.standard.hooks.subprocess.SubprocessHook"}
{"timestamp":"2025-10-29T10:40:13.057655","level":"info","event":"Traceback (most recent call last):","logger":"airflow.task.hooks.airflow.providers.standard.hooks.subprocess.SubprocessHook"}
{"timestamp":"2025-10-29T10:40:13.057858","level":"info","event":"  File \"/opt/airflow/scripts/ARPEGE2.py\", line 219, in <module>","logger":"airflow.task.hooks.airflow.providers.standard.hooks.subprocess.SubprocessHook"}
{"timestamp":"2025-10-29T10:40:13.058025","level":"info","event":"    main()","logger":"airflow.task.hooks.airflow.providers.standard.hooks.subprocess.SubprocessHook"}
{"timestamp":"2025-10-29T10:40:13.058200","level":"info","event":"  File \"/opt/airflow/scripts/ARPEGE2.py\", line 195, in main","logger":"airflow.task.hooks.airflow.providers.standard.hooks.subprocess.SubprocessHook"}
{"timestamp":"2025-10-29T10:40:13.058364","level":"info","event":"    df, download_time = fetch_forecast(lats, lons)","logger":"airflow.task.hooks.airflow.providers.standard.hooks.subprocess.SubprocessHook"}
{"timestamp":"2025-10-29T10:40:13.058580","level":"info","event":"                        ^^^^^^^^^^^^^^^^^^^^^^^^^^","logger":"airflow.task.hooks.airflow.providers.standard.hooks.subprocess.SubprocessHook"}
{"timestamp":"2025-10-29T10:40:13.058747","level":"info","event":"  File \"/opt/airflow/scripts/ARPEGE2.py\", line 63, in fetch_forecast","logger":"airflow.task.hooks.airflow.providers.standard.hooks.subprocess.SubprocessHook"}
{"timestamp":"2025-10-29T10:40:13.058909","level":"info","event":"    client = docker.from_env()","logger":"airflow.task.hooks.airflow.providers.standard.hooks.subprocess.SubprocessHook"}
{"timestamp":"2025-10-29T10:40:13.059069","level":"info","event":"             ^^^^^^^^^^^^^^^^^","logger":"airflow.task.hooks.airflow.providers.standard.hooks.subprocess.SubprocessHook"}
{"timestamp":"2025-10-29T10:40:13.059224","level":"info","event":"  File \"/home/airflow/.local/lib/python3.12/site-packages/docker/client.py\", line 94, in from_env","logger":"airflow.task.hooks.airflow.providers.standard.hooks.subprocess.SubprocessHook"}
{"timestamp":"2025-10-29T10:40:13.059382","level":"info","event":"    return cls(","logger":"airflow.task.hooks.airflow.providers.standard.hooks.subprocess.SubprocessHook"}
{"timestamp":"2025-10-29T10:40:13.059595","level":"info","event":"           ^^^^","logger":"airflow.task.hooks.airflow.providers.standard.hooks.subprocess.SubprocessHook"}
{"timestamp":"2025-10-29T10:40:13.059758","level":"info","event":"  File \"/home/airflow/.local/lib/python3.12/site-packages/docker/client.py\", line 45, in __init__","logger":"airflow.task.hooks.airflow.providers.standard.hooks.subprocess.SubprocessHook"}
{"timestamp":"2025-10-29T10:40:13.059932","level":"info","event":"    self.api = APIClient(*args, **kwargs)","logger":"airflow.task.hooks.airflow.providers.standard.hooks.subprocess.SubprocessHook"}
{"timestamp":"2025-10-29T10:40:13.060086","level":"info","event":"               ^^^^^^^^^^^^^^^^^^^^^^^^^^","logger":"airflow.task.hooks.airflow.providers.standard.hooks.subprocess.SubprocessHook"}
{"timestamp":"2025-10-29T10:40:13.060244","level":"info","event":"  File \"/home/airflow/.local/lib/python3.12/site-packages/docker/api/client.py\", line 207, in __init__","logger":"airflow.task.hooks.airflow.providers.standard.hooks.subprocess.SubprocessHook"}
{"timestamp":"2025-10-29T10:40:13.060407","level":"info","event":"    self._version = self._retrieve_server_version()","logger":"airflow.task.hooks.airflow.providers.standard.hooks.subprocess.SubprocessHook"}
{"timestamp":"2025-10-29T10:40:13.060623","level":"info","event":"                    ^^^^^^^^^^^^^^^^^^^^^^^^^^^^^^^","logger":"airflow.task.hooks.airflow.providers.standard.hooks.subprocess.SubprocessHook"}
{"timestamp":"2025-10-29T10:40:13.060790","level":"info","event":"  File \"/home/airflow/.local/lib/python3.12/site-packages/docker/api/client.py\", line 230, in _retrieve_server_version","logger":"airflow.task.hooks.airflow.providers.standard.hooks.subprocess.SubprocessHook"}
{"timestamp":"2025-10-29T10:40:13.060995","level":"info","event":"    raise DockerException(","logger":"airflow.task.hooks.airflow.providers.standard.hooks.subprocess.SubprocessHook"}
{"timestamp":"2025-10-29T10:40:13.061194","level":"info","event":"docker.errors.DockerException: Error while fetching server API version: ('Connection aborted.', PermissionError(13, 'Permission denied'))","logger":"airflow.task.hooks.airflow.providers.standard.hooks.subprocess.SubprocessHook"}
{"timestamp":"2025-10-29T10:40:13.268944","level":"info","event":"Command exited with return code 1","logger":"airflow.task.hooks.airflow.providers.standard.hooks.subprocess.SubprocessHook"}
{"timestamp":"2025-10-29T10:40:13.270200","level":"error","event":"Task failed with exception","logger":"task","error_detail":[{"exc_type":"AirflowException","exc_value":"Bash command failed. The command returned a non-zero exit code 1.","exc_notes":[],"syntax_error":null,"is_cause":false,"frames":[{"filename":"/home/airflow/.local/lib/python3.12/site-packages/airflow/sdk/execution_time/task_runner.py","lineno":920,"name":"run"},{"filename":"/home/airflow/.local/lib/python3.12/site-packages/airflow/sdk/execution_time/task_runner.py","lineno":1215,"name":"_execute_task"},{"filename":"/home/airflow/.local/lib/python3.12/site-packages/airflow/sdk/bases/operator.py","lineno":397,"name":"wrapper"},{"filename":"/home/airflow/.local/lib/python3.12/site-packages/airflow/providers/standard/operators/bash.py","lineno":232,"name":"execute"}],"is_group":false,"exceptions":[]}]}
