{"timestamp":"2025-10-29T10:59:27.937778","level":"info","event":"DAG bundles loaded: dags-folder","logger":"airflow.dag_processing.bundles.manager.DagBundlesManager"}
{"timestamp":"2025-10-29T10:59:27.939051","level":"info","event":"Filling up the DagBag from /opt/airflow/dags/Airflow.py","logger":"airflow.models.dagbag.DagBag"}
{"timestamp":"2025-10-29T10:59:28.052311","level":"info","event":"Tmp dir root location: /tmp","logger":"airflow.task.hooks.airflow.providers.standard.hooks.subprocess.SubprocessHook"}
{"timestamp":"2025-10-29T10:59:28.053866","level":"info","event":"Running command: ['/usr/bin/bash', '-c', 'python3 /opt/airflow/scripts/AEMET_HARMONIE_AROME.py']","logger":"airflow.task.hooks.airflow.providers.standard.hooks.subprocess.SubprocessHook"}
{"timestamp":"2025-10-29T10:59:28.073490","level":"info","event":"Output:","logger":"airflow.task.hooks.airflow.providers.standard.hooks.subprocess.SubprocessHook"}
{"timestamp":"2025-10-29T10:59:36.824909","level":"info","event":"/opt/airflow/scripts/AEMET_HARMONIE_AROME.py:73: DeprecationWarning: Python 3.14 will, by default, filter extracted tar archives and reject files or modify their metadata. Use the filter argument to control this behavior.","logger":"airflow.task.hooks.airflow.providers.standard.hooks.subprocess.SubprocessHook"}
{"timestamp":"2025-10-29T10:59:36.825210","level":"info","event":"  tar.extractall(output_dir)","logger":"airflow.task.hooks.airflow.providers.standard.hooks.subprocess.SubprocessHook"}
{"timestamp":"2025-10-29T11:01:15.212098","level":"info","event":"📡 Descargando datos desde AEMET...","logger":"airflow.task.hooks.airflow.providers.standard.hooks.subprocess.SubprocessHook"}
{"timestamp":"2025-10-29T11:01:15.212568","level":"info","event":"200 application/tar+gzip","logger":"airflow.task.hooks.airflow.providers.standard.hooks.subprocess.SubprocessHook"}
{"timestamp":"2025-10-29T11:01:15.212733","level":"info","event":"🕒 Fecha de descarga: 2025-10-29T10:59:36.823603","logger":"airflow.task.hooks.airflow.providers.standard.hooks.subprocess.SubprocessHook"}
{"timestamp":"2025-10-29T11:01:15.212894","level":"info","event":"✅ Descarga y extracción completada: 440 archivos guardados en /tmp/airflowtmp85lvc28r/Datos/HARMONIE","logger":"airflow.task.hooks.airflow.providers.standard.hooks.subprocess.SubprocessHook"}
{"timestamp":"2025-10-29T11:01:15.213056","level":"info","event":"Buscando archivos en ./Datos/HARMONIE/ con sufijo _11.tif para la variable temperatura...","logger":"airflow.task.hooks.airflow.providers.standard.hooks.subprocess.SubprocessHook"}
{"timestamp":"2025-10-29T11:01:15.213218","level":"info","event":"Archivos encontrados: 48","logger":"airflow.task.hooks.airflow.providers.standard.hooks.subprocess.SubprocessHook"}
{"timestamp":"2025-10-29T11:01:15.213413","level":"info","event":"Buscando archivos en ./Datos/HARMONIE/ con sufijo _32.tif para la variable viento...","logger":"airflow.task.hooks.airflow.providers.standard.hooks.subprocess.SubprocessHook"}
{"timestamp":"2025-10-29T11:01:15.213536","level":"info","event":"Archivos encontrados: 48","logger":"airflow.task.hooks.airflow.providers.standard.hooks.subprocess.SubprocessHook"}
{"timestamp":"2025-10-29T11:01:15.213651","level":"info","event":"Buscando archivos en ./Datos/HARMONIE/ con sufijo _61_1HH.tif para la variable prec_1h...","logger":"airflow.task.hooks.airflow.providers.standard.hooks.subprocess.SubprocessHook"}
{"timestamp":"2025-10-29T11:01:15.213772","level":"info","event":"Archivos encontrados: 48","logger":"airflow.task.hooks.airflow.providers.standard.hooks.subprocess.SubprocessHook"}
{"timestamp":"2025-10-29T11:01:15.213883","level":"info","event":"Variables del JSON:  dict_keys(['id', 'dateIssued', 'type', 'windSpeed', 'timestamp', 'precipitation', 'lat', 'lon'])","logger":"airflow.task.hooks.airflow.providers.standard.hooks.subprocess.SubprocessHook"}
{"timestamp":"2025-10-29T11:01:15.214004","level":"info","event":"Cantidad de datos de termperatura descargados:  264960","logger":"airflow.task.hooks.airflow.providers.standard.hooks.subprocess.SubprocessHook"}
{"timestamp":"2025-10-29T11:01:15.214115","level":"info","event":"FIN DEL PROCESO DE DESCARGA DE PREDICCIONES HARMONIE-AROME DE AEMET.","logger":"airflow.task.hooks.airflow.providers.standard.hooks.subprocess.SubprocessHook"}
{"timestamp":"2025-10-29T11:01:15.471106","level":"info","event":"Command exited with return code 0","logger":"airflow.task.hooks.airflow.providers.standard.hooks.subprocess.SubprocessHook"}
{"timestamp":"2025-10-29T11:01:15.514426","level":"info","event":"Pushing xcom","ti":"RuntimeTaskInstance(id=UUID('019a2f96-3f39-7bbc-add6-4864523a73b2'), task_id='harmonie_arome_aemet', dag_id='Scripts_Predicciones_Meteorologicas', run_id='manual__2025-10-29T10:49:11.550608+00:00', try_number=2, map_index=-1, hostname='e3157c6385d2', context_carrier={}, task=<Task(BashOperator): harmonie_arome_aemet>, bundle_instance=LocalDagBundle(name=dags-folder), max_tries=1, start_date=datetime.datetime(2025, 10, 29, 10, 59, 27, 490394, tzinfo=datetime.timezone.utc), end_date=None, state=<TaskInstanceState.RUNNING: 'running'>, is_mapped=False, rendered_map_index=None, log_url='http://localhost:8080/dags/Scripts_Predicciones_Meteorologicas/runs/manual__2025-10-29T10%3A49%3A11.550608%2B00%3A00/tasks/harmonie_arome_aemet?try_number=2')","logger":"task"}
