{"timestamp":"2025-10-29T14:07:45.221101","level":"info","event":"DAG bundles loaded: dags-folder","logger":"airflow.dag_processing.bundles.manager.DagBundlesManager"}
{"timestamp":"2025-10-29T14:07:45.223228","level":"info","event":"Filling up the DagBag from /opt/airflow/dags/IFS9km_ECMWF.py","logger":"airflow.models.dagbag.DagBag"}
{"timestamp":"2025-10-29T14:07:47.560830Z","level":"info","event":"🔄 Llamando al servicio API en la red interna de Docker: http://openmeteo-api:8080/v1/forecast ...","chan":"stdout","logger":"task"}
{"timestamp":"2025-10-29T14:07:47.561643Z","level":"info","event":"  ➡️ Solicitando datos para lat=39.13, lon=-1.52","chan":"stdout","logger":"task"}
{"timestamp":"2025-10-29T14:07:47.837159Z","level":"info","event":"  ➡️ Solicitando datos para lat=39.13, lon=-0.52","chan":"stdout","logger":"task"}
{"timestamp":"2025-10-29T14:07:48.070438Z","level":"info","event":"  ➡️ Solicitando datos para lat=39.13, lon=-1.52","chan":"stdout","logger":"task"}
{"timestamp":"2025-10-29T14:07:48.354393Z","level":"info","event":"  ➡️ Solicitando datos para lat=39.13, lon=-0.52","chan":"stdout","logger":"task"}
{"timestamp":"2025-10-29T14:07:48.607588Z","level":"info","event":"  ➡️ Solicitando datos para lat=39.13, lon=-1.52","chan":"stdout","logger":"task"}
{"timestamp":"2025-10-29T14:07:48.933061Z","level":"info","event":"  ➡️ Solicitando datos para lat=39.13, lon=-0.52","chan":"stdout","logger":"task"}
{"timestamp":"2025-10-29T14:07:49.228966Z","level":"info","event":"  ➡️ Solicitando datos para lat=39.13, lon=-1.52","chan":"stdout","logger":"task"}
{"timestamp":"2025-10-29T14:07:49.495167Z","level":"info","event":"  ➡️ Solicitando datos para lat=39.13, lon=-0.52","chan":"stdout","logger":"task"}
{"timestamp":"2025-10-29T14:07:49.787514Z","level":"info","event":"  ➡️ Solicitando datos para lat=40.13, lon=-1.52","chan":"stdout","logger":"task"}
{"timestamp":"2025-10-29T14:07:50.088293Z","level":"info","event":"  ➡️ Solicitando datos para lat=40.13, lon=-0.52","chan":"stdout","logger":"task"}
{"timestamp":"2025-10-29T14:07:50.316815Z","level":"info","event":"  ➡️ Solicitando datos para lat=40.13, lon=-1.52","chan":"stdout","logger":"task"}
{"timestamp":"2025-10-29T14:07:50.559253Z","level":"info","event":"  ➡️ Solicitando datos para lat=40.13, lon=-0.52","chan":"stdout","logger":"task"}
{"timestamp":"2025-10-29T14:07:50.779149Z","level":"info","event":"  ➡️ Solicitando datos para lat=40.13, lon=-1.52","chan":"stdout","logger":"task"}
{"timestamp":"2025-10-29T14:07:51.015305Z","level":"info","event":"  ➡️ Solicitando datos para lat=40.13, lon=-0.52","chan":"stdout","logger":"task"}
{"timestamp":"2025-10-29T14:07:51.257998Z","level":"info","event":"  ➡️ Solicitando datos para lat=40.13, lon=-1.52","chan":"stdout","logger":"task"}
{"timestamp":"2025-10-29T14:07:51.480953Z","level":"info","event":"  ➡️ Solicitando datos para lat=40.13, lon=-0.52","chan":"stdout","logger":"task"}
{"timestamp":"2025-10-29T14:07:51.715923Z","level":"info","event":"","chan":"stdout","logger":"task"}
{"timestamp":"2025-10-29T14:07:51.716878Z","level":"info","event":"🏁 Descarga completada en 4.16 s (0.07 min)","chan":"stdout","logger":"task"}
{"timestamp":"2025-10-29T14:07:51.748771Z","level":"info","event":"📦 Total registros: 2688","chan":"stdout","logger":"task"}
{"timestamp":"2025-10-29T14:07:51.763408Z","level":"info","event":"Variables del JSON:  dict_keys(['id', 'dateIssued', 'type', 'windSpeed', 'temperature', 'timestamp', 'precipitation', 'precipitationProbability', 'lat', 'lon'])","chan":"stdout","logger":"task"}
{"timestamp":"2025-10-29T14:07:51.763798Z","level":"info","event":"Cantidad de datos de precipitación descargados:  2688","chan":"stdout","logger":"task"}
{"timestamp":"2025-10-29T14:07:51.764025Z","level":"info","event":"FIN DEL PROCESO DE DESCARGA DE PREDICCIONES IFS de ECMWF.","chan":"stdout","logger":"task"}
{"timestamp":"2025-10-29T14:07:51.764220Z","level":"info","event":"","chan":"stdout","logger":"task"}
{"timestamp":"2025-10-29T14:07:51.764387Z","level":"info","event":" FIN","chan":"stdout","logger":"task"}
{"timestamp":"2025-10-29T14:07:51.768973","level":"info","event":"Done. Returned value was: None","logger":"airflow.task.operators.airflow.providers.standard.operators.python.PythonOperator"}
