{"timestamp":"2025-10-30T10:37:39.563428","level":"info","event":"DAG bundles loaded: dags-folder","logger":"airflow.dag_processing.bundles.manager.DagBundlesManager"}
{"timestamp":"2025-10-30T10:37:39.565187","level":"info","event":"Filling up the DagBag from /opt/airflow/dags/IFS9km_ECMWF.py","logger":"airflow.models.dagbag.DagBag"}
{"timestamp":"2025-10-30T10:37:45.855971Z","level":"info","event":"🔄 Llamando al servicio API en la red interna de Docker: http://openmeteo-api:8080/v1/forecast ...","chan":"stdout","logger":"task"}
{"timestamp":"2025-10-30T10:37:45.856504Z","level":"info","event":"  ➡️ Solicitando datos para lat=39.13, lon=-1.52","chan":"stdout","logger":"task"}
{"timestamp":"2025-10-30T10:37:46.091096Z","level":"info","event":"  ➡️ Solicitando datos para lat=39.13, lon=-0.52","chan":"stdout","logger":"task"}
{"timestamp":"2025-10-30T10:37:46.309547Z","level":"info","event":"  ➡️ Solicitando datos para lat=39.13, lon=-1.52","chan":"stdout","logger":"task"}
{"timestamp":"2025-10-30T10:37:46.528068Z","level":"info","event":"  ➡️ Solicitando datos para lat=39.13, lon=-0.52","chan":"stdout","logger":"task"}
{"timestamp":"2025-10-30T10:37:46.756877Z","level":"info","event":"  ➡️ Solicitando datos para lat=39.13, lon=-1.52","chan":"stdout","logger":"task"}
{"timestamp":"2025-10-30T10:37:46.972908Z","level":"info","event":"  ➡️ Solicitando datos para lat=39.13, lon=-0.52","chan":"stdout","logger":"task"}
{"timestamp":"2025-10-30T10:37:47.190646Z","level":"info","event":"  ➡️ Solicitando datos para lat=39.13, lon=-1.52","chan":"stdout","logger":"task"}
{"timestamp":"2025-10-30T10:37:47.411084Z","level":"info","event":"  ➡️ Solicitando datos para lat=39.13, lon=-0.52","chan":"stdout","logger":"task"}
{"timestamp":"2025-10-30T10:37:47.628350Z","level":"info","event":"  ➡️ Solicitando datos para lat=40.13, lon=-1.52","chan":"stdout","logger":"task"}
{"timestamp":"2025-10-30T10:37:47.844700Z","level":"info","event":"  ➡️ Solicitando datos para lat=40.13, lon=-0.52","chan":"stdout","logger":"task"}
{"timestamp":"2025-10-30T10:37:48.061836Z","level":"info","event":"  ➡️ Solicitando datos para lat=40.13, lon=-1.52","chan":"stdout","logger":"task"}
{"timestamp":"2025-10-30T10:37:48.278436Z","level":"info","event":"  ➡️ Solicitando datos para lat=40.13, lon=-0.52","chan":"stdout","logger":"task"}
{"timestamp":"2025-10-30T10:37:48.499310Z","level":"info","event":"  ➡️ Solicitando datos para lat=40.13, lon=-1.52","chan":"stdout","logger":"task"}
{"timestamp":"2025-10-30T10:37:48.716496Z","level":"info","event":"  ➡️ Solicitando datos para lat=40.13, lon=-0.52","chan":"stdout","logger":"task"}
{"timestamp":"2025-10-30T10:37:48.938804Z","level":"info","event":"  ➡️ Solicitando datos para lat=40.13, lon=-1.52","chan":"stdout","logger":"task"}
{"timestamp":"2025-10-30T10:37:49.159608Z","level":"info","event":"  ➡️ Solicitando datos para lat=40.13, lon=-0.52","chan":"stdout","logger":"task"}
{"timestamp":"2025-10-30T10:37:49.375847Z","level":"info","event":"","chan":"stdout","logger":"task"}
{"timestamp":"2025-10-30T10:37:49.376201Z","level":"info","event":"🏁 Descarga completada en 3.52 s (0.06 min)","chan":"stdout","logger":"task"}
{"timestamp":"2025-10-30T10:37:49.401855Z","level":"info","event":"📦 Total registros: 2688","chan":"stdout","logger":"task"}
{"timestamp":"2025-10-30T10:37:49.410825Z","level":"info","event":"Variables del JSON:  dict_keys(['id', 'dateIssued', 'type', 'windSpeed', 'temperature', 'timestamp', 'precipitation', 'precipitationProbability', 'solarRadiation', 'riverDischarge', 'lat', 'lon'])","chan":"stdout","logger":"task"}
{"timestamp":"2025-10-30T10:37:49.411093Z","level":"info","event":"Cantidad de datos de precipitación descargados:  2688","chan":"stdout","logger":"task"}
{"timestamp":"2025-10-30T10:37:49.411281Z","level":"info","event":"FIN DEL PROCESO DE DESCARGA DE PREDICCIONES IFS de ECMWF.","chan":"stdout","logger":"task"}
{"timestamp":"2025-10-30T10:37:49.411423Z","level":"info","event":"","chan":"stdout","logger":"task"}
{"timestamp":"2025-10-30T10:37:49.411529Z","level":"info","event":" FIN","chan":"stdout","logger":"task"}
{"timestamp":"2025-10-30T10:37:49.412074","level":"info","event":"Done. Returned value was: None","logger":"airflow.task.operators.airflow.providers.standard.operators.python.PythonOperator"}
