{"timestamp":"2025-10-29T12:36:31.038748","level":"info","event":"DAG bundles loaded: dags-folder","logger":"airflow.dag_processing.bundles.manager.DagBundlesManager"}
{"timestamp":"2025-10-29T12:36:31.040162","level":"info","event":"Filling up the DagBag from /opt/airflow/dags/Airflow.py","logger":"airflow.models.dagbag.DagBag"}
{"timestamp":"2025-10-29T12:36:31.113363","level":"info","event":"Tmp dir root location: /tmp","logger":"airflow.task.hooks.airflow.providers.standard.hooks.subprocess.SubprocessHook"}
{"timestamp":"2025-10-29T12:36:31.115843","level":"info","event":"Running command: ['/usr/bin/bash', '-c', 'python3 /opt/airflow/scripts/DWD_ICON_EU.py']","logger":"airflow.task.hooks.airflow.providers.standard.hooks.subprocess.SubprocessHook"}
{"timestamp":"2025-10-29T12:36:31.135274","level":"info","event":"Output:","logger":"airflow.task.hooks.airflow.providers.standard.hooks.subprocess.SubprocessHook"}
{"timestamp":"2025-10-29T12:36:34.564269","level":"info","event":"[ INFO ] Checking for files to with more than 7 past days data","logger":"airflow.task.hooks.airflow.providers.standard.hooks.subprocess.SubprocessHook"}
{"timestamp":"2025-10-29T12:36:37.119203","level":"info","event":"[ INFO ] Checking for files to with more than 7 past days data","logger":"airflow.task.hooks.airflow.providers.standard.hooks.subprocess.SubprocessHook"}
{"timestamp":"2025-10-29T12:36:39.336477","level":"info","event":"🔄 Descargando datos de http://host.docker.internal:8081/v1/forecast ...","logger":"airflow.task.hooks.airflow.providers.standard.hooks.subprocess.SubprocessHook"}
{"timestamp":"2025-10-29T12:36:39.336972","level":"info","event":"⬇️ Descargando temperature_2m del Bucket S3 de AWS...","logger":"airflow.task.hooks.airflow.providers.standard.hooks.subprocess.SubprocessHook"}
{"timestamp":"2025-10-29T12:36:39.337291","level":"info","event":"⬇️ Descargando precipitation del Bucket S3 de AWS...","logger":"airflow.task.hooks.airflow.providers.standard.hooks.subprocess.SubprocessHook"}
{"timestamp":"2025-10-29T12:36:39.337635","level":"info","event":"⚠️ La variable 'temperature_2m' no contiene datos para lat=39.1281556, lon=-1.5212770999999998.","logger":"airflow.task.hooks.airflow.providers.standard.hooks.subprocess.SubprocessHook"}
{"timestamp":"2025-10-29T12:36:39.337897","level":"info","event":"Primero debes descargar los datos en el volumen con Docker, por ejemplo:","logger":"airflow.task.hooks.airflow.providers.standard.hooks.subprocess.SubprocessHook"}
{"timestamp":"2025-10-29T12:36:39.338070","level":"info","event":"docker run -it --rm -v open-meteo-data:/app/data ghcr.io/open-meteo/open-meteo sync dwd_icon_eu temperature_2m","logger":"airflow.task.hooks.airflow.providers.standard.hooks.subprocess.SubprocessHook"}
{"timestamp":"2025-10-29T12:36:39.338213","level":"info","event":"⚠️ La variable 'precipitation' no contiene datos para lat=39.1281556, lon=-1.5212770999999998.","logger":"airflow.task.hooks.airflow.providers.standard.hooks.subprocess.SubprocessHook"}
{"timestamp":"2025-10-29T12:36:39.338350","level":"info","event":"Primero debes descargar los datos en el volumen con Docker, por ejemplo:","logger":"airflow.task.hooks.airflow.providers.standard.hooks.subprocess.SubprocessHook"}
{"timestamp":"2025-10-29T12:36:39.338488","level":"info","event":"docker run -it --rm -v open-meteo-data:/app/data ghcr.io/open-meteo/open-meteo sync dwd_icon_eu precipitation","logger":"airflow.task.hooks.airflow.providers.standard.hooks.subprocess.SubprocessHook"}
{"timestamp":"2025-10-29T12:36:39.338713","level":"info","event":"⚠️ La variable 'temperature_2m' no contiene datos para lat=39.1281556, lon=-0.5212770999999998.","logger":"airflow.task.hooks.airflow.providers.standard.hooks.subprocess.SubprocessHook"}
{"timestamp":"2025-10-29T12:36:39.338906","level":"info","event":"Primero debes descargar los datos en el volumen con Docker, por ejemplo:","logger":"airflow.task.hooks.airflow.providers.standard.hooks.subprocess.SubprocessHook"}
{"timestamp":"2025-10-29T12:36:39.339062","level":"info","event":"docker run -it --rm -v open-meteo-data:/app/data ghcr.io/open-meteo/open-meteo sync dwd_icon_eu temperature_2m","logger":"airflow.task.hooks.airflow.providers.standard.hooks.subprocess.SubprocessHook"}
{"timestamp":"2025-10-29T12:36:39.339278","level":"info","event":"⚠️ La variable 'precipitation' no contiene datos para lat=39.1281556, lon=-0.5212770999999998.","logger":"airflow.task.hooks.airflow.providers.standard.hooks.subprocess.SubprocessHook"}
{"timestamp":"2025-10-29T12:36:39.339500","level":"info","event":"Primero debes descargar los datos en el volumen con Docker, por ejemplo:","logger":"airflow.task.hooks.airflow.providers.standard.hooks.subprocess.SubprocessHook"}
{"timestamp":"2025-10-29T12:36:39.339786","level":"info","event":"docker run -it --rm -v open-meteo-data:/app/data ghcr.io/open-meteo/open-meteo sync dwd_icon_eu precipitation","logger":"airflow.task.hooks.airflow.providers.standard.hooks.subprocess.SubprocessHook"}
{"timestamp":"2025-10-29T12:36:39.339920","level":"info","event":"⚠️ La variable 'temperature_2m' no contiene datos para lat=39.1281556, lon=-1.5212770999999998.","logger":"airflow.task.hooks.airflow.providers.standard.hooks.subprocess.SubprocessHook"}
{"timestamp":"2025-10-29T12:36:39.340227","level":"info","event":"Primero debes descargar los datos en el volumen con Docker, por ejemplo:","logger":"airflow.task.hooks.airflow.providers.standard.hooks.subprocess.SubprocessHook"}
{"timestamp":"2025-10-29T12:36:39.340549","level":"info","event":"docker run -it --rm -v open-meteo-data:/app/data ghcr.io/open-meteo/open-meteo sync dwd_icon_eu temperature_2m","logger":"airflow.task.hooks.airflow.providers.standard.hooks.subprocess.SubprocessHook"}
{"timestamp":"2025-10-29T12:36:39.340791","level":"info","event":"⚠️ La variable 'precipitation' no contiene datos para lat=39.1281556, lon=-1.5212770999999998.","logger":"airflow.task.hooks.airflow.providers.standard.hooks.subprocess.SubprocessHook"}
{"timestamp":"2025-10-29T12:36:39.340952","level":"info","event":"Primero debes descargar los datos en el volumen con Docker, por ejemplo:","logger":"airflow.task.hooks.airflow.providers.standard.hooks.subprocess.SubprocessHook"}
{"timestamp":"2025-10-29T12:36:39.341076","level":"info","event":"docker run -it --rm -v open-meteo-data:/app/data ghcr.io/open-meteo/open-meteo sync dwd_icon_eu precipitation","logger":"airflow.task.hooks.airflow.providers.standard.hooks.subprocess.SubprocessHook"}
{"timestamp":"2025-10-29T12:36:39.341235","level":"info","event":"⚠️ La variable 'temperature_2m' no contiene datos para lat=39.1281556, lon=-0.5212770999999998.","logger":"airflow.task.hooks.airflow.providers.standard.hooks.subprocess.SubprocessHook"}
{"timestamp":"2025-10-29T12:36:39.341532","level":"info","event":"Primero debes descargar los datos en el volumen con Docker, por ejemplo:","logger":"airflow.task.hooks.airflow.providers.standard.hooks.subprocess.SubprocessHook"}
{"timestamp":"2025-10-29T12:36:39.341800","level":"info","event":"docker run -it --rm -v open-meteo-data:/app/data ghcr.io/open-meteo/open-meteo sync dwd_icon_eu temperature_2m","logger":"airflow.task.hooks.airflow.providers.standard.hooks.subprocess.SubprocessHook"}
{"timestamp":"2025-10-29T12:36:39.342024","level":"info","event":"⚠️ La variable 'precipitation' no contiene datos para lat=39.1281556, lon=-0.5212770999999998.","logger":"airflow.task.hooks.airflow.providers.standard.hooks.subprocess.SubprocessHook"}
{"timestamp":"2025-10-29T12:36:39.342210","level":"info","event":"Primero debes descargar los datos en el volumen con Docker, por ejemplo:","logger":"airflow.task.hooks.airflow.providers.standard.hooks.subprocess.SubprocessHook"}
{"timestamp":"2025-10-29T12:36:39.342339","level":"info","event":"docker run -it --rm -v open-meteo-data:/app/data ghcr.io/open-meteo/open-meteo sync dwd_icon_eu precipitation","logger":"airflow.task.hooks.airflow.providers.standard.hooks.subprocess.SubprocessHook"}
{"timestamp":"2025-10-29T12:36:39.342500","level":"info","event":"⚠️ La variable 'temperature_2m' no contiene datos para lat=39.1281556, lon=-1.5212770999999998.","logger":"airflow.task.hooks.airflow.providers.standard.hooks.subprocess.SubprocessHook"}
{"timestamp":"2025-10-29T12:36:39.342708","level":"info","event":"Primero debes descargar los datos en el volumen con Docker, por ejemplo:","logger":"airflow.task.hooks.airflow.providers.standard.hooks.subprocess.SubprocessHook"}
{"timestamp":"2025-10-29T12:36:39.342844","level":"info","event":"docker run -it --rm -v open-meteo-data:/app/data ghcr.io/open-meteo/open-meteo sync dwd_icon_eu temperature_2m","logger":"airflow.task.hooks.airflow.providers.standard.hooks.subprocess.SubprocessHook"}
{"timestamp":"2025-10-29T12:36:39.342966","level":"info","event":"⚠️ La variable 'precipitation' no contiene datos para lat=39.1281556, lon=-1.5212770999999998.","logger":"airflow.task.hooks.airflow.providers.standard.hooks.subprocess.SubprocessHook"}
{"timestamp":"2025-10-29T12:36:39.343087","level":"info","event":"Primero debes descargar los datos en el volumen con Docker, por ejemplo:","logger":"airflow.task.hooks.airflow.providers.standard.hooks.subprocess.SubprocessHook"}
{"timestamp":"2025-10-29T12:36:39.343203","level":"info","event":"docker run -it --rm -v open-meteo-data:/app/data ghcr.io/open-meteo/open-meteo sync dwd_icon_eu precipitation","logger":"airflow.task.hooks.airflow.providers.standard.hooks.subprocess.SubprocessHook"}
{"timestamp":"2025-10-29T12:36:39.343320","level":"info","event":"⚠️ La variable 'temperature_2m' no contiene datos para lat=39.1281556, lon=-0.5212770999999998.","logger":"airflow.task.hooks.airflow.providers.standard.hooks.subprocess.SubprocessHook"}
{"timestamp":"2025-10-29T12:36:39.343437","level":"info","event":"Primero debes descargar los datos en el volumen con Docker, por ejemplo:","logger":"airflow.task.hooks.airflow.providers.standard.hooks.subprocess.SubprocessHook"}
{"timestamp":"2025-10-29T12:36:39.343679","level":"info","event":"docker run -it --rm -v open-meteo-data:/app/data ghcr.io/open-meteo/open-meteo sync dwd_icon_eu temperature_2m","logger":"airflow.task.hooks.airflow.providers.standard.hooks.subprocess.SubprocessHook"}
{"timestamp":"2025-10-29T12:36:39.344029","level":"info","event":"⚠️ La variable 'precipitation' no contiene datos para lat=39.1281556, lon=-0.5212770999999998.","logger":"airflow.task.hooks.airflow.providers.standard.hooks.subprocess.SubprocessHook"}
{"timestamp":"2025-10-29T12:36:39.344293","level":"info","event":"Primero debes descargar los datos en el volumen con Docker, por ejemplo:","logger":"airflow.task.hooks.airflow.providers.standard.hooks.subprocess.SubprocessHook"}
{"timestamp":"2025-10-29T12:36:39.344488","level":"info","event":"docker run -it --rm -v open-meteo-data:/app/data ghcr.io/open-meteo/open-meteo sync dwd_icon_eu precipitation","logger":"airflow.task.hooks.airflow.providers.standard.hooks.subprocess.SubprocessHook"}
{"timestamp":"2025-10-29T12:36:39.344752","level":"info","event":"⚠️ La variable 'temperature_2m' no contiene datos para lat=39.1281556, lon=-1.5212770999999998.","logger":"airflow.task.hooks.airflow.providers.standard.hooks.subprocess.SubprocessHook"}
{"timestamp":"2025-10-29T12:36:39.345038","level":"info","event":"Primero debes descargar los datos en el volumen con Docker, por ejemplo:","logger":"airflow.task.hooks.airflow.providers.standard.hooks.subprocess.SubprocessHook"}
{"timestamp":"2025-10-29T12:36:39.345286","level":"info","event":"docker run -it --rm -v open-meteo-data:/app/data ghcr.io/open-meteo/open-meteo sync dwd_icon_eu temperature_2m","logger":"airflow.task.hooks.airflow.providers.standard.hooks.subprocess.SubprocessHook"}
{"timestamp":"2025-10-29T12:36:39.345650","level":"info","event":"⚠️ La variable 'precipitation' no contiene datos para lat=39.1281556, lon=-1.5212770999999998.","logger":"airflow.task.hooks.airflow.providers.standard.hooks.subprocess.SubprocessHook"}
{"timestamp":"2025-10-29T12:36:39.345974","level":"info","event":"Primero debes descargar los datos en el volumen con Docker, por ejemplo:","logger":"airflow.task.hooks.airflow.providers.standard.hooks.subprocess.SubprocessHook"}
{"timestamp":"2025-10-29T12:36:39.346207","level":"info","event":"docker run -it --rm -v open-meteo-data:/app/data ghcr.io/open-meteo/open-meteo sync dwd_icon_eu precipitation","logger":"airflow.task.hooks.airflow.providers.standard.hooks.subprocess.SubprocessHook"}
{"timestamp":"2025-10-29T12:36:39.346410","level":"info","event":"⚠️ La variable 'temperature_2m' no contiene datos para lat=39.1281556, lon=-0.5212770999999998.","logger":"airflow.task.hooks.airflow.providers.standard.hooks.subprocess.SubprocessHook"}
{"timestamp":"2025-10-29T12:36:39.346648","level":"info","event":"Primero debes descargar los datos en el volumen con Docker, por ejemplo:","logger":"airflow.task.hooks.airflow.providers.standard.hooks.subprocess.SubprocessHook"}
{"timestamp":"2025-10-29T12:36:39.346847","level":"info","event":"docker run -it --rm -v open-meteo-data:/app/data ghcr.io/open-meteo/open-meteo sync dwd_icon_eu temperature_2m","logger":"airflow.task.hooks.airflow.providers.standard.hooks.subprocess.SubprocessHook"}
{"timestamp":"2025-10-29T12:36:39.347026","level":"info","event":"⚠️ La variable 'precipitation' no contiene datos para lat=39.1281556, lon=-0.5212770999999998.","logger":"airflow.task.hooks.airflow.providers.standard.hooks.subprocess.SubprocessHook"}
{"timestamp":"2025-10-29T12:36:39.347210","level":"info","event":"Primero debes descargar los datos en el volumen con Docker, por ejemplo:","logger":"airflow.task.hooks.airflow.providers.standard.hooks.subprocess.SubprocessHook"}
{"timestamp":"2025-10-29T12:36:39.347384","level":"info","event":"docker run -it --rm -v open-meteo-data:/app/data ghcr.io/open-meteo/open-meteo sync dwd_icon_eu precipitation","logger":"airflow.task.hooks.airflow.providers.standard.hooks.subprocess.SubprocessHook"}
{"timestamp":"2025-10-29T12:36:39.347641","level":"info","event":"⚠️ La variable 'temperature_2m' no contiene datos para lat=40.1281556, lon=-1.5212770999999998.","logger":"airflow.task.hooks.airflow.providers.standard.hooks.subprocess.SubprocessHook"}
{"timestamp":"2025-10-29T12:36:39.347873","level":"info","event":"Primero debes descargar los datos en el volumen con Docker, por ejemplo:","logger":"airflow.task.hooks.airflow.providers.standard.hooks.subprocess.SubprocessHook"}
{"timestamp":"2025-10-29T12:36:39.348059","level":"info","event":"docker run -it --rm -v open-meteo-data:/app/data ghcr.io/open-meteo/open-meteo sync dwd_icon_eu temperature_2m","logger":"airflow.task.hooks.airflow.providers.standard.hooks.subprocess.SubprocessHook"}
{"timestamp":"2025-10-29T12:36:39.348243","level":"info","event":"⚠️ La variable 'precipitation' no contiene datos para lat=40.1281556, lon=-1.5212770999999998.","logger":"airflow.task.hooks.airflow.providers.standard.hooks.subprocess.SubprocessHook"}
{"timestamp":"2025-10-29T12:36:39.348423","level":"info","event":"Primero debes descargar los datos en el volumen con Docker, por ejemplo:","logger":"airflow.task.hooks.airflow.providers.standard.hooks.subprocess.SubprocessHook"}
{"timestamp":"2025-10-29T12:36:39.348629","level":"info","event":"docker run -it --rm -v open-meteo-data:/app/data ghcr.io/open-meteo/open-meteo sync dwd_icon_eu precipitation","logger":"airflow.task.hooks.airflow.providers.standard.hooks.subprocess.SubprocessHook"}
{"timestamp":"2025-10-29T12:36:39.348838","level":"info","event":"⚠️ La variable 'temperature_2m' no contiene datos para lat=40.1281556, lon=-0.5212770999999998.","logger":"airflow.task.hooks.airflow.providers.standard.hooks.subprocess.SubprocessHook"}
{"timestamp":"2025-10-29T12:36:39.349016","level":"info","event":"Primero debes descargar los datos en el volumen con Docker, por ejemplo:","logger":"airflow.task.hooks.airflow.providers.standard.hooks.subprocess.SubprocessHook"}
{"timestamp":"2025-10-29T12:36:39.349181","level":"info","event":"docker run -it --rm -v open-meteo-data:/app/data ghcr.io/open-meteo/open-meteo sync dwd_icon_eu temperature_2m","logger":"airflow.task.hooks.airflow.providers.standard.hooks.subprocess.SubprocessHook"}
{"timestamp":"2025-10-29T12:36:39.349350","level":"info","event":"⚠️ La variable 'precipitation' no contiene datos para lat=40.1281556, lon=-0.5212770999999998.","logger":"airflow.task.hooks.airflow.providers.standard.hooks.subprocess.SubprocessHook"}
{"timestamp":"2025-10-29T12:36:39.349518","level":"info","event":"Primero debes descargar los datos en el volumen con Docker, por ejemplo:","logger":"airflow.task.hooks.airflow.providers.standard.hooks.subprocess.SubprocessHook"}
{"timestamp":"2025-10-29T12:36:39.349856","level":"info","event":"docker run -it --rm -v open-meteo-data:/app/data ghcr.io/open-meteo/open-meteo sync dwd_icon_eu precipitation","logger":"airflow.task.hooks.airflow.providers.standard.hooks.subprocess.SubprocessHook"}
{"timestamp":"2025-10-29T12:36:39.350051","level":"info","event":"⚠️ La variable 'temperature_2m' no contiene datos para lat=40.1281556, lon=-1.5212770999999998.","logger":"airflow.task.hooks.airflow.providers.standard.hooks.subprocess.SubprocessHook"}
{"timestamp":"2025-10-29T12:36:39.350222","level":"info","event":"Primero debes descargar los datos en el volumen con Docker, por ejemplo:","logger":"airflow.task.hooks.airflow.providers.standard.hooks.subprocess.SubprocessHook"}
{"timestamp":"2025-10-29T12:36:39.350456","level":"info","event":"docker run -it --rm -v open-meteo-data:/app/data ghcr.io/open-meteo/open-meteo sync dwd_icon_eu temperature_2m","logger":"airflow.task.hooks.airflow.providers.standard.hooks.subprocess.SubprocessHook"}
{"timestamp":"2025-10-29T12:36:39.350643","level":"info","event":"⚠️ La variable 'precipitation' no contiene datos para lat=40.1281556, lon=-1.5212770999999998.","logger":"airflow.task.hooks.airflow.providers.standard.hooks.subprocess.SubprocessHook"}
{"timestamp":"2025-10-29T12:36:39.350856","level":"info","event":"Primero debes descargar los datos en el volumen con Docker, por ejemplo:","logger":"airflow.task.hooks.airflow.providers.standard.hooks.subprocess.SubprocessHook"}
{"timestamp":"2025-10-29T12:36:39.351119","level":"info","event":"docker run -it --rm -v open-meteo-data:/app/data ghcr.io/open-meteo/open-meteo sync dwd_icon_eu precipitation","logger":"airflow.task.hooks.airflow.providers.standard.hooks.subprocess.SubprocessHook"}
{"timestamp":"2025-10-29T12:36:39.351294","level":"info","event":"⚠️ La variable 'temperature_2m' no contiene datos para lat=40.1281556, lon=-0.5212770999999998.","logger":"airflow.task.hooks.airflow.providers.standard.hooks.subprocess.SubprocessHook"}
{"timestamp":"2025-10-29T12:36:39.351575","level":"info","event":"Primero debes descargar los datos en el volumen con Docker, por ejemplo:","logger":"airflow.task.hooks.airflow.providers.standard.hooks.subprocess.SubprocessHook"}
{"timestamp":"2025-10-29T12:36:39.351811","level":"info","event":"docker run -it --rm -v open-meteo-data:/app/data ghcr.io/open-meteo/open-meteo sync dwd_icon_eu temperature_2m","logger":"airflow.task.hooks.airflow.providers.standard.hooks.subprocess.SubprocessHook"}
{"timestamp":"2025-10-29T12:36:39.352113","level":"info","event":"⚠️ La variable 'precipitation' no contiene datos para lat=40.1281556, lon=-0.5212770999999998.","logger":"airflow.task.hooks.airflow.providers.standard.hooks.subprocess.SubprocessHook"}
{"timestamp":"2025-10-29T12:36:39.352286","level":"info","event":"Primero debes descargar los datos en el volumen con Docker, por ejemplo:","logger":"airflow.task.hooks.airflow.providers.standard.hooks.subprocess.SubprocessHook"}
{"timestamp":"2025-10-29T12:36:39.352406","level":"info","event":"docker run -it --rm -v open-meteo-data:/app/data ghcr.io/open-meteo/open-meteo sync dwd_icon_eu precipitation","logger":"airflow.task.hooks.airflow.providers.standard.hooks.subprocess.SubprocessHook"}
{"timestamp":"2025-10-29T12:36:39.352655","level":"info","event":"⚠️ La variable 'temperature_2m' no contiene datos para lat=40.1281556, lon=-1.5212770999999998.","logger":"airflow.task.hooks.airflow.providers.standard.hooks.subprocess.SubprocessHook"}
{"timestamp":"2025-10-29T12:36:39.352859","level":"info","event":"Primero debes descargar los datos en el volumen con Docker, por ejemplo:","logger":"airflow.task.hooks.airflow.providers.standard.hooks.subprocess.SubprocessHook"}
{"timestamp":"2025-10-29T12:36:39.353061","level":"info","event":"docker run -it --rm -v open-meteo-data:/app/data ghcr.io/open-meteo/open-meteo sync dwd_icon_eu temperature_2m","logger":"airflow.task.hooks.airflow.providers.standard.hooks.subprocess.SubprocessHook"}
{"timestamp":"2025-10-29T12:36:39.353388","level":"info","event":"⚠️ La variable 'precipitation' no contiene datos para lat=40.1281556, lon=-1.5212770999999998.","logger":"airflow.task.hooks.airflow.providers.standard.hooks.subprocess.SubprocessHook"}
{"timestamp":"2025-10-29T12:36:39.353529","level":"info","event":"Primero debes descargar los datos en el volumen con Docker, por ejemplo:","logger":"airflow.task.hooks.airflow.providers.standard.hooks.subprocess.SubprocessHook"}
{"timestamp":"2025-10-29T12:36:39.353646","level":"info","event":"docker run -it --rm -v open-meteo-data:/app/data ghcr.io/open-meteo/open-meteo sync dwd_icon_eu precipitation","logger":"airflow.task.hooks.airflow.providers.standard.hooks.subprocess.SubprocessHook"}
{"timestamp":"2025-10-29T12:36:39.353890","level":"info","event":"⚠️ La variable 'temperature_2m' no contiene datos para lat=40.1281556, lon=-0.5212770999999998.","logger":"airflow.task.hooks.airflow.providers.standard.hooks.subprocess.SubprocessHook"}
{"timestamp":"2025-10-29T12:36:39.354023","level":"info","event":"Primero debes descargar los datos en el volumen con Docker, por ejemplo:","logger":"airflow.task.hooks.airflow.providers.standard.hooks.subprocess.SubprocessHook"}
{"timestamp":"2025-10-29T12:36:39.354141","level":"info","event":"docker run -it --rm -v open-meteo-data:/app/data ghcr.io/open-meteo/open-meteo sync dwd_icon_eu temperature_2m","logger":"airflow.task.hooks.airflow.providers.standard.hooks.subprocess.SubprocessHook"}
{"timestamp":"2025-10-29T12:36:39.354476","level":"info","event":"⚠️ La variable 'precipitation' no contiene datos para lat=40.1281556, lon=-0.5212770999999998.","logger":"airflow.task.hooks.airflow.providers.standard.hooks.subprocess.SubprocessHook"}
{"timestamp":"2025-10-29T12:36:39.354826","level":"info","event":"Primero debes descargar los datos en el volumen con Docker, por ejemplo:","logger":"airflow.task.hooks.airflow.providers.standard.hooks.subprocess.SubprocessHook"}
{"timestamp":"2025-10-29T12:36:39.354975","level":"info","event":"docker run -it --rm -v open-meteo-data:/app/data ghcr.io/open-meteo/open-meteo sync dwd_icon_eu precipitation","logger":"airflow.task.hooks.airflow.providers.standard.hooks.subprocess.SubprocessHook"}
{"timestamp":"2025-10-29T12:36:39.355234","level":"info","event":"⚠️ La variable 'temperature_2m' no contiene datos para lat=40.1281556, lon=-1.5212770999999998.","logger":"airflow.task.hooks.airflow.providers.standard.hooks.subprocess.SubprocessHook"}
{"timestamp":"2025-10-29T12:36:39.355436","level":"info","event":"Primero debes descargar los datos en el volumen con Docker, por ejemplo:","logger":"airflow.task.hooks.airflow.providers.standard.hooks.subprocess.SubprocessHook"}
{"timestamp":"2025-10-29T12:36:39.395100","level":"info","event":"docker run -it --rm -v open-meteo-data:/app/data ghcr.io/open-meteo/open-meteo sync dwd_icon_eu temperature_2m","logger":"airflow.task.hooks.airflow.providers.standard.hooks.subprocess.SubprocessHook"}
{"timestamp":"2025-10-29T12:36:39.395502","level":"info","event":"⚠️ La variable 'precipitation' no contiene datos para lat=40.1281556, lon=-1.5212770999999998.","logger":"airflow.task.hooks.airflow.providers.standard.hooks.subprocess.SubprocessHook"}
{"timestamp":"2025-10-29T12:36:39.395809","level":"info","event":"Primero debes descargar los datos en el volumen con Docker, por ejemplo:","logger":"airflow.task.hooks.airflow.providers.standard.hooks.subprocess.SubprocessHook"}
{"timestamp":"2025-10-29T12:36:39.396030","level":"info","event":"docker run -it --rm -v open-meteo-data:/app/data ghcr.io/open-meteo/open-meteo sync dwd_icon_eu precipitation","logger":"airflow.task.hooks.airflow.providers.standard.hooks.subprocess.SubprocessHook"}
{"timestamp":"2025-10-29T12:36:39.396252","level":"info","event":"⚠️ La variable 'temperature_2m' no contiene datos para lat=40.1281556, lon=-0.5212770999999998.","logger":"airflow.task.hooks.airflow.providers.standard.hooks.subprocess.SubprocessHook"}
{"timestamp":"2025-10-29T12:36:39.396484","level":"info","event":"Primero debes descargar los datos en el volumen con Docker, por ejemplo:","logger":"airflow.task.hooks.airflow.providers.standard.hooks.subprocess.SubprocessHook"}
{"timestamp":"2025-10-29T12:36:39.396637","level":"info","event":"docker run -it --rm -v open-meteo-data:/app/data ghcr.io/open-meteo/open-meteo sync dwd_icon_eu temperature_2m","logger":"airflow.task.hooks.airflow.providers.standard.hooks.subprocess.SubprocessHook"}
{"timestamp":"2025-10-29T12:36:39.396793","level":"info","event":"⚠️ La variable 'precipitation' no contiene datos para lat=40.1281556, lon=-0.5212770999999998.","logger":"airflow.task.hooks.airflow.providers.standard.hooks.subprocess.SubprocessHook"}
{"timestamp":"2025-10-29T12:36:39.396917","level":"info","event":"Primero debes descargar los datos en el volumen con Docker, por ejemplo:","logger":"airflow.task.hooks.airflow.providers.standard.hooks.subprocess.SubprocessHook"}
{"timestamp":"2025-10-29T12:36:39.397035","level":"info","event":"docker run -it --rm -v open-meteo-data:/app/data ghcr.io/open-meteo/open-meteo sync dwd_icon_eu precipitation","logger":"airflow.task.hooks.airflow.providers.standard.hooks.subprocess.SubprocessHook"}
{"timestamp":"2025-10-29T12:36:39.397147","level":"info","event":"","logger":"airflow.task.hooks.airflow.providers.standard.hooks.subprocess.SubprocessHook"}
{"timestamp":"2025-10-29T12:36:39.397258","level":"info","event":"🏁 Descarga completada en 5.50 s (0.09 min)","logger":"airflow.task.hooks.airflow.providers.standard.hooks.subprocess.SubprocessHook"}
{"timestamp":"2025-10-29T12:36:39.397448","level":"info","event":"❌ No se obtuvieron datos.","logger":"airflow.task.hooks.airflow.providers.standard.hooks.subprocess.SubprocessHook"}
{"timestamp":"2025-10-29T12:36:39.397587","level":"info","event":"Traceback (most recent call last):","logger":"airflow.task.hooks.airflow.providers.standard.hooks.subprocess.SubprocessHook"}
{"timestamp":"2025-10-29T12:36:39.397698","level":"info","event":"  File \"/opt/airflow/scripts/DWD_ICON_EU.py\", line 182, in <module>","logger":"airflow.task.hooks.airflow.providers.standard.hooks.subprocess.SubprocessHook"}
{"timestamp":"2025-10-29T12:36:39.397816","level":"info","event":"    main()","logger":"airflow.task.hooks.airflow.providers.standard.hooks.subprocess.SubprocessHook"}
{"timestamp":"2025-10-29T12:36:39.397923","level":"info","event":"  File \"/opt/airflow/scripts/DWD_ICON_EU.py\", line 169, in main","logger":"airflow.task.hooks.airflow.providers.standard.hooks.subprocess.SubprocessHook"}
{"timestamp":"2025-10-29T12:36:39.398029","level":"info","event":"    timestamp = df[\"time\"].tolist(),","logger":"airflow.task.hooks.airflow.providers.standard.hooks.subprocess.SubprocessHook"}
{"timestamp":"2025-10-29T12:36:39.398134","level":"info","event":"                ~~^^^^^^^^","logger":"airflow.task.hooks.airflow.providers.standard.hooks.subprocess.SubprocessHook"}
{"timestamp":"2025-10-29T12:36:39.398240","level":"info","event":"  File \"/home/airflow/.local/lib/python3.12/site-packages/pandas/core/frame.py\", line 3893, in __getitem__","logger":"airflow.task.hooks.airflow.providers.standard.hooks.subprocess.SubprocessHook"}
{"timestamp":"2025-10-29T12:36:39.398414","level":"info","event":"    indexer = self.columns.get_loc(key)","logger":"airflow.task.hooks.airflow.providers.standard.hooks.subprocess.SubprocessHook"}
{"timestamp":"2025-10-29T12:36:39.398543","level":"info","event":"              ^^^^^^^^^^^^^^^^^^^^^^^^^","logger":"airflow.task.hooks.airflow.providers.standard.hooks.subprocess.SubprocessHook"}
{"timestamp":"2025-10-29T12:36:39.398651","level":"info","event":"  File \"/home/airflow/.local/lib/python3.12/site-packages/pandas/core/indexes/range.py\", line 418, in get_loc","logger":"airflow.task.hooks.airflow.providers.standard.hooks.subprocess.SubprocessHook"}
{"timestamp":"2025-10-29T12:36:39.398763","level":"info","event":"    raise KeyError(key)","logger":"airflow.task.hooks.airflow.providers.standard.hooks.subprocess.SubprocessHook"}
{"timestamp":"2025-10-29T12:36:39.398872","level":"info","event":"KeyError: 'time'","logger":"airflow.task.hooks.airflow.providers.standard.hooks.subprocess.SubprocessHook"}
{"timestamp":"2025-10-29T12:36:39.626810","level":"info","event":"Command exited with return code 1","logger":"airflow.task.hooks.airflow.providers.standard.hooks.subprocess.SubprocessHook"}
{"timestamp":"2025-10-29T12:36:39.628289","level":"error","event":"Task failed with exception","logger":"task","error_detail":[{"exc_type":"AirflowException","exc_value":"Bash command failed. The command returned a non-zero exit code 1.","exc_notes":[],"syntax_error":null,"is_cause":false,"frames":[{"filename":"/home/airflow/.local/lib/python3.12/site-packages/airflow/sdk/execution_time/task_runner.py","lineno":920,"name":"run"},{"filename":"/home/airflow/.local/lib/python3.12/site-packages/airflow/sdk/execution_time/task_runner.py","lineno":1215,"name":"_execute_task"},{"filename":"/home/airflow/.local/lib/python3.12/site-packages/airflow/sdk/bases/operator.py","lineno":397,"name":"wrapper"},{"filename":"/home/airflow/.local/lib/python3.12/site-packages/airflow/providers/standard/operators/bash.py","lineno":232,"name":"execute"}],"is_group":false,"exceptions":[]}]}
