{"timestamp":"2025-10-28T18:27:36.921570","level":"info","event":"DAG bundles loaded: dags-folder","logger":"airflow.dag_processing.bundles.manager.DagBundlesManager"}
{"timestamp":"2025-10-28T18:27:36.922826","level":"info","event":"Filling up the DagBag from /opt/airflow/dags/Airflow.py","logger":"airflow.models.dagbag.DagBag"}
{"timestamp":"2025-10-28T18:27:41.904666","level":"info","event":"Tmp dir root location: /tmp","logger":"airflow.task.hooks.airflow.providers.standard.hooks.subprocess.SubprocessHook"}
{"timestamp":"2025-10-28T18:27:41.906319","level":"info","event":"Running command: ['/usr/bin/bash', '-c', 'python3 /opt/airflow/scripts/AEMET_HARMONIE_AROME.py']","logger":"airflow.task.hooks.airflow.providers.standard.hooks.subprocess.SubprocessHook"}
{"timestamp":"2025-10-28T18:27:41.929440","level":"info","event":"Output:","logger":"airflow.task.hooks.airflow.providers.standard.hooks.subprocess.SubprocessHook"}
{"timestamp":"2025-10-28T18:28:04.749635","level":"info","event":"/opt/airflow/scripts/AEMET_HARMONIE_AROME.py:73: DeprecationWarning: Python 3.14 will, by default, filter extracted tar archives and reject files or modify their metadata. Use the filter argument to control this behavior.","logger":"airflow.task.hooks.airflow.providers.standard.hooks.subprocess.SubprocessHook"}
{"timestamp":"2025-10-28T18:28:04.749948","level":"info","event":"  tar.extractall(output_dir)","logger":"airflow.task.hooks.airflow.providers.standard.hooks.subprocess.SubprocessHook"}
{"timestamp":"2025-10-28T18:28:05.471795","level":"info","event":"📡 Descargando datos desde AEMET...","logger":"airflow.task.hooks.airflow.providers.standard.hooks.subprocess.SubprocessHook"}
{"timestamp":"2025-10-28T18:28:05.472135","level":"info","event":"200 application/tar+gzip","logger":"airflow.task.hooks.airflow.providers.standard.hooks.subprocess.SubprocessHook"}
{"timestamp":"2025-10-28T18:28:05.472292","level":"info","event":"🕒 Fecha de descarga: 2025-10-28T18:28:04.748221","logger":"airflow.task.hooks.airflow.providers.standard.hooks.subprocess.SubprocessHook"}
{"timestamp":"2025-10-28T18:28:05.472448","level":"info","event":"✅ Descarga y extracción completada: 440 archivos guardados en /tmp/airflowtmpjmryowi4/Datos/HARMONIE","logger":"airflow.task.hooks.airflow.providers.standard.hooks.subprocess.SubprocessHook"}
{"timestamp":"2025-10-28T18:28:05.472591","level":"info","event":"Traceback (most recent call last):","logger":"airflow.task.hooks.airflow.providers.standard.hooks.subprocess.SubprocessHook"}
{"timestamp":"2025-10-28T18:28:05.472718","level":"info","event":"  File \"/opt/airflow/scripts/AEMET_HARMONIE_AROME.py\", line 291, in <module>","logger":"airflow.task.hooks.airflow.providers.standard.hooks.subprocess.SubprocessHook"}
{"timestamp":"2025-10-28T18:28:05.472873","level":"info","event":"    main()","logger":"airflow.task.hooks.airflow.providers.standard.hooks.subprocess.SubprocessHook"}
{"timestamp":"2025-10-28T18:28:05.473020","level":"info","event":"  File \"/opt/airflow/scripts/AEMET_HARMONIE_AROME.py\", line 270, in main","logger":"airflow.task.hooks.airflow.providers.standard.hooks.subprocess.SubprocessHook"}
{"timestamp":"2025-10-28T18:28:05.473155","level":"info","event":"    df_final = pd.concat(dfs, ignore_index=True)","logger":"airflow.task.hooks.airflow.providers.standard.hooks.subprocess.SubprocessHook"}
{"timestamp":"2025-10-28T18:28:05.473270","level":"info","event":"               ^^^^^^^^^^^^^^^^^^^^^^^^^^^^^^^^^","logger":"airflow.task.hooks.airflow.providers.standard.hooks.subprocess.SubprocessHook"}
{"timestamp":"2025-10-28T18:28:05.473382","level":"info","event":"  File \"/home/airflow/.local/lib/python3.12/site-packages/pandas/core/reshape/concat.py\", line 380, in concat","logger":"airflow.task.hooks.airflow.providers.standard.hooks.subprocess.SubprocessHook"}
{"timestamp":"2025-10-28T18:28:05.473508","level":"info","event":"    op = _Concatenator(","logger":"airflow.task.hooks.airflow.providers.standard.hooks.subprocess.SubprocessHook"}
{"timestamp":"2025-10-28T18:28:05.473627","level":"info","event":"         ^^^^^^^^^^^^^^","logger":"airflow.task.hooks.airflow.providers.standard.hooks.subprocess.SubprocessHook"}
{"timestamp":"2025-10-28T18:28:05.473739","level":"info","event":"  File \"/home/airflow/.local/lib/python3.12/site-packages/pandas/core/reshape/concat.py\", line 443, in __init__","logger":"airflow.task.hooks.airflow.providers.standard.hooks.subprocess.SubprocessHook"}
{"timestamp":"2025-10-28T18:28:05.473893","level":"info","event":"    objs, keys = self._clean_keys_and_objs(objs, keys)","logger":"airflow.task.hooks.airflow.providers.standard.hooks.subprocess.SubprocessHook"}
{"timestamp":"2025-10-28T18:28:05.474046","level":"info","event":"                 ^^^^^^^^^^^^^^^^^^^^^^^^^^^^^^^^^^^^^","logger":"airflow.task.hooks.airflow.providers.standard.hooks.subprocess.SubprocessHook"}
{"timestamp":"2025-10-28T18:28:05.474171","level":"info","event":"  File \"/home/airflow/.local/lib/python3.12/site-packages/pandas/core/reshape/concat.py\", line 505, in _clean_keys_and_objs","logger":"airflow.task.hooks.airflow.providers.standard.hooks.subprocess.SubprocessHook"}
{"timestamp":"2025-10-28T18:28:05.474430","level":"info","event":"    raise ValueError(\"No objects to concatenate\")","logger":"airflow.task.hooks.airflow.providers.standard.hooks.subprocess.SubprocessHook"}
{"timestamp":"2025-10-28T18:28:05.474634","level":"info","event":"ValueError: No objects to concatenate","logger":"airflow.task.hooks.airflow.providers.standard.hooks.subprocess.SubprocessHook"}
{"timestamp":"2025-10-28T18:28:05.695644","level":"info","event":"Command exited with return code 1","logger":"airflow.task.hooks.airflow.providers.standard.hooks.subprocess.SubprocessHook"}
{"timestamp":"2025-10-28T18:28:05.736651","level":"error","event":"Task failed with exception","logger":"task","error_detail":[{"exc_type":"AirflowException","exc_value":"Bash command failed. The command returned a non-zero exit code 1.","exc_notes":[],"syntax_error":null,"is_cause":false,"frames":[{"filename":"/home/airflow/.local/lib/python3.12/site-packages/airflow/sdk/execution_time/task_runner.py","lineno":920,"name":"run"},{"filename":"/home/airflow/.local/lib/python3.12/site-packages/airflow/sdk/execution_time/task_runner.py","lineno":1215,"name":"_execute_task"},{"filename":"/home/airflow/.local/lib/python3.12/site-packages/airflow/sdk/bases/operator.py","lineno":397,"name":"wrapper"},{"filename":"/home/airflow/.local/lib/python3.12/site-packages/airflow/providers/standard/operators/bash.py","lineno":232,"name":"execute"}],"is_group":false,"exceptions":[]}]}
