{"timestamp":"2025-10-29T11:27:22.999482","level":"info","event":"DAG bundles loaded: dags-folder","logger":"airflow.dag_processing.bundles.manager.DagBundlesManager"}
{"timestamp":"2025-10-29T11:27:23.001284","level":"info","event":"Filling up the DagBag from /opt/airflow/dags/Airflow.py","logger":"airflow.models.dagbag.DagBag"}
{"timestamp":"2025-10-29T11:27:24.864376","level":"info","event":"Tmp dir root location: /tmp","logger":"airflow.task.hooks.airflow.providers.standard.hooks.subprocess.SubprocessHook"}
{"timestamp":"2025-10-29T11:27:24.866590","level":"info","event":"Running command: ['/usr/bin/bash', '-c', 'python3 /opt/airflow/scripts/ARPEGE2.py']","logger":"airflow.task.hooks.airflow.providers.standard.hooks.subprocess.SubprocessHook"}
{"timestamp":"2025-10-29T11:27:24.895572","level":"info","event":"Output:","logger":"airflow.task.hooks.airflow.providers.standard.hooks.subprocess.SubprocessHook"}
{"timestamp":"2025-10-29T11:27:31.222925","level":"info","event":"❌ ERROR: No se pudo inicializar el cliente Docker. Error while fetching server API version: ('Connection aborted.', PermissionError(13, 'Permission denied'))","logger":"airflow.task.hooks.airflow.providers.standard.hooks.subprocess.SubprocessHook"}
{"timestamp":"2025-10-29T11:27:31.223275","level":"info","event":"Traceback (most recent call last):","logger":"airflow.task.hooks.airflow.providers.standard.hooks.subprocess.SubprocessHook"}
{"timestamp":"2025-10-29T11:27:31.223453","level":"info","event":"  File \"/home/airflow/.local/lib/python3.12/site-packages/urllib3/connectionpool.py\", line 787, in urlopen","logger":"airflow.task.hooks.airflow.providers.standard.hooks.subprocess.SubprocessHook"}
{"timestamp":"2025-10-29T11:27:31.223650","level":"info","event":"    response = self._make_request(","logger":"airflow.task.hooks.airflow.providers.standard.hooks.subprocess.SubprocessHook"}
{"timestamp":"2025-10-29T11:27:31.223804","level":"info","event":"               ^^^^^^^^^^^^^^^^^^^","logger":"airflow.task.hooks.airflow.providers.standard.hooks.subprocess.SubprocessHook"}
{"timestamp":"2025-10-29T11:27:31.223933","level":"info","event":"  File \"/home/airflow/.local/lib/python3.12/site-packages/urllib3/connectionpool.py\", line 493, in _make_request","logger":"airflow.task.hooks.airflow.providers.standard.hooks.subprocess.SubprocessHook"}
{"timestamp":"2025-10-29T11:27:31.224106","level":"info","event":"    conn.request(","logger":"airflow.task.hooks.airflow.providers.standard.hooks.subprocess.SubprocessHook"}
{"timestamp":"2025-10-29T11:27:31.224257","level":"info","event":"  File \"/home/airflow/.local/lib/python3.12/site-packages/urllib3/connection.py\", line 494, in request","logger":"airflow.task.hooks.airflow.providers.standard.hooks.subprocess.SubprocessHook"}
{"timestamp":"2025-10-29T11:27:31.224386","level":"info","event":"    self.endheaders()","logger":"airflow.task.hooks.airflow.providers.standard.hooks.subprocess.SubprocessHook"}
{"timestamp":"2025-10-29T11:27:31.224503","level":"info","event":"  File \"/usr/local/lib/python3.12/http/client.py\", line 1333, in endheaders","logger":"airflow.task.hooks.airflow.providers.standard.hooks.subprocess.SubprocessHook"}
{"timestamp":"2025-10-29T11:27:31.224694","level":"info","event":"    self._send_output(message_body, encode_chunked=encode_chunked)","logger":"airflow.task.hooks.airflow.providers.standard.hooks.subprocess.SubprocessHook"}
{"timestamp":"2025-10-29T11:27:31.224823","level":"info","event":"  File \"/usr/local/lib/python3.12/http/client.py\", line 1093, in _send_output","logger":"airflow.task.hooks.airflow.providers.standard.hooks.subprocess.SubprocessHook"}
{"timestamp":"2025-10-29T11:27:31.224946","level":"info","event":"    self.send(msg)","logger":"airflow.task.hooks.airflow.providers.standard.hooks.subprocess.SubprocessHook"}
{"timestamp":"2025-10-29T11:27:31.225063","level":"info","event":"  File \"/usr/local/lib/python3.12/http/client.py\", line 1037, in send","logger":"airflow.task.hooks.airflow.providers.standard.hooks.subprocess.SubprocessHook"}
{"timestamp":"2025-10-29T11:27:31.225349","level":"info","event":"    self.connect()","logger":"airflow.task.hooks.airflow.providers.standard.hooks.subprocess.SubprocessHook"}
{"timestamp":"2025-10-29T11:27:31.225610","level":"info","event":"  File \"/home/airflow/.local/lib/python3.12/site-packages/docker/transport/unixconn.py\", line 26, in connect","logger":"airflow.task.hooks.airflow.providers.standard.hooks.subprocess.SubprocessHook"}
{"timestamp":"2025-10-29T11:27:31.225843","level":"info","event":"    sock.connect(self.unix_socket)","logger":"airflow.task.hooks.airflow.providers.standard.hooks.subprocess.SubprocessHook"}
{"timestamp":"2025-10-29T11:27:31.225988","level":"info","event":"PermissionError: [Errno 13] Permission denied","logger":"airflow.task.hooks.airflow.providers.standard.hooks.subprocess.SubprocessHook"}
{"timestamp":"2025-10-29T11:27:31.226106","level":"info","event":"","logger":"airflow.task.hooks.airflow.providers.standard.hooks.subprocess.SubprocessHook"}
{"timestamp":"2025-10-29T11:27:31.226228","level":"info","event":"During handling of the above exception, another exception occurred:","logger":"airflow.task.hooks.airflow.providers.standard.hooks.subprocess.SubprocessHook"}
{"timestamp":"2025-10-29T11:27:31.226389","level":"info","event":"","logger":"airflow.task.hooks.airflow.providers.standard.hooks.subprocess.SubprocessHook"}
{"timestamp":"2025-10-29T11:27:31.226531","level":"info","event":"Traceback (most recent call last):","logger":"airflow.task.hooks.airflow.providers.standard.hooks.subprocess.SubprocessHook"}
{"timestamp":"2025-10-29T11:27:31.226722","level":"info","event":"  File \"/home/airflow/.local/lib/python3.12/site-packages/requests/adapters.py\", line 644, in send","logger":"airflow.task.hooks.airflow.providers.standard.hooks.subprocess.SubprocessHook"}
{"timestamp":"2025-10-29T11:27:31.226852","level":"info","event":"    resp = conn.urlopen(","logger":"airflow.task.hooks.airflow.providers.standard.hooks.subprocess.SubprocessHook"}
{"timestamp":"2025-10-29T11:27:31.226969","level":"info","event":"           ^^^^^^^^^^^^^","logger":"airflow.task.hooks.airflow.providers.standard.hooks.subprocess.SubprocessHook"}
{"timestamp":"2025-10-29T11:27:31.227095","level":"info","event":"  File \"/home/airflow/.local/lib/python3.12/site-packages/urllib3/connectionpool.py\", line 841, in urlopen","logger":"airflow.task.hooks.airflow.providers.standard.hooks.subprocess.SubprocessHook"}
{"timestamp":"2025-10-29T11:27:31.227211","level":"info","event":"    retries = retries.increment(","logger":"airflow.task.hooks.airflow.providers.standard.hooks.subprocess.SubprocessHook"}
{"timestamp":"2025-10-29T11:27:31.227337","level":"info","event":"              ^^^^^^^^^^^^^^^^^^","logger":"airflow.task.hooks.airflow.providers.standard.hooks.subprocess.SubprocessHook"}
{"timestamp":"2025-10-29T11:27:31.227447","level":"info","event":"  File \"/home/airflow/.local/lib/python3.12/site-packages/urllib3/util/retry.py\", line 474, in increment","logger":"airflow.task.hooks.airflow.providers.standard.hooks.subprocess.SubprocessHook"}
{"timestamp":"2025-10-29T11:27:31.227631","level":"info","event":"    raise reraise(type(error), error, _stacktrace)","logger":"airflow.task.hooks.airflow.providers.standard.hooks.subprocess.SubprocessHook"}
{"timestamp":"2025-10-29T11:27:31.227777","level":"info","event":"          ^^^^^^^^^^^^^^^^^^^^^^^^^^^^^^^^^^^^^^^^","logger":"airflow.task.hooks.airflow.providers.standard.hooks.subprocess.SubprocessHook"}
{"timestamp":"2025-10-29T11:27:31.227890","level":"info","event":"  File \"/home/airflow/.local/lib/python3.12/site-packages/urllib3/util/util.py\", line 38, in reraise","logger":"airflow.task.hooks.airflow.providers.standard.hooks.subprocess.SubprocessHook"}
{"timestamp":"2025-10-29T11:27:31.228002","level":"info","event":"    raise value.with_traceback(tb)","logger":"airflow.task.hooks.airflow.providers.standard.hooks.subprocess.SubprocessHook"}
{"timestamp":"2025-10-29T11:27:31.228122","level":"info","event":"  File \"/home/airflow/.local/lib/python3.12/site-packages/urllib3/connectionpool.py\", line 787, in urlopen","logger":"airflow.task.hooks.airflow.providers.standard.hooks.subprocess.SubprocessHook"}
{"timestamp":"2025-10-29T11:27:31.228239","level":"info","event":"    response = self._make_request(","logger":"airflow.task.hooks.airflow.providers.standard.hooks.subprocess.SubprocessHook"}
{"timestamp":"2025-10-29T11:27:31.228349","level":"info","event":"               ^^^^^^^^^^^^^^^^^^^","logger":"airflow.task.hooks.airflow.providers.standard.hooks.subprocess.SubprocessHook"}
{"timestamp":"2025-10-29T11:27:31.228457","level":"info","event":"  File \"/home/airflow/.local/lib/python3.12/site-packages/urllib3/connectionpool.py\", line 493, in _make_request","logger":"airflow.task.hooks.airflow.providers.standard.hooks.subprocess.SubprocessHook"}
{"timestamp":"2025-10-29T11:27:31.228757","level":"info","event":"    conn.request(","logger":"airflow.task.hooks.airflow.providers.standard.hooks.subprocess.SubprocessHook"}
{"timestamp":"2025-10-29T11:27:31.228920","level":"info","event":"  File \"/home/airflow/.local/lib/python3.12/site-packages/urllib3/connection.py\", line 494, in request","logger":"airflow.task.hooks.airflow.providers.standard.hooks.subprocess.SubprocessHook"}
{"timestamp":"2025-10-29T11:27:31.229213","level":"info","event":"    self.endheaders()","logger":"airflow.task.hooks.airflow.providers.standard.hooks.subprocess.SubprocessHook"}
{"timestamp":"2025-10-29T11:27:31.229427","level":"info","event":"  File \"/usr/local/lib/python3.12/http/client.py\", line 1333, in endheaders","logger":"airflow.task.hooks.airflow.providers.standard.hooks.subprocess.SubprocessHook"}
{"timestamp":"2025-10-29T11:27:31.230307","level":"info","event":"    self._send_output(message_body, encode_chunked=encode_chunked)","logger":"airflow.task.hooks.airflow.providers.standard.hooks.subprocess.SubprocessHook"}
{"timestamp":"2025-10-29T11:27:31.230524","level":"info","event":"  File \"/usr/local/lib/python3.12/http/client.py\", line 1093, in _send_output","logger":"airflow.task.hooks.airflow.providers.standard.hooks.subprocess.SubprocessHook"}
{"timestamp":"2025-10-29T11:27:31.231370","level":"info","event":"    self.send(msg)","logger":"airflow.task.hooks.airflow.providers.standard.hooks.subprocess.SubprocessHook"}
{"timestamp":"2025-10-29T11:27:31.231643","level":"info","event":"  File \"/usr/local/lib/python3.12/http/client.py\", line 1037, in send","logger":"airflow.task.hooks.airflow.providers.standard.hooks.subprocess.SubprocessHook"}
{"timestamp":"2025-10-29T11:27:31.232210","level":"info","event":"    self.connect()","logger":"airflow.task.hooks.airflow.providers.standard.hooks.subprocess.SubprocessHook"}
{"timestamp":"2025-10-29T11:27:31.232653","level":"info","event":"  File \"/home/airflow/.local/lib/python3.12/site-packages/docker/transport/unixconn.py\", line 26, in connect","logger":"airflow.task.hooks.airflow.providers.standard.hooks.subprocess.SubprocessHook"}
{"timestamp":"2025-10-29T11:27:31.232991","level":"info","event":"    sock.connect(self.unix_socket)","logger":"airflow.task.hooks.airflow.providers.standard.hooks.subprocess.SubprocessHook"}
{"timestamp":"2025-10-29T11:27:31.233134","level":"info","event":"urllib3.exceptions.ProtocolError: ('Connection aborted.', PermissionError(13, 'Permission denied'))","logger":"airflow.task.hooks.airflow.providers.standard.hooks.subprocess.SubprocessHook"}
{"timestamp":"2025-10-29T11:27:31.233258","level":"info","event":"","logger":"airflow.task.hooks.airflow.providers.standard.hooks.subprocess.SubprocessHook"}
{"timestamp":"2025-10-29T11:27:31.233381","level":"info","event":"During handling of the above exception, another exception occurred:","logger":"airflow.task.hooks.airflow.providers.standard.hooks.subprocess.SubprocessHook"}
{"timestamp":"2025-10-29T11:27:31.233498","level":"info","event":"","logger":"airflow.task.hooks.airflow.providers.standard.hooks.subprocess.SubprocessHook"}
{"timestamp":"2025-10-29T11:27:31.233669","level":"info","event":"Traceback (most recent call last):","logger":"airflow.task.hooks.airflow.providers.standard.hooks.subprocess.SubprocessHook"}
{"timestamp":"2025-10-29T11:27:31.234056","level":"info","event":"  File \"/home/airflow/.local/lib/python3.12/site-packages/docker/api/client.py\", line 223, in _retrieve_server_version","logger":"airflow.task.hooks.airflow.providers.standard.hooks.subprocess.SubprocessHook"}
{"timestamp":"2025-10-29T11:27:31.234367","level":"info","event":"    return self.version(api_version=False)[\"ApiVersion\"]","logger":"airflow.task.hooks.airflow.providers.standard.hooks.subprocess.SubprocessHook"}
{"timestamp":"2025-10-29T11:27:31.234691","level":"info","event":"           ^^^^^^^^^^^^^^^^^^^^^^^^^^^^^^^","logger":"airflow.task.hooks.airflow.providers.standard.hooks.subprocess.SubprocessHook"}
{"timestamp":"2025-10-29T11:27:31.234943","level":"info","event":"  File \"/home/airflow/.local/lib/python3.12/site-packages/docker/api/daemon.py\", line 181, in version","logger":"airflow.task.hooks.airflow.providers.standard.hooks.subprocess.SubprocessHook"}
{"timestamp":"2025-10-29T11:27:31.235171","level":"info","event":"    return self._result(self._get(url), json=True)","logger":"airflow.task.hooks.airflow.providers.standard.hooks.subprocess.SubprocessHook"}
{"timestamp":"2025-10-29T11:27:31.235472","level":"info","event":"                        ^^^^^^^^^^^^^^","logger":"airflow.task.hooks.airflow.providers.standard.hooks.subprocess.SubprocessHook"}
{"timestamp":"2025-10-29T11:27:31.235772","level":"info","event":"  File \"/home/airflow/.local/lib/python3.12/site-packages/docker/utils/decorators.py\", line 44, in inner","logger":"airflow.task.hooks.airflow.providers.standard.hooks.subprocess.SubprocessHook"}
{"timestamp":"2025-10-29T11:27:31.235992","level":"info","event":"    return f(self, *args, **kwargs)","logger":"airflow.task.hooks.airflow.providers.standard.hooks.subprocess.SubprocessHook"}
{"timestamp":"2025-10-29T11:27:31.236185","level":"info","event":"           ^^^^^^^^^^^^^^^^^^^^^^^^","logger":"airflow.task.hooks.airflow.providers.standard.hooks.subprocess.SubprocessHook"}
{"timestamp":"2025-10-29T11:27:31.236382","level":"info","event":"  File \"/home/airflow/.local/lib/python3.12/site-packages/docker/api/client.py\", line 246, in _get","logger":"airflow.task.hooks.airflow.providers.standard.hooks.subprocess.SubprocessHook"}
{"timestamp":"2025-10-29T11:27:31.236628","level":"info","event":"    return self.get(url, **self._set_request_timeout(kwargs))","logger":"airflow.task.hooks.airflow.providers.standard.hooks.subprocess.SubprocessHook"}
{"timestamp":"2025-10-29T11:27:31.236816","level":"info","event":"           ^^^^^^^^^^^^^^^^^^^^^^^^^^^^^^^^^^^^^^^^^^^^^^^^^^","logger":"airflow.task.hooks.airflow.providers.standard.hooks.subprocess.SubprocessHook"}
{"timestamp":"2025-10-29T11:27:31.236936","level":"info","event":"  File \"/home/airflow/.local/lib/python3.12/site-packages/requests/sessions.py\", line 602, in get","logger":"airflow.task.hooks.airflow.providers.standard.hooks.subprocess.SubprocessHook"}
{"timestamp":"2025-10-29T11:27:31.237051","level":"info","event":"    return self.request(\"GET\", url, **kwargs)","logger":"airflow.task.hooks.airflow.providers.standard.hooks.subprocess.SubprocessHook"}
{"timestamp":"2025-10-29T11:27:31.237163","level":"info","event":"           ^^^^^^^^^^^^^^^^^^^^^^^^^^^^^^^^^^","logger":"airflow.task.hooks.airflow.providers.standard.hooks.subprocess.SubprocessHook"}
{"timestamp":"2025-10-29T11:27:31.237271","level":"info","event":"  File \"/home/airflow/.local/lib/python3.12/site-packages/requests/sessions.py\", line 589, in request","logger":"airflow.task.hooks.airflow.providers.standard.hooks.subprocess.SubprocessHook"}
{"timestamp":"2025-10-29T11:27:31.237381","level":"info","event":"    resp = self.send(prep, **send_kwargs)","logger":"airflow.task.hooks.airflow.providers.standard.hooks.subprocess.SubprocessHook"}
{"timestamp":"2025-10-29T11:27:31.237487","level":"info","event":"           ^^^^^^^^^^^^^^^^^^^^^^^^^^^^^^","logger":"airflow.task.hooks.airflow.providers.standard.hooks.subprocess.SubprocessHook"}
{"timestamp":"2025-10-29T11:27:31.237645","level":"info","event":"  File \"/home/airflow/.local/lib/python3.12/site-packages/requests/sessions.py\", line 703, in send","logger":"airflow.task.hooks.airflow.providers.standard.hooks.subprocess.SubprocessHook"}
{"timestamp":"2025-10-29T11:27:31.237860","level":"info","event":"    r = adapter.send(request, **kwargs)","logger":"airflow.task.hooks.airflow.providers.standard.hooks.subprocess.SubprocessHook"}
{"timestamp":"2025-10-29T11:27:31.237990","level":"info","event":"        ^^^^^^^^^^^^^^^^^^^^^^^^^^^^^^^","logger":"airflow.task.hooks.airflow.providers.standard.hooks.subprocess.SubprocessHook"}
{"timestamp":"2025-10-29T11:27:31.238167","level":"info","event":"  File \"/home/airflow/.local/lib/python3.12/site-packages/requests/adapters.py\", line 659, in send","logger":"airflow.task.hooks.airflow.providers.standard.hooks.subprocess.SubprocessHook"}
{"timestamp":"2025-10-29T11:27:31.238301","level":"info","event":"    raise ConnectionError(err, request=request)","logger":"airflow.task.hooks.airflow.providers.standard.hooks.subprocess.SubprocessHook"}
{"timestamp":"2025-10-29T11:27:31.238442","level":"info","event":"requests.exceptions.ConnectionError: ('Connection aborted.', PermissionError(13, 'Permission denied'))","logger":"airflow.task.hooks.airflow.providers.standard.hooks.subprocess.SubprocessHook"}
{"timestamp":"2025-10-29T11:27:31.238585","level":"info","event":"","logger":"airflow.task.hooks.airflow.providers.standard.hooks.subprocess.SubprocessHook"}
{"timestamp":"2025-10-29T11:27:31.238777","level":"info","event":"The above exception was the direct cause of the following exception:","logger":"airflow.task.hooks.airflow.providers.standard.hooks.subprocess.SubprocessHook"}
{"timestamp":"2025-10-29T11:27:31.238896","level":"info","event":"","logger":"airflow.task.hooks.airflow.providers.standard.hooks.subprocess.SubprocessHook"}
{"timestamp":"2025-10-29T11:27:31.239008","level":"info","event":"Traceback (most recent call last):","logger":"airflow.task.hooks.airflow.providers.standard.hooks.subprocess.SubprocessHook"}
{"timestamp":"2025-10-29T11:27:31.239117","level":"info","event":"  File \"/opt/airflow/scripts/ARPEGE2.py\", line 219, in <module>","logger":"airflow.task.hooks.airflow.providers.standard.hooks.subprocess.SubprocessHook"}
{"timestamp":"2025-10-29T11:27:31.239224","level":"info","event":"    main()","logger":"airflow.task.hooks.airflow.providers.standard.hooks.subprocess.SubprocessHook"}
{"timestamp":"2025-10-29T11:27:31.239331","level":"info","event":"  File \"/opt/airflow/scripts/ARPEGE2.py\", line 195, in main","logger":"airflow.task.hooks.airflow.providers.standard.hooks.subprocess.SubprocessHook"}
{"timestamp":"2025-10-29T11:27:31.239439","level":"info","event":"    df, download_time = fetch_forecast(lats, lons)","logger":"airflow.task.hooks.airflow.providers.standard.hooks.subprocess.SubprocessHook"}
{"timestamp":"2025-10-29T11:27:31.239545","level":"info","event":"                        ^^^^^^^^^^^^^^^^^^^^^^^^^^","logger":"airflow.task.hooks.airflow.providers.standard.hooks.subprocess.SubprocessHook"}
{"timestamp":"2025-10-29T11:27:31.239690","level":"info","event":"  File \"/opt/airflow/scripts/ARPEGE2.py\", line 63, in fetch_forecast","logger":"airflow.task.hooks.airflow.providers.standard.hooks.subprocess.SubprocessHook"}
{"timestamp":"2025-10-29T11:27:31.239825","level":"info","event":"    client = docker.from_env()","logger":"airflow.task.hooks.airflow.providers.standard.hooks.subprocess.SubprocessHook"}
{"timestamp":"2025-10-29T11:27:31.239936","level":"info","event":"             ^^^^^^^^^^^^^^^^^","logger":"airflow.task.hooks.airflow.providers.standard.hooks.subprocess.SubprocessHook"}
{"timestamp":"2025-10-29T11:27:31.240043","level":"info","event":"  File \"/home/airflow/.local/lib/python3.12/site-packages/docker/client.py\", line 94, in from_env","logger":"airflow.task.hooks.airflow.providers.standard.hooks.subprocess.SubprocessHook"}
{"timestamp":"2025-10-29T11:27:31.240151","level":"info","event":"    return cls(","logger":"airflow.task.hooks.airflow.providers.standard.hooks.subprocess.SubprocessHook"}
{"timestamp":"2025-10-29T11:27:31.240261","level":"info","event":"           ^^^^","logger":"airflow.task.hooks.airflow.providers.standard.hooks.subprocess.SubprocessHook"}
{"timestamp":"2025-10-29T11:27:31.240368","level":"info","event":"  File \"/home/airflow/.local/lib/python3.12/site-packages/docker/client.py\", line 45, in __init__","logger":"airflow.task.hooks.airflow.providers.standard.hooks.subprocess.SubprocessHook"}
{"timestamp":"2025-10-29T11:27:31.240475","level":"info","event":"    self.api = APIClient(*args, **kwargs)","logger":"airflow.task.hooks.airflow.providers.standard.hooks.subprocess.SubprocessHook"}
{"timestamp":"2025-10-29T11:27:31.240580","level":"info","event":"               ^^^^^^^^^^^^^^^^^^^^^^^^^^","logger":"airflow.task.hooks.airflow.providers.standard.hooks.subprocess.SubprocessHook"}
{"timestamp":"2025-10-29T11:27:31.240730","level":"info","event":"  File \"/home/airflow/.local/lib/python3.12/site-packages/docker/api/client.py\", line 207, in __init__","logger":"airflow.task.hooks.airflow.providers.standard.hooks.subprocess.SubprocessHook"}
{"timestamp":"2025-10-29T11:27:31.240857","level":"info","event":"    self._version = self._retrieve_server_version()","logger":"airflow.task.hooks.airflow.providers.standard.hooks.subprocess.SubprocessHook"}
{"timestamp":"2025-10-29T11:27:31.240970","level":"info","event":"                    ^^^^^^^^^^^^^^^^^^^^^^^^^^^^^^^","logger":"airflow.task.hooks.airflow.providers.standard.hooks.subprocess.SubprocessHook"}
{"timestamp":"2025-10-29T11:27:31.241080","level":"info","event":"  File \"/home/airflow/.local/lib/python3.12/site-packages/docker/api/client.py\", line 230, in _retrieve_server_version","logger":"airflow.task.hooks.airflow.providers.standard.hooks.subprocess.SubprocessHook"}
{"timestamp":"2025-10-29T11:27:31.241192","level":"info","event":"    raise DockerException(","logger":"airflow.task.hooks.airflow.providers.standard.hooks.subprocess.SubprocessHook"}
{"timestamp":"2025-10-29T11:27:31.241302","level":"info","event":"docker.errors.DockerException: Error while fetching server API version: ('Connection aborted.', PermissionError(13, 'Permission denied'))","logger":"airflow.task.hooks.airflow.providers.standard.hooks.subprocess.SubprocessHook"}
{"timestamp":"2025-10-29T11:27:31.514570","level":"info","event":"Command exited with return code 1","logger":"airflow.task.hooks.airflow.providers.standard.hooks.subprocess.SubprocessHook"}
{"timestamp":"2025-10-29T11:27:31.516541","level":"error","event":"Task failed with exception","logger":"task","error_detail":[{"exc_type":"AirflowException","exc_value":"Bash command failed. The command returned a non-zero exit code 1.","exc_notes":[],"syntax_error":null,"is_cause":false,"frames":[{"filename":"/home/airflow/.local/lib/python3.12/site-packages/airflow/sdk/execution_time/task_runner.py","lineno":920,"name":"run"},{"filename":"/home/airflow/.local/lib/python3.12/site-packages/airflow/sdk/execution_time/task_runner.py","lineno":1215,"name":"_execute_task"},{"filename":"/home/airflow/.local/lib/python3.12/site-packages/airflow/sdk/bases/operator.py","lineno":397,"name":"wrapper"},{"filename":"/home/airflow/.local/lib/python3.12/site-packages/airflow/providers/standard/operators/bash.py","lineno":232,"name":"execute"}],"is_group":false,"exceptions":[]}]}
