{"timestamp":"2025-10-29T10:40:06.009654","level":"info","event":"DAG bundles loaded: dags-folder","logger":"airflow.dag_processing.bundles.manager.DagBundlesManager"}
{"timestamp":"2025-10-29T10:40:06.011028","level":"info","event":"Filling up the DagBag from /opt/airflow/dags/Airflow.py","logger":"airflow.models.dagbag.DagBag"}
{"timestamp":"2025-10-29T10:40:06.795692","level":"info","event":"Tmp dir root location: /tmp","logger":"airflow.task.hooks.airflow.providers.standard.hooks.subprocess.SubprocessHook"}
{"timestamp":"2025-10-29T10:40:06.797294","level":"info","event":"Running command: ['/usr/bin/bash', '-c', 'python3 /opt/airflow/scripts/ARPEGE2.py']","logger":"airflow.task.hooks.airflow.providers.standard.hooks.subprocess.SubprocessHook"}
{"timestamp":"2025-10-29T10:40:06.827816","level":"info","event":"Output:","logger":"airflow.task.hooks.airflow.providers.standard.hooks.subprocess.SubprocessHook"}
{"timestamp":"2025-10-29T10:40:12.945010","level":"info","event":"❌ ERROR: No se pudo inicializar el cliente Docker. Error while fetching server API version: ('Connection aborted.', PermissionError(13, 'Permission denied'))","logger":"airflow.task.hooks.airflow.providers.standard.hooks.subprocess.SubprocessHook"}
{"timestamp":"2025-10-29T10:40:12.945367","level":"info","event":"Traceback (most recent call last):","logger":"airflow.task.hooks.airflow.providers.standard.hooks.subprocess.SubprocessHook"}
{"timestamp":"2025-10-29T10:40:12.945611","level":"info","event":"  File \"/home/airflow/.local/lib/python3.12/site-packages/urllib3/connectionpool.py\", line 787, in urlopen","logger":"airflow.task.hooks.airflow.providers.standard.hooks.subprocess.SubprocessHook"}
{"timestamp":"2025-10-29T10:40:12.945791","level":"info","event":"    response = self._make_request(","logger":"airflow.task.hooks.airflow.providers.standard.hooks.subprocess.SubprocessHook"}
{"timestamp":"2025-10-29T10:40:12.945929","level":"info","event":"               ^^^^^^^^^^^^^^^^^^^","logger":"airflow.task.hooks.airflow.providers.standard.hooks.subprocess.SubprocessHook"}
{"timestamp":"2025-10-29T10:40:12.946052","level":"info","event":"  File \"/home/airflow/.local/lib/python3.12/site-packages/urllib3/connectionpool.py\", line 493, in _make_request","logger":"airflow.task.hooks.airflow.providers.standard.hooks.subprocess.SubprocessHook"}
{"timestamp":"2025-10-29T10:40:12.946178","level":"info","event":"    conn.request(","logger":"airflow.task.hooks.airflow.providers.standard.hooks.subprocess.SubprocessHook"}
{"timestamp":"2025-10-29T10:40:12.946298","level":"info","event":"  File \"/home/airflow/.local/lib/python3.12/site-packages/urllib3/connection.py\", line 494, in request","logger":"airflow.task.hooks.airflow.providers.standard.hooks.subprocess.SubprocessHook"}
{"timestamp":"2025-10-29T10:40:12.946466","level":"info","event":"    self.endheaders()","logger":"airflow.task.hooks.airflow.providers.standard.hooks.subprocess.SubprocessHook"}
{"timestamp":"2025-10-29T10:40:12.946617","level":"info","event":"  File \"/usr/local/lib/python3.12/http/client.py\", line 1333, in endheaders","logger":"airflow.task.hooks.airflow.providers.standard.hooks.subprocess.SubprocessHook"}
{"timestamp":"2025-10-29T10:40:12.947486","level":"info","event":"    self._send_output(message_body, encode_chunked=encode_chunked)","logger":"airflow.task.hooks.airflow.providers.standard.hooks.subprocess.SubprocessHook"}
{"timestamp":"2025-10-29T10:40:12.947722","level":"info","event":"  File \"/usr/local/lib/python3.12/http/client.py\", line 1093, in _send_output","logger":"airflow.task.hooks.airflow.providers.standard.hooks.subprocess.SubprocessHook"}
{"timestamp":"2025-10-29T10:40:12.948384","level":"info","event":"    self.send(msg)","logger":"airflow.task.hooks.airflow.providers.standard.hooks.subprocess.SubprocessHook"}
{"timestamp":"2025-10-29T10:40:12.948642","level":"info","event":"  File \"/usr/local/lib/python3.12/http/client.py\", line 1037, in send","logger":"airflow.task.hooks.airflow.providers.standard.hooks.subprocess.SubprocessHook"}
{"timestamp":"2025-10-29T10:40:12.949397","level":"info","event":"    self.connect()","logger":"airflow.task.hooks.airflow.providers.standard.hooks.subprocess.SubprocessHook"}
{"timestamp":"2025-10-29T10:40:12.949734","level":"info","event":"  File \"/home/airflow/.local/lib/python3.12/site-packages/docker/transport/unixconn.py\", line 26, in connect","logger":"airflow.task.hooks.airflow.providers.standard.hooks.subprocess.SubprocessHook"}
{"timestamp":"2025-10-29T10:40:12.949889","level":"info","event":"    sock.connect(self.unix_socket)","logger":"airflow.task.hooks.airflow.providers.standard.hooks.subprocess.SubprocessHook"}
{"timestamp":"2025-10-29T10:40:12.950017","level":"info","event":"PermissionError: [Errno 13] Permission denied","logger":"airflow.task.hooks.airflow.providers.standard.hooks.subprocess.SubprocessHook"}
{"timestamp":"2025-10-29T10:40:12.950137","level":"info","event":"","logger":"airflow.task.hooks.airflow.providers.standard.hooks.subprocess.SubprocessHook"}
{"timestamp":"2025-10-29T10:40:12.950257","level":"info","event":"During handling of the above exception, another exception occurred:","logger":"airflow.task.hooks.airflow.providers.standard.hooks.subprocess.SubprocessHook"}
{"timestamp":"2025-10-29T10:40:12.950415","level":"info","event":"","logger":"airflow.task.hooks.airflow.providers.standard.hooks.subprocess.SubprocessHook"}
{"timestamp":"2025-10-29T10:40:12.950610","level":"info","event":"Traceback (most recent call last):","logger":"airflow.task.hooks.airflow.providers.standard.hooks.subprocess.SubprocessHook"}
{"timestamp":"2025-10-29T10:40:12.950740","level":"info","event":"  File \"/home/airflow/.local/lib/python3.12/site-packages/requests/adapters.py\", line 644, in send","logger":"airflow.task.hooks.airflow.providers.standard.hooks.subprocess.SubprocessHook"}
{"timestamp":"2025-10-29T10:40:12.950856","level":"info","event":"    resp = conn.urlopen(","logger":"airflow.task.hooks.airflow.providers.standard.hooks.subprocess.SubprocessHook"}
{"timestamp":"2025-10-29T10:40:12.950964","level":"info","event":"           ^^^^^^^^^^^^^","logger":"airflow.task.hooks.airflow.providers.standard.hooks.subprocess.SubprocessHook"}
{"timestamp":"2025-10-29T10:40:12.951071","level":"info","event":"  File \"/home/airflow/.local/lib/python3.12/site-packages/urllib3/connectionpool.py\", line 841, in urlopen","logger":"airflow.task.hooks.airflow.providers.standard.hooks.subprocess.SubprocessHook"}
{"timestamp":"2025-10-29T10:40:12.951187","level":"info","event":"    retries = retries.increment(","logger":"airflow.task.hooks.airflow.providers.standard.hooks.subprocess.SubprocessHook"}
{"timestamp":"2025-10-29T10:40:12.951295","level":"info","event":"              ^^^^^^^^^^^^^^^^^^","logger":"airflow.task.hooks.airflow.providers.standard.hooks.subprocess.SubprocessHook"}
{"timestamp":"2025-10-29T10:40:12.951402","level":"info","event":"  File \"/home/airflow/.local/lib/python3.12/site-packages/urllib3/util/retry.py\", line 474, in increment","logger":"airflow.task.hooks.airflow.providers.standard.hooks.subprocess.SubprocessHook"}
{"timestamp":"2025-10-29T10:40:12.951637","level":"info","event":"    raise reraise(type(error), error, _stacktrace)","logger":"airflow.task.hooks.airflow.providers.standard.hooks.subprocess.SubprocessHook"}
{"timestamp":"2025-10-29T10:40:12.951764","level":"info","event":"          ^^^^^^^^^^^^^^^^^^^^^^^^^^^^^^^^^^^^^^^^","logger":"airflow.task.hooks.airflow.providers.standard.hooks.subprocess.SubprocessHook"}
{"timestamp":"2025-10-29T10:40:12.951875","level":"info","event":"  File \"/home/airflow/.local/lib/python3.12/site-packages/urllib3/util/util.py\", line 38, in reraise","logger":"airflow.task.hooks.airflow.providers.standard.hooks.subprocess.SubprocessHook"}
{"timestamp":"2025-10-29T10:40:12.951991","level":"info","event":"    raise value.with_traceback(tb)","logger":"airflow.task.hooks.airflow.providers.standard.hooks.subprocess.SubprocessHook"}
{"timestamp":"2025-10-29T10:40:12.952102","level":"info","event":"  File \"/home/airflow/.local/lib/python3.12/site-packages/urllib3/connectionpool.py\", line 787, in urlopen","logger":"airflow.task.hooks.airflow.providers.standard.hooks.subprocess.SubprocessHook"}
{"timestamp":"2025-10-29T10:40:12.952474","level":"info","event":"    response = self._make_request(","logger":"airflow.task.hooks.airflow.providers.standard.hooks.subprocess.SubprocessHook"}
{"timestamp":"2025-10-29T10:40:12.952657","level":"info","event":"               ^^^^^^^^^^^^^^^^^^^","logger":"airflow.task.hooks.airflow.providers.standard.hooks.subprocess.SubprocessHook"}
{"timestamp":"2025-10-29T10:40:12.952796","level":"info","event":"  File \"/home/airflow/.local/lib/python3.12/site-packages/urllib3/connectionpool.py\", line 493, in _make_request","logger":"airflow.task.hooks.airflow.providers.standard.hooks.subprocess.SubprocessHook"}
{"timestamp":"2025-10-29T10:40:12.952925","level":"info","event":"    conn.request(","logger":"airflow.task.hooks.airflow.providers.standard.hooks.subprocess.SubprocessHook"}
{"timestamp":"2025-10-29T10:40:12.953041","level":"info","event":"  File \"/home/airflow/.local/lib/python3.12/site-packages/urllib3/connection.py\", line 494, in request","logger":"airflow.task.hooks.airflow.providers.standard.hooks.subprocess.SubprocessHook"}
{"timestamp":"2025-10-29T10:40:12.953541","level":"info","event":"    self.endheaders()","logger":"airflow.task.hooks.airflow.providers.standard.hooks.subprocess.SubprocessHook"}
{"timestamp":"2025-10-29T10:40:12.953847","level":"info","event":"  File \"/usr/local/lib/python3.12/http/client.py\", line 1333, in endheaders","logger":"airflow.task.hooks.airflow.providers.standard.hooks.subprocess.SubprocessHook"}
{"timestamp":"2025-10-29T10:40:12.954830","level":"info","event":"    self._send_output(message_body, encode_chunked=encode_chunked)","logger":"airflow.task.hooks.airflow.providers.standard.hooks.subprocess.SubprocessHook"}
{"timestamp":"2025-10-29T10:40:12.955077","level":"info","event":"  File \"/usr/local/lib/python3.12/http/client.py\", line 1093, in _send_output","logger":"airflow.task.hooks.airflow.providers.standard.hooks.subprocess.SubprocessHook"}
{"timestamp":"2025-10-29T10:40:12.955905","level":"info","event":"    self.send(msg)","logger":"airflow.task.hooks.airflow.providers.standard.hooks.subprocess.SubprocessHook"}
{"timestamp":"2025-10-29T10:40:12.956144","level":"info","event":"  File \"/usr/local/lib/python3.12/http/client.py\", line 1037, in send","logger":"airflow.task.hooks.airflow.providers.standard.hooks.subprocess.SubprocessHook"}
{"timestamp":"2025-10-29T10:40:12.956977","level":"info","event":"    self.connect()","logger":"airflow.task.hooks.airflow.providers.standard.hooks.subprocess.SubprocessHook"}
{"timestamp":"2025-10-29T10:40:12.957225","level":"info","event":"  File \"/home/airflow/.local/lib/python3.12/site-packages/docker/transport/unixconn.py\", line 26, in connect","logger":"airflow.task.hooks.airflow.providers.standard.hooks.subprocess.SubprocessHook"}
{"timestamp":"2025-10-29T10:40:12.957383","level":"info","event":"    sock.connect(self.unix_socket)","logger":"airflow.task.hooks.airflow.providers.standard.hooks.subprocess.SubprocessHook"}
{"timestamp":"2025-10-29T10:40:12.957645","level":"info","event":"urllib3.exceptions.ProtocolError: ('Connection aborted.', PermissionError(13, 'Permission denied'))","logger":"airflow.task.hooks.airflow.providers.standard.hooks.subprocess.SubprocessHook"}
{"timestamp":"2025-10-29T10:40:12.957782","level":"info","event":"","logger":"airflow.task.hooks.airflow.providers.standard.hooks.subprocess.SubprocessHook"}
{"timestamp":"2025-10-29T10:40:12.957902","level":"info","event":"During handling of the above exception, another exception occurred:","logger":"airflow.task.hooks.airflow.providers.standard.hooks.subprocess.SubprocessHook"}
{"timestamp":"2025-10-29T10:40:12.958015","level":"info","event":"","logger":"airflow.task.hooks.airflow.providers.standard.hooks.subprocess.SubprocessHook"}
{"timestamp":"2025-10-29T10:40:12.958126","level":"info","event":"Traceback (most recent call last):","logger":"airflow.task.hooks.airflow.providers.standard.hooks.subprocess.SubprocessHook"}
{"timestamp":"2025-10-29T10:40:12.958236","level":"info","event":"  File \"/home/airflow/.local/lib/python3.12/site-packages/docker/api/client.py\", line 223, in _retrieve_server_version","logger":"airflow.task.hooks.airflow.providers.standard.hooks.subprocess.SubprocessHook"}
{"timestamp":"2025-10-29T10:40:12.958361","level":"info","event":"    return self.version(api_version=False)[\"ApiVersion\"]","logger":"airflow.task.hooks.airflow.providers.standard.hooks.subprocess.SubprocessHook"}
{"timestamp":"2025-10-29T10:40:12.958600","level":"info","event":"           ^^^^^^^^^^^^^^^^^^^^^^^^^^^^^^^","logger":"airflow.task.hooks.airflow.providers.standard.hooks.subprocess.SubprocessHook"}
{"timestamp":"2025-10-29T10:40:12.958818","level":"info","event":"  File \"/home/airflow/.local/lib/python3.12/site-packages/docker/api/daemon.py\", line 181, in version","logger":"airflow.task.hooks.airflow.providers.standard.hooks.subprocess.SubprocessHook"}
{"timestamp":"2025-10-29T10:40:12.959129","level":"info","event":"    return self._result(self._get(url), json=True)","logger":"airflow.task.hooks.airflow.providers.standard.hooks.subprocess.SubprocessHook"}
{"timestamp":"2025-10-29T10:40:12.959349","level":"info","event":"                        ^^^^^^^^^^^^^^","logger":"airflow.task.hooks.airflow.providers.standard.hooks.subprocess.SubprocessHook"}
{"timestamp":"2025-10-29T10:40:12.959670","level":"info","event":"  File \"/home/airflow/.local/lib/python3.12/site-packages/docker/utils/decorators.py\", line 44, in inner","logger":"airflow.task.hooks.airflow.providers.standard.hooks.subprocess.SubprocessHook"}
{"timestamp":"2025-10-29T10:40:12.959896","level":"info","event":"    return f(self, *args, **kwargs)","logger":"airflow.task.hooks.airflow.providers.standard.hooks.subprocess.SubprocessHook"}
{"timestamp":"2025-10-29T10:40:12.960121","level":"info","event":"           ^^^^^^^^^^^^^^^^^^^^^^^^","logger":"airflow.task.hooks.airflow.providers.standard.hooks.subprocess.SubprocessHook"}
{"timestamp":"2025-10-29T10:40:12.960405","level":"info","event":"  File \"/home/airflow/.local/lib/python3.12/site-packages/docker/api/client.py\", line 246, in _get","logger":"airflow.task.hooks.airflow.providers.standard.hooks.subprocess.SubprocessHook"}
{"timestamp":"2025-10-29T10:40:12.960679","level":"info","event":"    return self.get(url, **self._set_request_timeout(kwargs))","logger":"airflow.task.hooks.airflow.providers.standard.hooks.subprocess.SubprocessHook"}
{"timestamp":"2025-10-29T10:40:12.960910","level":"info","event":"           ^^^^^^^^^^^^^^^^^^^^^^^^^^^^^^^^^^^^^^^^^^^^^^^^^^","logger":"airflow.task.hooks.airflow.providers.standard.hooks.subprocess.SubprocessHook"}
{"timestamp":"2025-10-29T10:40:12.961199","level":"info","event":"  File \"/home/airflow/.local/lib/python3.12/site-packages/requests/sessions.py\", line 602, in get","logger":"airflow.task.hooks.airflow.providers.standard.hooks.subprocess.SubprocessHook"}
{"timestamp":"2025-10-29T10:40:12.961443","level":"info","event":"    return self.request(\"GET\", url, **kwargs)","logger":"airflow.task.hooks.airflow.providers.standard.hooks.subprocess.SubprocessHook"}
{"timestamp":"2025-10-29T10:40:12.961739","level":"info","event":"           ^^^^^^^^^^^^^^^^^^^^^^^^^^^^^^^^^^","logger":"airflow.task.hooks.airflow.providers.standard.hooks.subprocess.SubprocessHook"}
{"timestamp":"2025-10-29T10:40:12.961970","level":"info","event":"  File \"/home/airflow/.local/lib/python3.12/site-packages/requests/sessions.py\", line 589, in request","logger":"airflow.task.hooks.airflow.providers.standard.hooks.subprocess.SubprocessHook"}
{"timestamp":"2025-10-29T10:40:12.962251","level":"info","event":"    resp = self.send(prep, **send_kwargs)","logger":"airflow.task.hooks.airflow.providers.standard.hooks.subprocess.SubprocessHook"}
{"timestamp":"2025-10-29T10:40:12.962477","level":"info","event":"           ^^^^^^^^^^^^^^^^^^^^^^^^^^^^^^","logger":"airflow.task.hooks.airflow.providers.standard.hooks.subprocess.SubprocessHook"}
{"timestamp":"2025-10-29T10:40:12.962778","level":"info","event":"  File \"/home/airflow/.local/lib/python3.12/site-packages/requests/sessions.py\", line 703, in send","logger":"airflow.task.hooks.airflow.providers.standard.hooks.subprocess.SubprocessHook"}
{"timestamp":"2025-10-29T10:40:12.963081","level":"info","event":"    r = adapter.send(request, **kwargs)","logger":"airflow.task.hooks.airflow.providers.standard.hooks.subprocess.SubprocessHook"}
{"timestamp":"2025-10-29T10:40:12.963312","level":"info","event":"        ^^^^^^^^^^^^^^^^^^^^^^^^^^^^^^^","logger":"airflow.task.hooks.airflow.providers.standard.hooks.subprocess.SubprocessHook"}
{"timestamp":"2025-10-29T10:40:12.963526","level":"info","event":"  File \"/home/airflow/.local/lib/python3.12/site-packages/requests/adapters.py\", line 659, in send","logger":"airflow.task.hooks.airflow.providers.standard.hooks.subprocess.SubprocessHook"}
{"timestamp":"2025-10-29T10:40:12.963838","level":"info","event":"    raise ConnectionError(err, request=request)","logger":"airflow.task.hooks.airflow.providers.standard.hooks.subprocess.SubprocessHook"}
{"timestamp":"2025-10-29T10:40:12.964072","level":"info","event":"requests.exceptions.ConnectionError: ('Connection aborted.', PermissionError(13, 'Permission denied'))","logger":"airflow.task.hooks.airflow.providers.standard.hooks.subprocess.SubprocessHook"}
{"timestamp":"2025-10-29T10:40:12.964290","level":"info","event":"","logger":"airflow.task.hooks.airflow.providers.standard.hooks.subprocess.SubprocessHook"}
{"timestamp":"2025-10-29T10:40:12.964510","level":"info","event":"The above exception was the direct cause of the following exception:","logger":"airflow.task.hooks.airflow.providers.standard.hooks.subprocess.SubprocessHook"}
{"timestamp":"2025-10-29T10:40:12.964853","level":"info","event":"","logger":"airflow.task.hooks.airflow.providers.standard.hooks.subprocess.SubprocessHook"}
{"timestamp":"2025-10-29T10:40:12.965097","level":"info","event":"Traceback (most recent call last):","logger":"airflow.task.hooks.airflow.providers.standard.hooks.subprocess.SubprocessHook"}
{"timestamp":"2025-10-29T10:40:12.965326","level":"info","event":"  File \"/opt/airflow/scripts/ARPEGE2.py\", line 219, in <module>","logger":"airflow.task.hooks.airflow.providers.standard.hooks.subprocess.SubprocessHook"}
{"timestamp":"2025-10-29T10:40:12.965680","level":"info","event":"    main()","logger":"airflow.task.hooks.airflow.providers.standard.hooks.subprocess.SubprocessHook"}
{"timestamp":"2025-10-29T10:40:12.965923","level":"info","event":"  File \"/opt/airflow/scripts/ARPEGE2.py\", line 195, in main","logger":"airflow.task.hooks.airflow.providers.standard.hooks.subprocess.SubprocessHook"}
{"timestamp":"2025-10-29T10:40:12.966141","level":"info","event":"    df, download_time = fetch_forecast(lats, lons)","logger":"airflow.task.hooks.airflow.providers.standard.hooks.subprocess.SubprocessHook"}
{"timestamp":"2025-10-29T10:40:12.966354","level":"info","event":"                        ^^^^^^^^^^^^^^^^^^^^^^^^^^","logger":"airflow.task.hooks.airflow.providers.standard.hooks.subprocess.SubprocessHook"}
{"timestamp":"2025-10-29T10:40:12.966625","level":"info","event":"  File \"/opt/airflow/scripts/ARPEGE2.py\", line 63, in fetch_forecast","logger":"airflow.task.hooks.airflow.providers.standard.hooks.subprocess.SubprocessHook"}
{"timestamp":"2025-10-29T10:40:12.966944","level":"info","event":"    client = docker.from_env()","logger":"airflow.task.hooks.airflow.providers.standard.hooks.subprocess.SubprocessHook"}
{"timestamp":"2025-10-29T10:40:12.967171","level":"info","event":"             ^^^^^^^^^^^^^^^^^","logger":"airflow.task.hooks.airflow.providers.standard.hooks.subprocess.SubprocessHook"}
{"timestamp":"2025-10-29T10:40:12.967391","level":"info","event":"  File \"/home/airflow/.local/lib/python3.12/site-packages/docker/client.py\", line 94, in from_env","logger":"airflow.task.hooks.airflow.providers.standard.hooks.subprocess.SubprocessHook"}
{"timestamp":"2025-10-29T10:40:12.967626","level":"info","event":"    return cls(","logger":"airflow.task.hooks.airflow.providers.standard.hooks.subprocess.SubprocessHook"}
{"timestamp":"2025-10-29T10:40:12.967883","level":"info","event":"           ^^^^","logger":"airflow.task.hooks.airflow.providers.standard.hooks.subprocess.SubprocessHook"}
{"timestamp":"2025-10-29T10:40:12.968106","level":"info","event":"  File \"/home/airflow/.local/lib/python3.12/site-packages/docker/client.py\", line 45, in __init__","logger":"airflow.task.hooks.airflow.providers.standard.hooks.subprocess.SubprocessHook"}
{"timestamp":"2025-10-29T10:40:12.968326","level":"info","event":"    self.api = APIClient(*args, **kwargs)","logger":"airflow.task.hooks.airflow.providers.standard.hooks.subprocess.SubprocessHook"}
{"timestamp":"2025-10-29T10:40:12.968539","level":"info","event":"               ^^^^^^^^^^^^^^^^^^^^^^^^^^","logger":"airflow.task.hooks.airflow.providers.standard.hooks.subprocess.SubprocessHook"}
{"timestamp":"2025-10-29T10:40:12.968796","level":"info","event":"  File \"/home/airflow/.local/lib/python3.12/site-packages/docker/api/client.py\", line 207, in __init__","logger":"airflow.task.hooks.airflow.providers.standard.hooks.subprocess.SubprocessHook"}
{"timestamp":"2025-10-29T10:40:12.969022","level":"info","event":"    self._version = self._retrieve_server_version()","logger":"airflow.task.hooks.airflow.providers.standard.hooks.subprocess.SubprocessHook"}
{"timestamp":"2025-10-29T10:40:12.969289","level":"info","event":"                    ^^^^^^^^^^^^^^^^^^^^^^^^^^^^^^^","logger":"airflow.task.hooks.airflow.providers.standard.hooks.subprocess.SubprocessHook"}
{"timestamp":"2025-10-29T10:40:12.969510","level":"info","event":"  File \"/home/airflow/.local/lib/python3.12/site-packages/docker/api/client.py\", line 230, in _retrieve_server_version","logger":"airflow.task.hooks.airflow.providers.standard.hooks.subprocess.SubprocessHook"}
{"timestamp":"2025-10-29T10:40:12.969811","level":"info","event":"    raise DockerException(","logger":"airflow.task.hooks.airflow.providers.standard.hooks.subprocess.SubprocessHook"}
{"timestamp":"2025-10-29T10:40:12.970045","level":"info","event":"docker.errors.DockerException: Error while fetching server API version: ('Connection aborted.', PermissionError(13, 'Permission denied'))","logger":"airflow.task.hooks.airflow.providers.standard.hooks.subprocess.SubprocessHook"}
{"timestamp":"2025-10-29T10:40:13.206640","level":"info","event":"Command exited with return code 1","logger":"airflow.task.hooks.airflow.providers.standard.hooks.subprocess.SubprocessHook"}
{"timestamp":"2025-10-29T10:40:13.207808","level":"error","event":"Task failed with exception","logger":"task","error_detail":[{"exc_type":"AirflowException","exc_value":"Bash command failed. The command returned a non-zero exit code 1.","exc_notes":[],"syntax_error":null,"is_cause":false,"frames":[{"filename":"/home/airflow/.local/lib/python3.12/site-packages/airflow/sdk/execution_time/task_runner.py","lineno":920,"name":"run"},{"filename":"/home/airflow/.local/lib/python3.12/site-packages/airflow/sdk/execution_time/task_runner.py","lineno":1215,"name":"_execute_task"},{"filename":"/home/airflow/.local/lib/python3.12/site-packages/airflow/sdk/bases/operator.py","lineno":397,"name":"wrapper"},{"filename":"/home/airflow/.local/lib/python3.12/site-packages/airflow/providers/standard/operators/bash.py","lineno":232,"name":"execute"}],"is_group":false,"exceptions":[]}]}
