{"timestamp":"2025-10-29T14:13:20.219945","level":"info","event":"DAG bundles loaded: dags-folder","logger":"airflow.dag_processing.bundles.manager.DagBundlesManager"}
{"timestamp":"2025-10-29T14:13:20.226391","level":"info","event":"Filling up the DagBag from /opt/airflow/dags/GEPS_ENS_CNC.py","logger":"airflow.models.dagbag.DagBag"}
{"timestamp":"2025-10-29T14:13:24.409364Z","level":"info","event":"🔄 Llamando al servicio API en la red interna de Docker: http://openmeteo-api:8080/v1/forecast ...","chan":"stdout","logger":"task"}
{"timestamp":"2025-10-29T14:13:24.409898Z","level":"info","event":"  ➡️ Solicitando datos para lat=39.13, lon=-1.52","chan":"stdout","logger":"task"}
{"timestamp":"2025-10-29T14:13:24.856938Z","level":"info","event":"  ➡️ Solicitando datos para lat=39.13, lon=-0.52","chan":"stdout","logger":"task"}
{"timestamp":"2025-10-29T14:13:25.079782Z","level":"info","event":"  ➡️ Solicitando datos para lat=39.13, lon=-1.52","chan":"stdout","logger":"task"}
{"timestamp":"2025-10-29T14:13:25.297953Z","level":"info","event":"  ➡️ Solicitando datos para lat=39.13, lon=-0.52","chan":"stdout","logger":"task"}
{"timestamp":"2025-10-29T14:13:25.515862Z","level":"info","event":"  ➡️ Solicitando datos para lat=39.13, lon=-1.52","chan":"stdout","logger":"task"}
{"timestamp":"2025-10-29T14:13:25.736517Z","level":"info","event":"  ➡️ Solicitando datos para lat=39.13, lon=-0.52","chan":"stdout","logger":"task"}
{"timestamp":"2025-10-29T14:13:25.953972Z","level":"info","event":"  ➡️ Solicitando datos para lat=39.13, lon=-1.52","chan":"stdout","logger":"task"}
{"timestamp":"2025-10-29T14:13:26.169322Z","level":"info","event":"  ➡️ Solicitando datos para lat=39.13, lon=-0.52","chan":"stdout","logger":"task"}
{"timestamp":"2025-10-29T14:13:26.386309Z","level":"info","event":"  ➡️ Solicitando datos para lat=40.13, lon=-1.52","chan":"stdout","logger":"task"}
{"timestamp":"2025-10-29T14:13:26.601438Z","level":"info","event":"  ➡️ Solicitando datos para lat=40.13, lon=-0.52","chan":"stdout","logger":"task"}
{"timestamp":"2025-10-29T14:13:26.818707Z","level":"info","event":"  ➡️ Solicitando datos para lat=40.13, lon=-1.52","chan":"stdout","logger":"task"}
{"timestamp":"2025-10-29T14:13:27.036591Z","level":"info","event":"  ➡️ Solicitando datos para lat=40.13, lon=-0.52","chan":"stdout","logger":"task"}
{"timestamp":"2025-10-29T14:13:27.252499Z","level":"info","event":"  ➡️ Solicitando datos para lat=40.13, lon=-1.52","chan":"stdout","logger":"task"}
{"timestamp":"2025-10-29T14:13:27.469987Z","level":"info","event":"  ➡️ Solicitando datos para lat=40.13, lon=-0.52","chan":"stdout","logger":"task"}
{"timestamp":"2025-10-29T14:13:27.692021Z","level":"info","event":"  ➡️ Solicitando datos para lat=40.13, lon=-1.52","chan":"stdout","logger":"task"}
{"timestamp":"2025-10-29T14:13:27.909583Z","level":"info","event":"  ➡️ Solicitando datos para lat=40.13, lon=-0.52","chan":"stdout","logger":"task"}
{"timestamp":"2025-10-29T14:13:28.125368Z","level":"info","event":"","chan":"stdout","logger":"task"}
{"timestamp":"2025-10-29T14:13:28.125783Z","level":"info","event":"🏁 Descarga completada en 3.72 s (0.06 min)","chan":"stdout","logger":"task"}
{"timestamp":"2025-10-29T14:13:28.154268Z","level":"info","event":"📦 Total registros: 2688","chan":"stdout","logger":"task"}
{"timestamp":"2025-10-29T14:13:28.160764Z","level":"info","event":"Variables del JSON:  dict_keys(['id', 'dateIssued', 'type', 'windSpeed', 'temperature', 'timestamp', 'precipitation', 'precipitationProbability', 'lat', 'lon'])","chan":"stdout","logger":"task"}
{"timestamp":"2025-10-29T14:13:28.161256Z","level":"info","event":"Cantidad de datos de precipitación descargados:  2688","chan":"stdout","logger":"task"}
{"timestamp":"2025-10-29T14:13:28.161473Z","level":"info","event":"FIN DEL PROCESO DE DESCARGA DE PREDICCIONES GEPS de CNC.","chan":"stdout","logger":"task"}
{"timestamp":"2025-10-29T14:13:28.161594Z","level":"info","event":"","chan":"stdout","logger":"task"}
{"timestamp":"2025-10-29T14:13:28.161700Z","level":"info","event":" FIN","chan":"stdout","logger":"task"}
{"timestamp":"2025-10-29T14:13:28.162886","level":"info","event":"Done. Returned value was: None","logger":"airflow.task.operators.airflow.providers.standard.operators.python.PythonOperator"}
