{"timestamp":"2025-10-29T12:05:32.447034","level":"info","event":"DAG bundles loaded: dags-folder","logger":"airflow.dag_processing.bundles.manager.DagBundlesManager"}
{"timestamp":"2025-10-29T12:05:32.453521","level":"info","event":"Filling up the DagBag from /opt/airflow/dags/Airflow.py","logger":"airflow.models.dagbag.DagBag"}
{"timestamp":"2025-10-29T12:05:32.704746","level":"info","event":"Tmp dir root location: /tmp","logger":"airflow.task.hooks.airflow.providers.standard.hooks.subprocess.SubprocessHook"}
{"timestamp":"2025-10-29T12:05:32.709154","level":"info","event":"Running command: ['/usr/bin/bash', '-c', 'python3 /opt/airflow/scripts/ARPEGE.py']","logger":"airflow.task.hooks.airflow.providers.standard.hooks.subprocess.SubprocessHook"}
{"timestamp":"2025-10-29T12:05:32.730133","level":"info","event":"Output:","logger":"airflow.task.hooks.airflow.providers.standard.hooks.subprocess.SubprocessHook"}
{"timestamp":"2025-10-29T12:05:36.854628","level":"info","event":"[ INFO ] Checking for files to with more than 7 past days data","logger":"airflow.task.hooks.airflow.providers.standard.hooks.subprocess.SubprocessHook"}
{"timestamp":"2025-10-29T12:05:39.519160","level":"info","event":"[ INFO ] Checking for files to with more than 7 past days data","logger":"airflow.task.hooks.airflow.providers.standard.hooks.subprocess.SubprocessHook"}
{"timestamp":"2025-10-29T12:05:42.123677","level":"info","event":"[ INFO ] Checking for files to with more than 7 past days data","logger":"airflow.task.hooks.airflow.providers.standard.hooks.subprocess.SubprocessHook"}
{"timestamp":"2025-10-29T12:05:44.913481","level":"info","event":"[ INFO ] Checking for files to with more than 7 past days data","logger":"airflow.task.hooks.airflow.providers.standard.hooks.subprocess.SubprocessHook"}
{"timestamp":"2025-10-29T12:05:47.874949","level":"info","event":"🔄 Descargando datos de http://host.docker.internal:8080/v1/forecast ...","logger":"airflow.task.hooks.airflow.providers.standard.hooks.subprocess.SubprocessHook"}
{"timestamp":"2025-10-29T12:05:47.875305","level":"info","event":"⬇️ Descargando temperature_2m del Bucket S3 de AWS...","logger":"airflow.task.hooks.airflow.providers.standard.hooks.subprocess.SubprocessHook"}
{"timestamp":"2025-10-29T12:05:47.875482","level":"info","event":"⬇️ Descargando precipitation del Bucket S3 de AWS...","logger":"airflow.task.hooks.airflow.providers.standard.hooks.subprocess.SubprocessHook"}
{"timestamp":"2025-10-29T12:05:47.875679","level":"info","event":"⬇️ Descargando relative_humidity_2m del Bucket S3 de AWS...","logger":"airflow.task.hooks.airflow.providers.standard.hooks.subprocess.SubprocessHook"}
{"timestamp":"2025-10-29T12:05:47.875853","level":"info","event":"⬇️ Descargando shortwave_radiation del Bucket S3 de AWS...","logger":"airflow.task.hooks.airflow.providers.standard.hooks.subprocess.SubprocessHook"}
{"timestamp":"2025-10-29T12:05:47.875983","level":"info","event":"Expecting value: line 1 column 1 (char 0)","logger":"airflow.task.hooks.airflow.providers.standard.hooks.subprocess.SubprocessHook"}
{"timestamp":"2025-10-29T12:05:47.876097","level":"info","event":"Expecting value: line 1 column 1 (char 0)","logger":"airflow.task.hooks.airflow.providers.standard.hooks.subprocess.SubprocessHook"}
{"timestamp":"2025-10-29T12:05:47.876284","level":"info","event":"Expecting value: line 1 column 1 (char 0)","logger":"airflow.task.hooks.airflow.providers.standard.hooks.subprocess.SubprocessHook"}
{"timestamp":"2025-10-29T12:05:47.876473","level":"info","event":"Expecting value: line 1 column 1 (char 0)","logger":"airflow.task.hooks.airflow.providers.standard.hooks.subprocess.SubprocessHook"}
{"timestamp":"2025-10-29T12:05:47.876618","level":"info","event":"Expecting value: line 1 column 1 (char 0)","logger":"airflow.task.hooks.airflow.providers.standard.hooks.subprocess.SubprocessHook"}
{"timestamp":"2025-10-29T12:05:47.876781","level":"info","event":"Expecting value: line 1 column 1 (char 0)","logger":"airflow.task.hooks.airflow.providers.standard.hooks.subprocess.SubprocessHook"}
{"timestamp":"2025-10-29T12:05:47.876955","level":"info","event":"Expecting value: line 1 column 1 (char 0)","logger":"airflow.task.hooks.airflow.providers.standard.hooks.subprocess.SubprocessHook"}
{"timestamp":"2025-10-29T12:05:47.877068","level":"info","event":"Expecting value: line 1 column 1 (char 0)","logger":"airflow.task.hooks.airflow.providers.standard.hooks.subprocess.SubprocessHook"}
{"timestamp":"2025-10-29T12:05:47.877175","level":"info","event":"Expecting value: line 1 column 1 (char 0)","logger":"airflow.task.hooks.airflow.providers.standard.hooks.subprocess.SubprocessHook"}
{"timestamp":"2025-10-29T12:05:47.877420","level":"info","event":"Expecting value: line 1 column 1 (char 0)","logger":"airflow.task.hooks.airflow.providers.standard.hooks.subprocess.SubprocessHook"}
{"timestamp":"2025-10-29T12:05:47.877561","level":"info","event":"Expecting value: line 1 column 1 (char 0)","logger":"airflow.task.hooks.airflow.providers.standard.hooks.subprocess.SubprocessHook"}
{"timestamp":"2025-10-29T12:05:47.877672","level":"info","event":"Expecting value: line 1 column 1 (char 0)","logger":"airflow.task.hooks.airflow.providers.standard.hooks.subprocess.SubprocessHook"}
{"timestamp":"2025-10-29T12:05:47.877779","level":"info","event":"Expecting value: line 1 column 1 (char 0)","logger":"airflow.task.hooks.airflow.providers.standard.hooks.subprocess.SubprocessHook"}
{"timestamp":"2025-10-29T12:05:47.877948","level":"info","event":"Expecting value: line 1 column 1 (char 0)","logger":"airflow.task.hooks.airflow.providers.standard.hooks.subprocess.SubprocessHook"}
{"timestamp":"2025-10-29T12:05:47.878076","level":"info","event":"Expecting value: line 1 column 1 (char 0)","logger":"airflow.task.hooks.airflow.providers.standard.hooks.subprocess.SubprocessHook"}
{"timestamp":"2025-10-29T12:05:47.878186","level":"info","event":"Expecting value: line 1 column 1 (char 0)","logger":"airflow.task.hooks.airflow.providers.standard.hooks.subprocess.SubprocessHook"}
{"timestamp":"2025-10-29T12:05:47.878291","level":"info","event":"Expecting value: line 1 column 1 (char 0)","logger":"airflow.task.hooks.airflow.providers.standard.hooks.subprocess.SubprocessHook"}
{"timestamp":"2025-10-29T12:05:47.878455","level":"info","event":"Expecting value: line 1 column 1 (char 0)","logger":"airflow.task.hooks.airflow.providers.standard.hooks.subprocess.SubprocessHook"}
{"timestamp":"2025-10-29T12:05:47.878607","level":"info","event":"Expecting value: line 1 column 1 (char 0)","logger":"airflow.task.hooks.airflow.providers.standard.hooks.subprocess.SubprocessHook"}
{"timestamp":"2025-10-29T12:05:47.878753","level":"info","event":"Expecting value: line 1 column 1 (char 0)","logger":"airflow.task.hooks.airflow.providers.standard.hooks.subprocess.SubprocessHook"}
{"timestamp":"2025-10-29T12:05:47.878880","level":"info","event":"Expecting value: line 1 column 1 (char 0)","logger":"airflow.task.hooks.airflow.providers.standard.hooks.subprocess.SubprocessHook"}
{"timestamp":"2025-10-29T12:05:47.879074","level":"info","event":"Expecting value: line 1 column 1 (char 0)","logger":"airflow.task.hooks.airflow.providers.standard.hooks.subprocess.SubprocessHook"}
{"timestamp":"2025-10-29T12:05:47.879202","level":"info","event":"Expecting value: line 1 column 1 (char 0)","logger":"airflow.task.hooks.airflow.providers.standard.hooks.subprocess.SubprocessHook"}
{"timestamp":"2025-10-29T12:05:47.879310","level":"info","event":"Expecting value: line 1 column 1 (char 0)","logger":"airflow.task.hooks.airflow.providers.standard.hooks.subprocess.SubprocessHook"}
{"timestamp":"2025-10-29T12:05:47.879417","level":"info","event":"Expecting value: line 1 column 1 (char 0)","logger":"airflow.task.hooks.airflow.providers.standard.hooks.subprocess.SubprocessHook"}
{"timestamp":"2025-10-29T12:05:47.879521","level":"info","event":"Expecting value: line 1 column 1 (char 0)","logger":"airflow.task.hooks.airflow.providers.standard.hooks.subprocess.SubprocessHook"}
{"timestamp":"2025-10-29T12:05:47.879859","level":"info","event":"Expecting value: line 1 column 1 (char 0)","logger":"airflow.task.hooks.airflow.providers.standard.hooks.subprocess.SubprocessHook"}
{"timestamp":"2025-10-29T12:05:47.880011","level":"info","event":"Expecting value: line 1 column 1 (char 0)","logger":"airflow.task.hooks.airflow.providers.standard.hooks.subprocess.SubprocessHook"}
{"timestamp":"2025-10-29T12:05:47.880213","level":"info","event":"Expecting value: line 1 column 1 (char 0)","logger":"airflow.task.hooks.airflow.providers.standard.hooks.subprocess.SubprocessHook"}
{"timestamp":"2025-10-29T12:05:47.880376","level":"info","event":"Expecting value: line 1 column 1 (char 0)","logger":"airflow.task.hooks.airflow.providers.standard.hooks.subprocess.SubprocessHook"}
{"timestamp":"2025-10-29T12:05:47.880502","level":"info","event":"Expecting value: line 1 column 1 (char 0)","logger":"airflow.task.hooks.airflow.providers.standard.hooks.subprocess.SubprocessHook"}
{"timestamp":"2025-10-29T12:05:47.880617","level":"info","event":"Expecting value: line 1 column 1 (char 0)","logger":"airflow.task.hooks.airflow.providers.standard.hooks.subprocess.SubprocessHook"}
{"timestamp":"2025-10-29T12:05:47.880932","level":"info","event":"Expecting value: line 1 column 1 (char 0)","logger":"airflow.task.hooks.airflow.providers.standard.hooks.subprocess.SubprocessHook"}
{"timestamp":"2025-10-29T12:05:47.881094","level":"info","event":"Expecting value: line 1 column 1 (char 0)","logger":"airflow.task.hooks.airflow.providers.standard.hooks.subprocess.SubprocessHook"}
{"timestamp":"2025-10-29T12:05:47.881225","level":"info","event":"Expecting value: line 1 column 1 (char 0)","logger":"airflow.task.hooks.airflow.providers.standard.hooks.subprocess.SubprocessHook"}
{"timestamp":"2025-10-29T12:05:47.881486","level":"info","event":"Expecting value: line 1 column 1 (char 0)","logger":"airflow.task.hooks.airflow.providers.standard.hooks.subprocess.SubprocessHook"}
{"timestamp":"2025-10-29T12:05:47.881622","level":"info","event":"Expecting value: line 1 column 1 (char 0)","logger":"airflow.task.hooks.airflow.providers.standard.hooks.subprocess.SubprocessHook"}
{"timestamp":"2025-10-29T12:05:47.881737","level":"info","event":"Expecting value: line 1 column 1 (char 0)","logger":"airflow.task.hooks.airflow.providers.standard.hooks.subprocess.SubprocessHook"}
{"timestamp":"2025-10-29T12:05:47.881849","level":"info","event":"Expecting value: line 1 column 1 (char 0)","logger":"airflow.task.hooks.airflow.providers.standard.hooks.subprocess.SubprocessHook"}
{"timestamp":"2025-10-29T12:05:47.882033","level":"info","event":"Expecting value: line 1 column 1 (char 0)","logger":"airflow.task.hooks.airflow.providers.standard.hooks.subprocess.SubprocessHook"}
{"timestamp":"2025-10-29T12:05:47.882161","level":"info","event":"Expecting value: line 1 column 1 (char 0)","logger":"airflow.task.hooks.airflow.providers.standard.hooks.subprocess.SubprocessHook"}
{"timestamp":"2025-10-29T12:05:47.882270","level":"info","event":"Expecting value: line 1 column 1 (char 0)","logger":"airflow.task.hooks.airflow.providers.standard.hooks.subprocess.SubprocessHook"}
{"timestamp":"2025-10-29T12:05:47.882375","level":"info","event":"Expecting value: line 1 column 1 (char 0)","logger":"airflow.task.hooks.airflow.providers.standard.hooks.subprocess.SubprocessHook"}
{"timestamp":"2025-10-29T12:05:47.882542","level":"info","event":"Expecting value: line 1 column 1 (char 0)","logger":"airflow.task.hooks.airflow.providers.standard.hooks.subprocess.SubprocessHook"}
{"timestamp":"2025-10-29T12:05:47.882675","level":"info","event":"Expecting value: line 1 column 1 (char 0)","logger":"airflow.task.hooks.airflow.providers.standard.hooks.subprocess.SubprocessHook"}
{"timestamp":"2025-10-29T12:05:47.882792","level":"info","event":"Expecting value: line 1 column 1 (char 0)","logger":"airflow.task.hooks.airflow.providers.standard.hooks.subprocess.SubprocessHook"}
{"timestamp":"2025-10-29T12:05:47.882910","level":"info","event":"Expecting value: line 1 column 1 (char 0)","logger":"airflow.task.hooks.airflow.providers.standard.hooks.subprocess.SubprocessHook"}
{"timestamp":"2025-10-29T12:05:47.883058","level":"info","event":"Expecting value: line 1 column 1 (char 0)","logger":"airflow.task.hooks.airflow.providers.standard.hooks.subprocess.SubprocessHook"}
{"timestamp":"2025-10-29T12:05:47.883206","level":"info","event":"Expecting value: line 1 column 1 (char 0)","logger":"airflow.task.hooks.airflow.providers.standard.hooks.subprocess.SubprocessHook"}
{"timestamp":"2025-10-29T12:05:47.883313","level":"info","event":"Expecting value: line 1 column 1 (char 0)","logger":"airflow.task.hooks.airflow.providers.standard.hooks.subprocess.SubprocessHook"}
{"timestamp":"2025-10-29T12:05:47.883418","level":"info","event":"Expecting value: line 1 column 1 (char 0)","logger":"airflow.task.hooks.airflow.providers.standard.hooks.subprocess.SubprocessHook"}
{"timestamp":"2025-10-29T12:05:47.883522","level":"info","event":"Expecting value: line 1 column 1 (char 0)","logger":"airflow.task.hooks.airflow.providers.standard.hooks.subprocess.SubprocessHook"}
{"timestamp":"2025-10-29T12:05:47.883704","level":"info","event":"Expecting value: line 1 column 1 (char 0)","logger":"airflow.task.hooks.airflow.providers.standard.hooks.subprocess.SubprocessHook"}
{"timestamp":"2025-10-29T12:05:47.883825","level":"info","event":"Expecting value: line 1 column 1 (char 0)","logger":"airflow.task.hooks.airflow.providers.standard.hooks.subprocess.SubprocessHook"}
{"timestamp":"2025-10-29T12:05:47.883931","level":"info","event":"Expecting value: line 1 column 1 (char 0)","logger":"airflow.task.hooks.airflow.providers.standard.hooks.subprocess.SubprocessHook"}
{"timestamp":"2025-10-29T12:05:47.884036","level":"info","event":"Expecting value: line 1 column 1 (char 0)","logger":"airflow.task.hooks.airflow.providers.standard.hooks.subprocess.SubprocessHook"}
{"timestamp":"2025-10-29T12:05:47.884219","level":"info","event":"Expecting value: line 1 column 1 (char 0)","logger":"airflow.task.hooks.airflow.providers.standard.hooks.subprocess.SubprocessHook"}
{"timestamp":"2025-10-29T12:05:47.884346","level":"info","event":"Expecting value: line 1 column 1 (char 0)","logger":"airflow.task.hooks.airflow.providers.standard.hooks.subprocess.SubprocessHook"}
{"timestamp":"2025-10-29T12:05:47.884500","level":"info","event":"Expecting value: line 1 column 1 (char 0)","logger":"airflow.task.hooks.airflow.providers.standard.hooks.subprocess.SubprocessHook"}
{"timestamp":"2025-10-29T12:05:47.884624","level":"info","event":"Expecting value: line 1 column 1 (char 0)","logger":"airflow.task.hooks.airflow.providers.standard.hooks.subprocess.SubprocessHook"}
{"timestamp":"2025-10-29T12:05:47.884788","level":"info","event":"Expecting value: line 1 column 1 (char 0)","logger":"airflow.task.hooks.airflow.providers.standard.hooks.subprocess.SubprocessHook"}
{"timestamp":"2025-10-29T12:05:47.884917","level":"info","event":"Expecting value: line 1 column 1 (char 0)","logger":"airflow.task.hooks.airflow.providers.standard.hooks.subprocess.SubprocessHook"}
{"timestamp":"2025-10-29T12:05:47.885026","level":"info","event":"Expecting value: line 1 column 1 (char 0)","logger":"airflow.task.hooks.airflow.providers.standard.hooks.subprocess.SubprocessHook"}
{"timestamp":"2025-10-29T12:05:47.885130","level":"info","event":"Expecting value: line 1 column 1 (char 0)","logger":"airflow.task.hooks.airflow.providers.standard.hooks.subprocess.SubprocessHook"}
{"timestamp":"2025-10-29T12:05:47.885243","level":"info","event":"","logger":"airflow.task.hooks.airflow.providers.standard.hooks.subprocess.SubprocessHook"}
{"timestamp":"2025-10-29T12:05:47.885468","level":"info","event":"🏁 Descarga completada en 11.84 s (0.20 min)","logger":"airflow.task.hooks.airflow.providers.standard.hooks.subprocess.SubprocessHook"}
{"timestamp":"2025-10-29T12:05:47.885611","level":"info","event":"❌ No se obtuvieron datos.","logger":"airflow.task.hooks.airflow.providers.standard.hooks.subprocess.SubprocessHook"}
{"timestamp":"2025-10-29T12:05:47.885861","level":"info","event":"Traceback (most recent call last):","logger":"airflow.task.hooks.airflow.providers.standard.hooks.subprocess.SubprocessHook"}
{"timestamp":"2025-10-29T12:05:47.886109","level":"info","event":"  File \"/opt/airflow/scripts/ARPEGE.py\", line 180, in <module>","logger":"airflow.task.hooks.airflow.providers.standard.hooks.subprocess.SubprocessHook"}
{"timestamp":"2025-10-29T12:05:47.886276","level":"info","event":"    main()","logger":"airflow.task.hooks.airflow.providers.standard.hooks.subprocess.SubprocessHook"}
{"timestamp":"2025-10-29T12:05:47.886405","level":"info","event":"  File \"/opt/airflow/scripts/ARPEGE.py\", line 165, in main","logger":"airflow.task.hooks.airflow.providers.standard.hooks.subprocess.SubprocessHook"}
{"timestamp":"2025-10-29T12:05:47.886527","level":"info","event":"    timestamp = df[\"time\"].tolist(),","logger":"airflow.task.hooks.airflow.providers.standard.hooks.subprocess.SubprocessHook"}
{"timestamp":"2025-10-29T12:05:47.886642","level":"info","event":"                ~~^^^^^^^^","logger":"airflow.task.hooks.airflow.providers.standard.hooks.subprocess.SubprocessHook"}
{"timestamp":"2025-10-29T12:05:47.886797","level":"info","event":"  File \"/home/airflow/.local/lib/python3.12/site-packages/pandas/core/frame.py\", line 3893, in __getitem__","logger":"airflow.task.hooks.airflow.providers.standard.hooks.subprocess.SubprocessHook"}
{"timestamp":"2025-10-29T12:05:47.886929","level":"info","event":"    indexer = self.columns.get_loc(key)","logger":"airflow.task.hooks.airflow.providers.standard.hooks.subprocess.SubprocessHook"}
{"timestamp":"2025-10-29T12:05:47.887039","level":"info","event":"              ^^^^^^^^^^^^^^^^^^^^^^^^^","logger":"airflow.task.hooks.airflow.providers.standard.hooks.subprocess.SubprocessHook"}
{"timestamp":"2025-10-29T12:05:47.887144","level":"info","event":"  File \"/home/airflow/.local/lib/python3.12/site-packages/pandas/core/indexes/range.py\", line 418, in get_loc","logger":"airflow.task.hooks.airflow.providers.standard.hooks.subprocess.SubprocessHook"}
{"timestamp":"2025-10-29T12:05:47.887265","level":"info","event":"    raise KeyError(key)","logger":"airflow.task.hooks.airflow.providers.standard.hooks.subprocess.SubprocessHook"}
{"timestamp":"2025-10-29T12:05:47.887372","level":"info","event":"KeyError: 'time'","logger":"airflow.task.hooks.airflow.providers.standard.hooks.subprocess.SubprocessHook"}
{"timestamp":"2025-10-29T12:05:48.096415","level":"info","event":"Command exited with return code 1","logger":"airflow.task.hooks.airflow.providers.standard.hooks.subprocess.SubprocessHook"}
{"timestamp":"2025-10-29T12:05:48.118579","level":"error","event":"Task failed with exception","logger":"task","error_detail":[{"exc_type":"AirflowException","exc_value":"Bash command failed. The command returned a non-zero exit code 1.","exc_notes":[],"syntax_error":null,"is_cause":false,"frames":[{"filename":"/home/airflow/.local/lib/python3.12/site-packages/airflow/sdk/execution_time/task_runner.py","lineno":920,"name":"run"},{"filename":"/home/airflow/.local/lib/python3.12/site-packages/airflow/sdk/execution_time/task_runner.py","lineno":1215,"name":"_execute_task"},{"filename":"/home/airflow/.local/lib/python3.12/site-packages/airflow/sdk/bases/operator.py","lineno":397,"name":"wrapper"},{"filename":"/home/airflow/.local/lib/python3.12/site-packages/airflow/providers/standard/operators/bash.py","lineno":232,"name":"execute"}],"is_group":false,"exceptions":[]}]}
