{"timestamp":"2025-10-29T13:30:45.279884","level":"info","event":"Filling up the DagBag from /opt/airflow/dags/ARPEGE.py","logger":"airflow.models.dagbag.DagBag"}
{"timestamp":"2025-10-29T13:30:49.253235","level":"error","event":"Failed to import: /opt/airflow/dags/ARPEGE.py","logger":"airflow.models.dagbag.DagBag","error_detail":[{"exc_type":"AttributeError","exc_value":"type object 'datetime.datetime' has no attribute 'datetime'","exc_notes":[],"syntax_error":null,"is_cause":false,"frames":[{"filename":"/home/airflow/.local/lib/python3.12/site-packages/airflow/models/dagbag.py","lineno":394,"name":"parse"},{"filename":"<frozen importlib._bootstrap_external>","lineno":999,"name":"exec_module"},{"filename":"<frozen importlib._bootstrap>","lineno":488,"name":"_call_with_frames_removed"},{"filename":"/opt/airflow/dags/ARPEGE.py","lineno":63,"name":"<module>"}],"is_group":false,"exceptions":[]}]}
{"timestamp":"2025-10-29T13:31:20.032620","level":"info","event":"Filling up the DagBag from /opt/airflow/dags/ARPEGE.py","logger":"airflow.models.dagbag.DagBag"}
{"timestamp":"2025-10-29T13:31:21.500280","level":"error","event":"Failed to import: /opt/airflow/dags/ARPEGE.py","logger":"airflow.models.dagbag.DagBag","error_detail":[{"exc_type":"AttributeError","exc_value":"type object 'datetime.datetime' has no attribute 'datetime'","exc_notes":[],"syntax_error":null,"is_cause":false,"frames":[{"filename":"/home/airflow/.local/lib/python3.12/site-packages/airflow/models/dagbag.py","lineno":394,"name":"parse"},{"filename":"<frozen importlib._bootstrap_external>","lineno":999,"name":"exec_module"},{"filename":"<frozen importlib._bootstrap>","lineno":488,"name":"_call_with_frames_removed"},{"filename":"/opt/airflow/dags/ARPEGE.py","lineno":63,"name":"<module>"}],"is_group":false,"exceptions":[]}]}
{"timestamp":"2025-10-29T13:31:46.399599","level":"info","event":"Filling up the DagBag from /opt/airflow/dags/ARPEGE.py","logger":"airflow.models.dagbag.DagBag"}
{"timestamp":"2025-10-29T13:31:47.636318","level":"error","event":"Failed to import: /opt/airflow/dags/ARPEGE.py","logger":"airflow.models.dagbag.DagBag","error_detail":[{"exc_type":"AttributeError","exc_value":"type object 'datetime.datetime' has no attribute 'datetime'","exc_notes":[],"syntax_error":null,"is_cause":false,"frames":[{"filename":"/home/airflow/.local/lib/python3.12/site-packages/airflow/models/dagbag.py","lineno":394,"name":"parse"},{"filename":"<frozen importlib._bootstrap_external>","lineno":999,"name":"exec_module"},{"filename":"<frozen importlib._bootstrap>","lineno":488,"name":"_call_with_frames_removed"},{"filename":"/opt/airflow/dags/ARPEGE.py","lineno":62,"name":"<module>"}],"is_group":false,"exceptions":[]}]}
{"timestamp":"2025-10-29T13:32:17.934824","level":"info","event":"Filling up the DagBag from /opt/airflow/dags/ARPEGE.py","logger":"airflow.models.dagbag.DagBag"}
{"timestamp":"2025-10-29T13:32:19.195934","level":"error","event":"Failed to import: /opt/airflow/dags/ARPEGE.py","logger":"airflow.models.dagbag.DagBag","error_detail":[{"exc_type":"AttributeError","exc_value":"type object 'datetime.datetime' has no attribute 'datetime'","exc_notes":[],"syntax_error":null,"is_cause":false,"frames":[{"filename":"/home/airflow/.local/lib/python3.12/site-packages/airflow/models/dagbag.py","lineno":394,"name":"parse"},{"filename":"<frozen importlib._bootstrap_external>","lineno":999,"name":"exec_module"},{"filename":"<frozen importlib._bootstrap>","lineno":488,"name":"_call_with_frames_removed"},{"filename":"/opt/airflow/dags/ARPEGE.py","lineno":62,"name":"<module>"}],"is_group":false,"exceptions":[]}]}
{"timestamp":"2025-10-29T13:32:49.530228","level":"info","event":"Filling up the DagBag from /opt/airflow/dags/ARPEGE.py","logger":"airflow.models.dagbag.DagBag"}
{"timestamp":"2025-10-29T13:32:50.602889","level":"error","event":"Failed to import: /opt/airflow/dags/ARPEGE.py","logger":"airflow.models.dagbag.DagBag","error_detail":[{"exc_type":"AttributeError","exc_value":"type object 'datetime.datetime' has no attribute 'datetime'","exc_notes":[],"syntax_error":null,"is_cause":false,"frames":[{"filename":"/home/airflow/.local/lib/python3.12/site-packages/airflow/models/dagbag.py","lineno":394,"name":"parse"},{"filename":"<frozen importlib._bootstrap_external>","lineno":999,"name":"exec_module"},{"filename":"<frozen importlib._bootstrap>","lineno":488,"name":"_call_with_frames_removed"},{"filename":"/opt/airflow/dags/ARPEGE.py","lineno":62,"name":"<module>"}],"is_group":false,"exceptions":[]}]}
{"timestamp":"2025-10-29T13:33:20.777354","level":"info","event":"Filling up the DagBag from /opt/airflow/dags/ARPEGE.py","logger":"airflow.models.dagbag.DagBag"}
{"timestamp":"2025-10-29T13:33:21.540781","level":"error","event":"Failed to import: /opt/airflow/dags/ARPEGE.py","logger":"airflow.models.dagbag.DagBag","error_detail":[{"exc_type":"AttributeError","exc_value":"type object 'datetime.datetime' has no attribute 'datetime'","exc_notes":[],"syntax_error":null,"is_cause":false,"frames":[{"filename":"/home/airflow/.local/lib/python3.12/site-packages/airflow/models/dagbag.py","lineno":394,"name":"parse"},{"filename":"<frozen importlib._bootstrap_external>","lineno":999,"name":"exec_module"},{"filename":"<frozen importlib._bootstrap>","lineno":488,"name":"_call_with_frames_removed"},{"filename":"/opt/airflow/dags/ARPEGE.py","lineno":63,"name":"<module>"}],"is_group":false,"exceptions":[]}]}
{"timestamp":"2025-10-29T13:33:27.746055","level":"info","event":"Filling up the DagBag from /opt/airflow/dags/ARPEGE.py","logger":"airflow.models.dagbag.DagBag"}
{"timestamp":"2025-10-29T13:33:27.757166","level":"error","event":"Failed to import: /opt/airflow/dags/ARPEGE.py","logger":"airflow.models.dagbag.DagBag","error_detail":[{"exc_type":"SyntaxError","exc_value":"invalid syntax (ARPEGE.py, line 63)","exc_notes":[],"syntax_error":{"offset":7,"filename":"/opt/airflow/dags/ARPEGE.py","line":"now = .datetime.now()  # o .utcnow() si quieres UTC\n","lineno":63,"msg":"invalid syntax"},"is_cause":false,"frames":[{"filename":"/home/airflow/.local/lib/python3.12/site-packages/airflow/models/dagbag.py","lineno":394,"name":"parse"},{"filename":"<frozen importlib._bootstrap_external>","lineno":995,"name":"exec_module"},{"filename":"<frozen importlib._bootstrap_external>","lineno":1133,"name":"get_code"},{"filename":"<frozen importlib._bootstrap_external>","lineno":1063,"name":"source_to_code"},{"filename":"<frozen importlib._bootstrap>","lineno":488,"name":"_call_with_frames_removed"}],"is_group":false,"exceptions":[]}]}
{"timestamp":"2025-10-29T13:33:29.869988","level":"info","event":"Filling up the DagBag from /opt/airflow/dags/ARPEGE.py","logger":"airflow.models.dagbag.DagBag"}
{"timestamp":"2025-10-29T13:33:35.103884","level":"info","event":"Filling up the DagBag from /opt/airflow/dags/ARPEGE.py","logger":"airflow.models.dagbag.DagBag"}
{"timestamp":"2025-10-29T13:33:38.104283","level":"info","event":"Filling up the DagBag from /opt/airflow/dags/ARPEGE.py","logger":"airflow.models.dagbag.DagBag"}
{"timestamp":"2025-10-29T13:33:39.013093","level":"error","event":"Failed to import: /opt/airflow/dags/ARPEGE.py","logger":"airflow.models.dagbag.DagBag","error_detail":[{"exc_type":"AttributeError","exc_value":"module 'datetime' has no attribute 'now'","exc_notes":[],"syntax_error":null,"is_cause":false,"frames":[{"filename":"/home/airflow/.local/lib/python3.12/site-packages/airflow/models/dagbag.py","lineno":394,"name":"parse"},{"filename":"<frozen importlib._bootstrap_external>","lineno":999,"name":"exec_module"},{"filename":"<frozen importlib._bootstrap>","lineno":488,"name":"_call_with_frames_removed"},{"filename":"/opt/airflow/dags/ARPEGE.py","lineno":63,"name":"<module>"}],"is_group":false,"exceptions":[]}]}
{"timestamp":"2025-10-29T13:33:46.174463","level":"info","event":"Filling up the DagBag from /opt/airflow/dags/ARPEGE.py","logger":"airflow.models.dagbag.DagBag"}
{"timestamp":"2025-10-29T13:33:54.160845","level":"info","event":"Filling up the DagBag from /opt/airflow/dags/ARPEGE.py","logger":"airflow.models.dagbag.DagBag"}
{"timestamp":"2025-10-29T13:34:02.324111","level":"info","event":"Filling up the DagBag from /opt/airflow/dags/ARPEGE.py","logger":"airflow.models.dagbag.DagBag"}
{"timestamp":"2025-10-29T13:34:06.212898","level":"info","event":"Filling up the DagBag from /opt/airflow/dags/ARPEGE.py","logger":"airflow.models.dagbag.DagBag"}
{"timestamp":"2025-10-29T13:34:10.162479","level":"info","event":"Filling up the DagBag from /opt/airflow/dags/ARPEGE.py","logger":"airflow.models.dagbag.DagBag"}
{"timestamp":"2025-10-29T13:34:41.747181","level":"info","event":"Filling up the DagBag from /opt/airflow/dags/ARPEGE.py","logger":"airflow.models.dagbag.DagBag"}
{"timestamp":"2025-10-29T13:35:13.270730","level":"info","event":"Filling up the DagBag from /opt/airflow/dags/ARPEGE.py","logger":"airflow.models.dagbag.DagBag"}
{"timestamp":"2025-10-29T13:35:44.751461","level":"info","event":"Filling up the DagBag from /opt/airflow/dags/ARPEGE.py","logger":"airflow.models.dagbag.DagBag"}
{"timestamp":"2025-10-29T13:36:16.260336","level":"info","event":"Filling up the DagBag from /opt/airflow/dags/ARPEGE.py","logger":"airflow.models.dagbag.DagBag"}
{"timestamp":"2025-10-29T13:36:47.538470","level":"info","event":"Filling up the DagBag from /opt/airflow/dags/ARPEGE.py","logger":"airflow.models.dagbag.DagBag"}
{"timestamp":"2025-10-29T13:37:18.987427","level":"info","event":"Filling up the DagBag from /opt/airflow/dags/ARPEGE.py","logger":"airflow.models.dagbag.DagBag"}
{"timestamp":"2025-10-29T13:37:50.228859","level":"info","event":"Filling up the DagBag from /opt/airflow/dags/ARPEGE.py","logger":"airflow.models.dagbag.DagBag"}
{"timestamp":"2025-10-29T13:38:21.324841","level":"info","event":"Filling up the DagBag from /opt/airflow/dags/ARPEGE.py","logger":"airflow.models.dagbag.DagBag"}
{"timestamp":"2025-10-29T13:38:31.465728","level":"info","event":"Filling up the DagBag from /opt/airflow/dags/ARPEGE.py","logger":"airflow.models.dagbag.DagBag"}
{"timestamp":"2025-10-29T13:38:31.474303","level":"error","event":"Failed to import: /opt/airflow/dags/ARPEGE.py","logger":"airflow.models.dagbag.DagBag","error_detail":[{"exc_type":"IndentationError","exc_value":"unexpected indent (ARPEGE.py, line 110)","exc_notes":[],"syntax_error":{"offset":20,"filename":"/opt/airflow/dags/ARPEGE.py","line":"                    if var not in data.get(\"hourly\", {}) or all(v is None for v in data[\"hourly\"][var]):\n","lineno":110,"msg":"unexpected indent"},"is_cause":false,"frames":[{"filename":"/home/airflow/.local/lib/python3.12/site-packages/airflow/models/dagbag.py","lineno":394,"name":"parse"},{"filename":"<frozen importlib._bootstrap_external>","lineno":995,"name":"exec_module"},{"filename":"<frozen importlib._bootstrap_external>","lineno":1133,"name":"get_code"},{"filename":"<frozen importlib._bootstrap_external>","lineno":1063,"name":"source_to_code"},{"filename":"<frozen importlib._bootstrap>","lineno":488,"name":"_call_with_frames_removed"}],"is_group":false,"exceptions":[]}]}
{"timestamp":"2025-10-29T13:39:01.783093","level":"info","event":"Filling up the DagBag from /opt/airflow/dags/ARPEGE.py","logger":"airflow.models.dagbag.DagBag"}
{"timestamp":"2025-10-29T13:39:01.790365","level":"error","event":"Failed to import: /opt/airflow/dags/ARPEGE.py","logger":"airflow.models.dagbag.DagBag","error_detail":[{"exc_type":"IndentationError","exc_value":"unexpected indent (ARPEGE.py, line 110)","exc_notes":[],"syntax_error":{"offset":20,"filename":"/opt/airflow/dags/ARPEGE.py","line":"                    if var not in data.get(\"hourly\", {}) or all(v is None for v in data[\"hourly\"][var]):\n","lineno":110,"msg":"unexpected indent"},"is_cause":false,"frames":[{"filename":"/home/airflow/.local/lib/python3.12/site-packages/airflow/models/dagbag.py","lineno":394,"name":"parse"},{"filename":"<frozen importlib._bootstrap_external>","lineno":995,"name":"exec_module"},{"filename":"<frozen importlib._bootstrap_external>","lineno":1133,"name":"get_code"},{"filename":"<frozen importlib._bootstrap_external>","lineno":1063,"name":"source_to_code"},{"filename":"<frozen importlib._bootstrap>","lineno":488,"name":"_call_with_frames_removed"}],"is_group":false,"exceptions":[]}]}
{"timestamp":"2025-10-29T13:39:32.170605","level":"info","event":"Filling up the DagBag from /opt/airflow/dags/ARPEGE.py","logger":"airflow.models.dagbag.DagBag"}
{"timestamp":"2025-10-29T13:39:32.177833","level":"error","event":"Failed to import: /opt/airflow/dags/ARPEGE.py","logger":"airflow.models.dagbag.DagBag","error_detail":[{"exc_type":"IndentationError","exc_value":"unexpected indent (ARPEGE.py, line 110)","exc_notes":[],"syntax_error":{"offset":20,"filename":"/opt/airflow/dags/ARPEGE.py","line":"                    if var not in data.get(\"hourly\", {}) or all(v is None for v in data[\"hourly\"][var]):\n","lineno":110,"msg":"unexpected indent"},"is_cause":false,"frames":[{"filename":"/home/airflow/.local/lib/python3.12/site-packages/airflow/models/dagbag.py","lineno":394,"name":"parse"},{"filename":"<frozen importlib._bootstrap_external>","lineno":995,"name":"exec_module"},{"filename":"<frozen importlib._bootstrap_external>","lineno":1133,"name":"get_code"},{"filename":"<frozen importlib._bootstrap_external>","lineno":1063,"name":"source_to_code"},{"filename":"<frozen importlib._bootstrap>","lineno":488,"name":"_call_with_frames_removed"}],"is_group":false,"exceptions":[]}]}
{"timestamp":"2025-10-29T13:39:40.390035","level":"info","event":"Filling up the DagBag from /opt/airflow/dags/ARPEGE.py","logger":"airflow.models.dagbag.DagBag"}
{"timestamp":"2025-10-29T13:40:11.739710","level":"info","event":"Filling up the DagBag from /opt/airflow/dags/ARPEGE.py","logger":"airflow.models.dagbag.DagBag"}
{"timestamp":"2025-10-29T13:40:43.217135","level":"info","event":"Filling up the DagBag from /opt/airflow/dags/ARPEGE.py","logger":"airflow.models.dagbag.DagBag"}
{"timestamp":"2025-10-29T13:41:01.500404","level":"info","event":"Filling up the DagBag from /opt/airflow/dags/ARPEGE.py","logger":"airflow.models.dagbag.DagBag"}
{"timestamp":"2025-10-29T13:41:13.626738","level":"info","event":"Filling up the DagBag from /opt/airflow/dags/ARPEGE.py","logger":"airflow.models.dagbag.DagBag"}
{"timestamp":"2025-10-29T13:41:44.918160","level":"info","event":"Filling up the DagBag from /opt/airflow/dags/ARPEGE.py","logger":"airflow.models.dagbag.DagBag"}
{"timestamp":"2025-10-29T13:42:16.135095","level":"info","event":"Filling up the DagBag from /opt/airflow/dags/ARPEGE.py","logger":"airflow.models.dagbag.DagBag"}
{"timestamp":"2025-10-29T13:42:42.212742","level":"info","event":"Filling up the DagBag from /opt/airflow/dags/ARPEGE.py","logger":"airflow.models.dagbag.DagBag"}
{"timestamp":"2025-10-29T13:43:13.589479","level":"info","event":"Filling up the DagBag from /opt/airflow/dags/ARPEGE.py","logger":"airflow.models.dagbag.DagBag"}
{"timestamp":"2025-10-29T13:43:44.772723","level":"info","event":"Filling up the DagBag from /opt/airflow/dags/ARPEGE.py","logger":"airflow.models.dagbag.DagBag"}
{"timestamp":"2025-10-29T13:44:15.945925","level":"info","event":"Filling up the DagBag from /opt/airflow/dags/ARPEGE.py","logger":"airflow.models.dagbag.DagBag"}
{"timestamp":"2025-10-29T13:44:47.108227","level":"info","event":"Filling up the DagBag from /opt/airflow/dags/ARPEGE.py","logger":"airflow.models.dagbag.DagBag"}
{"timestamp":"2025-10-29T13:45:19.044520","level":"info","event":"Filling up the DagBag from /opt/airflow/dags/ARPEGE.py","logger":"airflow.models.dagbag.DagBag"}
{"timestamp":"2025-10-29T13:45:50.376800","level":"info","event":"Filling up the DagBag from /opt/airflow/dags/ARPEGE.py","logger":"airflow.models.dagbag.DagBag"}
{"timestamp":"2025-10-29T13:46:21.638507","level":"info","event":"Filling up the DagBag from /opt/airflow/dags/ARPEGE.py","logger":"airflow.models.dagbag.DagBag"}
{"timestamp":"2025-10-29T13:46:52.870824","level":"info","event":"Filling up the DagBag from /opt/airflow/dags/ARPEGE.py","logger":"airflow.models.dagbag.DagBag"}
{"timestamp":"2025-10-29T13:47:24.057546","level":"info","event":"Filling up the DagBag from /opt/airflow/dags/ARPEGE.py","logger":"airflow.models.dagbag.DagBag"}
{"timestamp":"2025-10-29T13:47:55.345492","level":"info","event":"Filling up the DagBag from /opt/airflow/dags/ARPEGE.py","logger":"airflow.models.dagbag.DagBag"}
{"timestamp":"2025-10-29T13:48:26.521698","level":"info","event":"Filling up the DagBag from /opt/airflow/dags/ARPEGE.py","logger":"airflow.models.dagbag.DagBag"}
{"timestamp":"2025-10-29T13:48:57.830420","level":"info","event":"Filling up the DagBag from /opt/airflow/dags/ARPEGE.py","logger":"airflow.models.dagbag.DagBag"}
{"timestamp":"2025-10-29T13:49:29.152558","level":"info","event":"Filling up the DagBag from /opt/airflow/dags/ARPEGE.py","logger":"airflow.models.dagbag.DagBag"}
{"timestamp":"2025-10-29T13:50:00.285661","level":"info","event":"Filling up the DagBag from /opt/airflow/dags/ARPEGE.py","logger":"airflow.models.dagbag.DagBag"}
{"timestamp":"2025-10-29T13:50:31.657136","level":"info","event":"Filling up the DagBag from /opt/airflow/dags/ARPEGE.py","logger":"airflow.models.dagbag.DagBag"}
{"timestamp":"2025-10-29T13:51:03.403064","level":"info","event":"Filling up the DagBag from /opt/airflow/dags/ARPEGE.py","logger":"airflow.models.dagbag.DagBag"}
{"timestamp":"2025-10-29T13:51:34.965357","level":"info","event":"Filling up the DagBag from /opt/airflow/dags/ARPEGE.py","logger":"airflow.models.dagbag.DagBag"}
{"timestamp":"2025-10-29T13:51:53.221717","level":"info","event":"Filling up the DagBag from /opt/airflow/dags/ARPEGE.py","logger":"airflow.models.dagbag.DagBag"}
{"timestamp":"2025-10-29T13:51:55.130896","level":"info","event":"Filling up the DagBag from /opt/airflow/dags/ARPEGE.py","logger":"airflow.models.dagbag.DagBag"}
{"timestamp":"2025-10-29T13:51:57.988755","level":"info","event":"Filling up the DagBag from /opt/airflow/dags/ARPEGE.py","logger":"airflow.models.dagbag.DagBag"}
{"timestamp":"2025-10-29T13:52:14.149263","level":"info","event":"Filling up the DagBag from /opt/airflow/dags/ARPEGE.py","logger":"airflow.models.dagbag.DagBag"}
{"timestamp":"2025-10-29T13:52:45.712331","level":"info","event":"Filling up the DagBag from /opt/airflow/dags/ARPEGE.py","logger":"airflow.models.dagbag.DagBag"}
{"timestamp":"2025-10-29T13:53:17.088032","level":"info","event":"Filling up the DagBag from /opt/airflow/dags/ARPEGE.py","logger":"airflow.models.dagbag.DagBag"}
{"timestamp":"2025-10-29T13:53:48.642099","level":"info","event":"Filling up the DagBag from /opt/airflow/dags/ARPEGE.py","logger":"airflow.models.dagbag.DagBag"}
{"timestamp":"2025-10-29T13:54:20.454754","level":"info","event":"Filling up the DagBag from /opt/airflow/dags/ARPEGE.py","logger":"airflow.models.dagbag.DagBag"}
{"timestamp":"2025-10-29T13:54:52.092610","level":"info","event":"Filling up the DagBag from /opt/airflow/dags/ARPEGE.py","logger":"airflow.models.dagbag.DagBag"}
{"timestamp":"2025-10-29T13:55:23.630014","level":"info","event":"Filling up the DagBag from /opt/airflow/dags/ARPEGE.py","logger":"airflow.models.dagbag.DagBag"}
{"timestamp":"2025-10-29T13:55:55.443558","level":"info","event":"Filling up the DagBag from /opt/airflow/dags/ARPEGE.py","logger":"airflow.models.dagbag.DagBag"}
{"timestamp":"2025-10-29T13:56:27.012300","level":"info","event":"Filling up the DagBag from /opt/airflow/dags/ARPEGE.py","logger":"airflow.models.dagbag.DagBag"}
{"timestamp":"2025-10-29T13:56:35.385667","level":"info","event":"Filling up the DagBag from /opt/airflow/dags/ARPEGE.py","logger":"airflow.models.dagbag.DagBag"}
{"timestamp":"2025-10-29T13:56:37.296796","level":"info","event":"Filling up the DagBag from /opt/airflow/dags/ARPEGE.py","logger":"airflow.models.dagbag.DagBag"}
{"timestamp":"2025-10-29T13:57:08.417891","level":"info","event":"Filling up the DagBag from /opt/airflow/dags/ARPEGE.py","logger":"airflow.models.dagbag.DagBag"}
{"timestamp":"2025-10-29T13:57:40.129667","level":"info","event":"Filling up the DagBag from /opt/airflow/dags/ARPEGE.py","logger":"airflow.models.dagbag.DagBag"}
{"timestamp":"2025-10-29T13:58:11.196396","level":"info","event":"Filling up the DagBag from /opt/airflow/dags/ARPEGE.py","logger":"airflow.models.dagbag.DagBag"}
{"timestamp":"2025-10-29T13:58:42.422390","level":"info","event":"Filling up the DagBag from /opt/airflow/dags/ARPEGE.py","logger":"airflow.models.dagbag.DagBag"}
{"timestamp":"2025-10-29T13:59:13.438411","level":"info","event":"Filling up the DagBag from /opt/airflow/dags/ARPEGE.py","logger":"airflow.models.dagbag.DagBag"}
{"timestamp":"2025-10-29T13:59:44.553536","level":"info","event":"Filling up the DagBag from /opt/airflow/dags/ARPEGE.py","logger":"airflow.models.dagbag.DagBag"}
{"timestamp":"2025-10-29T14:00:15.843345","level":"info","event":"Filling up the DagBag from /opt/airflow/dags/ARPEGE.py","logger":"airflow.models.dagbag.DagBag"}
{"timestamp":"2025-10-29T14:00:46.720378","level":"info","event":"Filling up the DagBag from /opt/airflow/dags/ARPEGE.py","logger":"airflow.models.dagbag.DagBag"}
{"timestamp":"2025-10-29T14:01:18.071173","level":"info","event":"Filling up the DagBag from /opt/airflow/dags/ARPEGE.py","logger":"airflow.models.dagbag.DagBag"}
{"timestamp":"2025-10-29T14:01:50.005547","level":"info","event":"Filling up the DagBag from /opt/airflow/dags/ARPEGE.py","logger":"airflow.models.dagbag.DagBag"}
{"timestamp":"2025-10-29T14:02:21.827575","level":"info","event":"Filling up the DagBag from /opt/airflow/dags/ARPEGE.py","logger":"airflow.models.dagbag.DagBag"}
{"timestamp":"2025-10-29T14:02:53.221806","level":"info","event":"Filling up the DagBag from /opt/airflow/dags/ARPEGE.py","logger":"airflow.models.dagbag.DagBag"}
{"timestamp":"2025-10-29T14:03:24.664844","level":"info","event":"Filling up the DagBag from /opt/airflow/dags/ARPEGE.py","logger":"airflow.models.dagbag.DagBag"}
{"timestamp":"2025-10-29T14:03:56.691698","level":"info","event":"Filling up the DagBag from /opt/airflow/dags/ARPEGE.py","logger":"airflow.models.dagbag.DagBag"}
{"timestamp":"2025-10-29T14:04:28.234495","level":"info","event":"Filling up the DagBag from /opt/airflow/dags/ARPEGE.py","logger":"airflow.models.dagbag.DagBag"}
{"timestamp":"2025-10-29T14:05:00.211736","level":"info","event":"Filling up the DagBag from /opt/airflow/dags/ARPEGE.py","logger":"airflow.models.dagbag.DagBag"}
{"timestamp":"2025-10-29T14:05:32.315287","level":"info","event":"Filling up the DagBag from /opt/airflow/dags/ARPEGE.py","logger":"airflow.models.dagbag.DagBag"}
{"timestamp":"2025-10-29T14:06:04.305135","level":"info","event":"Filling up the DagBag from /opt/airflow/dags/ARPEGE.py","logger":"airflow.models.dagbag.DagBag"}
{"timestamp":"2025-10-29T14:06:36.200896","level":"info","event":"Filling up the DagBag from /opt/airflow/dags/ARPEGE.py","logger":"airflow.models.dagbag.DagBag"}
{"timestamp":"2025-10-29T14:07:08.399155","level":"info","event":"Filling up the DagBag from /opt/airflow/dags/ARPEGE.py","logger":"airflow.models.dagbag.DagBag"}
{"timestamp":"2025-10-29T14:07:40.495525","level":"info","event":"Filling up the DagBag from /opt/airflow/dags/ARPEGE.py","logger":"airflow.models.dagbag.DagBag"}
{"timestamp":"2025-10-29T14:08:13.144278","level":"info","event":"Filling up the DagBag from /opt/airflow/dags/ARPEGE.py","logger":"airflow.models.dagbag.DagBag"}
{"timestamp":"2025-10-29T14:08:45.530178","level":"info","event":"Filling up the DagBag from /opt/airflow/dags/ARPEGE.py","logger":"airflow.models.dagbag.DagBag"}
{"timestamp":"2025-10-29T14:09:18.004396","level":"info","event":"Filling up the DagBag from /opt/airflow/dags/ARPEGE.py","logger":"airflow.models.dagbag.DagBag"}
{"timestamp":"2025-10-29T14:09:50.123452","level":"info","event":"Filling up the DagBag from /opt/airflow/dags/ARPEGE.py","logger":"airflow.models.dagbag.DagBag"}
{"timestamp":"2025-10-29T14:10:21.623979","level":"info","event":"Filling up the DagBag from /opt/airflow/dags/ARPEGE.py","logger":"airflow.models.dagbag.DagBag"}
{"timestamp":"2025-10-29T14:10:53.361537","level":"info","event":"Filling up the DagBag from /opt/airflow/dags/ARPEGE.py","logger":"airflow.models.dagbag.DagBag"}
{"timestamp":"2025-10-29T14:11:24.818292","level":"info","event":"Filling up the DagBag from /opt/airflow/dags/ARPEGE.py","logger":"airflow.models.dagbag.DagBag"}
{"timestamp":"2025-10-29T14:11:56.237044","level":"info","event":"Filling up the DagBag from /opt/airflow/dags/ARPEGE.py","logger":"airflow.models.dagbag.DagBag"}
{"timestamp":"2025-10-29T14:12:27.632411","level":"info","event":"Filling up the DagBag from /opt/airflow/dags/ARPEGE.py","logger":"airflow.models.dagbag.DagBag"}
{"timestamp":"2025-10-29T14:12:59.807495","level":"info","event":"Filling up the DagBag from /opt/airflow/dags/ARPEGE.py","logger":"airflow.models.dagbag.DagBag"}
{"timestamp":"2025-10-29T14:13:31.712509","level":"info","event":"Filling up the DagBag from /opt/airflow/dags/ARPEGE.py","logger":"airflow.models.dagbag.DagBag"}
{"timestamp":"2025-10-29T14:14:03.211409","level":"info","event":"Filling up the DagBag from /opt/airflow/dags/ARPEGE.py","logger":"airflow.models.dagbag.DagBag"}
{"timestamp":"2025-10-29T14:14:34.290696","level":"info","event":"Filling up the DagBag from /opt/airflow/dags/ARPEGE.py","logger":"airflow.models.dagbag.DagBag"}
