{"timestamp":"2025-10-29T13:50:56.402669","level":"info","event":"Filling up the DagBag from /opt/airflow/dags/IFS9km_ECMWF.py","logger":"airflow.models.dagbag.DagBag"}
{"timestamp":"2025-10-29T13:51:16.438687","level":"info","event":"Filling up the DagBag from /opt/airflow/dags/IFS9km_ECMWF.py","logger":"airflow.models.dagbag.DagBag"}
{"timestamp":"2025-10-29T13:51:16.453678","level":"error","event":"Failed to import: /opt/airflow/dags/IFS9km_ECMWF.py","logger":"airflow.models.dagbag.DagBag","error_detail":[{"exc_type":"SyntaxError","exc_value":"invalid syntax (IFS9km_ECMWF.py, line 189)","exc_notes":[],"syntax_error":{"offset":18,"filename":"/opt/airflow/dags/IFS9km_ECMWF.py","line":"    temperature= = df[\"temperature_2m\"].to_list()\n","lineno":189,"msg":"invalid syntax"},"is_cause":false,"frames":[{"filename":"/home/airflow/.local/lib/python3.12/site-packages/airflow/models/dagbag.py","lineno":394,"name":"parse"},{"filename":"<frozen importlib._bootstrap_external>","lineno":995,"name":"exec_module"},{"filename":"<frozen importlib._bootstrap_external>","lineno":1133,"name":"get_code"},{"filename":"<frozen importlib._bootstrap_external>","lineno":1063,"name":"source_to_code"},{"filename":"<frozen importlib._bootstrap>","lineno":488,"name":"_call_with_frames_removed"}],"is_group":false,"exceptions":[]}]}
{"timestamp":"2025-10-29T13:51:20.719439","level":"info","event":"Filling up the DagBag from /opt/airflow/dags/IFS9km_ECMWF.py","logger":"airflow.models.dagbag.DagBag"}
{"timestamp":"2025-10-29T13:51:20.742266","level":"error","event":"Failed to import: /opt/airflow/dags/IFS9km_ECMWF.py","logger":"airflow.models.dagbag.DagBag","error_detail":[{"exc_type":"SyntaxError","exc_value":"invalid syntax (IFS9km_ECMWF.py, line 189)","exc_notes":[],"syntax_error":{"offset":18,"filename":"/opt/airflow/dags/IFS9km_ECMWF.py","line":"    temperature= = df[\"temperature_2m\"].to_list(),\n","lineno":189,"msg":"invalid syntax"},"is_cause":false,"frames":[{"filename":"/home/airflow/.local/lib/python3.12/site-packages/airflow/models/dagbag.py","lineno":394,"name":"parse"},{"filename":"<frozen importlib._bootstrap_external>","lineno":995,"name":"exec_module"},{"filename":"<frozen importlib._bootstrap_external>","lineno":1133,"name":"get_code"},{"filename":"<frozen importlib._bootstrap_external>","lineno":1063,"name":"source_to_code"},{"filename":"<frozen importlib._bootstrap>","lineno":488,"name":"_call_with_frames_removed"}],"is_group":false,"exceptions":[]}]}
{"timestamp":"2025-10-29T13:51:21.875165","level":"info","event":"Filling up the DagBag from /opt/airflow/dags/IFS9km_ECMWF.py","logger":"airflow.models.dagbag.DagBag"}
{"timestamp":"2025-10-29T13:51:25.899130","level":"info","event":"Filling up the DagBag from /opt/airflow/dags/IFS9km_ECMWF.py","logger":"airflow.models.dagbag.DagBag"}
{"timestamp":"2025-10-29T13:51:57.045306","level":"info","event":"Filling up the DagBag from /opt/airflow/dags/IFS9km_ECMWF.py","logger":"airflow.models.dagbag.DagBag"}
{"timestamp":"2025-10-29T13:52:28.438826","level":"info","event":"Filling up the DagBag from /opt/airflow/dags/IFS9km_ECMWF.py","logger":"airflow.models.dagbag.DagBag"}
{"timestamp":"2025-10-29T13:52:31.566653","level":"info","event":"Filling up the DagBag from /opt/airflow/dags/IFS9km_ECMWF.py","logger":"airflow.models.dagbag.DagBag"}
{"timestamp":"2025-10-29T13:52:36.526539","level":"info","event":"Filling up the DagBag from /opt/airflow/dags/IFS9km_ECMWF.py","logger":"airflow.models.dagbag.DagBag"}
{"timestamp":"2025-10-29T13:52:40.714558","level":"info","event":"Filling up the DagBag from /opt/airflow/dags/IFS9km_ECMWF.py","logger":"airflow.models.dagbag.DagBag"}
{"timestamp":"2025-10-29T13:52:45.690108","level":"info","event":"Filling up the DagBag from /opt/airflow/dags/IFS9km_ECMWF.py","logger":"airflow.models.dagbag.DagBag"}
{"timestamp":"2025-10-29T13:52:46.575124","level":"error","event":"Failed to import: /opt/airflow/dags/IFS9km_ECMWF.py","logger":"airflow.models.dagbag.DagBag","error_detail":[{"exc_type":"NameError","exc_value":"name 'procesar_dwd_icon' is not defined","exc_notes":[],"syntax_error":null,"is_cause":false,"frames":[{"filename":"/home/airflow/.local/lib/python3.12/site-packages/airflow/models/dagbag.py","lineno":394,"name":"parse"},{"filename":"<frozen importlib._bootstrap_external>","lineno":999,"name":"exec_module"},{"filename":"<frozen importlib._bootstrap>","lineno":488,"name":"_call_with_frames_removed"},{"filename":"/opt/airflow/dags/IFS9km_ECMWF.py","lineno":213,"name":"<module>"}],"is_group":false,"exceptions":[]}]}
{"timestamp":"2025-10-29T13:52:50.771156","level":"info","event":"Filling up the DagBag from /opt/airflow/dags/IFS9km_ECMWF.py","logger":"airflow.models.dagbag.DagBag"}
{"timestamp":"2025-10-29T13:52:56.869073","level":"info","event":"Filling up the DagBag from /opt/airflow/dags/IFS9km_ECMWF.py","logger":"airflow.models.dagbag.DagBag"}
{"timestamp":"2025-10-29T13:52:57.638151","level":"error","event":"Failed to import: /opt/airflow/dags/IFS9km_ECMWF.py","logger":"airflow.models.dagbag.DagBag","error_detail":[{"exc_type":"NameError","exc_value":"name 'ejecutar_descarga_dwd' is not defined","exc_notes":[],"syntax_error":null,"is_cause":false,"frames":[{"filename":"/home/airflow/.local/lib/python3.12/site-packages/airflow/models/dagbag.py","lineno":394,"name":"parse"},{"filename":"<frozen importlib._bootstrap_external>","lineno":999,"name":"exec_module"},{"filename":"<frozen importlib._bootstrap>","lineno":488,"name":"_call_with_frames_removed"},{"filename":"/opt/airflow/dags/IFS9km_ECMWF.py","lineno":211,"name":"<module>"}],"is_group":false,"exceptions":[]}]}
{"timestamp":"2025-10-29T13:52:59.756635","level":"info","event":"Filling up the DagBag from /opt/airflow/dags/IFS9km_ECMWF.py","logger":"airflow.models.dagbag.DagBag"}
{"timestamp":"2025-10-29T13:53:02.883059","level":"info","event":"Filling up the DagBag from /opt/airflow/dags/IFS9km_ECMWF.py","logger":"airflow.models.dagbag.DagBag"}
{"timestamp":"2025-10-29T13:53:07.994095","level":"info","event":"Filling up the DagBag from /opt/airflow/dags/IFS9km_ECMWF.py","logger":"airflow.models.dagbag.DagBag"}
{"timestamp":"2025-10-29T13:53:12.141954","level":"info","event":"Filling up the DagBag from /opt/airflow/dags/IFS9km_ECMWF.py","logger":"airflow.models.dagbag.DagBag"}
{"timestamp":"2025-10-29T13:53:15.063444","level":"info","event":"Filling up the DagBag from /opt/airflow/dags/IFS9km_ECMWF.py","logger":"airflow.models.dagbag.DagBag"}
{"timestamp":"2025-10-29T13:53:17.064747","level":"info","event":"Filling up the DagBag from /opt/airflow/dags/IFS9km_ECMWF.py","logger":"airflow.models.dagbag.DagBag"}
{"timestamp":"2025-10-29T13:53:48.610077","level":"info","event":"Filling up the DagBag from /opt/airflow/dags/IFS9km_ECMWF.py","logger":"airflow.models.dagbag.DagBag"}
{"timestamp":"2025-10-29T13:54:20.427710","level":"info","event":"Filling up the DagBag from /opt/airflow/dags/IFS9km_ECMWF.py","logger":"airflow.models.dagbag.DagBag"}
{"timestamp":"2025-10-29T13:54:52.067900","level":"info","event":"Filling up the DagBag from /opt/airflow/dags/IFS9km_ECMWF.py","logger":"airflow.models.dagbag.DagBag"}
{"timestamp":"2025-10-29T13:55:23.450001","level":"info","event":"Filling up the DagBag from /opt/airflow/dags/IFS9km_ECMWF.py","logger":"airflow.models.dagbag.DagBag"}
{"timestamp":"2025-10-29T13:55:55.421867","level":"info","event":"Filling up the DagBag from /opt/airflow/dags/IFS9km_ECMWF.py","logger":"airflow.models.dagbag.DagBag"}
{"timestamp":"2025-10-29T13:56:26.973189","level":"info","event":"Filling up the DagBag from /opt/airflow/dags/IFS9km_ECMWF.py","logger":"airflow.models.dagbag.DagBag"}
{"timestamp":"2025-10-29T13:56:58.302625","level":"info","event":"Filling up the DagBag from /opt/airflow/dags/IFS9km_ECMWF.py","logger":"airflow.models.dagbag.DagBag"}
{"timestamp":"2025-10-29T13:57:29.917902","level":"info","event":"Filling up the DagBag from /opt/airflow/dags/IFS9km_ECMWF.py","logger":"airflow.models.dagbag.DagBag"}
{"timestamp":"2025-10-29T13:58:01.143989","level":"info","event":"Filling up the DagBag from /opt/airflow/dags/IFS9km_ECMWF.py","logger":"airflow.models.dagbag.DagBag"}
{"timestamp":"2025-10-29T13:58:32.571999","level":"info","event":"Filling up the DagBag from /opt/airflow/dags/IFS9km_ECMWF.py","logger":"airflow.models.dagbag.DagBag"}
{"timestamp":"2025-10-29T13:59:03.573329","level":"info","event":"Filling up the DagBag from /opt/airflow/dags/IFS9km_ECMWF.py","logger":"airflow.models.dagbag.DagBag"}
{"timestamp":"2025-10-29T13:59:34.589568","level":"info","event":"Filling up the DagBag from /opt/airflow/dags/IFS9km_ECMWF.py","logger":"airflow.models.dagbag.DagBag"}
{"timestamp":"2025-10-29T14:00:05.957910","level":"info","event":"Filling up the DagBag from /opt/airflow/dags/IFS9km_ECMWF.py","logger":"airflow.models.dagbag.DagBag"}
{"timestamp":"2025-10-29T14:00:37.723729","level":"info","event":"Filling up the DagBag from /opt/airflow/dags/IFS9km_ECMWF.py","logger":"airflow.models.dagbag.DagBag"}
{"timestamp":"2025-10-29T14:01:09.364378","level":"info","event":"Filling up the DagBag from /opt/airflow/dags/IFS9km_ECMWF.py","logger":"airflow.models.dagbag.DagBag"}
{"timestamp":"2025-10-29T14:01:41.548577","level":"info","event":"Filling up the DagBag from /opt/airflow/dags/IFS9km_ECMWF.py","logger":"airflow.models.dagbag.DagBag"}
{"timestamp":"2025-10-29T14:02:13.212956","level":"info","event":"Filling up the DagBag from /opt/airflow/dags/IFS9km_ECMWF.py","logger":"airflow.models.dagbag.DagBag"}
{"timestamp":"2025-10-29T14:02:44.720625","level":"info","event":"Filling up the DagBag from /opt/airflow/dags/IFS9km_ECMWF.py","logger":"airflow.models.dagbag.DagBag"}
{"timestamp":"2025-10-29T14:03:16.573892","level":"info","event":"Filling up the DagBag from /opt/airflow/dags/IFS9km_ECMWF.py","logger":"airflow.models.dagbag.DagBag"}
{"timestamp":"2025-10-29T14:03:48.992437","level":"info","event":"Filling up the DagBag from /opt/airflow/dags/IFS9km_ECMWF.py","logger":"airflow.models.dagbag.DagBag"}
{"timestamp":"2025-10-29T14:04:20.743406","level":"info","event":"Filling up the DagBag from /opt/airflow/dags/IFS9km_ECMWF.py","logger":"airflow.models.dagbag.DagBag"}
{"timestamp":"2025-10-29T14:04:52.661530","level":"info","event":"Filling up the DagBag from /opt/airflow/dags/IFS9km_ECMWF.py","logger":"airflow.models.dagbag.DagBag"}
{"timestamp":"2025-10-29T14:05:24.436424","level":"info","event":"Filling up the DagBag from /opt/airflow/dags/IFS9km_ECMWF.py","logger":"airflow.models.dagbag.DagBag"}
{"timestamp":"2025-10-29T14:05:56.625145","level":"info","event":"Filling up the DagBag from /opt/airflow/dags/IFS9km_ECMWF.py","logger":"airflow.models.dagbag.DagBag"}
{"timestamp":"2025-10-29T14:06:28.312651","level":"info","event":"Filling up the DagBag from /opt/airflow/dags/IFS9km_ECMWF.py","logger":"airflow.models.dagbag.DagBag"}
{"timestamp":"2025-10-29T14:06:59.864633","level":"info","event":"Filling up the DagBag from /opt/airflow/dags/IFS9km_ECMWF.py","logger":"airflow.models.dagbag.DagBag"}
{"timestamp":"2025-10-29T14:07:31.723115","level":"info","event":"Filling up the DagBag from /opt/airflow/dags/IFS9km_ECMWF.py","logger":"airflow.models.dagbag.DagBag"}
{"timestamp":"2025-10-29T14:08:03.611822","level":"info","event":"Filling up the DagBag from /opt/airflow/dags/IFS9km_ECMWF.py","logger":"airflow.models.dagbag.DagBag"}
{"timestamp":"2025-10-29T14:08:36.155386","level":"info","event":"Filling up the DagBag from /opt/airflow/dags/IFS9km_ECMWF.py","logger":"airflow.models.dagbag.DagBag"}
{"timestamp":"2025-10-29T14:09:08.796049","level":"info","event":"Filling up the DagBag from /opt/airflow/dags/IFS9km_ECMWF.py","logger":"airflow.models.dagbag.DagBag"}
{"timestamp":"2025-10-29T14:09:40.331699","level":"info","event":"Filling up the DagBag from /opt/airflow/dags/IFS9km_ECMWF.py","logger":"airflow.models.dagbag.DagBag"}
{"timestamp":"2025-10-29T14:10:11.949577","level":"info","event":"Filling up the DagBag from /opt/airflow/dags/IFS9km_ECMWF.py","logger":"airflow.models.dagbag.DagBag"}
{"timestamp":"2025-10-29T14:10:43.521602","level":"info","event":"Filling up the DagBag from /opt/airflow/dags/IFS9km_ECMWF.py","logger":"airflow.models.dagbag.DagBag"}
{"timestamp":"2025-10-29T14:11:14.970153","level":"info","event":"Filling up the DagBag from /opt/airflow/dags/IFS9km_ECMWF.py","logger":"airflow.models.dagbag.DagBag"}
{"timestamp":"2025-10-29T14:11:46.282159","level":"info","event":"Filling up the DagBag from /opt/airflow/dags/IFS9km_ECMWF.py","logger":"airflow.models.dagbag.DagBag"}
{"timestamp":"2025-10-29T14:12:18.658915","level":"info","event":"Filling up the DagBag from /opt/airflow/dags/IFS9km_ECMWF.py","logger":"airflow.models.dagbag.DagBag"}
{"timestamp":"2025-10-29T14:12:50.344671","level":"info","event":"Filling up the DagBag from /opt/airflow/dags/IFS9km_ECMWF.py","logger":"airflow.models.dagbag.DagBag"}
{"timestamp":"2025-10-29T14:13:22.040555","level":"info","event":"Filling up the DagBag from /opt/airflow/dags/IFS9km_ECMWF.py","logger":"airflow.models.dagbag.DagBag"}
{"timestamp":"2025-10-29T14:13:54.348726","level":"info","event":"Filling up the DagBag from /opt/airflow/dags/IFS9km_ECMWF.py","logger":"airflow.models.dagbag.DagBag"}
{"timestamp":"2025-10-29T14:14:25.294887","level":"info","event":"Filling up the DagBag from /opt/airflow/dags/IFS9km_ECMWF.py","logger":"airflow.models.dagbag.DagBag"}
