{"timestamp":"2025-10-29T12:44:00.604478","level":"info","event":"DAG bundles loaded: dags-folder","logger":"airflow.dag_processing.bundles.manager.DagBundlesManager"}
{"timestamp":"2025-10-29T12:44:00.605855","level":"info","event":"Filling up the DagBag from /opt/airflow/dags/Airflow.py","logger":"airflow.models.dagbag.DagBag"}
{"timestamp":"2025-10-29T12:44:00.680599","level":"info","event":"Tmp dir root location: /tmp","logger":"airflow.task.hooks.airflow.providers.standard.hooks.subprocess.SubprocessHook"}
{"timestamp":"2025-10-29T12:44:00.682287","level":"info","event":"Running command: ['/usr/bin/bash', '-c', 'python3 /opt/airflow/scripts/ARPEGE.py']","logger":"airflow.task.hooks.airflow.providers.standard.hooks.subprocess.SubprocessHook"}
{"timestamp":"2025-10-29T12:44:00.709865","level":"info","event":"Output:","logger":"airflow.task.hooks.airflow.providers.standard.hooks.subprocess.SubprocessHook"}
{"timestamp":"2025-10-29T12:44:04.596999","level":"info","event":"[ INFO ] Checking for files to with more than 7 past days data","logger":"airflow.task.hooks.airflow.providers.standard.hooks.subprocess.SubprocessHook"}
{"timestamp":"2025-10-29T12:44:07.290555","level":"info","event":"[ INFO ] Checking for files to with more than 7 past days data","logger":"airflow.task.hooks.airflow.providers.standard.hooks.subprocess.SubprocessHook"}
{"timestamp":"2025-10-29T12:44:09.930398","level":"info","event":"[ INFO ] Checking for files to with more than 7 past days data","logger":"airflow.task.hooks.airflow.providers.standard.hooks.subprocess.SubprocessHook"}
{"timestamp":"2025-10-29T12:44:12.404101","level":"info","event":"[ INFO ] Checking for files to with more than 7 past days data","logger":"airflow.task.hooks.airflow.providers.standard.hooks.subprocess.SubprocessHook"}
{"timestamp":"2025-10-29T12:44:14.708962","level":"info","event":"🔄 Descargando datos de http://host.docker.internal:8081/v1/forecast ...","logger":"airflow.task.hooks.airflow.providers.standard.hooks.subprocess.SubprocessHook"}
{"timestamp":"2025-10-29T12:44:14.709668","level":"info","event":"⬇️ Descargando temperature_2m del Bucket S3 de AWS...","logger":"airflow.task.hooks.airflow.providers.standard.hooks.subprocess.SubprocessHook"}
{"timestamp":"2025-10-29T12:44:14.709992","level":"info","event":"⬇️ Descargando precipitation del Bucket S3 de AWS...","logger":"airflow.task.hooks.airflow.providers.standard.hooks.subprocess.SubprocessHook"}
{"timestamp":"2025-10-29T12:44:14.710414","level":"info","event":"⬇️ Descargando relative_humidity_2m del Bucket S3 de AWS...","logger":"airflow.task.hooks.airflow.providers.standard.hooks.subprocess.SubprocessHook"}
{"timestamp":"2025-10-29T12:44:14.710654","level":"info","event":"⬇️ Descargando shortwave_radiation del Bucket S3 de AWS...","logger":"airflow.task.hooks.airflow.providers.standard.hooks.subprocess.SubprocessHook"}
{"timestamp":"2025-10-29T12:44:14.710875","level":"info","event":"⚠️ La variable 'temperature_2m' no contiene datos para lat=39.1281556, lon=-1.5212770999999998.","logger":"airflow.task.hooks.airflow.providers.standard.hooks.subprocess.SubprocessHook"}
{"timestamp":"2025-10-29T12:44:14.711111","level":"info","event":"Primero debes descargar los datos en el volumen con Docker, por ejemplo:","logger":"airflow.task.hooks.airflow.providers.standard.hooks.subprocess.SubprocessHook"}
{"timestamp":"2025-10-29T12:44:14.711388","level":"info","event":"docker run -it --rm -v open-meteo-data:/app/data ghcr.io/open-meteo/open-meteo sync meteofrance_arpege_europe temperature_2m","logger":"airflow.task.hooks.airflow.providers.standard.hooks.subprocess.SubprocessHook"}
{"timestamp":"2025-10-29T12:44:14.711622","level":"info","event":"⚠️ La variable 'precipitation' no contiene datos para lat=39.1281556, lon=-1.5212770999999998.","logger":"airflow.task.hooks.airflow.providers.standard.hooks.subprocess.SubprocessHook"}
{"timestamp":"2025-10-29T12:44:14.711831","level":"info","event":"Primero debes descargar los datos en el volumen con Docker, por ejemplo:","logger":"airflow.task.hooks.airflow.providers.standard.hooks.subprocess.SubprocessHook"}
{"timestamp":"2025-10-29T12:44:14.712011","level":"info","event":"docker run -it --rm -v open-meteo-data:/app/data ghcr.io/open-meteo/open-meteo sync meteofrance_arpege_europe precipitation","logger":"airflow.task.hooks.airflow.providers.standard.hooks.subprocess.SubprocessHook"}
{"timestamp":"2025-10-29T12:44:14.712243","level":"info","event":"⚠️ La variable 'relative_humidity_2m' no contiene datos para lat=39.1281556, lon=-1.5212770999999998.","logger":"airflow.task.hooks.airflow.providers.standard.hooks.subprocess.SubprocessHook"}
{"timestamp":"2025-10-29T12:44:14.712459","level":"info","event":"Primero debes descargar los datos en el volumen con Docker, por ejemplo:","logger":"airflow.task.hooks.airflow.providers.standard.hooks.subprocess.SubprocessHook"}
{"timestamp":"2025-10-29T12:44:14.712654","level":"info","event":"docker run -it --rm -v open-meteo-data:/app/data ghcr.io/open-meteo/open-meteo sync meteofrance_arpege_europe relative_humidity_2m","logger":"airflow.task.hooks.airflow.providers.standard.hooks.subprocess.SubprocessHook"}
{"timestamp":"2025-10-29T12:44:14.712835","level":"info","event":"⚠️ La variable 'shortwave_radiation' no contiene datos para lat=39.1281556, lon=-1.5212770999999998.","logger":"airflow.task.hooks.airflow.providers.standard.hooks.subprocess.SubprocessHook"}
{"timestamp":"2025-10-29T12:44:14.713026","level":"info","event":"Primero debes descargar los datos en el volumen con Docker, por ejemplo:","logger":"airflow.task.hooks.airflow.providers.standard.hooks.subprocess.SubprocessHook"}
{"timestamp":"2025-10-29T12:44:14.713243","level":"info","event":"docker run -it --rm -v open-meteo-data:/app/data ghcr.io/open-meteo/open-meteo sync meteofrance_arpege_europe shortwave_radiation","logger":"airflow.task.hooks.airflow.providers.standard.hooks.subprocess.SubprocessHook"}
{"timestamp":"2025-10-29T12:44:14.713448","level":"info","event":"⚠️ La variable 'temperature_2m' no contiene datos para lat=39.1281556, lon=-0.5212770999999998.","logger":"airflow.task.hooks.airflow.providers.standard.hooks.subprocess.SubprocessHook"}
{"timestamp":"2025-10-29T12:44:14.713650","level":"info","event":"Primero debes descargar los datos en el volumen con Docker, por ejemplo:","logger":"airflow.task.hooks.airflow.providers.standard.hooks.subprocess.SubprocessHook"}
{"timestamp":"2025-10-29T12:44:14.713826","level":"info","event":"docker run -it --rm -v open-meteo-data:/app/data ghcr.io/open-meteo/open-meteo sync meteofrance_arpege_europe temperature_2m","logger":"airflow.task.hooks.airflow.providers.standard.hooks.subprocess.SubprocessHook"}
{"timestamp":"2025-10-29T12:44:14.714002","level":"info","event":"⚠️ La variable 'precipitation' no contiene datos para lat=39.1281556, lon=-0.5212770999999998.","logger":"airflow.task.hooks.airflow.providers.standard.hooks.subprocess.SubprocessHook"}
{"timestamp":"2025-10-29T12:44:14.714217","level":"info","event":"Primero debes descargar los datos en el volumen con Docker, por ejemplo:","logger":"airflow.task.hooks.airflow.providers.standard.hooks.subprocess.SubprocessHook"}
{"timestamp":"2025-10-29T12:44:14.722695","level":"info","event":"docker run -it --rm -v open-meteo-data:/app/data ghcr.io/open-meteo/open-meteo sync meteofrance_arpege_europe precipitation","logger":"airflow.task.hooks.airflow.providers.standard.hooks.subprocess.SubprocessHook"}
{"timestamp":"2025-10-29T12:44:14.722976","level":"info","event":"⚠️ La variable 'relative_humidity_2m' no contiene datos para lat=39.1281556, lon=-0.5212770999999998.","logger":"airflow.task.hooks.airflow.providers.standard.hooks.subprocess.SubprocessHook"}
{"timestamp":"2025-10-29T12:44:14.723208","level":"info","event":"Primero debes descargar los datos en el volumen con Docker, por ejemplo:","logger":"airflow.task.hooks.airflow.providers.standard.hooks.subprocess.SubprocessHook"}
{"timestamp":"2025-10-29T12:44:14.723577","level":"info","event":"docker run -it --rm -v open-meteo-data:/app/data ghcr.io/open-meteo/open-meteo sync meteofrance_arpege_europe relative_humidity_2m","logger":"airflow.task.hooks.airflow.providers.standard.hooks.subprocess.SubprocessHook"}
{"timestamp":"2025-10-29T12:44:14.723798","level":"info","event":"⚠️ La variable 'shortwave_radiation' no contiene datos para lat=39.1281556, lon=-0.5212770999999998.","logger":"airflow.task.hooks.airflow.providers.standard.hooks.subprocess.SubprocessHook"}
{"timestamp":"2025-10-29T12:44:14.724008","level":"info","event":"Primero debes descargar los datos en el volumen con Docker, por ejemplo:","logger":"airflow.task.hooks.airflow.providers.standard.hooks.subprocess.SubprocessHook"}
{"timestamp":"2025-10-29T12:44:14.724211","level":"info","event":"docker run -it --rm -v open-meteo-data:/app/data ghcr.io/open-meteo/open-meteo sync meteofrance_arpege_europe shortwave_radiation","logger":"airflow.task.hooks.airflow.providers.standard.hooks.subprocess.SubprocessHook"}
{"timestamp":"2025-10-29T12:44:14.724427","level":"info","event":"⚠️ La variable 'temperature_2m' no contiene datos para lat=39.1281556, lon=-1.5212770999999998.","logger":"airflow.task.hooks.airflow.providers.standard.hooks.subprocess.SubprocessHook"}
{"timestamp":"2025-10-29T12:44:14.724602","level":"info","event":"Primero debes descargar los datos en el volumen con Docker, por ejemplo:","logger":"airflow.task.hooks.airflow.providers.standard.hooks.subprocess.SubprocessHook"}
{"timestamp":"2025-10-29T12:44:14.724760","level":"info","event":"docker run -it --rm -v open-meteo-data:/app/data ghcr.io/open-meteo/open-meteo sync meteofrance_arpege_europe temperature_2m","logger":"airflow.task.hooks.airflow.providers.standard.hooks.subprocess.SubprocessHook"}
{"timestamp":"2025-10-29T12:44:14.724922","level":"info","event":"⚠️ La variable 'precipitation' no contiene datos para lat=39.1281556, lon=-1.5212770999999998.","logger":"airflow.task.hooks.airflow.providers.standard.hooks.subprocess.SubprocessHook"}
{"timestamp":"2025-10-29T12:44:14.725170","level":"info","event":"Primero debes descargar los datos en el volumen con Docker, por ejemplo:","logger":"airflow.task.hooks.airflow.providers.standard.hooks.subprocess.SubprocessHook"}
{"timestamp":"2025-10-29T12:44:14.726653","level":"info","event":"docker run -it --rm -v open-meteo-data:/app/data ghcr.io/open-meteo/open-meteo sync meteofrance_arpege_europe precipitation","logger":"airflow.task.hooks.airflow.providers.standard.hooks.subprocess.SubprocessHook"}
{"timestamp":"2025-10-29T12:44:14.726917","level":"info","event":"⚠️ La variable 'relative_humidity_2m' no contiene datos para lat=39.1281556, lon=-1.5212770999999998.","logger":"airflow.task.hooks.airflow.providers.standard.hooks.subprocess.SubprocessHook"}
{"timestamp":"2025-10-29T12:44:14.727136","level":"info","event":"Primero debes descargar los datos en el volumen con Docker, por ejemplo:","logger":"airflow.task.hooks.airflow.providers.standard.hooks.subprocess.SubprocessHook"}
{"timestamp":"2025-10-29T12:44:14.733339","level":"info","event":"docker run -it --rm -v open-meteo-data:/app/data ghcr.io/open-meteo/open-meteo sync meteofrance_arpege_europe relative_humidity_2m","logger":"airflow.task.hooks.airflow.providers.standard.hooks.subprocess.SubprocessHook"}
{"timestamp":"2025-10-29T12:44:14.733668","level":"info","event":"⚠️ La variable 'shortwave_radiation' no contiene datos para lat=39.1281556, lon=-1.5212770999999998.","logger":"airflow.task.hooks.airflow.providers.standard.hooks.subprocess.SubprocessHook"}
{"timestamp":"2025-10-29T12:44:14.733892","level":"info","event":"Primero debes descargar los datos en el volumen con Docker, por ejemplo:","logger":"airflow.task.hooks.airflow.providers.standard.hooks.subprocess.SubprocessHook"}
{"timestamp":"2025-10-29T12:44:14.734071","level":"info","event":"docker run -it --rm -v open-meteo-data:/app/data ghcr.io/open-meteo/open-meteo sync meteofrance_arpege_europe shortwave_radiation","logger":"airflow.task.hooks.airflow.providers.standard.hooks.subprocess.SubprocessHook"}
{"timestamp":"2025-10-29T12:44:14.734319","level":"info","event":"⚠️ La variable 'temperature_2m' no contiene datos para lat=39.1281556, lon=-0.5212770999999998.","logger":"airflow.task.hooks.airflow.providers.standard.hooks.subprocess.SubprocessHook"}
{"timestamp":"2025-10-29T12:44:14.734656","level":"info","event":"Primero debes descargar los datos en el volumen con Docker, por ejemplo:","logger":"airflow.task.hooks.airflow.providers.standard.hooks.subprocess.SubprocessHook"}
{"timestamp":"2025-10-29T12:44:14.734887","level":"info","event":"docker run -it --rm -v open-meteo-data:/app/data ghcr.io/open-meteo/open-meteo sync meteofrance_arpege_europe temperature_2m","logger":"airflow.task.hooks.airflow.providers.standard.hooks.subprocess.SubprocessHook"}
{"timestamp":"2025-10-29T12:44:14.735116","level":"info","event":"⚠️ La variable 'precipitation' no contiene datos para lat=39.1281556, lon=-0.5212770999999998.","logger":"airflow.task.hooks.airflow.providers.standard.hooks.subprocess.SubprocessHook"}
{"timestamp":"2025-10-29T12:44:14.735466","level":"info","event":"Primero debes descargar los datos en el volumen con Docker, por ejemplo:","logger":"airflow.task.hooks.airflow.providers.standard.hooks.subprocess.SubprocessHook"}
{"timestamp":"2025-10-29T12:44:14.735698","level":"info","event":"docker run -it --rm -v open-meteo-data:/app/data ghcr.io/open-meteo/open-meteo sync meteofrance_arpege_europe precipitation","logger":"airflow.task.hooks.airflow.providers.standard.hooks.subprocess.SubprocessHook"}
{"timestamp":"2025-10-29T12:44:14.735927","level":"info","event":"⚠️ La variable 'relative_humidity_2m' no contiene datos para lat=39.1281556, lon=-0.5212770999999998.","logger":"airflow.task.hooks.airflow.providers.standard.hooks.subprocess.SubprocessHook"}
{"timestamp":"2025-10-29T12:44:14.736173","level":"info","event":"Primero debes descargar los datos en el volumen con Docker, por ejemplo:","logger":"airflow.task.hooks.airflow.providers.standard.hooks.subprocess.SubprocessHook"}
{"timestamp":"2025-10-29T12:44:14.736432","level":"info","event":"docker run -it --rm -v open-meteo-data:/app/data ghcr.io/open-meteo/open-meteo sync meteofrance_arpege_europe relative_humidity_2m","logger":"airflow.task.hooks.airflow.providers.standard.hooks.subprocess.SubprocessHook"}
{"timestamp":"2025-10-29T12:44:14.736663","level":"info","event":"⚠️ La variable 'shortwave_radiation' no contiene datos para lat=39.1281556, lon=-0.5212770999999998.","logger":"airflow.task.hooks.airflow.providers.standard.hooks.subprocess.SubprocessHook"}
{"timestamp":"2025-10-29T12:44:14.736911","level":"info","event":"Primero debes descargar los datos en el volumen con Docker, por ejemplo:","logger":"airflow.task.hooks.airflow.providers.standard.hooks.subprocess.SubprocessHook"}
{"timestamp":"2025-10-29T12:44:14.737142","level":"info","event":"docker run -it --rm -v open-meteo-data:/app/data ghcr.io/open-meteo/open-meteo sync meteofrance_arpege_europe shortwave_radiation","logger":"airflow.task.hooks.airflow.providers.standard.hooks.subprocess.SubprocessHook"}
{"timestamp":"2025-10-29T12:44:14.737413","level":"info","event":"⚠️ La variable 'temperature_2m' no contiene datos para lat=39.1281556, lon=-1.5212770999999998.","logger":"airflow.task.hooks.airflow.providers.standard.hooks.subprocess.SubprocessHook"}
{"timestamp":"2025-10-29T12:44:14.737648","level":"info","event":"Primero debes descargar los datos en el volumen con Docker, por ejemplo:","logger":"airflow.task.hooks.airflow.providers.standard.hooks.subprocess.SubprocessHook"}
{"timestamp":"2025-10-29T12:44:14.737916","level":"info","event":"docker run -it --rm -v open-meteo-data:/app/data ghcr.io/open-meteo/open-meteo sync meteofrance_arpege_europe temperature_2m","logger":"airflow.task.hooks.airflow.providers.standard.hooks.subprocess.SubprocessHook"}
{"timestamp":"2025-10-29T12:44:14.738158","level":"info","event":"⚠️ La variable 'precipitation' no contiene datos para lat=39.1281556, lon=-1.5212770999999998.","logger":"airflow.task.hooks.airflow.providers.standard.hooks.subprocess.SubprocessHook"}
{"timestamp":"2025-10-29T12:44:14.738426","level":"info","event":"Primero debes descargar los datos en el volumen con Docker, por ejemplo:","logger":"airflow.task.hooks.airflow.providers.standard.hooks.subprocess.SubprocessHook"}
{"timestamp":"2025-10-29T12:44:14.738649","level":"info","event":"docker run -it --rm -v open-meteo-data:/app/data ghcr.io/open-meteo/open-meteo sync meteofrance_arpege_europe precipitation","logger":"airflow.task.hooks.airflow.providers.standard.hooks.subprocess.SubprocessHook"}
{"timestamp":"2025-10-29T12:44:14.738893","level":"info","event":"⚠️ La variable 'relative_humidity_2m' no contiene datos para lat=39.1281556, lon=-1.5212770999999998.","logger":"airflow.task.hooks.airflow.providers.standard.hooks.subprocess.SubprocessHook"}
{"timestamp":"2025-10-29T12:44:14.739147","level":"info","event":"Primero debes descargar los datos en el volumen con Docker, por ejemplo:","logger":"airflow.task.hooks.airflow.providers.standard.hooks.subprocess.SubprocessHook"}
{"timestamp":"2025-10-29T12:44:14.739452","level":"info","event":"docker run -it --rm -v open-meteo-data:/app/data ghcr.io/open-meteo/open-meteo sync meteofrance_arpege_europe relative_humidity_2m","logger":"airflow.task.hooks.airflow.providers.standard.hooks.subprocess.SubprocessHook"}
{"timestamp":"2025-10-29T12:44:14.739697","level":"info","event":"⚠️ La variable 'shortwave_radiation' no contiene datos para lat=39.1281556, lon=-1.5212770999999998.","logger":"airflow.task.hooks.airflow.providers.standard.hooks.subprocess.SubprocessHook"}
{"timestamp":"2025-10-29T12:44:14.739961","level":"info","event":"Primero debes descargar los datos en el volumen con Docker, por ejemplo:","logger":"airflow.task.hooks.airflow.providers.standard.hooks.subprocess.SubprocessHook"}
{"timestamp":"2025-10-29T12:44:14.740225","level":"info","event":"docker run -it --rm -v open-meteo-data:/app/data ghcr.io/open-meteo/open-meteo sync meteofrance_arpege_europe shortwave_radiation","logger":"airflow.task.hooks.airflow.providers.standard.hooks.subprocess.SubprocessHook"}
{"timestamp":"2025-10-29T12:44:14.740461","level":"info","event":"⚠️ La variable 'temperature_2m' no contiene datos para lat=39.1281556, lon=-0.5212770999999998.","logger":"airflow.task.hooks.airflow.providers.standard.hooks.subprocess.SubprocessHook"}
{"timestamp":"2025-10-29T12:44:14.740705","level":"info","event":"Primero debes descargar los datos en el volumen con Docker, por ejemplo:","logger":"airflow.task.hooks.airflow.providers.standard.hooks.subprocess.SubprocessHook"}
{"timestamp":"2025-10-29T12:44:14.740934","level":"info","event":"docker run -it --rm -v open-meteo-data:/app/data ghcr.io/open-meteo/open-meteo sync meteofrance_arpege_europe temperature_2m","logger":"airflow.task.hooks.airflow.providers.standard.hooks.subprocess.SubprocessHook"}
{"timestamp":"2025-10-29T12:44:14.741166","level":"info","event":"⚠️ La variable 'precipitation' no contiene datos para lat=39.1281556, lon=-0.5212770999999998.","logger":"airflow.task.hooks.airflow.providers.standard.hooks.subprocess.SubprocessHook"}
{"timestamp":"2025-10-29T12:44:14.741454","level":"info","event":"Primero debes descargar los datos en el volumen con Docker, por ejemplo:","logger":"airflow.task.hooks.airflow.providers.standard.hooks.subprocess.SubprocessHook"}
{"timestamp":"2025-10-29T12:44:14.741692","level":"info","event":"docker run -it --rm -v open-meteo-data:/app/data ghcr.io/open-meteo/open-meteo sync meteofrance_arpege_europe precipitation","logger":"airflow.task.hooks.airflow.providers.standard.hooks.subprocess.SubprocessHook"}
{"timestamp":"2025-10-29T12:44:14.741928","level":"info","event":"⚠️ La variable 'relative_humidity_2m' no contiene datos para lat=39.1281556, lon=-0.5212770999999998.","logger":"airflow.task.hooks.airflow.providers.standard.hooks.subprocess.SubprocessHook"}
{"timestamp":"2025-10-29T12:44:14.742164","level":"info","event":"Primero debes descargar los datos en el volumen con Docker, por ejemplo:","logger":"airflow.task.hooks.airflow.providers.standard.hooks.subprocess.SubprocessHook"}
{"timestamp":"2025-10-29T12:44:14.742485","level":"info","event":"docker run -it --rm -v open-meteo-data:/app/data ghcr.io/open-meteo/open-meteo sync meteofrance_arpege_europe relative_humidity_2m","logger":"airflow.task.hooks.airflow.providers.standard.hooks.subprocess.SubprocessHook"}
{"timestamp":"2025-10-29T12:44:14.742717","level":"info","event":"⚠️ La variable 'shortwave_radiation' no contiene datos para lat=39.1281556, lon=-0.5212770999999998.","logger":"airflow.task.hooks.airflow.providers.standard.hooks.subprocess.SubprocessHook"}
{"timestamp":"2025-10-29T12:44:14.742979","level":"info","event":"Primero debes descargar los datos en el volumen con Docker, por ejemplo:","logger":"airflow.task.hooks.airflow.providers.standard.hooks.subprocess.SubprocessHook"}
{"timestamp":"2025-10-29T12:44:14.743265","level":"info","event":"docker run -it --rm -v open-meteo-data:/app/data ghcr.io/open-meteo/open-meteo sync meteofrance_arpege_europe shortwave_radiation","logger":"airflow.task.hooks.airflow.providers.standard.hooks.subprocess.SubprocessHook"}
{"timestamp":"2025-10-29T12:44:14.743563","level":"info","event":"⚠️ La variable 'temperature_2m' no contiene datos para lat=39.1281556, lon=-1.5212770999999998.","logger":"airflow.task.hooks.airflow.providers.standard.hooks.subprocess.SubprocessHook"}
{"timestamp":"2025-10-29T12:44:14.743823","level":"info","event":"Primero debes descargar los datos en el volumen con Docker, por ejemplo:","logger":"airflow.task.hooks.airflow.providers.standard.hooks.subprocess.SubprocessHook"}
{"timestamp":"2025-10-29T12:44:14.744064","level":"info","event":"docker run -it --rm -v open-meteo-data:/app/data ghcr.io/open-meteo/open-meteo sync meteofrance_arpege_europe temperature_2m","logger":"airflow.task.hooks.airflow.providers.standard.hooks.subprocess.SubprocessHook"}
{"timestamp":"2025-10-29T12:44:14.744344","level":"info","event":"⚠️ La variable 'precipitation' no contiene datos para lat=39.1281556, lon=-1.5212770999999998.","logger":"airflow.task.hooks.airflow.providers.standard.hooks.subprocess.SubprocessHook"}
{"timestamp":"2025-10-29T12:44:14.744601","level":"info","event":"Primero debes descargar los datos en el volumen con Docker, por ejemplo:","logger":"airflow.task.hooks.airflow.providers.standard.hooks.subprocess.SubprocessHook"}
{"timestamp":"2025-10-29T12:44:14.744839","level":"info","event":"docker run -it --rm -v open-meteo-data:/app/data ghcr.io/open-meteo/open-meteo sync meteofrance_arpege_europe precipitation","logger":"airflow.task.hooks.airflow.providers.standard.hooks.subprocess.SubprocessHook"}
{"timestamp":"2025-10-29T12:44:14.745101","level":"info","event":"⚠️ La variable 'relative_humidity_2m' no contiene datos para lat=39.1281556, lon=-1.5212770999999998.","logger":"airflow.task.hooks.airflow.providers.standard.hooks.subprocess.SubprocessHook"}
{"timestamp":"2025-10-29T12:44:14.745393","level":"info","event":"Primero debes descargar los datos en el volumen con Docker, por ejemplo:","logger":"airflow.task.hooks.airflow.providers.standard.hooks.subprocess.SubprocessHook"}
{"timestamp":"2025-10-29T12:44:15.203640","level":"info","event":"docker run -it --rm -v open-meteo-data:/app/data ghcr.io/open-meteo/open-meteo sync meteofrance_arpege_europe relative_humidity_2m","logger":"airflow.task.hooks.airflow.providers.standard.hooks.subprocess.SubprocessHook"}
{"timestamp":"2025-10-29T12:44:15.204017","level":"info","event":"⚠️ La variable 'shortwave_radiation' no contiene datos para lat=39.1281556, lon=-1.5212770999999998.","logger":"airflow.task.hooks.airflow.providers.standard.hooks.subprocess.SubprocessHook"}
{"timestamp":"2025-10-29T12:44:15.204224","level":"info","event":"Primero debes descargar los datos en el volumen con Docker, por ejemplo:","logger":"airflow.task.hooks.airflow.providers.standard.hooks.subprocess.SubprocessHook"}
{"timestamp":"2025-10-29T12:44:15.204371","level":"info","event":"docker run -it --rm -v open-meteo-data:/app/data ghcr.io/open-meteo/open-meteo sync meteofrance_arpege_europe shortwave_radiation","logger":"airflow.task.hooks.airflow.providers.standard.hooks.subprocess.SubprocessHook"}
{"timestamp":"2025-10-29T12:44:15.204747","level":"info","event":"⚠️ La variable 'temperature_2m' no contiene datos para lat=39.1281556, lon=-0.5212770999999998.","logger":"airflow.task.hooks.airflow.providers.standard.hooks.subprocess.SubprocessHook"}
{"timestamp":"2025-10-29T12:44:15.204970","level":"info","event":"Primero debes descargar los datos en el volumen con Docker, por ejemplo:","logger":"airflow.task.hooks.airflow.providers.standard.hooks.subprocess.SubprocessHook"}
{"timestamp":"2025-10-29T12:44:15.205108","level":"info","event":"docker run -it --rm -v open-meteo-data:/app/data ghcr.io/open-meteo/open-meteo sync meteofrance_arpege_europe temperature_2m","logger":"airflow.task.hooks.airflow.providers.standard.hooks.subprocess.SubprocessHook"}
{"timestamp":"2025-10-29T12:44:15.205360","level":"info","event":"⚠️ La variable 'precipitation' no contiene datos para lat=39.1281556, lon=-0.5212770999999998.","logger":"airflow.task.hooks.airflow.providers.standard.hooks.subprocess.SubprocessHook"}
{"timestamp":"2025-10-29T12:44:15.205511","level":"info","event":"Primero debes descargar los datos en el volumen con Docker, por ejemplo:","logger":"airflow.task.hooks.airflow.providers.standard.hooks.subprocess.SubprocessHook"}
{"timestamp":"2025-10-29T12:44:15.205630","level":"info","event":"docker run -it --rm -v open-meteo-data:/app/data ghcr.io/open-meteo/open-meteo sync meteofrance_arpege_europe precipitation","logger":"airflow.task.hooks.airflow.providers.standard.hooks.subprocess.SubprocessHook"}
{"timestamp":"2025-10-29T12:44:15.205847","level":"info","event":"⚠️ La variable 'relative_humidity_2m' no contiene datos para lat=39.1281556, lon=-0.5212770999999998.","logger":"airflow.task.hooks.airflow.providers.standard.hooks.subprocess.SubprocessHook"}
{"timestamp":"2025-10-29T12:44:15.206017","level":"info","event":"Primero debes descargar los datos en el volumen con Docker, por ejemplo:","logger":"airflow.task.hooks.airflow.providers.standard.hooks.subprocess.SubprocessHook"}
{"timestamp":"2025-10-29T12:44:15.206222","level":"info","event":"docker run -it --rm -v open-meteo-data:/app/data ghcr.io/open-meteo/open-meteo sync meteofrance_arpege_europe relative_humidity_2m","logger":"airflow.task.hooks.airflow.providers.standard.hooks.subprocess.SubprocessHook"}
{"timestamp":"2025-10-29T12:44:15.206704","level":"info","event":"⚠️ La variable 'shortwave_radiation' no contiene datos para lat=39.1281556, lon=-0.5212770999999998.","logger":"airflow.task.hooks.airflow.providers.standard.hooks.subprocess.SubprocessHook"}
{"timestamp":"2025-10-29T12:44:15.206867","level":"info","event":"Primero debes descargar los datos en el volumen con Docker, por ejemplo:","logger":"airflow.task.hooks.airflow.providers.standard.hooks.subprocess.SubprocessHook"}
{"timestamp":"2025-10-29T12:44:15.206981","level":"info","event":"docker run -it --rm -v open-meteo-data:/app/data ghcr.io/open-meteo/open-meteo sync meteofrance_arpege_europe shortwave_radiation","logger":"airflow.task.hooks.airflow.providers.standard.hooks.subprocess.SubprocessHook"}
{"timestamp":"2025-10-29T12:44:15.207198","level":"info","event":"⚠️ La variable 'temperature_2m' no contiene datos para lat=40.1281556, lon=-1.5212770999999998.","logger":"airflow.task.hooks.airflow.providers.standard.hooks.subprocess.SubprocessHook"}
{"timestamp":"2025-10-29T12:44:15.207324","level":"info","event":"Primero debes descargar los datos en el volumen con Docker, por ejemplo:","logger":"airflow.task.hooks.airflow.providers.standard.hooks.subprocess.SubprocessHook"}
{"timestamp":"2025-10-29T12:44:15.207498","level":"info","event":"docker run -it --rm -v open-meteo-data:/app/data ghcr.io/open-meteo/open-meteo sync meteofrance_arpege_europe temperature_2m","logger":"airflow.task.hooks.airflow.providers.standard.hooks.subprocess.SubprocessHook"}
{"timestamp":"2025-10-29T12:44:15.207715","level":"info","event":"⚠️ La variable 'precipitation' no contiene datos para lat=40.1281556, lon=-1.5212770999999998.","logger":"airflow.task.hooks.airflow.providers.standard.hooks.subprocess.SubprocessHook"}
{"timestamp":"2025-10-29T12:44:15.207863","level":"info","event":"Primero debes descargar los datos en el volumen con Docker, por ejemplo:","logger":"airflow.task.hooks.airflow.providers.standard.hooks.subprocess.SubprocessHook"}
{"timestamp":"2025-10-29T12:44:15.207979","level":"info","event":"docker run -it --rm -v open-meteo-data:/app/data ghcr.io/open-meteo/open-meteo sync meteofrance_arpege_europe precipitation","logger":"airflow.task.hooks.airflow.providers.standard.hooks.subprocess.SubprocessHook"}
{"timestamp":"2025-10-29T12:44:15.208105","level":"info","event":"⚠️ La variable 'relative_humidity_2m' no contiene datos para lat=40.1281556, lon=-1.5212770999999998.","logger":"airflow.task.hooks.airflow.providers.standard.hooks.subprocess.SubprocessHook"}
{"timestamp":"2025-10-29T12:44:15.208324","level":"info","event":"Primero debes descargar los datos en el volumen con Docker, por ejemplo:","logger":"airflow.task.hooks.airflow.providers.standard.hooks.subprocess.SubprocessHook"}
{"timestamp":"2025-10-29T12:44:15.208444","level":"info","event":"docker run -it --rm -v open-meteo-data:/app/data ghcr.io/open-meteo/open-meteo sync meteofrance_arpege_europe relative_humidity_2m","logger":"airflow.task.hooks.airflow.providers.standard.hooks.subprocess.SubprocessHook"}
{"timestamp":"2025-10-29T12:44:15.208555","level":"info","event":"⚠️ La variable 'shortwave_radiation' no contiene datos para lat=40.1281556, lon=-1.5212770999999998.","logger":"airflow.task.hooks.airflow.providers.standard.hooks.subprocess.SubprocessHook"}
{"timestamp":"2025-10-29T12:44:15.208670","level":"info","event":"Primero debes descargar los datos en el volumen con Docker, por ejemplo:","logger":"airflow.task.hooks.airflow.providers.standard.hooks.subprocess.SubprocessHook"}
{"timestamp":"2025-10-29T12:44:15.208890","level":"info","event":"docker run -it --rm -v open-meteo-data:/app/data ghcr.io/open-meteo/open-meteo sync meteofrance_arpege_europe shortwave_radiation","logger":"airflow.task.hooks.airflow.providers.standard.hooks.subprocess.SubprocessHook"}
{"timestamp":"2025-10-29T12:44:15.209041","level":"info","event":"⚠️ La variable 'temperature_2m' no contiene datos para lat=40.1281556, lon=-0.5212770999999998.","logger":"airflow.task.hooks.airflow.providers.standard.hooks.subprocess.SubprocessHook"}
{"timestamp":"2025-10-29T12:44:15.209195","level":"info","event":"Primero debes descargar los datos en el volumen con Docker, por ejemplo:","logger":"airflow.task.hooks.airflow.providers.standard.hooks.subprocess.SubprocessHook"}
{"timestamp":"2025-10-29T12:44:15.209479","level":"info","event":"docker run -it --rm -v open-meteo-data:/app/data ghcr.io/open-meteo/open-meteo sync meteofrance_arpege_europe temperature_2m","logger":"airflow.task.hooks.airflow.providers.standard.hooks.subprocess.SubprocessHook"}
{"timestamp":"2025-10-29T12:44:15.209620","level":"info","event":"⚠️ La variable 'precipitation' no contiene datos para lat=40.1281556, lon=-0.5212770999999998.","logger":"airflow.task.hooks.airflow.providers.standard.hooks.subprocess.SubprocessHook"}
{"timestamp":"2025-10-29T12:44:15.209742","level":"info","event":"Primero debes descargar los datos en el volumen con Docker, por ejemplo:","logger":"airflow.task.hooks.airflow.providers.standard.hooks.subprocess.SubprocessHook"}
{"timestamp":"2025-10-29T12:44:15.209854","level":"info","event":"docker run -it --rm -v open-meteo-data:/app/data ghcr.io/open-meteo/open-meteo sync meteofrance_arpege_europe precipitation","logger":"airflow.task.hooks.airflow.providers.standard.hooks.subprocess.SubprocessHook"}
{"timestamp":"2025-10-29T12:44:15.210213","level":"info","event":"⚠️ La variable 'relative_humidity_2m' no contiene datos para lat=40.1281556, lon=-0.5212770999999998.","logger":"airflow.task.hooks.airflow.providers.standard.hooks.subprocess.SubprocessHook"}
{"timestamp":"2025-10-29T12:44:15.210349","level":"info","event":"Primero debes descargar los datos en el volumen con Docker, por ejemplo:","logger":"airflow.task.hooks.airflow.providers.standard.hooks.subprocess.SubprocessHook"}
{"timestamp":"2025-10-29T12:44:15.210460","level":"info","event":"docker run -it --rm -v open-meteo-data:/app/data ghcr.io/open-meteo/open-meteo sync meteofrance_arpege_europe relative_humidity_2m","logger":"airflow.task.hooks.airflow.providers.standard.hooks.subprocess.SubprocessHook"}
{"timestamp":"2025-10-29T12:44:15.210569","level":"info","event":"⚠️ La variable 'shortwave_radiation' no contiene datos para lat=40.1281556, lon=-0.5212770999999998.","logger":"airflow.task.hooks.airflow.providers.standard.hooks.subprocess.SubprocessHook"}
{"timestamp":"2025-10-29T12:44:15.210879","level":"info","event":"Primero debes descargar los datos en el volumen con Docker, por ejemplo:","logger":"airflow.task.hooks.airflow.providers.standard.hooks.subprocess.SubprocessHook"}
{"timestamp":"2025-10-29T12:44:15.211136","level":"info","event":"docker run -it --rm -v open-meteo-data:/app/data ghcr.io/open-meteo/open-meteo sync meteofrance_arpege_europe shortwave_radiation","logger":"airflow.task.hooks.airflow.providers.standard.hooks.subprocess.SubprocessHook"}
{"timestamp":"2025-10-29T12:44:15.211455","level":"info","event":"⚠️ La variable 'temperature_2m' no contiene datos para lat=40.1281556, lon=-1.5212770999999998.","logger":"airflow.task.hooks.airflow.providers.standard.hooks.subprocess.SubprocessHook"}
{"timestamp":"2025-10-29T12:44:15.211688","level":"info","event":"Primero debes descargar los datos en el volumen con Docker, por ejemplo:","logger":"airflow.task.hooks.airflow.providers.standard.hooks.subprocess.SubprocessHook"}
{"timestamp":"2025-10-29T12:44:15.212053","level":"info","event":"docker run -it --rm -v open-meteo-data:/app/data ghcr.io/open-meteo/open-meteo sync meteofrance_arpege_europe temperature_2m","logger":"airflow.task.hooks.airflow.providers.standard.hooks.subprocess.SubprocessHook"}
{"timestamp":"2025-10-29T12:44:15.212307","level":"info","event":"⚠️ La variable 'precipitation' no contiene datos para lat=40.1281556, lon=-1.5212770999999998.","logger":"airflow.task.hooks.airflow.providers.standard.hooks.subprocess.SubprocessHook"}
{"timestamp":"2025-10-29T12:44:15.212674","level":"info","event":"Primero debes descargar los datos en el volumen con Docker, por ejemplo:","logger":"airflow.task.hooks.airflow.providers.standard.hooks.subprocess.SubprocessHook"}
{"timestamp":"2025-10-29T12:44:15.212852","level":"info","event":"docker run -it --rm -v open-meteo-data:/app/data ghcr.io/open-meteo/open-meteo sync meteofrance_arpege_europe precipitation","logger":"airflow.task.hooks.airflow.providers.standard.hooks.subprocess.SubprocessHook"}
{"timestamp":"2025-10-29T12:44:15.213104","level":"info","event":"⚠️ La variable 'relative_humidity_2m' no contiene datos para lat=40.1281556, lon=-1.5212770999999998.","logger":"airflow.task.hooks.airflow.providers.standard.hooks.subprocess.SubprocessHook"}
{"timestamp":"2025-10-29T12:44:15.213299","level":"info","event":"Primero debes descargar los datos en el volumen con Docker, por ejemplo:","logger":"airflow.task.hooks.airflow.providers.standard.hooks.subprocess.SubprocessHook"}
{"timestamp":"2025-10-29T12:44:15.213464","level":"info","event":"docker run -it --rm -v open-meteo-data:/app/data ghcr.io/open-meteo/open-meteo sync meteofrance_arpege_europe relative_humidity_2m","logger":"airflow.task.hooks.airflow.providers.standard.hooks.subprocess.SubprocessHook"}
{"timestamp":"2025-10-29T12:44:15.213701","level":"info","event":"⚠️ La variable 'shortwave_radiation' no contiene datos para lat=40.1281556, lon=-1.5212770999999998.","logger":"airflow.task.hooks.airflow.providers.standard.hooks.subprocess.SubprocessHook"}
{"timestamp":"2025-10-29T12:44:15.213892","level":"info","event":"Primero debes descargar los datos en el volumen con Docker, por ejemplo:","logger":"airflow.task.hooks.airflow.providers.standard.hooks.subprocess.SubprocessHook"}
{"timestamp":"2025-10-29T12:44:15.214058","level":"info","event":"docker run -it --rm -v open-meteo-data:/app/data ghcr.io/open-meteo/open-meteo sync meteofrance_arpege_europe shortwave_radiation","logger":"airflow.task.hooks.airflow.providers.standard.hooks.subprocess.SubprocessHook"}
{"timestamp":"2025-10-29T12:44:15.214311","level":"info","event":"⚠️ La variable 'temperature_2m' no contiene datos para lat=40.1281556, lon=-0.5212770999999998.","logger":"airflow.task.hooks.airflow.providers.standard.hooks.subprocess.SubprocessHook"}
{"timestamp":"2025-10-29T12:44:15.214488","level":"info","event":"Primero debes descargar los datos en el volumen con Docker, por ejemplo:","logger":"airflow.task.hooks.airflow.providers.standard.hooks.subprocess.SubprocessHook"}
{"timestamp":"2025-10-29T12:44:15.214670","level":"info","event":"docker run -it --rm -v open-meteo-data:/app/data ghcr.io/open-meteo/open-meteo sync meteofrance_arpege_europe temperature_2m","logger":"airflow.task.hooks.airflow.providers.standard.hooks.subprocess.SubprocessHook"}
{"timestamp":"2025-10-29T12:44:15.214918","level":"info","event":"⚠️ La variable 'precipitation' no contiene datos para lat=40.1281556, lon=-0.5212770999999998.","logger":"airflow.task.hooks.airflow.providers.standard.hooks.subprocess.SubprocessHook"}
{"timestamp":"2025-10-29T12:44:15.215086","level":"info","event":"Primero debes descargar los datos en el volumen con Docker, por ejemplo:","logger":"airflow.task.hooks.airflow.providers.standard.hooks.subprocess.SubprocessHook"}
{"timestamp":"2025-10-29T12:44:15.215327","level":"info","event":"docker run -it --rm -v open-meteo-data:/app/data ghcr.io/open-meteo/open-meteo sync meteofrance_arpege_europe precipitation","logger":"airflow.task.hooks.airflow.providers.standard.hooks.subprocess.SubprocessHook"}
{"timestamp":"2025-10-29T12:44:15.215553","level":"info","event":"⚠️ La variable 'relative_humidity_2m' no contiene datos para lat=40.1281556, lon=-0.5212770999999998.","logger":"airflow.task.hooks.airflow.providers.standard.hooks.subprocess.SubprocessHook"}
{"timestamp":"2025-10-29T12:44:15.215724","level":"info","event":"Primero debes descargar los datos en el volumen con Docker, por ejemplo:","logger":"airflow.task.hooks.airflow.providers.standard.hooks.subprocess.SubprocessHook"}
{"timestamp":"2025-10-29T12:44:15.215978","level":"info","event":"docker run -it --rm -v open-meteo-data:/app/data ghcr.io/open-meteo/open-meteo sync meteofrance_arpege_europe relative_humidity_2m","logger":"airflow.task.hooks.airflow.providers.standard.hooks.subprocess.SubprocessHook"}
{"timestamp":"2025-10-29T12:44:15.216159","level":"info","event":"⚠️ La variable 'shortwave_radiation' no contiene datos para lat=40.1281556, lon=-0.5212770999999998.","logger":"airflow.task.hooks.airflow.providers.standard.hooks.subprocess.SubprocessHook"}
{"timestamp":"2025-10-29T12:44:15.216471","level":"info","event":"Primero debes descargar los datos en el volumen con Docker, por ejemplo:","logger":"airflow.task.hooks.airflow.providers.standard.hooks.subprocess.SubprocessHook"}
{"timestamp":"2025-10-29T12:44:15.216658","level":"info","event":"docker run -it --rm -v open-meteo-data:/app/data ghcr.io/open-meteo/open-meteo sync meteofrance_arpege_europe shortwave_radiation","logger":"airflow.task.hooks.airflow.providers.standard.hooks.subprocess.SubprocessHook"}
{"timestamp":"2025-10-29T12:44:15.216825","level":"info","event":"⚠️ La variable 'temperature_2m' no contiene datos para lat=40.1281556, lon=-1.5212770999999998.","logger":"airflow.task.hooks.airflow.providers.standard.hooks.subprocess.SubprocessHook"}
{"timestamp":"2025-10-29T12:44:15.217084","level":"info","event":"Primero debes descargar los datos en el volumen con Docker, por ejemplo:","logger":"airflow.task.hooks.airflow.providers.standard.hooks.subprocess.SubprocessHook"}
{"timestamp":"2025-10-29T12:44:15.217303","level":"info","event":"docker run -it --rm -v open-meteo-data:/app/data ghcr.io/open-meteo/open-meteo sync meteofrance_arpege_europe temperature_2m","logger":"airflow.task.hooks.airflow.providers.standard.hooks.subprocess.SubprocessHook"}
{"timestamp":"2025-10-29T12:44:15.217607","level":"info","event":"⚠️ La variable 'precipitation' no contiene datos para lat=40.1281556, lon=-1.5212770999999998.","logger":"airflow.task.hooks.airflow.providers.standard.hooks.subprocess.SubprocessHook"}
{"timestamp":"2025-10-29T12:44:15.217857","level":"info","event":"Primero debes descargar los datos en el volumen con Docker, por ejemplo:","logger":"airflow.task.hooks.airflow.providers.standard.hooks.subprocess.SubprocessHook"}
{"timestamp":"2025-10-29T12:44:15.218104","level":"info","event":"docker run -it --rm -v open-meteo-data:/app/data ghcr.io/open-meteo/open-meteo sync meteofrance_arpege_europe precipitation","logger":"airflow.task.hooks.airflow.providers.standard.hooks.subprocess.SubprocessHook"}
{"timestamp":"2025-10-29T12:44:15.218307","level":"info","event":"⚠️ La variable 'relative_humidity_2m' no contiene datos para lat=40.1281556, lon=-1.5212770999999998.","logger":"airflow.task.hooks.airflow.providers.standard.hooks.subprocess.SubprocessHook"}
{"timestamp":"2025-10-29T12:44:15.218535","level":"info","event":"Primero debes descargar los datos en el volumen con Docker, por ejemplo:","logger":"airflow.task.hooks.airflow.providers.standard.hooks.subprocess.SubprocessHook"}
{"timestamp":"2025-10-29T12:44:15.218926","level":"info","event":"docker run -it --rm -v open-meteo-data:/app/data ghcr.io/open-meteo/open-meteo sync meteofrance_arpege_europe relative_humidity_2m","logger":"airflow.task.hooks.airflow.providers.standard.hooks.subprocess.SubprocessHook"}
{"timestamp":"2025-10-29T12:44:15.219122","level":"info","event":"⚠️ La variable 'shortwave_radiation' no contiene datos para lat=40.1281556, lon=-1.5212770999999998.","logger":"airflow.task.hooks.airflow.providers.standard.hooks.subprocess.SubprocessHook"}
{"timestamp":"2025-10-29T12:44:15.219589","level":"info","event":"Primero debes descargar los datos en el volumen con Docker, por ejemplo:","logger":"airflow.task.hooks.airflow.providers.standard.hooks.subprocess.SubprocessHook"}
{"timestamp":"2025-10-29T12:44:15.219841","level":"info","event":"docker run -it --rm -v open-meteo-data:/app/data ghcr.io/open-meteo/open-meteo sync meteofrance_arpege_europe shortwave_radiation","logger":"airflow.task.hooks.airflow.providers.standard.hooks.subprocess.SubprocessHook"}
{"timestamp":"2025-10-29T12:44:15.220021","level":"info","event":"⚠️ La variable 'temperature_2m' no contiene datos para lat=40.1281556, lon=-0.5212770999999998.","logger":"airflow.task.hooks.airflow.providers.standard.hooks.subprocess.SubprocessHook"}
{"timestamp":"2025-10-29T12:44:15.220156","level":"info","event":"Primero debes descargar los datos en el volumen con Docker, por ejemplo:","logger":"airflow.task.hooks.airflow.providers.standard.hooks.subprocess.SubprocessHook"}
{"timestamp":"2025-10-29T12:44:15.220273","level":"info","event":"docker run -it --rm -v open-meteo-data:/app/data ghcr.io/open-meteo/open-meteo sync meteofrance_arpege_europe temperature_2m","logger":"airflow.task.hooks.airflow.providers.standard.hooks.subprocess.SubprocessHook"}
{"timestamp":"2025-10-29T12:44:15.220457","level":"info","event":"⚠️ La variable 'precipitation' no contiene datos para lat=40.1281556, lon=-0.5212770999999998.","logger":"airflow.task.hooks.airflow.providers.standard.hooks.subprocess.SubprocessHook"}
{"timestamp":"2025-10-29T12:44:15.220592","level":"info","event":"Primero debes descargar los datos en el volumen con Docker, por ejemplo:","logger":"airflow.task.hooks.airflow.providers.standard.hooks.subprocess.SubprocessHook"}
{"timestamp":"2025-10-29T12:44:15.220704","level":"info","event":"docker run -it --rm -v open-meteo-data:/app/data ghcr.io/open-meteo/open-meteo sync meteofrance_arpege_europe precipitation","logger":"airflow.task.hooks.airflow.providers.standard.hooks.subprocess.SubprocessHook"}
{"timestamp":"2025-10-29T12:44:15.220834","level":"info","event":"⚠️ La variable 'relative_humidity_2m' no contiene datos para lat=40.1281556, lon=-0.5212770999999998.","logger":"airflow.task.hooks.airflow.providers.standard.hooks.subprocess.SubprocessHook"}
{"timestamp":"2025-10-29T12:44:15.221163","level":"info","event":"Primero debes descargar los datos en el volumen con Docker, por ejemplo:","logger":"airflow.task.hooks.airflow.providers.standard.hooks.subprocess.SubprocessHook"}
{"timestamp":"2025-10-29T12:44:15.367630","level":"info","event":"docker run -it --rm -v open-meteo-data:/app/data ghcr.io/open-meteo/open-meteo sync meteofrance_arpege_europe relative_humidity_2m","logger":"airflow.task.hooks.airflow.providers.standard.hooks.subprocess.SubprocessHook"}
{"timestamp":"2025-10-29T12:44:15.367975","level":"info","event":"⚠️ La variable 'shortwave_radiation' no contiene datos para lat=40.1281556, lon=-0.5212770999999998.","logger":"airflow.task.hooks.airflow.providers.standard.hooks.subprocess.SubprocessHook"}
{"timestamp":"2025-10-29T12:44:15.368193","level":"info","event":"Primero debes descargar los datos en el volumen con Docker, por ejemplo:","logger":"airflow.task.hooks.airflow.providers.standard.hooks.subprocess.SubprocessHook"}
{"timestamp":"2025-10-29T12:44:15.368374","level":"info","event":"docker run -it --rm -v open-meteo-data:/app/data ghcr.io/open-meteo/open-meteo sync meteofrance_arpege_europe shortwave_radiation","logger":"airflow.task.hooks.airflow.providers.standard.hooks.subprocess.SubprocessHook"}
{"timestamp":"2025-10-29T12:44:15.368544","level":"info","event":"⚠️ La variable 'temperature_2m' no contiene datos para lat=40.1281556, lon=-1.5212770999999998.","logger":"airflow.task.hooks.airflow.providers.standard.hooks.subprocess.SubprocessHook"}
{"timestamp":"2025-10-29T12:44:15.368779","level":"info","event":"Primero debes descargar los datos en el volumen con Docker, por ejemplo:","logger":"airflow.task.hooks.airflow.providers.standard.hooks.subprocess.SubprocessHook"}
{"timestamp":"2025-10-29T12:44:15.368951","level":"info","event":"docker run -it --rm -v open-meteo-data:/app/data ghcr.io/open-meteo/open-meteo sync meteofrance_arpege_europe temperature_2m","logger":"airflow.task.hooks.airflow.providers.standard.hooks.subprocess.SubprocessHook"}
{"timestamp":"2025-10-29T12:44:15.369116","level":"info","event":"⚠️ La variable 'precipitation' no contiene datos para lat=40.1281556, lon=-1.5212770999999998.","logger":"airflow.task.hooks.airflow.providers.standard.hooks.subprocess.SubprocessHook"}
{"timestamp":"2025-10-29T12:44:15.369282","level":"info","event":"Primero debes descargar los datos en el volumen con Docker, por ejemplo:","logger":"airflow.task.hooks.airflow.providers.standard.hooks.subprocess.SubprocessHook"}
{"timestamp":"2025-10-29T12:44:15.369443","level":"info","event":"docker run -it --rm -v open-meteo-data:/app/data ghcr.io/open-meteo/open-meteo sync meteofrance_arpege_europe precipitation","logger":"airflow.task.hooks.airflow.providers.standard.hooks.subprocess.SubprocessHook"}
{"timestamp":"2025-10-29T12:44:15.369654","level":"info","event":"⚠️ La variable 'relative_humidity_2m' no contiene datos para lat=40.1281556, lon=-1.5212770999999998.","logger":"airflow.task.hooks.airflow.providers.standard.hooks.subprocess.SubprocessHook"}
{"timestamp":"2025-10-29T12:44:15.369845","level":"info","event":"Primero debes descargar los datos en el volumen con Docker, por ejemplo:","logger":"airflow.task.hooks.airflow.providers.standard.hooks.subprocess.SubprocessHook"}
{"timestamp":"2025-10-29T12:44:15.370007","level":"info","event":"docker run -it --rm -v open-meteo-data:/app/data ghcr.io/open-meteo/open-meteo sync meteofrance_arpege_europe relative_humidity_2m","logger":"airflow.task.hooks.airflow.providers.standard.hooks.subprocess.SubprocessHook"}
{"timestamp":"2025-10-29T12:44:15.370168","level":"info","event":"⚠️ La variable 'shortwave_radiation' no contiene datos para lat=40.1281556, lon=-1.5212770999999998.","logger":"airflow.task.hooks.airflow.providers.standard.hooks.subprocess.SubprocessHook"}
{"timestamp":"2025-10-29T12:44:15.370360","level":"info","event":"Primero debes descargar los datos en el volumen con Docker, por ejemplo:","logger":"airflow.task.hooks.airflow.providers.standard.hooks.subprocess.SubprocessHook"}
{"timestamp":"2025-10-29T12:44:15.370545","level":"info","event":"docker run -it --rm -v open-meteo-data:/app/data ghcr.io/open-meteo/open-meteo sync meteofrance_arpege_europe shortwave_radiation","logger":"airflow.task.hooks.airflow.providers.standard.hooks.subprocess.SubprocessHook"}
{"timestamp":"2025-10-29T12:44:15.370766","level":"info","event":"⚠️ La variable 'temperature_2m' no contiene datos para lat=40.1281556, lon=-0.5212770999999998.","logger":"airflow.task.hooks.airflow.providers.standard.hooks.subprocess.SubprocessHook"}
{"timestamp":"2025-10-29T12:44:15.370939","level":"info","event":"Primero debes descargar los datos en el volumen con Docker, por ejemplo:","logger":"airflow.task.hooks.airflow.providers.standard.hooks.subprocess.SubprocessHook"}
{"timestamp":"2025-10-29T12:44:15.371146","level":"info","event":"docker run -it --rm -v open-meteo-data:/app/data ghcr.io/open-meteo/open-meteo sync meteofrance_arpege_europe temperature_2m","logger":"airflow.task.hooks.airflow.providers.standard.hooks.subprocess.SubprocessHook"}
{"timestamp":"2025-10-29T12:44:15.371340","level":"info","event":"⚠️ La variable 'precipitation' no contiene datos para lat=40.1281556, lon=-0.5212770999999998.","logger":"airflow.task.hooks.airflow.providers.standard.hooks.subprocess.SubprocessHook"}
{"timestamp":"2025-10-29T12:44:15.381312","level":"info","event":"Primero debes descargar los datos en el volumen con Docker, por ejemplo:","logger":"airflow.task.hooks.airflow.providers.standard.hooks.subprocess.SubprocessHook"}
{"timestamp":"2025-10-29T12:44:15.381599","level":"info","event":"docker run -it --rm -v open-meteo-data:/app/data ghcr.io/open-meteo/open-meteo sync meteofrance_arpege_europe precipitation","logger":"airflow.task.hooks.airflow.providers.standard.hooks.subprocess.SubprocessHook"}
{"timestamp":"2025-10-29T12:44:15.381818","level":"info","event":"⚠️ La variable 'relative_humidity_2m' no contiene datos para lat=40.1281556, lon=-0.5212770999999998.","logger":"airflow.task.hooks.airflow.providers.standard.hooks.subprocess.SubprocessHook"}
{"timestamp":"2025-10-29T12:44:15.382039","level":"info","event":"Primero debes descargar los datos en el volumen con Docker, por ejemplo:","logger":"airflow.task.hooks.airflow.providers.standard.hooks.subprocess.SubprocessHook"}
{"timestamp":"2025-10-29T12:44:15.382307","level":"info","event":"docker run -it --rm -v open-meteo-data:/app/data ghcr.io/open-meteo/open-meteo sync meteofrance_arpege_europe relative_humidity_2m","logger":"airflow.task.hooks.airflow.providers.standard.hooks.subprocess.SubprocessHook"}
{"timestamp":"2025-10-29T12:44:15.382552","level":"info","event":"⚠️ La variable 'shortwave_radiation' no contiene datos para lat=40.1281556, lon=-0.5212770999999998.","logger":"airflow.task.hooks.airflow.providers.standard.hooks.subprocess.SubprocessHook"}
{"timestamp":"2025-10-29T12:44:15.382791","level":"info","event":"Primero debes descargar los datos en el volumen con Docker, por ejemplo:","logger":"airflow.task.hooks.airflow.providers.standard.hooks.subprocess.SubprocessHook"}
{"timestamp":"2025-10-29T12:44:15.383009","level":"info","event":"docker run -it --rm -v open-meteo-data:/app/data ghcr.io/open-meteo/open-meteo sync meteofrance_arpege_europe shortwave_radiation","logger":"airflow.task.hooks.airflow.providers.standard.hooks.subprocess.SubprocessHook"}
{"timestamp":"2025-10-29T12:44:15.383263","level":"info","event":"","logger":"airflow.task.hooks.airflow.providers.standard.hooks.subprocess.SubprocessHook"}
{"timestamp":"2025-10-29T12:44:15.383554","level":"info","event":"🏁 Descarga completada en 11.58 s (0.19 min)","logger":"airflow.task.hooks.airflow.providers.standard.hooks.subprocess.SubprocessHook"}
{"timestamp":"2025-10-29T12:44:15.383809","level":"info","event":"❌ No se obtuvieron datos.","logger":"airflow.task.hooks.airflow.providers.standard.hooks.subprocess.SubprocessHook"}
{"timestamp":"2025-10-29T12:44:15.384134","level":"info","event":"Traceback (most recent call last):","logger":"airflow.task.hooks.airflow.providers.standard.hooks.subprocess.SubprocessHook"}
{"timestamp":"2025-10-29T12:44:15.384380","level":"info","event":"  File \"/opt/airflow/scripts/ARPEGE.py\", line 180, in <module>","logger":"airflow.task.hooks.airflow.providers.standard.hooks.subprocess.SubprocessHook"}
{"timestamp":"2025-10-29T12:44:15.384604","level":"info","event":"    main()","logger":"airflow.task.hooks.airflow.providers.standard.hooks.subprocess.SubprocessHook"}
{"timestamp":"2025-10-29T12:44:15.384805","level":"info","event":"  File \"/opt/airflow/scripts/ARPEGE.py\", line 165, in main","logger":"airflow.task.hooks.airflow.providers.standard.hooks.subprocess.SubprocessHook"}
{"timestamp":"2025-10-29T12:44:15.385000","level":"info","event":"    timestamp = df[\"time\"].tolist(),","logger":"airflow.task.hooks.airflow.providers.standard.hooks.subprocess.SubprocessHook"}
{"timestamp":"2025-10-29T12:44:15.385289","level":"info","event":"                ~~^^^^^^^^","logger":"airflow.task.hooks.airflow.providers.standard.hooks.subprocess.SubprocessHook"}
{"timestamp":"2025-10-29T12:44:15.385892","level":"info","event":"  File \"/home/airflow/.local/lib/python3.12/site-packages/pandas/core/frame.py\", line 3893, in __getitem__","logger":"airflow.task.hooks.airflow.providers.standard.hooks.subprocess.SubprocessHook"}
{"timestamp":"2025-10-29T12:44:15.386216","level":"info","event":"    indexer = self.columns.get_loc(key)","logger":"airflow.task.hooks.airflow.providers.standard.hooks.subprocess.SubprocessHook"}
{"timestamp":"2025-10-29T12:44:15.386412","level":"info","event":"              ^^^^^^^^^^^^^^^^^^^^^^^^^","logger":"airflow.task.hooks.airflow.providers.standard.hooks.subprocess.SubprocessHook"}
{"timestamp":"2025-10-29T12:44:15.386593","level":"info","event":"  File \"/home/airflow/.local/lib/python3.12/site-packages/pandas/core/indexes/range.py\", line 418, in get_loc","logger":"airflow.task.hooks.airflow.providers.standard.hooks.subprocess.SubprocessHook"}
{"timestamp":"2025-10-29T12:44:15.386806","level":"info","event":"    raise KeyError(key)","logger":"airflow.task.hooks.airflow.providers.standard.hooks.subprocess.SubprocessHook"}
{"timestamp":"2025-10-29T12:44:15.386989","level":"info","event":"KeyError: 'time'","logger":"airflow.task.hooks.airflow.providers.standard.hooks.subprocess.SubprocessHook"}
{"timestamp":"2025-10-29T12:44:15.655559","level":"info","event":"Command exited with return code 1","logger":"airflow.task.hooks.airflow.providers.standard.hooks.subprocess.SubprocessHook"}
{"timestamp":"2025-10-29T12:44:15.657536","level":"error","event":"Task failed with exception","logger":"task","error_detail":[{"exc_type":"AirflowException","exc_value":"Bash command failed. The command returned a non-zero exit code 1.","exc_notes":[],"syntax_error":null,"is_cause":false,"frames":[{"filename":"/home/airflow/.local/lib/python3.12/site-packages/airflow/sdk/execution_time/task_runner.py","lineno":920,"name":"run"},{"filename":"/home/airflow/.local/lib/python3.12/site-packages/airflow/sdk/execution_time/task_runner.py","lineno":1215,"name":"_execute_task"},{"filename":"/home/airflow/.local/lib/python3.12/site-packages/airflow/sdk/bases/operator.py","lineno":397,"name":"wrapper"},{"filename":"/home/airflow/.local/lib/python3.12/site-packages/airflow/providers/standard/operators/bash.py","lineno":232,"name":"execute"}],"is_group":false,"exceptions":[]}]}
