{"timestamp":"2025-10-29T12:54:16.486675","level":"info","event":"DAG bundles loaded: dags-folder","logger":"airflow.dag_processing.bundles.manager.DagBundlesManager"}
{"timestamp":"2025-10-29T12:54:16.489838","level":"info","event":"Filling up the DagBag from /opt/airflow/dags/Airflow.py","logger":"airflow.models.dagbag.DagBag"}
{"timestamp":"2025-10-29T12:54:16.574734","level":"info","event":"Tmp dir root location: /tmp","logger":"airflow.task.hooks.airflow.providers.standard.hooks.subprocess.SubprocessHook"}
{"timestamp":"2025-10-29T12:54:16.578093","level":"info","event":"Running command: ['/usr/bin/bash', '-c', 'python3 /opt/airflow/scripts/ARPEGE.py']","logger":"airflow.task.hooks.airflow.providers.standard.hooks.subprocess.SubprocessHook"}
{"timestamp":"2025-10-29T12:54:16.617745","level":"info","event":"Output:","logger":"airflow.task.hooks.airflow.providers.standard.hooks.subprocess.SubprocessHook"}
{"timestamp":"2025-10-29T12:54:20.814305","level":"info","event":"[ INFO ] Checking for files to with more than 7 past days data","logger":"airflow.task.hooks.airflow.providers.standard.hooks.subprocess.SubprocessHook"}
{"timestamp":"2025-10-29T12:54:23.231780","level":"info","event":"[ INFO ] Checking for files to with more than 7 past days data","logger":"airflow.task.hooks.airflow.providers.standard.hooks.subprocess.SubprocessHook"}
{"timestamp":"2025-10-29T12:54:25.554907","level":"info","event":"[ INFO ] Checking for files to with more than 7 past days data","logger":"airflow.task.hooks.airflow.providers.standard.hooks.subprocess.SubprocessHook"}
{"timestamp":"2025-10-29T12:54:27.942016","level":"info","event":"[ INFO ] Checking for files to with more than 7 past days data","logger":"airflow.task.hooks.airflow.providers.standard.hooks.subprocess.SubprocessHook"}
{"timestamp":"2025-10-29T12:54:30.091273","level":"info","event":"🔄 Descargando datos de http://host.docker.internal:8081/v1/forecast ...","logger":"airflow.task.hooks.airflow.providers.standard.hooks.subprocess.SubprocessHook"}
{"timestamp":"2025-10-29T12:54:30.091613","level":"info","event":"⬇️ Descargando temperature_2m del Bucket S3 de AWS...","logger":"airflow.task.hooks.airflow.providers.standard.hooks.subprocess.SubprocessHook"}
{"timestamp":"2025-10-29T12:54:30.091832","level":"info","event":"⬇️ Descargando precipitation del Bucket S3 de AWS...","logger":"airflow.task.hooks.airflow.providers.standard.hooks.subprocess.SubprocessHook"}
{"timestamp":"2025-10-29T12:54:30.091981","level":"info","event":"⬇️ Descargando relative_humidity_2m del Bucket S3 de AWS...","logger":"airflow.task.hooks.airflow.providers.standard.hooks.subprocess.SubprocessHook"}
{"timestamp":"2025-10-29T12:54:30.092216","level":"info","event":"⬇️ Descargando shortwave_radiation del Bucket S3 de AWS...","logger":"airflow.task.hooks.airflow.providers.standard.hooks.subprocess.SubprocessHook"}
{"timestamp":"2025-10-29T12:54:30.092352","level":"info","event":"⚠️ La variable 'temperature_2m' no contiene datos para lat=39.1281556, lon=-1.5212770999999998.","logger":"airflow.task.hooks.airflow.providers.standard.hooks.subprocess.SubprocessHook"}
{"timestamp":"2025-10-29T12:54:30.092485","level":"info","event":"Primero debes descargar los datos en el volumen con Docker, por ejemplo:","logger":"airflow.task.hooks.airflow.providers.standard.hooks.subprocess.SubprocessHook"}
{"timestamp":"2025-10-29T12:54:30.092905","level":"info","event":"docker run -it --rm -v open-meteo-data:/app/data ghcr.io/open-meteo/open-meteo sync meteofrance_arpege_europe temperature_2m","logger":"airflow.task.hooks.airflow.providers.standard.hooks.subprocess.SubprocessHook"}
{"timestamp":"2025-10-29T12:54:30.093170","level":"info","event":"⚠️ La variable 'precipitation' no contiene datos para lat=39.1281556, lon=-1.5212770999999998.","logger":"airflow.task.hooks.airflow.providers.standard.hooks.subprocess.SubprocessHook"}
{"timestamp":"2025-10-29T12:54:30.093350","level":"info","event":"Primero debes descargar los datos en el volumen con Docker, por ejemplo:","logger":"airflow.task.hooks.airflow.providers.standard.hooks.subprocess.SubprocessHook"}
{"timestamp":"2025-10-29T12:54:30.093565","level":"info","event":"docker run -it --rm -v open-meteo-data:/app/data ghcr.io/open-meteo/open-meteo sync meteofrance_arpege_europe precipitation","logger":"airflow.task.hooks.airflow.providers.standard.hooks.subprocess.SubprocessHook"}
{"timestamp":"2025-10-29T12:54:30.093707","level":"info","event":"⚠️ La variable 'relative_humidity_2m' no contiene datos para lat=39.1281556, lon=-1.5212770999999998.","logger":"airflow.task.hooks.airflow.providers.standard.hooks.subprocess.SubprocessHook"}
{"timestamp":"2025-10-29T12:54:30.093847","level":"info","event":"Primero debes descargar los datos en el volumen con Docker, por ejemplo:","logger":"airflow.task.hooks.airflow.providers.standard.hooks.subprocess.SubprocessHook"}
{"timestamp":"2025-10-29T12:54:30.094047","level":"info","event":"docker run -it --rm -v open-meteo-data:/app/data ghcr.io/open-meteo/open-meteo sync meteofrance_arpege_europe relative_humidity_2m","logger":"airflow.task.hooks.airflow.providers.standard.hooks.subprocess.SubprocessHook"}
{"timestamp":"2025-10-29T12:54:30.094189","level":"info","event":"⚠️ La variable 'shortwave_radiation' no contiene datos para lat=39.1281556, lon=-1.5212770999999998.","logger":"airflow.task.hooks.airflow.providers.standard.hooks.subprocess.SubprocessHook"}
{"timestamp":"2025-10-29T12:54:30.094328","level":"info","event":"Primero debes descargar los datos en el volumen con Docker, por ejemplo:","logger":"airflow.task.hooks.airflow.providers.standard.hooks.subprocess.SubprocessHook"}
{"timestamp":"2025-10-29T12:54:30.094618","level":"info","event":"docker run -it --rm -v open-meteo-data:/app/data ghcr.io/open-meteo/open-meteo sync meteofrance_arpege_europe shortwave_radiation","logger":"airflow.task.hooks.airflow.providers.standard.hooks.subprocess.SubprocessHook"}
{"timestamp":"2025-10-29T12:54:30.094867","level":"info","event":"⚠️ La variable 'temperature_2m' no contiene datos para lat=39.1281556, lon=-0.5212770999999998.","logger":"airflow.task.hooks.airflow.providers.standard.hooks.subprocess.SubprocessHook"}
{"timestamp":"2025-10-29T12:54:30.095179","level":"info","event":"Primero debes descargar los datos en el volumen con Docker, por ejemplo:","logger":"airflow.task.hooks.airflow.providers.standard.hooks.subprocess.SubprocessHook"}
{"timestamp":"2025-10-29T12:54:30.095372","level":"info","event":"docker run -it --rm -v open-meteo-data:/app/data ghcr.io/open-meteo/open-meteo sync meteofrance_arpege_europe temperature_2m","logger":"airflow.task.hooks.airflow.providers.standard.hooks.subprocess.SubprocessHook"}
{"timestamp":"2025-10-29T12:54:30.095577","level":"info","event":"⚠️ La variable 'precipitation' no contiene datos para lat=39.1281556, lon=-0.5212770999999998.","logger":"airflow.task.hooks.airflow.providers.standard.hooks.subprocess.SubprocessHook"}
{"timestamp":"2025-10-29T12:54:30.095933","level":"info","event":"Primero debes descargar los datos en el volumen con Docker, por ejemplo:","logger":"airflow.task.hooks.airflow.providers.standard.hooks.subprocess.SubprocessHook"}
{"timestamp":"2025-10-29T12:54:30.096171","level":"info","event":"docker run -it --rm -v open-meteo-data:/app/data ghcr.io/open-meteo/open-meteo sync meteofrance_arpege_europe precipitation","logger":"airflow.task.hooks.airflow.providers.standard.hooks.subprocess.SubprocessHook"}
{"timestamp":"2025-10-29T12:54:30.096489","level":"info","event":"⚠️ La variable 'relative_humidity_2m' no contiene datos para lat=39.1281556, lon=-0.5212770999999998.","logger":"airflow.task.hooks.airflow.providers.standard.hooks.subprocess.SubprocessHook"}
{"timestamp":"2025-10-29T12:54:30.096666","level":"info","event":"Primero debes descargar los datos en el volumen con Docker, por ejemplo:","logger":"airflow.task.hooks.airflow.providers.standard.hooks.subprocess.SubprocessHook"}
{"timestamp":"2025-10-29T12:54:30.096882","level":"info","event":"docker run -it --rm -v open-meteo-data:/app/data ghcr.io/open-meteo/open-meteo sync meteofrance_arpege_europe relative_humidity_2m","logger":"airflow.task.hooks.airflow.providers.standard.hooks.subprocess.SubprocessHook"}
{"timestamp":"2025-10-29T12:54:30.097030","level":"info","event":"⚠️ La variable 'shortwave_radiation' no contiene datos para lat=39.1281556, lon=-0.5212770999999998.","logger":"airflow.task.hooks.airflow.providers.standard.hooks.subprocess.SubprocessHook"}
{"timestamp":"2025-10-29T12:54:30.097166","level":"info","event":"Primero debes descargar los datos en el volumen con Docker, por ejemplo:","logger":"airflow.task.hooks.airflow.providers.standard.hooks.subprocess.SubprocessHook"}
{"timestamp":"2025-10-29T12:54:30.097280","level":"info","event":"docker run -it --rm -v open-meteo-data:/app/data ghcr.io/open-meteo/open-meteo sync meteofrance_arpege_europe shortwave_radiation","logger":"airflow.task.hooks.airflow.providers.standard.hooks.subprocess.SubprocessHook"}
{"timestamp":"2025-10-29T12:54:30.097597","level":"info","event":"⚠️ La variable 'temperature_2m' no contiene datos para lat=39.1281556, lon=-1.5212770999999998.","logger":"airflow.task.hooks.airflow.providers.standard.hooks.subprocess.SubprocessHook"}
{"timestamp":"2025-10-29T12:54:30.097779","level":"info","event":"Primero debes descargar los datos en el volumen con Docker, por ejemplo:","logger":"airflow.task.hooks.airflow.providers.standard.hooks.subprocess.SubprocessHook"}
{"timestamp":"2025-10-29T12:54:30.097901","level":"info","event":"docker run -it --rm -v open-meteo-data:/app/data ghcr.io/open-meteo/open-meteo sync meteofrance_arpege_europe temperature_2m","logger":"airflow.task.hooks.airflow.providers.standard.hooks.subprocess.SubprocessHook"}
{"timestamp":"2025-10-29T12:54:30.098017","level":"info","event":"⚠️ La variable 'precipitation' no contiene datos para lat=39.1281556, lon=-1.5212770999999998.","logger":"airflow.task.hooks.airflow.providers.standard.hooks.subprocess.SubprocessHook"}
{"timestamp":"2025-10-29T12:54:30.098288","level":"info","event":"Primero debes descargar los datos en el volumen con Docker, por ejemplo:","logger":"airflow.task.hooks.airflow.providers.standard.hooks.subprocess.SubprocessHook"}
{"timestamp":"2025-10-29T12:54:30.098424","level":"info","event":"docker run -it --rm -v open-meteo-data:/app/data ghcr.io/open-meteo/open-meteo sync meteofrance_arpege_europe precipitation","logger":"airflow.task.hooks.airflow.providers.standard.hooks.subprocess.SubprocessHook"}
{"timestamp":"2025-10-29T12:54:30.098617","level":"info","event":"⚠️ La variable 'relative_humidity_2m' no contiene datos para lat=39.1281556, lon=-1.5212770999999998.","logger":"airflow.task.hooks.airflow.providers.standard.hooks.subprocess.SubprocessHook"}
{"timestamp":"2025-10-29T12:54:30.098924","level":"info","event":"Primero debes descargar los datos en el volumen con Docker, por ejemplo:","logger":"airflow.task.hooks.airflow.providers.standard.hooks.subprocess.SubprocessHook"}
{"timestamp":"2025-10-29T12:54:30.099158","level":"info","event":"docker run -it --rm -v open-meteo-data:/app/data ghcr.io/open-meteo/open-meteo sync meteofrance_arpege_europe relative_humidity_2m","logger":"airflow.task.hooks.airflow.providers.standard.hooks.subprocess.SubprocessHook"}
{"timestamp":"2025-10-29T12:54:30.099453","level":"info","event":"⚠️ La variable 'shortwave_radiation' no contiene datos para lat=39.1281556, lon=-1.5212770999999998.","logger":"airflow.task.hooks.airflow.providers.standard.hooks.subprocess.SubprocessHook"}
{"timestamp":"2025-10-29T12:54:30.099694","level":"info","event":"Primero debes descargar los datos en el volumen con Docker, por ejemplo:","logger":"airflow.task.hooks.airflow.providers.standard.hooks.subprocess.SubprocessHook"}
{"timestamp":"2025-10-29T12:54:30.099957","level":"info","event":"docker run -it --rm -v open-meteo-data:/app/data ghcr.io/open-meteo/open-meteo sync meteofrance_arpege_europe shortwave_radiation","logger":"airflow.task.hooks.airflow.providers.standard.hooks.subprocess.SubprocessHook"}
{"timestamp":"2025-10-29T12:54:30.100115","level":"info","event":"⚠️ La variable 'temperature_2m' no contiene datos para lat=39.1281556, lon=-0.5212770999999998.","logger":"airflow.task.hooks.airflow.providers.standard.hooks.subprocess.SubprocessHook"}
{"timestamp":"2025-10-29T12:54:30.100266","level":"info","event":"Primero debes descargar los datos en el volumen con Docker, por ejemplo:","logger":"airflow.task.hooks.airflow.providers.standard.hooks.subprocess.SubprocessHook"}
{"timestamp":"2025-10-29T12:54:30.100615","level":"info","event":"docker run -it --rm -v open-meteo-data:/app/data ghcr.io/open-meteo/open-meteo sync meteofrance_arpege_europe temperature_2m","logger":"airflow.task.hooks.airflow.providers.standard.hooks.subprocess.SubprocessHook"}
{"timestamp":"2025-10-29T12:54:30.100741","level":"info","event":"⚠️ La variable 'precipitation' no contiene datos para lat=39.1281556, lon=-0.5212770999999998.","logger":"airflow.task.hooks.airflow.providers.standard.hooks.subprocess.SubprocessHook"}
{"timestamp":"2025-10-29T12:54:30.100904","level":"info","event":"Primero debes descargar los datos en el volumen con Docker, por ejemplo:","logger":"airflow.task.hooks.airflow.providers.standard.hooks.subprocess.SubprocessHook"}
{"timestamp":"2025-10-29T12:54:30.101110","level":"info","event":"docker run -it --rm -v open-meteo-data:/app/data ghcr.io/open-meteo/open-meteo sync meteofrance_arpege_europe precipitation","logger":"airflow.task.hooks.airflow.providers.standard.hooks.subprocess.SubprocessHook"}
{"timestamp":"2025-10-29T12:54:30.101238","level":"info","event":"⚠️ La variable 'relative_humidity_2m' no contiene datos para lat=39.1281556, lon=-0.5212770999999998.","logger":"airflow.task.hooks.airflow.providers.standard.hooks.subprocess.SubprocessHook"}
{"timestamp":"2025-10-29T12:54:30.101364","level":"info","event":"Primero debes descargar los datos en el volumen con Docker, por ejemplo:","logger":"airflow.task.hooks.airflow.providers.standard.hooks.subprocess.SubprocessHook"}
{"timestamp":"2025-10-29T12:54:30.101478","level":"info","event":"docker run -it --rm -v open-meteo-data:/app/data ghcr.io/open-meteo/open-meteo sync meteofrance_arpege_europe relative_humidity_2m","logger":"airflow.task.hooks.airflow.providers.standard.hooks.subprocess.SubprocessHook"}
{"timestamp":"2025-10-29T12:54:30.101674","level":"info","event":"⚠️ La variable 'shortwave_radiation' no contiene datos para lat=39.1281556, lon=-0.5212770999999998.","logger":"airflow.task.hooks.airflow.providers.standard.hooks.subprocess.SubprocessHook"}
{"timestamp":"2025-10-29T12:54:30.101809","level":"info","event":"Primero debes descargar los datos en el volumen con Docker, por ejemplo:","logger":"airflow.task.hooks.airflow.providers.standard.hooks.subprocess.SubprocessHook"}
{"timestamp":"2025-10-29T12:54:30.101920","level":"info","event":"docker run -it --rm -v open-meteo-data:/app/data ghcr.io/open-meteo/open-meteo sync meteofrance_arpege_europe shortwave_radiation","logger":"airflow.task.hooks.airflow.providers.standard.hooks.subprocess.SubprocessHook"}
{"timestamp":"2025-10-29T12:54:30.102030","level":"info","event":"⚠️ La variable 'temperature_2m' no contiene datos para lat=39.1281556, lon=-1.5212770999999998.","logger":"airflow.task.hooks.airflow.providers.standard.hooks.subprocess.SubprocessHook"}
{"timestamp":"2025-10-29T12:54:30.102275","level":"info","event":"Primero debes descargar los datos en el volumen con Docker, por ejemplo:","logger":"airflow.task.hooks.airflow.providers.standard.hooks.subprocess.SubprocessHook"}
{"timestamp":"2025-10-29T12:54:30.102480","level":"info","event":"docker run -it --rm -v open-meteo-data:/app/data ghcr.io/open-meteo/open-meteo sync meteofrance_arpege_europe temperature_2m","logger":"airflow.task.hooks.airflow.providers.standard.hooks.subprocess.SubprocessHook"}
{"timestamp":"2025-10-29T12:54:30.102603","level":"info","event":"⚠️ La variable 'precipitation' no contiene datos para lat=39.1281556, lon=-1.5212770999999998.","logger":"airflow.task.hooks.airflow.providers.standard.hooks.subprocess.SubprocessHook"}
{"timestamp":"2025-10-29T12:54:30.102719","level":"info","event":"Primero debes descargar los datos en el volumen con Docker, por ejemplo:","logger":"airflow.task.hooks.airflow.providers.standard.hooks.subprocess.SubprocessHook"}
{"timestamp":"2025-10-29T12:54:30.102826","level":"info","event":"docker run -it --rm -v open-meteo-data:/app/data ghcr.io/open-meteo/open-meteo sync meteofrance_arpege_europe precipitation","logger":"airflow.task.hooks.airflow.providers.standard.hooks.subprocess.SubprocessHook"}
{"timestamp":"2025-10-29T12:54:30.103108","level":"info","event":"⚠️ La variable 'relative_humidity_2m' no contiene datos para lat=39.1281556, lon=-1.5212770999999998.","logger":"airflow.task.hooks.airflow.providers.standard.hooks.subprocess.SubprocessHook"}
{"timestamp":"2025-10-29T12:54:30.103245","level":"info","event":"Primero debes descargar los datos en el volumen con Docker, por ejemplo:","logger":"airflow.task.hooks.airflow.providers.standard.hooks.subprocess.SubprocessHook"}
{"timestamp":"2025-10-29T12:54:30.103357","level":"info","event":"docker run -it --rm -v open-meteo-data:/app/data ghcr.io/open-meteo/open-meteo sync meteofrance_arpege_europe relative_humidity_2m","logger":"airflow.task.hooks.airflow.providers.standard.hooks.subprocess.SubprocessHook"}
{"timestamp":"2025-10-29T12:54:30.103572","level":"info","event":"⚠️ La variable 'shortwave_radiation' no contiene datos para lat=39.1281556, lon=-1.5212770999999998.","logger":"airflow.task.hooks.airflow.providers.standard.hooks.subprocess.SubprocessHook"}
{"timestamp":"2025-10-29T12:54:30.103910","level":"info","event":"Primero debes descargar los datos en el volumen con Docker, por ejemplo:","logger":"airflow.task.hooks.airflow.providers.standard.hooks.subprocess.SubprocessHook"}
{"timestamp":"2025-10-29T12:54:30.104107","level":"info","event":"docker run -it --rm -v open-meteo-data:/app/data ghcr.io/open-meteo/open-meteo sync meteofrance_arpege_europe shortwave_radiation","logger":"airflow.task.hooks.airflow.providers.standard.hooks.subprocess.SubprocessHook"}
{"timestamp":"2025-10-29T12:54:30.104239","level":"info","event":"⚠️ La variable 'temperature_2m' no contiene datos para lat=39.1281556, lon=-0.5212770999999998.","logger":"airflow.task.hooks.airflow.providers.standard.hooks.subprocess.SubprocessHook"}
{"timestamp":"2025-10-29T12:54:30.104358","level":"info","event":"Primero debes descargar los datos en el volumen con Docker, por ejemplo:","logger":"airflow.task.hooks.airflow.providers.standard.hooks.subprocess.SubprocessHook"}
{"timestamp":"2025-10-29T12:54:30.104611","level":"info","event":"docker run -it --rm -v open-meteo-data:/app/data ghcr.io/open-meteo/open-meteo sync meteofrance_arpege_europe temperature_2m","logger":"airflow.task.hooks.airflow.providers.standard.hooks.subprocess.SubprocessHook"}
{"timestamp":"2025-10-29T12:54:30.104744","level":"info","event":"⚠️ La variable 'precipitation' no contiene datos para lat=39.1281556, lon=-0.5212770999999998.","logger":"airflow.task.hooks.airflow.providers.standard.hooks.subprocess.SubprocessHook"}
{"timestamp":"2025-10-29T12:54:30.104863","level":"info","event":"Primero debes descargar los datos en el volumen con Docker, por ejemplo:","logger":"airflow.task.hooks.airflow.providers.standard.hooks.subprocess.SubprocessHook"}
{"timestamp":"2025-10-29T12:54:30.105219","level":"info","event":"docker run -it --rm -v open-meteo-data:/app/data ghcr.io/open-meteo/open-meteo sync meteofrance_arpege_europe precipitation","logger":"airflow.task.hooks.airflow.providers.standard.hooks.subprocess.SubprocessHook"}
{"timestamp":"2025-10-29T12:54:30.105450","level":"info","event":"⚠️ La variable 'relative_humidity_2m' no contiene datos para lat=39.1281556, lon=-0.5212770999999998.","logger":"airflow.task.hooks.airflow.providers.standard.hooks.subprocess.SubprocessHook"}
{"timestamp":"2025-10-29T12:54:30.105714","level":"info","event":"Primero debes descargar los datos en el volumen con Docker, por ejemplo:","logger":"airflow.task.hooks.airflow.providers.standard.hooks.subprocess.SubprocessHook"}
{"timestamp":"2025-10-29T12:54:30.105985","level":"info","event":"docker run -it --rm -v open-meteo-data:/app/data ghcr.io/open-meteo/open-meteo sync meteofrance_arpege_europe relative_humidity_2m","logger":"airflow.task.hooks.airflow.providers.standard.hooks.subprocess.SubprocessHook"}
{"timestamp":"2025-10-29T12:54:30.106200","level":"info","event":"⚠️ La variable 'shortwave_radiation' no contiene datos para lat=39.1281556, lon=-0.5212770999999998.","logger":"airflow.task.hooks.airflow.providers.standard.hooks.subprocess.SubprocessHook"}
{"timestamp":"2025-10-29T12:54:30.106537","level":"info","event":"Primero debes descargar los datos en el volumen con Docker, por ejemplo:","logger":"airflow.task.hooks.airflow.providers.standard.hooks.subprocess.SubprocessHook"}
{"timestamp":"2025-10-29T12:54:30.106975","level":"info","event":"docker run -it --rm -v open-meteo-data:/app/data ghcr.io/open-meteo/open-meteo sync meteofrance_arpege_europe shortwave_radiation","logger":"airflow.task.hooks.airflow.providers.standard.hooks.subprocess.SubprocessHook"}
{"timestamp":"2025-10-29T12:54:30.107324","level":"info","event":"⚠️ La variable 'temperature_2m' no contiene datos para lat=39.1281556, lon=-1.5212770999999998.","logger":"airflow.task.hooks.airflow.providers.standard.hooks.subprocess.SubprocessHook"}
{"timestamp":"2025-10-29T12:54:30.107700","level":"info","event":"Primero debes descargar los datos en el volumen con Docker, por ejemplo:","logger":"airflow.task.hooks.airflow.providers.standard.hooks.subprocess.SubprocessHook"}
{"timestamp":"2025-10-29T12:54:30.107978","level":"info","event":"docker run -it --rm -v open-meteo-data:/app/data ghcr.io/open-meteo/open-meteo sync meteofrance_arpege_europe temperature_2m","logger":"airflow.task.hooks.airflow.providers.standard.hooks.subprocess.SubprocessHook"}
{"timestamp":"2025-10-29T12:54:30.108313","level":"info","event":"⚠️ La variable 'precipitation' no contiene datos para lat=39.1281556, lon=-1.5212770999999998.","logger":"airflow.task.hooks.airflow.providers.standard.hooks.subprocess.SubprocessHook"}
{"timestamp":"2025-10-29T12:54:30.108583","level":"info","event":"Primero debes descargar los datos en el volumen con Docker, por ejemplo:","logger":"airflow.task.hooks.airflow.providers.standard.hooks.subprocess.SubprocessHook"}
{"timestamp":"2025-10-29T12:54:30.108950","level":"info","event":"docker run -it --rm -v open-meteo-data:/app/data ghcr.io/open-meteo/open-meteo sync meteofrance_arpege_europe precipitation","logger":"airflow.task.hooks.airflow.providers.standard.hooks.subprocess.SubprocessHook"}
{"timestamp":"2025-10-29T12:54:30.109203","level":"info","event":"⚠️ La variable 'relative_humidity_2m' no contiene datos para lat=39.1281556, lon=-1.5212770999999998.","logger":"airflow.task.hooks.airflow.providers.standard.hooks.subprocess.SubprocessHook"}
{"timestamp":"2025-10-29T12:54:30.109502","level":"info","event":"Primero debes descargar los datos en el volumen con Docker, por ejemplo:","logger":"airflow.task.hooks.airflow.providers.standard.hooks.subprocess.SubprocessHook"}
{"timestamp":"2025-10-29T12:54:30.526386","level":"info","event":"docker run -it --rm -v open-meteo-data:/app/data ghcr.io/open-meteo/open-meteo sync meteofrance_arpege_europe relative_humidity_2m","logger":"airflow.task.hooks.airflow.providers.standard.hooks.subprocess.SubprocessHook"}
{"timestamp":"2025-10-29T12:54:30.526761","level":"info","event":"⚠️ La variable 'shortwave_radiation' no contiene datos para lat=39.1281556, lon=-1.5212770999999998.","logger":"airflow.task.hooks.airflow.providers.standard.hooks.subprocess.SubprocessHook"}
{"timestamp":"2025-10-29T12:54:30.526989","level":"info","event":"Primero debes descargar los datos en el volumen con Docker, por ejemplo:","logger":"airflow.task.hooks.airflow.providers.standard.hooks.subprocess.SubprocessHook"}
{"timestamp":"2025-10-29T12:54:30.527198","level":"info","event":"docker run -it --rm -v open-meteo-data:/app/data ghcr.io/open-meteo/open-meteo sync meteofrance_arpege_europe shortwave_radiation","logger":"airflow.task.hooks.airflow.providers.standard.hooks.subprocess.SubprocessHook"}
{"timestamp":"2025-10-29T12:54:30.527492","level":"info","event":"⚠️ La variable 'temperature_2m' no contiene datos para lat=39.1281556, lon=-0.5212770999999998.","logger":"airflow.task.hooks.airflow.providers.standard.hooks.subprocess.SubprocessHook"}
{"timestamp":"2025-10-29T12:54:30.527854","level":"info","event":"Primero debes descargar los datos en el volumen con Docker, por ejemplo:","logger":"airflow.task.hooks.airflow.providers.standard.hooks.subprocess.SubprocessHook"}
{"timestamp":"2025-10-29T12:54:30.528074","level":"info","event":"docker run -it --rm -v open-meteo-data:/app/data ghcr.io/open-meteo/open-meteo sync meteofrance_arpege_europe temperature_2m","logger":"airflow.task.hooks.airflow.providers.standard.hooks.subprocess.SubprocessHook"}
{"timestamp":"2025-10-29T12:54:30.528263","level":"info","event":"⚠️ La variable 'precipitation' no contiene datos para lat=39.1281556, lon=-0.5212770999999998.","logger":"airflow.task.hooks.airflow.providers.standard.hooks.subprocess.SubprocessHook"}
{"timestamp":"2025-10-29T12:54:30.528515","level":"info","event":"Primero debes descargar los datos en el volumen con Docker, por ejemplo:","logger":"airflow.task.hooks.airflow.providers.standard.hooks.subprocess.SubprocessHook"}
{"timestamp":"2025-10-29T12:54:30.528698","level":"info","event":"docker run -it --rm -v open-meteo-data:/app/data ghcr.io/open-meteo/open-meteo sync meteofrance_arpege_europe precipitation","logger":"airflow.task.hooks.airflow.providers.standard.hooks.subprocess.SubprocessHook"}
{"timestamp":"2025-10-29T12:54:30.528873","level":"info","event":"⚠️ La variable 'relative_humidity_2m' no contiene datos para lat=39.1281556, lon=-0.5212770999999998.","logger":"airflow.task.hooks.airflow.providers.standard.hooks.subprocess.SubprocessHook"}
{"timestamp":"2025-10-29T12:54:30.529262","level":"info","event":"Primero debes descargar los datos en el volumen con Docker, por ejemplo:","logger":"airflow.task.hooks.airflow.providers.standard.hooks.subprocess.SubprocessHook"}
{"timestamp":"2025-10-29T12:54:30.529452","level":"info","event":"docker run -it --rm -v open-meteo-data:/app/data ghcr.io/open-meteo/open-meteo sync meteofrance_arpege_europe relative_humidity_2m","logger":"airflow.task.hooks.airflow.providers.standard.hooks.subprocess.SubprocessHook"}
{"timestamp":"2025-10-29T12:54:30.529627","level":"info","event":"⚠️ La variable 'shortwave_radiation' no contiene datos para lat=39.1281556, lon=-0.5212770999999998.","logger":"airflow.task.hooks.airflow.providers.standard.hooks.subprocess.SubprocessHook"}
{"timestamp":"2025-10-29T12:54:30.529897","level":"info","event":"Primero debes descargar los datos en el volumen con Docker, por ejemplo:","logger":"airflow.task.hooks.airflow.providers.standard.hooks.subprocess.SubprocessHook"}
{"timestamp":"2025-10-29T12:54:30.530153","level":"info","event":"docker run -it --rm -v open-meteo-data:/app/data ghcr.io/open-meteo/open-meteo sync meteofrance_arpege_europe shortwave_radiation","logger":"airflow.task.hooks.airflow.providers.standard.hooks.subprocess.SubprocessHook"}
{"timestamp":"2025-10-29T12:54:30.530436","level":"info","event":"⚠️ La variable 'temperature_2m' no contiene datos para lat=40.1281556, lon=-1.5212770999999998.","logger":"airflow.task.hooks.airflow.providers.standard.hooks.subprocess.SubprocessHook"}
{"timestamp":"2025-10-29T12:54:30.530627","level":"info","event":"Primero debes descargar los datos en el volumen con Docker, por ejemplo:","logger":"airflow.task.hooks.airflow.providers.standard.hooks.subprocess.SubprocessHook"}
{"timestamp":"2025-10-29T12:54:30.530853","level":"info","event":"docker run -it --rm -v open-meteo-data:/app/data ghcr.io/open-meteo/open-meteo sync meteofrance_arpege_europe temperature_2m","logger":"airflow.task.hooks.airflow.providers.standard.hooks.subprocess.SubprocessHook"}
{"timestamp":"2025-10-29T12:54:30.531054","level":"info","event":"⚠️ La variable 'precipitation' no contiene datos para lat=40.1281556, lon=-1.5212770999999998.","logger":"airflow.task.hooks.airflow.providers.standard.hooks.subprocess.SubprocessHook"}
{"timestamp":"2025-10-29T12:54:30.531235","level":"info","event":"Primero debes descargar los datos en el volumen con Docker, por ejemplo:","logger":"airflow.task.hooks.airflow.providers.standard.hooks.subprocess.SubprocessHook"}
{"timestamp":"2025-10-29T12:54:30.531462","level":"info","event":"docker run -it --rm -v open-meteo-data:/app/data ghcr.io/open-meteo/open-meteo sync meteofrance_arpege_europe precipitation","logger":"airflow.task.hooks.airflow.providers.standard.hooks.subprocess.SubprocessHook"}
{"timestamp":"2025-10-29T12:54:30.531681","level":"info","event":"⚠️ La variable 'relative_humidity_2m' no contiene datos para lat=40.1281556, lon=-1.5212770999999998.","logger":"airflow.task.hooks.airflow.providers.standard.hooks.subprocess.SubprocessHook"}
{"timestamp":"2025-10-29T12:54:30.531925","level":"info","event":"Primero debes descargar los datos en el volumen con Docker, por ejemplo:","logger":"airflow.task.hooks.airflow.providers.standard.hooks.subprocess.SubprocessHook"}
{"timestamp":"2025-10-29T12:54:30.532134","level":"info","event":"docker run -it --rm -v open-meteo-data:/app/data ghcr.io/open-meteo/open-meteo sync meteofrance_arpege_europe relative_humidity_2m","logger":"airflow.task.hooks.airflow.providers.standard.hooks.subprocess.SubprocessHook"}
{"timestamp":"2025-10-29T12:54:30.532306","level":"info","event":"⚠️ La variable 'shortwave_radiation' no contiene datos para lat=40.1281556, lon=-1.5212770999999998.","logger":"airflow.task.hooks.airflow.providers.standard.hooks.subprocess.SubprocessHook"}
{"timestamp":"2025-10-29T12:54:30.532563","level":"info","event":"Primero debes descargar los datos en el volumen con Docker, por ejemplo:","logger":"airflow.task.hooks.airflow.providers.standard.hooks.subprocess.SubprocessHook"}
{"timestamp":"2025-10-29T12:54:30.532753","level":"info","event":"docker run -it --rm -v open-meteo-data:/app/data ghcr.io/open-meteo/open-meteo sync meteofrance_arpege_europe shortwave_radiation","logger":"airflow.task.hooks.airflow.providers.standard.hooks.subprocess.SubprocessHook"}
{"timestamp":"2025-10-29T12:54:30.532934","level":"info","event":"⚠️ La variable 'temperature_2m' no contiene datos para lat=40.1281556, lon=-0.5212770999999998.","logger":"airflow.task.hooks.airflow.providers.standard.hooks.subprocess.SubprocessHook"}
{"timestamp":"2025-10-29T12:54:30.533200","level":"info","event":"Primero debes descargar los datos en el volumen con Docker, por ejemplo:","logger":"airflow.task.hooks.airflow.providers.standard.hooks.subprocess.SubprocessHook"}
{"timestamp":"2025-10-29T12:54:30.533376","level":"info","event":"docker run -it --rm -v open-meteo-data:/app/data ghcr.io/open-meteo/open-meteo sync meteofrance_arpege_europe temperature_2m","logger":"airflow.task.hooks.airflow.providers.standard.hooks.subprocess.SubprocessHook"}
{"timestamp":"2025-10-29T12:54:30.533597","level":"info","event":"⚠️ La variable 'precipitation' no contiene datos para lat=40.1281556, lon=-0.5212770999999998.","logger":"airflow.task.hooks.airflow.providers.standard.hooks.subprocess.SubprocessHook"}
{"timestamp":"2025-10-29T12:54:30.533970","level":"info","event":"Primero debes descargar los datos en el volumen con Docker, por ejemplo:","logger":"airflow.task.hooks.airflow.providers.standard.hooks.subprocess.SubprocessHook"}
{"timestamp":"2025-10-29T12:54:30.534156","level":"info","event":"docker run -it --rm -v open-meteo-data:/app/data ghcr.io/open-meteo/open-meteo sync meteofrance_arpege_europe precipitation","logger":"airflow.task.hooks.airflow.providers.standard.hooks.subprocess.SubprocessHook"}
{"timestamp":"2025-10-29T12:54:30.534331","level":"info","event":"⚠️ La variable 'relative_humidity_2m' no contiene datos para lat=40.1281556, lon=-0.5212770999999998.","logger":"airflow.task.hooks.airflow.providers.standard.hooks.subprocess.SubprocessHook"}
{"timestamp":"2025-10-29T12:54:30.534587","level":"info","event":"Primero debes descargar los datos en el volumen con Docker, por ejemplo:","logger":"airflow.task.hooks.airflow.providers.standard.hooks.subprocess.SubprocessHook"}
{"timestamp":"2025-10-29T12:54:30.534770","level":"info","event":"docker run -it --rm -v open-meteo-data:/app/data ghcr.io/open-meteo/open-meteo sync meteofrance_arpege_europe relative_humidity_2m","logger":"airflow.task.hooks.airflow.providers.standard.hooks.subprocess.SubprocessHook"}
{"timestamp":"2025-10-29T12:54:30.534974","level":"info","event":"⚠️ La variable 'shortwave_radiation' no contiene datos para lat=40.1281556, lon=-0.5212770999999998.","logger":"airflow.task.hooks.airflow.providers.standard.hooks.subprocess.SubprocessHook"}
{"timestamp":"2025-10-29T12:54:30.535237","level":"info","event":"Primero debes descargar los datos en el volumen con Docker, por ejemplo:","logger":"airflow.task.hooks.airflow.providers.standard.hooks.subprocess.SubprocessHook"}
{"timestamp":"2025-10-29T12:54:30.535423","level":"info","event":"docker run -it --rm -v open-meteo-data:/app/data ghcr.io/open-meteo/open-meteo sync meteofrance_arpege_europe shortwave_radiation","logger":"airflow.task.hooks.airflow.providers.standard.hooks.subprocess.SubprocessHook"}
{"timestamp":"2025-10-29T12:54:30.535728","level":"info","event":"⚠️ La variable 'temperature_2m' no contiene datos para lat=40.1281556, lon=-1.5212770999999998.","logger":"airflow.task.hooks.airflow.providers.standard.hooks.subprocess.SubprocessHook"}
{"timestamp":"2025-10-29T12:54:30.535947","level":"info","event":"Primero debes descargar los datos en el volumen con Docker, por ejemplo:","logger":"airflow.task.hooks.airflow.providers.standard.hooks.subprocess.SubprocessHook"}
{"timestamp":"2025-10-29T12:54:30.536202","level":"info","event":"docker run -it --rm -v open-meteo-data:/app/data ghcr.io/open-meteo/open-meteo sync meteofrance_arpege_europe temperature_2m","logger":"airflow.task.hooks.airflow.providers.standard.hooks.subprocess.SubprocessHook"}
{"timestamp":"2025-10-29T12:54:30.536390","level":"info","event":"⚠️ La variable 'precipitation' no contiene datos para lat=40.1281556, lon=-1.5212770999999998.","logger":"airflow.task.hooks.airflow.providers.standard.hooks.subprocess.SubprocessHook"}
{"timestamp":"2025-10-29T12:54:30.536566","level":"info","event":"Primero debes descargar los datos en el volumen con Docker, por ejemplo:","logger":"airflow.task.hooks.airflow.providers.standard.hooks.subprocess.SubprocessHook"}
{"timestamp":"2025-10-29T12:54:30.536867","level":"info","event":"docker run -it --rm -v open-meteo-data:/app/data ghcr.io/open-meteo/open-meteo sync meteofrance_arpege_europe precipitation","logger":"airflow.task.hooks.airflow.providers.standard.hooks.subprocess.SubprocessHook"}
{"timestamp":"2025-10-29T12:54:30.537071","level":"info","event":"⚠️ La variable 'relative_humidity_2m' no contiene datos para lat=40.1281556, lon=-1.5212770999999998.","logger":"airflow.task.hooks.airflow.providers.standard.hooks.subprocess.SubprocessHook"}
{"timestamp":"2025-10-29T12:54:30.537339","level":"info","event":"Primero debes descargar los datos en el volumen con Docker, por ejemplo:","logger":"airflow.task.hooks.airflow.providers.standard.hooks.subprocess.SubprocessHook"}
{"timestamp":"2025-10-29T12:54:30.537527","level":"info","event":"docker run -it --rm -v open-meteo-data:/app/data ghcr.io/open-meteo/open-meteo sync meteofrance_arpege_europe relative_humidity_2m","logger":"airflow.task.hooks.airflow.providers.standard.hooks.subprocess.SubprocessHook"}
{"timestamp":"2025-10-29T12:54:30.537702","level":"info","event":"⚠️ La variable 'shortwave_radiation' no contiene datos para lat=40.1281556, lon=-1.5212770999999998.","logger":"airflow.task.hooks.airflow.providers.standard.hooks.subprocess.SubprocessHook"}
{"timestamp":"2025-10-29T12:54:30.537996","level":"info","event":"Primero debes descargar los datos en el volumen con Docker, por ejemplo:","logger":"airflow.task.hooks.airflow.providers.standard.hooks.subprocess.SubprocessHook"}
{"timestamp":"2025-10-29T12:54:30.538170","level":"info","event":"docker run -it --rm -v open-meteo-data:/app/data ghcr.io/open-meteo/open-meteo sync meteofrance_arpege_europe shortwave_radiation","logger":"airflow.task.hooks.airflow.providers.standard.hooks.subprocess.SubprocessHook"}
{"timestamp":"2025-10-29T12:54:30.538502","level":"info","event":"⚠️ La variable 'temperature_2m' no contiene datos para lat=40.1281556, lon=-0.5212770999999998.","logger":"airflow.task.hooks.airflow.providers.standard.hooks.subprocess.SubprocessHook"}
{"timestamp":"2025-10-29T12:54:30.538702","level":"info","event":"Primero debes descargar los datos en el volumen con Docker, por ejemplo:","logger":"airflow.task.hooks.airflow.providers.standard.hooks.subprocess.SubprocessHook"}
{"timestamp":"2025-10-29T12:54:30.538871","level":"info","event":"docker run -it --rm -v open-meteo-data:/app/data ghcr.io/open-meteo/open-meteo sync meteofrance_arpege_europe temperature_2m","logger":"airflow.task.hooks.airflow.providers.standard.hooks.subprocess.SubprocessHook"}
{"timestamp":"2025-10-29T12:54:30.539120","level":"info","event":"⚠️ La variable 'precipitation' no contiene datos para lat=40.1281556, lon=-0.5212770999999998.","logger":"airflow.task.hooks.airflow.providers.standard.hooks.subprocess.SubprocessHook"}
{"timestamp":"2025-10-29T12:54:30.539306","level":"info","event":"Primero debes descargar los datos en el volumen con Docker, por ejemplo:","logger":"airflow.task.hooks.airflow.providers.standard.hooks.subprocess.SubprocessHook"}
{"timestamp":"2025-10-29T12:54:30.539566","level":"info","event":"docker run -it --rm -v open-meteo-data:/app/data ghcr.io/open-meteo/open-meteo sync meteofrance_arpege_europe precipitation","logger":"airflow.task.hooks.airflow.providers.standard.hooks.subprocess.SubprocessHook"}
{"timestamp":"2025-10-29T12:54:30.539820","level":"info","event":"⚠️ La variable 'relative_humidity_2m' no contiene datos para lat=40.1281556, lon=-0.5212770999999998.","logger":"airflow.task.hooks.airflow.providers.standard.hooks.subprocess.SubprocessHook"}
{"timestamp":"2025-10-29T12:54:30.540002","level":"info","event":"Primero debes descargar los datos en el volumen con Docker, por ejemplo:","logger":"airflow.task.hooks.airflow.providers.standard.hooks.subprocess.SubprocessHook"}
{"timestamp":"2025-10-29T12:54:30.540265","level":"info","event":"docker run -it --rm -v open-meteo-data:/app/data ghcr.io/open-meteo/open-meteo sync meteofrance_arpege_europe relative_humidity_2m","logger":"airflow.task.hooks.airflow.providers.standard.hooks.subprocess.SubprocessHook"}
{"timestamp":"2025-10-29T12:54:30.540486","level":"info","event":"⚠️ La variable 'shortwave_radiation' no contiene datos para lat=40.1281556, lon=-0.5212770999999998.","logger":"airflow.task.hooks.airflow.providers.standard.hooks.subprocess.SubprocessHook"}
{"timestamp":"2025-10-29T12:54:30.540764","level":"info","event":"Primero debes descargar los datos en el volumen con Docker, por ejemplo:","logger":"airflow.task.hooks.airflow.providers.standard.hooks.subprocess.SubprocessHook"}
{"timestamp":"2025-10-29T12:54:30.540949","level":"info","event":"docker run -it --rm -v open-meteo-data:/app/data ghcr.io/open-meteo/open-meteo sync meteofrance_arpege_europe shortwave_radiation","logger":"airflow.task.hooks.airflow.providers.standard.hooks.subprocess.SubprocessHook"}
{"timestamp":"2025-10-29T12:54:30.541123","level":"info","event":"⚠️ La variable 'temperature_2m' no contiene datos para lat=40.1281556, lon=-1.5212770999999998.","logger":"airflow.task.hooks.airflow.providers.standard.hooks.subprocess.SubprocessHook"}
{"timestamp":"2025-10-29T12:54:30.541387","level":"info","event":"Primero debes descargar los datos en el volumen con Docker, por ejemplo:","logger":"airflow.task.hooks.airflow.providers.standard.hooks.subprocess.SubprocessHook"}
{"timestamp":"2025-10-29T12:54:30.541565","level":"info","event":"docker run -it --rm -v open-meteo-data:/app/data ghcr.io/open-meteo/open-meteo sync meteofrance_arpege_europe temperature_2m","logger":"airflow.task.hooks.airflow.providers.standard.hooks.subprocess.SubprocessHook"}
{"timestamp":"2025-10-29T12:54:30.541729","level":"info","event":"⚠️ La variable 'precipitation' no contiene datos para lat=40.1281556, lon=-1.5212770999999998.","logger":"airflow.task.hooks.airflow.providers.standard.hooks.subprocess.SubprocessHook"}
{"timestamp":"2025-10-29T12:54:30.541997","level":"info","event":"Primero debes descargar los datos en el volumen con Docker, por ejemplo:","logger":"airflow.task.hooks.airflow.providers.standard.hooks.subprocess.SubprocessHook"}
{"timestamp":"2025-10-29T12:54:30.542164","level":"info","event":"docker run -it --rm -v open-meteo-data:/app/data ghcr.io/open-meteo/open-meteo sync meteofrance_arpege_europe precipitation","logger":"airflow.task.hooks.airflow.providers.standard.hooks.subprocess.SubprocessHook"}
{"timestamp":"2025-10-29T12:54:30.542412","level":"info","event":"⚠️ La variable 'relative_humidity_2m' no contiene datos para lat=40.1281556, lon=-1.5212770999999998.","logger":"airflow.task.hooks.airflow.providers.standard.hooks.subprocess.SubprocessHook"}
{"timestamp":"2025-10-29T12:54:30.542602","level":"info","event":"Primero debes descargar los datos en el volumen con Docker, por ejemplo:","logger":"airflow.task.hooks.airflow.providers.standard.hooks.subprocess.SubprocessHook"}
{"timestamp":"2025-10-29T12:54:30.542770","level":"info","event":"docker run -it --rm -v open-meteo-data:/app/data ghcr.io/open-meteo/open-meteo sync meteofrance_arpege_europe relative_humidity_2m","logger":"airflow.task.hooks.airflow.providers.standard.hooks.subprocess.SubprocessHook"}
{"timestamp":"2025-10-29T12:54:30.543025","level":"info","event":"⚠️ La variable 'shortwave_radiation' no contiene datos para lat=40.1281556, lon=-1.5212770999999998.","logger":"airflow.task.hooks.airflow.providers.standard.hooks.subprocess.SubprocessHook"}
{"timestamp":"2025-10-29T12:54:30.543265","level":"info","event":"Primero debes descargar los datos en el volumen con Docker, por ejemplo:","logger":"airflow.task.hooks.airflow.providers.standard.hooks.subprocess.SubprocessHook"}
{"timestamp":"2025-10-29T12:54:30.543505","level":"info","event":"docker run -it --rm -v open-meteo-data:/app/data ghcr.io/open-meteo/open-meteo sync meteofrance_arpege_europe shortwave_radiation","logger":"airflow.task.hooks.airflow.providers.standard.hooks.subprocess.SubprocessHook"}
{"timestamp":"2025-10-29T12:54:30.543712","level":"info","event":"⚠️ La variable 'temperature_2m' no contiene datos para lat=40.1281556, lon=-0.5212770999999998.","logger":"airflow.task.hooks.airflow.providers.standard.hooks.subprocess.SubprocessHook"}
{"timestamp":"2025-10-29T12:54:30.543994","level":"info","event":"Primero debes descargar los datos en el volumen con Docker, por ejemplo:","logger":"airflow.task.hooks.airflow.providers.standard.hooks.subprocess.SubprocessHook"}
{"timestamp":"2025-10-29T12:54:30.544177","level":"info","event":"docker run -it --rm -v open-meteo-data:/app/data ghcr.io/open-meteo/open-meteo sync meteofrance_arpege_europe temperature_2m","logger":"airflow.task.hooks.airflow.providers.standard.hooks.subprocess.SubprocessHook"}
{"timestamp":"2025-10-29T12:54:30.544404","level":"info","event":"⚠️ La variable 'precipitation' no contiene datos para lat=40.1281556, lon=-0.5212770999999998.","logger":"airflow.task.hooks.airflow.providers.standard.hooks.subprocess.SubprocessHook"}
{"timestamp":"2025-10-29T12:54:30.544609","level":"info","event":"Primero debes descargar los datos en el volumen con Docker, por ejemplo:","logger":"airflow.task.hooks.airflow.providers.standard.hooks.subprocess.SubprocessHook"}
{"timestamp":"2025-10-29T12:54:30.544777","level":"info","event":"docker run -it --rm -v open-meteo-data:/app/data ghcr.io/open-meteo/open-meteo sync meteofrance_arpege_europe precipitation","logger":"airflow.task.hooks.airflow.providers.standard.hooks.subprocess.SubprocessHook"}
{"timestamp":"2025-10-29T12:54:30.545042","level":"info","event":"⚠️ La variable 'relative_humidity_2m' no contiene datos para lat=40.1281556, lon=-0.5212770999999998.","logger":"airflow.task.hooks.airflow.providers.standard.hooks.subprocess.SubprocessHook"}
{"timestamp":"2025-10-29T12:54:30.545300","level":"info","event":"Primero debes descargar los datos en el volumen con Docker, por ejemplo:","logger":"airflow.task.hooks.airflow.providers.standard.hooks.subprocess.SubprocessHook"}
{"timestamp":"2025-10-29T12:54:30.663590","level":"info","event":"docker run -it --rm -v open-meteo-data:/app/data ghcr.io/open-meteo/open-meteo sync meteofrance_arpege_europe relative_humidity_2m","logger":"airflow.task.hooks.airflow.providers.standard.hooks.subprocess.SubprocessHook"}
{"timestamp":"2025-10-29T12:54:30.663995","level":"info","event":"⚠️ La variable 'shortwave_radiation' no contiene datos para lat=40.1281556, lon=-0.5212770999999998.","logger":"airflow.task.hooks.airflow.providers.standard.hooks.subprocess.SubprocessHook"}
{"timestamp":"2025-10-29T12:54:30.664160","level":"info","event":"Primero debes descargar los datos en el volumen con Docker, por ejemplo:","logger":"airflow.task.hooks.airflow.providers.standard.hooks.subprocess.SubprocessHook"}
{"timestamp":"2025-10-29T12:54:30.664355","level":"info","event":"docker run -it --rm -v open-meteo-data:/app/data ghcr.io/open-meteo/open-meteo sync meteofrance_arpege_europe shortwave_radiation","logger":"airflow.task.hooks.airflow.providers.standard.hooks.subprocess.SubprocessHook"}
{"timestamp":"2025-10-29T12:54:30.664496","level":"info","event":"⚠️ La variable 'temperature_2m' no contiene datos para lat=40.1281556, lon=-1.5212770999999998.","logger":"airflow.task.hooks.airflow.providers.standard.hooks.subprocess.SubprocessHook"}
{"timestamp":"2025-10-29T12:54:30.664623","level":"info","event":"Primero debes descargar los datos en el volumen con Docker, por ejemplo:","logger":"airflow.task.hooks.airflow.providers.standard.hooks.subprocess.SubprocessHook"}
{"timestamp":"2025-10-29T12:54:30.664737","level":"info","event":"docker run -it --rm -v open-meteo-data:/app/data ghcr.io/open-meteo/open-meteo sync meteofrance_arpege_europe temperature_2m","logger":"airflow.task.hooks.airflow.providers.standard.hooks.subprocess.SubprocessHook"}
{"timestamp":"2025-10-29T12:54:30.664929","level":"info","event":"⚠️ La variable 'precipitation' no contiene datos para lat=40.1281556, lon=-1.5212770999999998.","logger":"airflow.task.hooks.airflow.providers.standard.hooks.subprocess.SubprocessHook"}
{"timestamp":"2025-10-29T12:54:30.665058","level":"info","event":"Primero debes descargar los datos en el volumen con Docker, por ejemplo:","logger":"airflow.task.hooks.airflow.providers.standard.hooks.subprocess.SubprocessHook"}
{"timestamp":"2025-10-29T12:54:30.665170","level":"info","event":"docker run -it --rm -v open-meteo-data:/app/data ghcr.io/open-meteo/open-meteo sync meteofrance_arpege_europe precipitation","logger":"airflow.task.hooks.airflow.providers.standard.hooks.subprocess.SubprocessHook"}
{"timestamp":"2025-10-29T12:54:30.665282","level":"info","event":"⚠️ La variable 'relative_humidity_2m' no contiene datos para lat=40.1281556, lon=-1.5212770999999998.","logger":"airflow.task.hooks.airflow.providers.standard.hooks.subprocess.SubprocessHook"}
{"timestamp":"2025-10-29T12:54:30.665571","level":"info","event":"Primero debes descargar los datos en el volumen con Docker, por ejemplo:","logger":"airflow.task.hooks.airflow.providers.standard.hooks.subprocess.SubprocessHook"}
{"timestamp":"2025-10-29T12:54:30.665693","level":"info","event":"docker run -it --rm -v open-meteo-data:/app/data ghcr.io/open-meteo/open-meteo sync meteofrance_arpege_europe relative_humidity_2m","logger":"airflow.task.hooks.airflow.providers.standard.hooks.subprocess.SubprocessHook"}
{"timestamp":"2025-10-29T12:54:30.665803","level":"info","event":"⚠️ La variable 'shortwave_radiation' no contiene datos para lat=40.1281556, lon=-1.5212770999999998.","logger":"airflow.task.hooks.airflow.providers.standard.hooks.subprocess.SubprocessHook"}
{"timestamp":"2025-10-29T12:54:30.665916","level":"info","event":"Primero debes descargar los datos en el volumen con Docker, por ejemplo:","logger":"airflow.task.hooks.airflow.providers.standard.hooks.subprocess.SubprocessHook"}
{"timestamp":"2025-10-29T12:54:30.666102","level":"info","event":"docker run -it --rm -v open-meteo-data:/app/data ghcr.io/open-meteo/open-meteo sync meteofrance_arpege_europe shortwave_radiation","logger":"airflow.task.hooks.airflow.providers.standard.hooks.subprocess.SubprocessHook"}
{"timestamp":"2025-10-29T12:54:30.666232","level":"info","event":"⚠️ La variable 'temperature_2m' no contiene datos para lat=40.1281556, lon=-0.5212770999999998.","logger":"airflow.task.hooks.airflow.providers.standard.hooks.subprocess.SubprocessHook"}
{"timestamp":"2025-10-29T12:54:30.666345","level":"info","event":"Primero debes descargar los datos en el volumen con Docker, por ejemplo:","logger":"airflow.task.hooks.airflow.providers.standard.hooks.subprocess.SubprocessHook"}
{"timestamp":"2025-10-29T12:54:30.666453","level":"info","event":"docker run -it --rm -v open-meteo-data:/app/data ghcr.io/open-meteo/open-meteo sync meteofrance_arpege_europe temperature_2m","logger":"airflow.task.hooks.airflow.providers.standard.hooks.subprocess.SubprocessHook"}
{"timestamp":"2025-10-29T12:54:30.666622","level":"info","event":"⚠️ La variable 'precipitation' no contiene datos para lat=40.1281556, lon=-0.5212770999999998.","logger":"airflow.task.hooks.airflow.providers.standard.hooks.subprocess.SubprocessHook"}
{"timestamp":"2025-10-29T12:54:30.666753","level":"info","event":"Primero debes descargar los datos en el volumen con Docker, por ejemplo:","logger":"airflow.task.hooks.airflow.providers.standard.hooks.subprocess.SubprocessHook"}
{"timestamp":"2025-10-29T12:54:30.666863","level":"info","event":"docker run -it --rm -v open-meteo-data:/app/data ghcr.io/open-meteo/open-meteo sync meteofrance_arpege_europe precipitation","logger":"airflow.task.hooks.airflow.providers.standard.hooks.subprocess.SubprocessHook"}
{"timestamp":"2025-10-29T12:54:30.666973","level":"info","event":"⚠️ La variable 'relative_humidity_2m' no contiene datos para lat=40.1281556, lon=-0.5212770999999998.","logger":"airflow.task.hooks.airflow.providers.standard.hooks.subprocess.SubprocessHook"}
{"timestamp":"2025-10-29T12:54:30.667149","level":"info","event":"Primero debes descargar los datos en el volumen con Docker, por ejemplo:","logger":"airflow.task.hooks.airflow.providers.standard.hooks.subprocess.SubprocessHook"}
{"timestamp":"2025-10-29T12:54:30.667283","level":"info","event":"docker run -it --rm -v open-meteo-data:/app/data ghcr.io/open-meteo/open-meteo sync meteofrance_arpege_europe relative_humidity_2m","logger":"airflow.task.hooks.airflow.providers.standard.hooks.subprocess.SubprocessHook"}
{"timestamp":"2025-10-29T12:54:30.667395","level":"info","event":"⚠️ La variable 'shortwave_radiation' no contiene datos para lat=40.1281556, lon=-0.5212770999999998.","logger":"airflow.task.hooks.airflow.providers.standard.hooks.subprocess.SubprocessHook"}
{"timestamp":"2025-10-29T12:54:30.667508","level":"info","event":"Primero debes descargar los datos en el volumen con Docker, por ejemplo:","logger":"airflow.task.hooks.airflow.providers.standard.hooks.subprocess.SubprocessHook"}
{"timestamp":"2025-10-29T12:54:30.667691","level":"info","event":"docker run -it --rm -v open-meteo-data:/app/data ghcr.io/open-meteo/open-meteo sync meteofrance_arpege_europe shortwave_radiation","logger":"airflow.task.hooks.airflow.providers.standard.hooks.subprocess.SubprocessHook"}
{"timestamp":"2025-10-29T12:54:30.667829","level":"info","event":"","logger":"airflow.task.hooks.airflow.providers.standard.hooks.subprocess.SubprocessHook"}
{"timestamp":"2025-10-29T12:54:30.667943","level":"info","event":"🏁 Descarga completada en 10.53 s (0.18 min)","logger":"airflow.task.hooks.airflow.providers.standard.hooks.subprocess.SubprocessHook"}
{"timestamp":"2025-10-29T12:54:30.668073","level":"info","event":"❌ No se obtuvieron datos.","logger":"airflow.task.hooks.airflow.providers.standard.hooks.subprocess.SubprocessHook"}
{"timestamp":"2025-10-29T12:54:30.668288","level":"info","event":"Traceback (most recent call last):","logger":"airflow.task.hooks.airflow.providers.standard.hooks.subprocess.SubprocessHook"}
{"timestamp":"2025-10-29T12:54:30.668416","level":"info","event":"  File \"/opt/airflow/scripts/ARPEGE.py\", line 180, in <module>","logger":"airflow.task.hooks.airflow.providers.standard.hooks.subprocess.SubprocessHook"}
{"timestamp":"2025-10-29T12:54:30.668523","level":"info","event":"    main()","logger":"airflow.task.hooks.airflow.providers.standard.hooks.subprocess.SubprocessHook"}
{"timestamp":"2025-10-29T12:54:30.668628","level":"info","event":"  File \"/opt/airflow/scripts/ARPEGE.py\", line 165, in main","logger":"airflow.task.hooks.airflow.providers.standard.hooks.subprocess.SubprocessHook"}
{"timestamp":"2025-10-29T12:54:30.668794","level":"info","event":"    timestamp = df[\"time\"].tolist(),","logger":"airflow.task.hooks.airflow.providers.standard.hooks.subprocess.SubprocessHook"}
{"timestamp":"2025-10-29T12:54:30.668924","level":"info","event":"                ~~^^^^^^^^","logger":"airflow.task.hooks.airflow.providers.standard.hooks.subprocess.SubprocessHook"}
{"timestamp":"2025-10-29T12:54:30.669083","level":"info","event":"  File \"/home/airflow/.local/lib/python3.12/site-packages/pandas/core/frame.py\", line 3893, in __getitem__","logger":"airflow.task.hooks.airflow.providers.standard.hooks.subprocess.SubprocessHook"}
{"timestamp":"2025-10-29T12:54:30.669217","level":"info","event":"    indexer = self.columns.get_loc(key)","logger":"airflow.task.hooks.airflow.providers.standard.hooks.subprocess.SubprocessHook"}
{"timestamp":"2025-10-29T12:54:30.669401","level":"info","event":"              ^^^^^^^^^^^^^^^^^^^^^^^^^","logger":"airflow.task.hooks.airflow.providers.standard.hooks.subprocess.SubprocessHook"}
{"timestamp":"2025-10-29T12:54:30.669518","level":"info","event":"  File \"/home/airflow/.local/lib/python3.12/site-packages/pandas/core/indexes/range.py\", line 418, in get_loc","logger":"airflow.task.hooks.airflow.providers.standard.hooks.subprocess.SubprocessHook"}
{"timestamp":"2025-10-29T12:54:30.669638","level":"info","event":"    raise KeyError(key)","logger":"airflow.task.hooks.airflow.providers.standard.hooks.subprocess.SubprocessHook"}
{"timestamp":"2025-10-29T12:54:30.669753","level":"info","event":"KeyError: 'time'","logger":"airflow.task.hooks.airflow.providers.standard.hooks.subprocess.SubprocessHook"}
{"timestamp":"2025-10-29T12:54:30.812073","level":"info","event":"Command exited with return code 1","logger":"airflow.task.hooks.airflow.providers.standard.hooks.subprocess.SubprocessHook"}
{"timestamp":"2025-10-29T12:54:30.813433","level":"error","event":"Task failed with exception","logger":"task","error_detail":[{"exc_type":"AirflowException","exc_value":"Bash command failed. The command returned a non-zero exit code 1.","exc_notes":[],"syntax_error":null,"is_cause":false,"frames":[{"filename":"/home/airflow/.local/lib/python3.12/site-packages/airflow/sdk/execution_time/task_runner.py","lineno":920,"name":"run"},{"filename":"/home/airflow/.local/lib/python3.12/site-packages/airflow/sdk/execution_time/task_runner.py","lineno":1215,"name":"_execute_task"},{"filename":"/home/airflow/.local/lib/python3.12/site-packages/airflow/sdk/bases/operator.py","lineno":397,"name":"wrapper"},{"filename":"/home/airflow/.local/lib/python3.12/site-packages/airflow/providers/standard/operators/bash.py","lineno":232,"name":"execute"}],"is_group":false,"exceptions":[]}]}
