{"timestamp":"2025-10-30T10:37:39.563739","level":"info","event":"DAG bundles loaded: dags-folder","logger":"airflow.dag_processing.bundles.manager.DagBundlesManager"}
{"timestamp":"2025-10-30T10:37:39.565109","level":"info","event":"Filling up the DagBag from /opt/airflow/dags/GFS_NOAA.py","logger":"airflow.models.dagbag.DagBag"}
{"timestamp":"2025-10-30T10:37:45.833697Z","level":"info","event":"🔄 Llamando al servicio API en la red interna de Docker: http://openmeteo-api:8080/v1/forecast ...","chan":"stdout","logger":"task"}
{"timestamp":"2025-10-30T10:37:45.834265Z","level":"info","event":"  ➡️ Solicitando datos para lat=39.13, lon=-1.52","chan":"stdout","logger":"task"}
{"timestamp":"2025-10-30T10:37:46.075457Z","level":"info","event":"  ➡️ Solicitando datos para lat=39.13, lon=-0.52","chan":"stdout","logger":"task"}
{"timestamp":"2025-10-30T10:37:46.294232Z","level":"info","event":"  ➡️ Solicitando datos para lat=39.13, lon=-1.52","chan":"stdout","logger":"task"}
{"timestamp":"2025-10-30T10:37:46.515789Z","level":"info","event":"  ➡️ Solicitando datos para lat=39.13, lon=-0.52","chan":"stdout","logger":"task"}
{"timestamp":"2025-10-30T10:37:46.749201Z","level":"info","event":"  ➡️ Solicitando datos para lat=39.13, lon=-1.52","chan":"stdout","logger":"task"}
{"timestamp":"2025-10-30T10:37:46.966890Z","level":"info","event":"  ➡️ Solicitando datos para lat=39.13, lon=-0.52","chan":"stdout","logger":"task"}
{"timestamp":"2025-10-30T10:37:47.183090Z","level":"info","event":"  ➡️ Solicitando datos para lat=39.13, lon=-1.52","chan":"stdout","logger":"task"}
{"timestamp":"2025-10-30T10:37:47.406994Z","level":"info","event":"  ➡️ Solicitando datos para lat=39.13, lon=-0.52","chan":"stdout","logger":"task"}
{"timestamp":"2025-10-30T10:37:47.627911Z","level":"info","event":"  ➡️ Solicitando datos para lat=40.13, lon=-1.52","chan":"stdout","logger":"task"}
{"timestamp":"2025-10-30T10:37:47.846554Z","level":"info","event":"  ➡️ Solicitando datos para lat=40.13, lon=-0.52","chan":"stdout","logger":"task"}
{"timestamp":"2025-10-30T10:37:48.061899Z","level":"info","event":"  ➡️ Solicitando datos para lat=40.13, lon=-1.52","chan":"stdout","logger":"task"}
{"timestamp":"2025-10-30T10:37:48.278851Z","level":"info","event":"  ➡️ Solicitando datos para lat=40.13, lon=-0.52","chan":"stdout","logger":"task"}
{"timestamp":"2025-10-30T10:37:48.498343Z","level":"info","event":"  ➡️ Solicitando datos para lat=40.13, lon=-1.52","chan":"stdout","logger":"task"}
{"timestamp":"2025-10-30T10:37:48.721531Z","level":"info","event":"  ➡️ Solicitando datos para lat=40.13, lon=-0.52","chan":"stdout","logger":"task"}
{"timestamp":"2025-10-30T10:37:48.943459Z","level":"info","event":"  ➡️ Solicitando datos para lat=40.13, lon=-1.52","chan":"stdout","logger":"task"}
{"timestamp":"2025-10-30T10:37:49.163945Z","level":"info","event":"  ➡️ Solicitando datos para lat=40.13, lon=-0.52","chan":"stdout","logger":"task"}
{"timestamp":"2025-10-30T10:37:49.380720Z","level":"info","event":"","chan":"stdout","logger":"task"}
{"timestamp":"2025-10-30T10:37:49.381157Z","level":"info","event":"🏁 Descarga completada en 3.55 s (0.06 min)","chan":"stdout","logger":"task"}
{"timestamp":"2025-10-30T10:37:49.409281Z","level":"info","event":"📦 Total registros: 2688","chan":"stdout","logger":"task"}
{"timestamp":"2025-10-30T10:37:49.419941Z","level":"info","event":"Variables del JSON:  dict_keys(['id', 'dateIssued', 'type', 'windSpeed', 'temperature', 'timestamp', 'precipitation', 'precipitationProbability', 'solarRadiation', 'riverDischarge', 'lat', 'lon', 'shortwaveRadiation'])","chan":"stdout","logger":"task"}
{"timestamp":"2025-10-30T10:37:49.420223Z","level":"info","event":"Cantidad de datos de precipitación descargados:  2688","chan":"stdout","logger":"task"}
{"timestamp":"2025-10-30T10:37:49.420576Z","level":"info","event":"FIN DEL PROCESO DE DESCARGA DE PREDICCIONES GFS de NOAA.","chan":"stdout","logger":"task"}
{"timestamp":"2025-10-30T10:37:49.420715Z","level":"info","event":"","chan":"stdout","logger":"task"}
{"timestamp":"2025-10-30T10:37:49.420846Z","level":"info","event":" FIN","chan":"stdout","logger":"task"}
{"timestamp":"2025-10-30T10:37:49.421608","level":"info","event":"Done. Returned value was: None","logger":"airflow.task.operators.airflow.providers.standard.operators.python.PythonOperator"}
