{"timestamp":"2025-10-30T12:07:54.482938","level":"info","event":"DAG bundles loaded: dags-folder","logger":"airflow.dag_processing.bundles.manager.DagBundlesManager"}
{"timestamp":"2025-10-30T12:07:54.484560","level":"info","event":"Filling up the DagBag from /opt/airflow/dags/EFAS.py","logger":"airflow.models.dagbag.DagBag"}
{"timestamp":"2025-10-30T12:07:55.905703Z","level":"info","event":"2025-09-29 12:07:55.905412","chan":"stdout","logger":"task"}
{"timestamp":"2025-10-30T12:07:55.906041Z","level":"info","event":"🕒 Fecha de descarga: 2025-10-30T12:07:55.905531","chan":"stdout","logger":"task"}
{"timestamp":"2025-10-30T12:07:57.188870Z","level":"error","event":"2025-10-30 12:07:57,188 INFO [2024-02-01T00:00:00] Please note that accessing this dataset via CDS for time-critical operation is not advised or supported","chan":"stderr","logger":"task"}
{"timestamp":"2025-10-30T12:07:57.188794","level":"info","event":"[2024-02-01T00:00:00] Please note that accessing this dataset via CDS for time-critical operation is not advised or supported","logger":"ecmwf.datastores.legacy_client"}
{"timestamp":"2025-10-30T12:07:57.189898Z","level":"error","event":"2025-10-30 12:07:57,189 INFO [2024-02-01T00:00:00] Please note that we suggest checking the list of known issues on the EFAS wiki","chan":"stderr","logger":"task"}
{"timestamp":"2025-10-30T12:07:57.190135Z","level":"error","event":"[here](https://confluence.ecmwf.int/display/CEMS/EFAS+-+Known+Issues)","chan":"stderr","logger":"task"}
{"timestamp":"2025-10-30T12:07:57.190340Z","level":"error","event":"before downloading the dataset.","chan":"stderr","logger":"task"}
{"timestamp":"2025-10-30T12:07:57.190011","level":"info","event":"[2024-02-01T00:00:00] Please note that we suggest checking the list of known issues on the EFAS wiki\n[here](https://confluence.ecmwf.int/display/CEMS/EFAS+-+Known+Issues)\nbefore downloading the dataset.","logger":"ecmwf.datastores.legacy_client"}
{"timestamp":"2025-10-30T12:07:57.191064Z","level":"error","event":"2025-10-30 12:07:57,190 INFO [2025-10-01T00:00:00] Due to an error in the initial conditions, EFAS forecast data over Poland from 1 July to 30 September 2025 should not be used. Historical simulation data for this period have been re-run and are now available for re-download. Please refer to the [known issues](https://confluence.ecmwf.int/display/CEMS/EFAS+-+Known+Issues) for more information.","chan":"stderr","logger":"task"}
{"timestamp":"2025-10-30T12:07:57.190989","level":"info","event":"[2025-10-01T00:00:00] Due to an error in the initial conditions, EFAS forecast data over Poland from 1 July to 30 September 2025 should not be used. Historical simulation data for this period have been re-run and are now available for re-download. Please refer to the [known issues](https://confluence.ecmwf.int/display/CEMS/EFAS+-+Known+Issues) for more information.","logger":"ecmwf.datastores.legacy_client"}
{"timestamp":"2025-10-30T12:07:57.191818Z","level":"error","event":"2025-10-30 12:07:57,191 INFO Request ID is 179cc928-6137-40ec-b49d-f4aed0556c41","chan":"stderr","logger":"task"}
{"timestamp":"2025-10-30T12:07:57.191747","level":"info","event":"Request ID is 179cc928-6137-40ec-b49d-f4aed0556c41","logger":"ecmwf.datastores.legacy_client"}
{"timestamp":"2025-10-30T12:07:57.294741Z","level":"error","event":"2025-10-30 12:07:57,294 INFO status has been updated to accepted","chan":"stderr","logger":"task"}
{"timestamp":"2025-10-30T12:07:57.294651","level":"info","event":"status has been updated to accepted","logger":"ecmwf.datastores.legacy_client"}
{"timestamp":"2025-10-30T12:08:05.890726Z","level":"error","event":"2025-10-30 12:08:05,890 INFO status has been updated to running","chan":"stderr","logger":"task"}
{"timestamp":"2025-10-30T12:08:05.890682","level":"info","event":"status has been updated to running","logger":"ecmwf.datastores.legacy_client"}
{"timestamp":"2025-10-30T12:08:11.076081Z","level":"error","event":"2025-10-30 12:08:11,075 INFO status has been updated to successful","chan":"stderr","logger":"task"}
{"timestamp":"2025-10-30T12:08:11.076089","level":"info","event":"status has been updated to successful","logger":"ecmwf.datastores.legacy_client"}
{"timestamp":"2025-10-30T12:08:11.265815","level":"error","event":"Task failed with exception","logger":"task","error_detail":[{"exc_type":"AttributeError","exc_value":"'Results' object has no attribute 'download_as_bytes'","exc_notes":[],"syntax_error":null,"is_cause":false,"frames":[{"filename":"/home/airflow/.local/lib/python3.12/site-packages/airflow/sdk/execution_time/task_runner.py","lineno":920,"name":"run"},{"filename":"/home/airflow/.local/lib/python3.12/site-packages/airflow/sdk/execution_time/task_runner.py","lineno":1215,"name":"_execute_task"},{"filename":"/home/airflow/.local/lib/python3.12/site-packages/airflow/sdk/bases/operator.py","lineno":397,"name":"wrapper"},{"filename":"/home/airflow/.local/lib/python3.12/site-packages/airflow/providers/standard/operators/python.py","lineno":216,"name":"execute"},{"filename":"/home/airflow/.local/lib/python3.12/site-packages/airflow/providers/standard/operators/python.py","lineno":239,"name":"execute_callable"},{"filename":"/home/airflow/.local/lib/python3.12/site-packages/airflow/sdk/execution_time/callback_runner.py","lineno":81,"name":"run"},{"filename":"/opt/airflow/dags/EFAS.py","lineno":142,"name":"procesar_EFAS"},{"filename":"/opt/airflow/dags/EFAS.py","lineno":136,"name":"ejecutar_descarga_EFAS"}],"is_group":false,"exceptions":[]}]}
